[0.058s] Invoking command in '/home/farhan/arduinobot_ws/build/arduinobot_controller': CMAKE_PREFIX_PATH=/opt/ros/humble /usr/bin/cmake --build /home/farhan/arduinobot_ws/build/arduinobot_controller -- -j4 -l4
[0.146s] -- Found ament_cmake: 1.3.5 (/opt/ros/humble/share/ament_cmake/cmake)
[0.621s] -- Found ament_lint_auto: 0.12.7 (/opt/ros/humble/share/ament_lint_auto/cmake)
[0.764s] -- Added test 'flake8' to check Python code syntax and style conventions
[0.765s] -- Added test 'lint_cmake' to check CMake code style
[0.766s] -- Added test 'pep257' to check Python code against some of the docstring style conventions in PEP 257
[0.774s] -- Added test 'xmllint' to check XML markup files
[0.774s] -- Configuring done
[0.779s] -- Generating done
[0.781s] -- Build files have been written to: /home/farhan/arduinobot_ws/build/arduinobot_controller
[0.837s] Invoked command in '/home/farhan/arduinobot_ws/build/arduinobot_controller' returned '0': CMAKE_PREFIX_PATH=/opt/ros/humble /usr/bin/cmake --build /home/farhan/arduinobot_ws/build/arduinobot_controller -- -j4 -l4
[0.933s] Invoking command in '/home/farhan/arduinobot_ws/build/arduinobot_controller': CMAKE_PREFIX_PATH=/opt/ros/humble /usr/bin/cmake --install /home/farhan/arduinobot_ws/build/arduinobot_controller
[0.957s] -- Install configuration: ""
[0.957s] -- Up-to-date: /home/farhan/arduinobot_ws/install/arduinobot_controller/share/arduinobot_controller/config
[0.957s] -- Up-to-date: /home/farhan/arduinobot_ws/install/arduinobot_controller/share/arduinobot_controller/config/arduinobot_controllers.yaml
[0.958s] -- Installing: /home/farhan/arduinobot_ws/install/arduinobot_controller/share/arduinobot_controller/launch
[0.958s] -- Installing: /home/farhan/arduinobot_ws/install/arduinobot_controller/share/arduinobot_controller/launch/controller.launch.py
[0.958s] -- Installing: /home/farhan/arduinobot_ws/install/arduinobot_controller/share/ament_index/resource_index/package_run_dependencies/arduinobot_controller
[0.958s] -- Up-to-date: /home/farhan/arduinobot_ws/install/arduinobot_controller/share/ament_index/resource_index/parent_prefix_path/arduinobot_controller
[0.959s] -- Up-to-date: /home/farhan/arduinobot_ws/install/arduinobot_controller/share/arduinobot_controller/environment/ament_prefix_path.sh
[0.959s] -- Installing: /home/farhan/arduinobot_ws/install/arduinobot_controller/share/arduinobot_controller/environment/ament_prefix_path.dsv
[0.959s] -- Up-to-date: /home/farhan/arduinobot_ws/install/arduinobot_controller/share/arduinobot_controller/environment/path.sh
[0.959s] -- Installing: /home/farhan/arduinobot_ws/install/arduinobot_controller/share/arduinobot_controller/environment/path.dsv
[0.960s] -- Up-to-date: /home/farhan/arduinobot_ws/install/arduinobot_controller/share/arduinobot_controller/local_setup.bash
[0.960s] -- Up-to-date: /home/farhan/arduinobot_ws/install/arduinobot_controller/share/arduinobot_controller/local_setup.sh
[0.960s] -- Up-to-date: /home/farhan/arduinobot_ws/install/arduinobot_controller/share/arduinobot_controller/local_setup.zsh
[0.960s] -- Installing: /home/farhan/arduinobot_ws/install/arduinobot_controller/share/arduinobot_controller/local_setup.dsv
[0.960s] -- Installing: /home/farhan/arduinobot_ws/install/arduinobot_controller/share/arduinobot_controller/package.dsv
[0.960s] -- Up-to-date: /home/farhan/arduinobot_ws/install/arduinobot_controller/share/ament_index/resource_index/packages/arduinobot_controller
[0.961s] -- Up-to-date: /home/farhan/arduinobot_ws/install/arduinobot_controller/share/arduinobot_controller/cmake/arduinobot_controllerConfig.cmake
[0.961s] -- Up-to-date: /home/farhan/arduinobot_ws/install/arduinobot_controller/share/arduinobot_controller/cmake/arduinobot_controllerConfig-version.cmake
[0.961s] -- Installing: /home/farhan/arduinobot_ws/install/arduinobot_controller/share/arduinobot_controller/package.xml
[1.018s] Invoked command in '/home/farhan/arduinobot_ws/build/arduinobot_controller' returned '0': CMAKE_PREFIX_PATH=/opt/ros/humble /usr/bin/cmake --install /home/farhan/arduinobot_ws/build/arduinobot_controller
