[1.252s] Invoking command in '/home/farhan/arduinobot_ws/build/arduinobot_utils': CMAKE_PREFIX_PATH=/home/farhan/arduinobot_ws/install/arduinobot_msgs:/home/farhan/arduinobot_ws/install/arduinobot_utils:/home/farhan/arduinobot_ws/install/arduinobot_cpp_examples:/home/farhan/arduinobot_ws/install/arduinobot_moveit:/home/farhan/arduinobot_ws/install/arduinobot_description:/home/farhan/arduinobot_ws/install/arduinobot_controller:/home/farhan/arduinobot_ws/install/arduinobot_py_examples:/opt/ros/humble /usr/bin/cmake --build /home/farhan/arduinobot_ws/build/arduinobot_utils -- -j4 -l4
[1.619s] Built target ament_cmake_python_copy_arduinobot_utils
[2.641s] running egg_info
[2.641s] writing arduinobot_utils.egg-info/PKG-INFO
[2.642s] writing dependency_links to arduinobot_utils.egg-info/dependency_links.txt
[2.642s] writing top-level names to arduinobot_utils.egg-info/top_level.txt
[2.647s] reading manifest file 'arduinobot_utils.egg-info/SOURCES.txt'
[2.649s] writing manifest file 'arduinobot_utils.egg-info/SOURCES.txt'
[2.771s] Built target ament_cmake_python_build_arduinobot_utils_egg
[2.804s] Invoked command in '/home/farhan/arduinobot_ws/build/arduinobot_utils' returned '0': CMAKE_PREFIX_PATH=/home/farhan/arduinobot_ws/install/arduinobot_msgs:/home/farhan/arduinobot_ws/install/arduinobot_utils:/home/farhan/arduinobot_ws/install/arduinobot_cpp_examples:/home/farhan/arduinobot_ws/install/arduinobot_moveit:/home/farhan/arduinobot_ws/install/arduinobot_description:/home/farhan/arduinobot_ws/install/arduinobot_controller:/home/farhan/arduinobot_ws/install/arduinobot_py_examples:/opt/ros/humble /usr/bin/cmake --build /home/farhan/arduinobot_ws/build/arduinobot_utils -- -j4 -l4
[2.913s] Invoking command in '/home/farhan/arduinobot_ws/build/arduinobot_utils': CMAKE_PREFIX_PATH=/home/farhan/arduinobot_ws/install/arduinobot_msgs:/home/farhan/arduinobot_ws/install/arduinobot_utils:/home/farhan/arduinobot_ws/install/arduinobot_cpp_examples:/home/farhan/arduinobot_ws/install/arduinobot_moveit:/home/farhan/arduinobot_ws/install/arduinobot_description:/home/farhan/arduinobot_ws/install/arduinobot_controller:/home/farhan/arduinobot_ws/install/arduinobot_py_examples:/opt/ros/humble /usr/bin/cmake --install /home/farhan/arduinobot_ws/build/arduinobot_utils
[2.949s] -- Install configuration: ""
[2.949s] -- Up-to-date: /home/farhan/arduinobot_ws/install/arduinobot_utils/share/arduinobot_utils/environment/pythonpath.sh
[2.950s] -- Up-to-date: /home/farhan/arduinobot_ws/install/arduinobot_utils/share/arduinobot_utils/environment/pythonpath.dsv
[2.950s] -- Up-to-date: /home/farhan/arduinobot_ws/install/arduinobot_utils/local/lib/python3.10/dist-packages/arduinobot_utils-0.0.0-py3.10.egg-info
[2.950s] -- Installing: /home/farhan/arduinobot_ws/install/arduinobot_utils/local/lib/python3.10/dist-packages/arduinobot_utils-0.0.0-py3.10.egg-info/SOURCES.txt
[2.951s] -- Installing: /home/farhan/arduinobot_ws/install/arduinobot_utils/local/lib/python3.10/dist-packages/arduinobot_utils-0.0.0-py3.10.egg-info/PKG-INFO
[2.951s] -- Installing: /home/farhan/arduinobot_ws/install/arduinobot_utils/local/lib/python3.10/dist-packages/arduinobot_utils-0.0.0-py3.10.egg-info/dependency_links.txt
[2.951s] -- Installing: /home/farhan/arduinobot_ws/install/arduinobot_utils/local/lib/python3.10/dist-packages/arduinobot_utils-0.0.0-py3.10.egg-info/top_level.txt
[2.951s] -- Up-to-date: /home/farhan/arduinobot_ws/install/arduinobot_utils/local/lib/python3.10/dist-packages/arduinobot_utils
[2.951s] -- Up-to-date: /home/farhan/arduinobot_ws/install/arduinobot_utils/local/lib/python3.10/dist-packages/arduinobot_utils/angle_conversion.py
[2.963s] -- Up-to-date: /home/farhan/arduinobot_ws/install/arduinobot_utils/local/lib/python3.10/dist-packages/arduinobot_utils/__init__.py
[3.080s] Listing '/home/farhan/arduinobot_ws/install/arduinobot_utils/local/lib/python3.10/dist-packages/arduinobot_utils'...
[3.097s] -- Up-to-date: /home/farhan/arduinobot_ws/install/arduinobot_utils/lib/arduinobot_utils/angle_conversion.py
[3.097s] -- Up-to-date: /home/farhan/arduinobot_ws/install/arduinobot_utils/share/ament_index/resource_index/package_run_dependencies/arduinobot_utils
[3.097s] -- Up-to-date: /home/farhan/arduinobot_ws/install/arduinobot_utils/share/ament_index/resource_index/parent_prefix_path/arduinobot_utils
[3.098s] -- Up-to-date: /home/farhan/arduinobot_ws/install/arduinobot_utils/share/arduinobot_utils/environment/ament_prefix_path.sh
[3.098s] -- Up-to-date: /home/farhan/arduinobot_ws/install/arduinobot_utils/share/arduinobot_utils/environment/ament_prefix_path.dsv
[3.098s] -- Up-to-date: /home/farhan/arduinobot_ws/install/arduinobot_utils/share/arduinobot_utils/environment/path.sh
[3.101s] -- Up-to-date: /home/farhan/arduinobot_ws/install/arduinobot_utils/share/arduinobot_utils/environment/path.dsv
[3.102s] -- Up-to-date: /home/farhan/arduinobot_ws/install/arduinobot_utils/share/arduinobot_utils/local_setup.bash
[3.102s] -- Up-to-date: /home/farhan/arduinobot_ws/install/arduinobot_utils/share/arduinobot_utils/local_setup.sh
[3.102s] -- Up-to-date: /home/farhan/arduinobot_ws/install/arduinobot_utils/share/arduinobot_utils/local_setup.zsh
[3.102s] -- Up-to-date: /home/farhan/arduinobot_ws/install/arduinobot_utils/share/arduinobot_utils/local_setup.dsv
[3.103s] -- Installing: /home/farhan/arduinobot_ws/install/arduinobot_utils/share/arduinobot_utils/package.dsv
[3.103s] -- Up-to-date: /home/farhan/arduinobot_ws/install/arduinobot_utils/share/ament_index/resource_index/packages/arduinobot_utils
[3.103s] -- Up-to-date: /home/farhan/arduinobot_ws/install/arduinobot_utils/share/arduinobot_utils/cmake/arduinobot_utilsConfig.cmake
[3.104s] -- Up-to-date: /home/farhan/arduinobot_ws/install/arduinobot_utils/share/arduinobot_utils/cmake/arduinobot_utilsConfig-version.cmake
[3.104s] -- Up-to-date: /home/farhan/arduinobot_ws/install/arduinobot_utils/share/arduinobot_utils/package.xml
[3.130s] Invoked command in '/home/farhan/arduinobot_ws/build/arduinobot_utils' returned '0': CMAKE_PREFIX_PATH=/home/farhan/arduinobot_ws/install/arduinobot_msgs:/home/farhan/arduinobot_ws/install/arduinobot_utils:/home/farhan/arduinobot_ws/install/arduinobot_cpp_examples:/home/farhan/arduinobot_ws/install/arduinobot_moveit:/home/farhan/arduinobot_ws/install/arduinobot_description:/home/farhan/arduinobot_ws/install/arduinobot_controller:/home/farhan/arduinobot_ws/install/arduinobot_py_examples:/opt/ros/humble /usr/bin/cmake --install /home/farhan/arduinobot_ws/build/arduinobot_utils
