[0.062s] Invoking command in '/home/farhan/arduinobot_ws/build/arduinobot_cpp_examples': CMAKE_PREFIX_PATH=/opt/ros/humble /usr/bin/cmake --build /home/farhan/arduinobot_ws/build/arduinobot_cpp_examples -- -j4 -l4
[0.241s] [ 33%] Built target simple_publisher
[0.256s] [ 66%] Built target simple_parameter
[0.280s] [100%] Built target simple_subscriber
[0.679s] Invoked command in '/home/farhan/arduinobot_ws/build/arduinobot_cpp_examples' returned '0': CMAKE_PREFIX_PATH=/opt/ros/humble /usr/bin/cmake --build /home/farhan/arduinobot_ws/build/arduinobot_cpp_examples -- -j4 -l4
[0.757s] Invoking command in '/home/farhan/arduinobot_ws/build/arduinobot_cpp_examples': CMAKE_PREFIX_PATH=/opt/ros/humble /usr/bin/cmake --install /home/farhan/arduinobot_ws/build/arduinobot_cpp_examples
[0.773s] -- Install configuration: ""
[0.773s] -- Up-to-date: /home/farhan/arduinobot_ws/install/arduinobot_cpp_examples/lib/arduinobot_cpp_examples/simple_publisher
[0.774s] -- Up-to-date: /home/farhan/arduinobot_ws/install/arduinobot_cpp_examples/lib/arduinobot_cpp_examples/simple_subscriber
[0.777s] -- Up-to-date: /home/farhan/arduinobot_ws/install/arduinobot_cpp_examples/lib/arduinobot_cpp_examples/simple_parameter
[0.778s] -- Up-to-date: /home/farhan/arduinobot_ws/install/arduinobot_cpp_examples/share/ament_index/resource_index/package_run_dependencies/arduinobot_cpp_examples
[0.778s] -- Up-to-date: /home/farhan/arduinobot_ws/install/arduinobot_cpp_examples/share/ament_index/resource_index/parent_prefix_path/arduinobot_cpp_examples
[0.779s] -- Up-to-date: /home/farhan/arduinobot_ws/install/arduinobot_cpp_examples/share/arduinobot_cpp_examples/environment/ament_prefix_path.sh
[0.785s] -- Up-to-date: /home/farhan/arduinobot_ws/install/arduinobot_cpp_examples/share/arduinobot_cpp_examples/environment/ament_prefix_path.dsv
[0.785s] -- Up-to-date: /home/farhan/arduinobot_ws/install/arduinobot_cpp_examples/share/arduinobot_cpp_examples/environment/path.sh
[0.786s] -- Up-to-date: /home/farhan/arduinobot_ws/install/arduinobot_cpp_examples/share/arduinobot_cpp_examples/environment/path.dsv
[0.786s] -- Up-to-date: /home/farhan/arduinobot_ws/install/arduinobot_cpp_examples/share/arduinobot_cpp_examples/local_setup.bash
[0.786s] -- Up-to-date: /home/farhan/arduinobot_ws/install/arduinobot_cpp_examples/share/arduinobot_cpp_examples/local_setup.sh
[0.786s] -- Up-to-date: /home/farhan/arduinobot_ws/install/arduinobot_cpp_examples/share/arduinobot_cpp_examples/local_setup.zsh
[0.786s] -- Up-to-date: /home/farhan/arduinobot_ws/install/arduinobot_cpp_examples/share/arduinobot_cpp_examples/local_setup.dsv
[0.787s] -- Installing: /home/farhan/arduinobot_ws/install/arduinobot_cpp_examples/share/arduinobot_cpp_examples/package.dsv
[0.787s] -- Up-to-date: /home/farhan/arduinobot_ws/install/arduinobot_cpp_examples/share/ament_index/resource_index/packages/arduinobot_cpp_examples
[0.787s] -- Up-to-date: /home/farhan/arduinobot_ws/install/arduinobot_cpp_examples/share/arduinobot_cpp_examples/cmake/arduinobot_cpp_examplesConfig.cmake
[0.791s] -- Up-to-date: /home/farhan/arduinobot_ws/install/arduinobot_cpp_examples/share/arduinobot_cpp_examples/cmake/arduinobot_cpp_examplesConfig-version.cmake
[0.792s] -- Up-to-date: /home/farhan/arduinobot_ws/install/arduinobot_cpp_examples/share/arduinobot_cpp_examples/package.xml
[0.793s] Invoked command in '/home/farhan/arduinobot_ws/build/arduinobot_cpp_examples' returned '0': CMAKE_PREFIX_PATH=/opt/ros/humble /usr/bin/cmake --install /home/farhan/arduinobot_ws/build/arduinobot_cpp_examples
