[3.629s] DEBUG:colcon:Command line arguments: ['/usr/bin/colcon', 'list', '-p', '--base-paths', '/home/farhan/arduinobot_ws']
[3.630s] DEBUG:colcon:Parsed command line arguments: Namespace(log_base=None, log_level=None, verb_name='list', build_base='build', ignore_user_meta=False, metas=['./colcon.meta'], base_paths=['/home/farhan/arduinobot_ws'], packages_ignore=None, packages_ignore_regex=None, paths=None, packages_up_to=None, packages_up_to_regex=None, packages_above=None, packages_above_and_dependencies=None, packages_above_depth=None, packages_select_by_dep=None, packages_skip_by_dep=None, packages_skip_up_to=None, packages_select_build_failed=False, packages_skip_build_finished=False, packages_select_test_failures=False, packages_skip_test_passed=False, packages_select=None, packages_skip=None, packages_select_regex=None, packages_skip_regex=None, packages_start=None, packages_end=None, allow_overriding=[], topological_order=False, names_only=False, paths_only=True, topological_graph=False, topological_graph_dot=False, topological_graph_density=False, topological_graph_legend=False, topological_graph_dot_cluster=False, topological_graph_dot_include_skipped=False, verb_parser=<colcon_defaults.argument_parser.defaults.DefaultArgumentsDecorator object at 0x7f3e5eddb310>, verb_extension=<colcon_package_information.verb.list.ListVerb object at 0x7f3e5edaddb0>, main=<bound method ListVerb.main of <colcon_package_information.verb.list.ListVerb object at 0x7f3e5edaddb0>>)
[4.495s] Level 1:colcon.colcon_core.package_discovery:discover_packages(colcon_meta) check parameters
[4.496s] Level 1:colcon.colcon_core.package_discovery:discover_packages(recursive) check parameters
[4.500s] Level 1:colcon.colcon_core.package_discovery:discover_packages(ignore) check parameters
[4.500s] Level 1:colcon.colcon_core.package_discovery:discover_packages(path) check parameters
[4.500s] Level 1:colcon.colcon_core.package_discovery:discover_packages(recursive) discover
[4.500s] INFO:colcon.colcon_core.package_discovery:Crawling recursively for packages in '/home/farhan/arduinobot_ws'
[4.501s] Level 1:colcon.colcon_core.package_identification:_identify(/home/farhan/arduinobot_ws) by extensions ['ignore', 'ignore_ament_install']
[4.501s] Level 1:colcon.colcon_core.package_identification:_identify(/home/farhan/arduinobot_ws) by extension 'ignore'
[4.501s] Level 1:colcon.colcon_core.package_identification:_identify(/home/farhan/arduinobot_ws) by extension 'ignore_ament_install'
[4.501s] Level 1:colcon.colcon_core.package_identification:_identify(/home/farhan/arduinobot_ws) by extensions ['colcon_pkg']
[4.501s] Level 1:colcon.colcon_core.package_identification:_identify(/home/farhan/arduinobot_ws) by extension 'colcon_pkg'
[4.501s] Level 1:colcon.colcon_core.package_identification:_identify(/home/farhan/arduinobot_ws) by extensions ['colcon_meta']
[4.502s] Level 1:colcon.colcon_core.package_identification:_identify(/home/farhan/arduinobot_ws) by extension 'colcon_meta'
[4.502s] Level 1:colcon.colcon_core.package_identification:_identify(/home/farhan/arduinobot_ws) by extensions ['ros']
[4.502s] Level 1:colcon.colcon_core.package_identification:_identify(/home/farhan/arduinobot_ws) by extension 'ros'
[4.683s] Level 1:colcon.colcon_core.package_identification:_identify(/home/farhan/arduinobot_ws) by extensions ['cmake', 'python']
[4.684s] Level 1:colcon.colcon_core.package_identification:_identify(/home/farhan/arduinobot_ws) by extension 'cmake'
[4.684s] Level 1:colcon.colcon_core.package_identification:_identify(/home/farhan/arduinobot_ws) by extension 'python'
[4.684s] Level 1:colcon.colcon_core.package_identification:_identify(/home/farhan/arduinobot_ws) by extensions ['python_setup_py']
[4.685s] Level 1:colcon.colcon_core.package_identification:_identify(/home/farhan/arduinobot_ws) by extension 'python_setup_py'
[4.687s] Level 1:colcon.colcon_core.package_identification:_identify(/home/farhan/arduinobot_ws/build) by extensions ['ignore', 'ignore_ament_install']
[4.688s] Level 1:colcon.colcon_core.package_identification:_identify(/home/farhan/arduinobot_ws/build) by extension 'ignore'
[4.688s] Level 1:colcon.colcon_core.package_identification:_identify(/home/farhan/arduinobot_ws/build) ignored
[4.688s] Level 1:colcon.colcon_core.package_identification:_identify(/home/farhan/arduinobot_ws/install) by extensions ['ignore', 'ignore_ament_install']
[4.689s] Level 1:colcon.colcon_core.package_identification:_identify(/home/farhan/arduinobot_ws/install) by extension 'ignore'
[4.689s] Level 1:colcon.colcon_core.package_identification:_identify(/home/farhan/arduinobot_ws/install) ignored
[4.689s] Level 1:colcon.colcon_core.package_identification:_identify(/home/farhan/arduinobot_ws/log) by extensions ['ignore', 'ignore_ament_install']
[4.689s] Level 1:colcon.colcon_core.package_identification:_identify(/home/farhan/arduinobot_ws/log) by extension 'ignore'
[4.690s] Level 1:colcon.colcon_core.package_identification:_identify(/home/farhan/arduinobot_ws/log) ignored
[4.690s] Level 1:colcon.colcon_core.package_identification:_identify(/home/farhan/arduinobot_ws/src) by extensions ['ignore', 'ignore_ament_install']
[4.690s] Level 1:colcon.colcon_core.package_identification:_identify(/home/farhan/arduinobot_ws/src) by extension 'ignore'
[4.690s] Level 1:colcon.colcon_core.package_identification:_identify(/home/farhan/arduinobot_ws/src) by extension 'ignore_ament_install'
[4.690s] Level 1:colcon.colcon_core.package_identification:_identify(/home/farhan/arduinobot_ws/src) by extensions ['colcon_pkg']
[4.690s] Level 1:colcon.colcon_core.package_identification:_identify(/home/farhan/arduinobot_ws/src) by extension 'colcon_pkg'
[4.690s] Level 1:colcon.colcon_core.package_identification:_identify(/home/farhan/arduinobot_ws/src) by extensions ['colcon_meta']
[4.691s] Level 1:colcon.colcon_core.package_identification:_identify(/home/farhan/arduinobot_ws/src) by extension 'colcon_meta'
[4.691s] Level 1:colcon.colcon_core.package_identification:_identify(/home/farhan/arduinobot_ws/src) by extensions ['ros']
[4.691s] Level 1:colcon.colcon_core.package_identification:_identify(/home/farhan/arduinobot_ws/src) by extension 'ros'
[4.691s] Level 1:colcon.colcon_core.package_identification:_identify(/home/farhan/arduinobot_ws/src) by extensions ['cmake', 'python']
[4.691s] Level 1:colcon.colcon_core.package_identification:_identify(/home/farhan/arduinobot_ws/src) by extension 'cmake'
[4.691s] Level 1:colcon.colcon_core.package_identification:_identify(/home/farhan/arduinobot_ws/src) by extension 'python'
[4.691s] Level 1:colcon.colcon_core.package_identification:_identify(/home/farhan/arduinobot_ws/src) by extensions ['python_setup_py']
[4.691s] Level 1:colcon.colcon_core.package_identification:_identify(/home/farhan/arduinobot_ws/src) by extension 'python_setup_py'
[4.692s] Level 1:colcon.colcon_core.package_identification:_identify(/home/farhan/arduinobot_ws/src/arduinobot_cpp_examples) by extensions ['ignore', 'ignore_ament_install']
[4.692s] Level 1:colcon.colcon_core.package_identification:_identify(/home/farhan/arduinobot_ws/src/arduinobot_cpp_examples) by extension 'ignore'
[4.692s] Level 1:colcon.colcon_core.package_identification:_identify(/home/farhan/arduinobot_ws/src/arduinobot_cpp_examples) by extension 'ignore_ament_install'
[4.692s] Level 1:colcon.colcon_core.package_identification:_identify(/home/farhan/arduinobot_ws/src/arduinobot_cpp_examples) by extensions ['colcon_pkg']
[4.692s] Level 1:colcon.colcon_core.package_identification:_identify(/home/farhan/arduinobot_ws/src/arduinobot_cpp_examples) by extension 'colcon_pkg'
[4.693s] Level 1:colcon.colcon_core.package_identification:_identify(/home/farhan/arduinobot_ws/src/arduinobot_cpp_examples) by extensions ['colcon_meta']
[4.695s] Level 1:colcon.colcon_core.package_identification:_identify(/home/farhan/arduinobot_ws/src/arduinobot_cpp_examples) by extension 'colcon_meta'
[4.696s] Level 1:colcon.colcon_core.package_identification:_identify(/home/farhan/arduinobot_ws/src/arduinobot_cpp_examples) by extensions ['ros']
[4.696s] Level 1:colcon.colcon_core.package_identification:_identify(/home/farhan/arduinobot_ws/src/arduinobot_cpp_examples) by extension 'ros'
[4.735s] DEBUG:colcon.colcon_core.package_identification:Package '/home/farhan/arduinobot_ws/src/arduinobot_cpp_examples' with type 'ros.ament_cmake' and name 'arduinobot_cpp_examples'
[4.738s] Level 1:colcon.colcon_core.package_identification:_identify(/home/farhan/arduinobot_ws/src/arduinobot_py_examples) by extensions ['ignore', 'ignore_ament_install']
[4.740s] Level 1:colcon.colcon_core.package_identification:_identify(/home/farhan/arduinobot_ws/src/arduinobot_py_examples) by extension 'ignore'
[4.741s] Level 1:colcon.colcon_core.package_identification:_identify(/home/farhan/arduinobot_ws/src/arduinobot_py_examples) by extension 'ignore_ament_install'
[4.746s] Level 1:colcon.colcon_core.package_identification:_identify(/home/farhan/arduinobot_ws/src/arduinobot_py_examples) by extensions ['colcon_pkg']
[4.747s] Level 1:colcon.colcon_core.package_identification:_identify(/home/farhan/arduinobot_ws/src/arduinobot_py_examples) by extension 'colcon_pkg'
[4.747s] Level 1:colcon.colcon_core.package_identification:_identify(/home/farhan/arduinobot_ws/src/arduinobot_py_examples) by extensions ['colcon_meta']
[4.750s] Level 1:colcon.colcon_core.package_identification:_identify(/home/farhan/arduinobot_ws/src/arduinobot_py_examples) by extension 'colcon_meta'
[4.751s] Level 1:colcon.colcon_core.package_identification:_identify(/home/farhan/arduinobot_ws/src/arduinobot_py_examples) by extensions ['ros']
[4.752s] Level 1:colcon.colcon_core.package_identification:_identify(/home/farhan/arduinobot_ws/src/arduinobot_py_examples) by extension 'ros'
[4.758s] DEBUG:colcon.colcon_core.package_identification:Package '/home/farhan/arduinobot_ws/src/arduinobot_py_examples' with type 'ros.ament_python' and name 'arduinobot_py_examples'
[4.760s] Level 1:colcon.colcon_core.package_discovery:discover_packages(recursive) using defaults
