[0.157s] Invoking command in '/home/farhan/arduinobot_ws/build/arduinobot_controller': CMAKE_PREFIX_PATH=${CMAKE_PREFIX_PATH}:/home/farhan/arduinobot_ws/install/arduinobot_py_examples:/opt/ros/humble /usr/bin/cmake --build /home/farhan/arduinobot_ws/build/arduinobot_controller -- -j4 -l4
[0.537s] Invoked command in '/home/farhan/arduinobot_ws/build/arduinobot_controller' returned '0': CMAKE_PREFIX_PATH=${CMAKE_PREFIX_PATH}:/home/farhan/arduinobot_ws/install/arduinobot_py_examples:/opt/ros/humble /usr/bin/cmake --build /home/farhan/arduinobot_ws/build/arduinobot_controller -- -j4 -l4
[1.078s] Invoking command in '/home/farhan/arduinobot_ws/build/arduinobot_controller': CMAKE_PREFIX_PATH=${CMAKE_PREFIX_PATH}:/home/farhan/arduinobot_ws/install/arduinobot_py_examples:/opt/ros/humble /usr/bin/cmake --install /home/farhan/arduinobot_ws/build/arduinobot_controller
[1.198s] -- Install configuration: ""
[1.201s] -- Up-to-date: /home/farhan/arduinobot_ws/install/arduinobot_controller/share/arduinobot_controller/config
[1.202s] -- Up-to-date: /home/farhan/arduinobot_ws/install/arduinobot_controller/share/arduinobot_controller/config/arduinobot_controllers.yaml
[1.208s] -- Up-to-date: /home/farhan/arduinobot_ws/install/arduinobot_controller/share/arduinobot_controller/launch
[1.211s] -- Up-to-date: /home/farhan/arduinobot_ws/install/arduinobot_controller/share/arduinobot_controller/launch/controller.launch.py
[1.226s] -- Up-to-date: /home/farhan/arduinobot_ws/install/arduinobot_controller/share/ament_index/resource_index/package_run_dependencies/arduinobot_controller
[1.229s] -- Up-to-date: /home/farhan/arduinobot_ws/install/arduinobot_controller/share/ament_index/resource_index/parent_prefix_path/arduinobot_controller
[1.232s] -- Up-to-date: /home/farhan/arduinobot_ws/install/arduinobot_controller/share/arduinobot_controller/environment/ament_prefix_path.sh
[1.235s] -- Up-to-date: /home/farhan/arduinobot_ws/install/arduinobot_controller/share/arduinobot_controller/environment/ament_prefix_path.dsv
[1.248s] -- Up-to-date: /home/farhan/arduinobot_ws/install/arduinobot_controller/share/arduinobot_controller/environment/path.sh
[1.251s] -- Up-to-date: /home/farhan/arduinobot_ws/install/arduinobot_controller/share/arduinobot_controller/environment/path.dsv
[1.268s] -- Up-to-date: /home/farhan/arduinobot_ws/install/arduinobot_controller/share/arduinobot_controller/local_setup.bash
[1.276s] -- Up-to-date: /home/farhan/arduinobot_ws/install/arduinobot_controller/share/arduinobot_controller/local_setup.sh
[1.284s] -- Up-to-date: /home/farhan/arduinobot_ws/install/arduinobot_controller/share/arduinobot_controller/local_setup.zsh
[1.284s] -- Up-to-date: /home/farhan/arduinobot_ws/install/arduinobot_controller/share/arduinobot_controller/local_setup.dsv
[1.285s] -- Installing: /home/farhan/arduinobot_ws/install/arduinobot_controller/share/arduinobot_controller/package.dsv
[1.285s] -- Up-to-date: /home/farhan/arduinobot_ws/install/arduinobot_controller/share/ament_index/resource_index/packages/arduinobot_controller
[1.285s] -- Up-to-date: /home/farhan/arduinobot_ws/install/arduinobot_controller/share/arduinobot_controller/cmake/arduinobot_controllerConfig.cmake
[1.285s] -- Up-to-date: /home/farhan/arduinobot_ws/install/arduinobot_controller/share/arduinobot_controller/cmake/arduinobot_controllerConfig-version.cmake
[1.286s] -- Up-to-date: /home/farhan/arduinobot_ws/install/arduinobot_controller/share/arduinobot_controller/package.xml
[1.308s] Invoked command in '/home/farhan/arduinobot_ws/build/arduinobot_controller' returned '0': CMAKE_PREFIX_PATH=${CMAKE_PREFIX_PATH}:/home/farhan/arduinobot_ws/install/arduinobot_py_examples:/opt/ros/humble /usr/bin/cmake --install /home/farhan/arduinobot_ws/build/arduinobot_controller
