[1.980s] Invoking command in '/home/farhan/arduinobot_ws/src/arduinobot_py_examples': PYTHONPATH=/home/farhan/arduinobot_ws/build/arduinobot_py_examples/prefix_override:/home/farhan/arduinobot_ws/install/arduinobot_py_examples/lib/python3.10/site-packages:${PYTHONPATH} /usr/bin/python3 setup.py egg_info --egg-base ../../build/arduinobot_py_examples build --build-base /home/farhan/arduinobot_ws/build/arduinobot_py_examples/build install --record /home/farhan/arduinobot_ws/build/arduinobot_py_examples/install.log --single-version-externally-managed
[2.594s] running egg_info
[2.596s] writing ../../build/arduinobot_py_examples/arduinobot_py_examples.egg-info/PKG-INFO
[2.597s] writing dependency_links to ../../build/arduinobot_py_examples/arduinobot_py_examples.egg-info/dependency_links.txt
[2.597s] writing entry points to ../../build/arduinobot_py_examples/arduinobot_py_examples.egg-info/entry_points.txt
[2.597s] writing requirements to ../../build/arduinobot_py_examples/arduinobot_py_examples.egg-info/requires.txt
[2.598s] writing top-level names to ../../build/arduinobot_py_examples/arduinobot_py_examples.egg-info/top_level.txt
[2.602s] reading manifest file '../../build/arduinobot_py_examples/arduinobot_py_examples.egg-info/SOURCES.txt'
[2.604s] writing manifest file '../../build/arduinobot_py_examples/arduinobot_py_examples.egg-info/SOURCES.txt'
[2.605s] running build
[2.605s] running build_py
[2.605s] copying arduinobot_py_examples/simple_service_server.py -> /home/farhan/arduinobot_ws/build/arduinobot_py_examples/build/lib/arduinobot_py_examples
[2.606s] running install
[2.607s] /usr/lib/python3/dist-packages/setuptools/command/install.py:34: SetuptoolsDeprecationWarning: setup.py install is deprecated. Use build and pip and other standards-based tools.
[2.607s]   warnings.warn(
[2.607s] running install_lib
[2.609s] copying /home/farhan/arduinobot_ws/build/arduinobot_py_examples/build/lib/arduinobot_py_examples/simple_service_server.py -> /home/farhan/arduinobot_ws/install/arduinobot_py_examples/lib/python3.10/site-packages/arduinobot_py_examples
[2.611s] byte-compiling /home/farhan/arduinobot_ws/install/arduinobot_py_examples/lib/python3.10/site-packages/arduinobot_py_examples/simple_service_server.py to simple_service_server.cpython-310.pyc
[2.611s] running install_data
[2.613s] running install_egg_info
[2.616s] removing '/home/farhan/arduinobot_ws/install/arduinobot_py_examples/lib/python3.10/site-packages/arduinobot_py_examples-0.0.0-py3.10.egg-info' (and everything under it)
[2.617s] Copying ../../build/arduinobot_py_examples/arduinobot_py_examples.egg-info to /home/farhan/arduinobot_ws/install/arduinobot_py_examples/lib/python3.10/site-packages/arduinobot_py_examples-0.0.0-py3.10.egg-info
[2.619s] running install_scripts
[2.663s] Installing simple_parameter script to /home/farhan/arduinobot_ws/install/arduinobot_py_examples/lib/arduinobot_py_examples
[2.664s] Installing simple_publisher script to /home/farhan/arduinobot_ws/install/arduinobot_py_examples/lib/arduinobot_py_examples
[2.664s] Installing simple_subscriber script to /home/farhan/arduinobot_ws/install/arduinobot_py_examples/lib/arduinobot_py_examples
[2.665s] writing list of installed files to '/home/farhan/arduinobot_ws/build/arduinobot_py_examples/install.log'
[2.714s] Invoked command in '/home/farhan/arduinobot_ws/src/arduinobot_py_examples' returned '0': PYTHONPATH=/home/farhan/arduinobot_ws/build/arduinobot_py_examples/prefix_override:/home/farhan/arduinobot_ws/install/arduinobot_py_examples/lib/python3.10/site-packages:${PYTHONPATH} /usr/bin/python3 setup.py egg_info --egg-base ../../build/arduinobot_py_examples build --build-base /home/farhan/arduinobot_ws/build/arduinobot_py_examples/build install --record /home/farhan/arduinobot_ws/build/arduinobot_py_examples/install.log --single-version-externally-managed
