[0.063s] Invoking command in '/home/farhan/arduinobot_ws/build/arduinobot_moveit': CMAKE_PREFIX_PATH=${CMAKE_PREFIX_PATH}:/home/farhan/arduinobot_ws/install/arduinobot_py_examples:/opt/ros/humble /usr/bin/cmake --build /home/farhan/arduinobot_ws/build/arduinobot_moveit -- -j4 -l4
[0.138s] -- Found ament_cmake: 1.3.5 (/opt/ros/humble/share/ament_cmake/cmake)
[1.053s] -- Found ament_lint_auto: 0.12.7 (/opt/ros/humble/share/ament_lint_auto/cmake)
[1.533s] -- Added test 'flake8' to check Python code syntax and style conventions
[1.534s] -- Added test 'lint_cmake' to check CMake code style
[1.536s] -- Added test 'pep257' to check Python code against some of the docstring style conventions in PEP 257
[1.541s] -- Added test 'xmllint' to check XML markup files
[1.547s] -- Configuring done
[1.569s] -- Generating done
[1.577s] -- Build files have been written to: /home/farhan/arduinobot_ws/build/arduinobot_moveit
[1.660s] Invoked command in '/home/farhan/arduinobot_ws/build/arduinobot_moveit' returned '0': CMAKE_PREFIX_PATH=${CMAKE_PREFIX_PATH}:/home/farhan/arduinobot_ws/install/arduinobot_py_examples:/opt/ros/humble /usr/bin/cmake --build /home/farhan/arduinobot_ws/build/arduinobot_moveit -- -j4 -l4
[1.758s] Invoking command in '/home/farhan/arduinobot_ws/build/arduinobot_moveit': CMAKE_PREFIX_PATH=${CMAKE_PREFIX_PATH}:/home/farhan/arduinobot_ws/install/arduinobot_py_examples:/opt/ros/humble /usr/bin/cmake --install /home/farhan/arduinobot_ws/build/arduinobot_moveit
[1.779s] -- Install configuration: ""
[1.779s] -- Installing: /home/farhan/arduinobot_ws/install/arduinobot_moveit/share/arduinobot_moveit/launch
[1.780s] -- Installing: /home/farhan/arduinobot_ws/install/arduinobot_moveit/share/arduinobot_moveit/launch/moveit.launch.py
[1.781s] -- Installing: /home/farhan/arduinobot_ws/install/arduinobot_moveit/share/arduinobot_moveit/config
[1.781s] -- Installing: /home/farhan/arduinobot_ws/install/arduinobot_moveit/share/arduinobot_moveit/config/arduinobot.srdf
[1.785s] -- Installing: /home/farhan/arduinobot_ws/install/arduinobot_moveit/share/arduinobot_moveit/config/joint_limits.yaml
[1.787s] -- Installing: /home/farhan/arduinobot_ws/install/arduinobot_moveit/share/arduinobot_moveit/config/kinematic.yaml
[1.788s] -- Installing: /home/farhan/arduinobot_ws/install/arduinobot_moveit/share/arduinobot_moveit/config/pilz_cartesian_limits.yaml
[1.788s] -- Installing: /home/farhan/arduinobot_ws/install/arduinobot_moveit/share/arduinobot_moveit/config/moveit_controllers.yaml
[1.789s] -- Installing: /home/farhan/arduinobot_ws/install/arduinobot_moveit/share/arduinobot_moveit/config/initial_positions.yaml
[1.791s] -- Installing: /home/farhan/arduinobot_ws/install/arduinobot_moveit/share/ament_index/resource_index/package_run_dependencies/arduinobot_moveit
[1.792s] -- Installing: /home/farhan/arduinobot_ws/install/arduinobot_moveit/share/ament_index/resource_index/parent_prefix_path/arduinobot_moveit
[1.793s] -- Up-to-date: /home/farhan/arduinobot_ws/install/arduinobot_moveit/share/arduinobot_moveit/environment/ament_prefix_path.sh
[1.794s] -- Installing: /home/farhan/arduinobot_ws/install/arduinobot_moveit/share/arduinobot_moveit/environment/ament_prefix_path.dsv
[1.795s] -- Up-to-date: /home/farhan/arduinobot_ws/install/arduinobot_moveit/share/arduinobot_moveit/environment/path.sh
[1.795s] -- Installing: /home/farhan/arduinobot_ws/install/arduinobot_moveit/share/arduinobot_moveit/environment/path.dsv
[1.797s] -- Up-to-date: /home/farhan/arduinobot_ws/install/arduinobot_moveit/share/arduinobot_moveit/local_setup.bash
[1.799s] -- Up-to-date: /home/farhan/arduinobot_ws/install/arduinobot_moveit/share/arduinobot_moveit/local_setup.sh
[1.799s] -- Up-to-date: /home/farhan/arduinobot_ws/install/arduinobot_moveit/share/arduinobot_moveit/local_setup.zsh
[1.800s] -- Installing: /home/farhan/arduinobot_ws/install/arduinobot_moveit/share/arduinobot_moveit/local_setup.dsv
[1.801s] -- Installing: /home/farhan/arduinobot_ws/install/arduinobot_moveit/share/arduinobot_moveit/package.dsv
[1.802s] -- Up-to-date: /home/farhan/arduinobot_ws/install/arduinobot_moveit/share/ament_index/resource_index/packages/arduinobot_moveit
[1.803s] -- Up-to-date: /home/farhan/arduinobot_ws/install/arduinobot_moveit/share/arduinobot_moveit/cmake/arduinobot_moveitConfig.cmake
[1.803s] -- Up-to-date: /home/farhan/arduinobot_ws/install/arduinobot_moveit/share/arduinobot_moveit/cmake/arduinobot_moveitConfig-version.cmake
[1.805s] -- Installing: /home/farhan/arduinobot_ws/install/arduinobot_moveit/share/arduinobot_moveit/package.xml
[1.835s] Invoked command in '/home/farhan/arduinobot_ws/build/arduinobot_moveit' returned '0': CMAKE_PREFIX_PATH=${CMAKE_PREFIX_PATH}:/home/farhan/arduinobot_ws/install/arduinobot_py_examples:/opt/ros/humble /usr/bin/cmake --install /home/farhan/arduinobot_ws/build/arduinobot_moveit
