[0.038s] Invoking command in '/home/farhan/arduinobot_ws/build/arduinobot_description': CMAKE_PREFIX_PATH=/opt/ros/humble /usr/bin/cmake --build /home/farhan/arduinobot_ws/build/arduinobot_description -- -j4 -l4
[0.498s] Invoked command in '/home/farhan/arduinobot_ws/build/arduinobot_description' returned '0': CMAKE_PREFIX_PATH=/opt/ros/humble /usr/bin/cmake --build /home/farhan/arduinobot_ws/build/arduinobot_description -- -j4 -l4
[0.553s] Invoking command in '/home/farhan/arduinobot_ws/build/arduinobot_description': CMAKE_PREFIX_PATH=/opt/ros/humble /usr/bin/cmake --install /home/farhan/arduinobot_ws/build/arduinobot_description
[0.573s] -- Install configuration: ""
[0.573s] -- Up-to-date: /home/farhan/arduinobot_ws/install/arduinobot_description/share/arduinobot_description/meshes
[0.574s] -- Up-to-date: /home/farhan/arduinobot_ws/install/arduinobot_description/share/arduinobot_description/meshes/left_finger.STL
[0.574s] -- Up-to-date: /home/farhan/arduinobot_ws/install/arduinobot_description/share/arduinobot_description/meshes/forward_drive_arm.STL
[0.574s] -- Up-to-date: /home/farhan/arduinobot_ws/install/arduinobot_description/share/arduinobot_description/meshes/triangular_link.STL
[0.574s] -- Up-to-date: /home/farhan/arduinobot_ws/install/arduinobot_description/share/arduinobot_description/meshes/round_plate.STL
[0.575s] -- Up-to-date: /home/farhan/arduinobot_ws/install/arduinobot_description/share/arduinobot_description/meshes/right_finger.STL
[0.575s] -- Up-to-date: /home/farhan/arduinobot_ws/install/arduinobot_description/share/arduinobot_description/meshes/link.STL
[0.575s] -- Up-to-date: /home/farhan/arduinobot_ws/install/arduinobot_description/share/arduinobot_description/meshes/horizontal_arm.STL
[0.575s] -- Up-to-date: /home/farhan/arduinobot_ws/install/arduinobot_description/share/arduinobot_description/meshes/servo_plate.STL
[0.575s] -- Up-to-date: /home/farhan/arduinobot_ws/install/arduinobot_description/share/arduinobot_description/meshes/vertical_drive_arm.STL
[0.576s] -- Up-to-date: /home/farhan/arduinobot_ws/install/arduinobot_description/share/arduinobot_description/meshes/basement.STL
[0.576s] -- Up-to-date: /home/farhan/arduinobot_ws/install/arduinobot_description/share/arduinobot_description/meshes/plate.STL
[0.576s] -- Up-to-date: /home/farhan/arduinobot_ws/install/arduinobot_description/share/arduinobot_description/meshes/claw_support.STL
[0.576s] -- Up-to-date: /home/farhan/arduinobot_ws/install/arduinobot_description/share/arduinobot_description/meshes/base_plate.STL
[0.576s] -- Up-to-date: /home/farhan/arduinobot_ws/install/arduinobot_description/share/arduinobot_description/urdf
[0.576s] -- Installing: /home/farhan/arduinobot_ws/install/arduinobot_description/share/arduinobot_description/urdf/arduinobot.urdf.xacro
[0.577s] -- Up-to-date: /home/farhan/arduinobot_ws/install/arduinobot_description/share/arduinobot_description/launch
[0.577s] -- Installing: /home/farhan/arduinobot_ws/install/arduinobot_description/share/arduinobot_description/launch/gazebo.launch.py
[0.577s] -- Up-to-date: /home/farhan/arduinobot_ws/install/arduinobot_description/share/arduinobot_description/launch/display.launch.py
[0.577s] -- Up-to-date: /home/farhan/arduinobot_ws/install/arduinobot_description/share/arduinobot_description/rviz
[0.577s] -- Up-to-date: /home/farhan/arduinobot_ws/install/arduinobot_description/share/arduinobot_description/rviz/display.rviz
[0.577s] -- Up-to-date: /home/farhan/arduinobot_ws/install/arduinobot_description/share/ament_index/resource_index/package_run_dependencies/arduinobot_description
[0.578s] -- Up-to-date: /home/farhan/arduinobot_ws/install/arduinobot_description/share/ament_index/resource_index/parent_prefix_path/arduinobot_description
[0.578s] -- Up-to-date: /home/farhan/arduinobot_ws/install/arduinobot_description/share/arduinobot_description/environment/ament_prefix_path.sh
[0.578s] -- Up-to-date: /home/farhan/arduinobot_ws/install/arduinobot_description/share/arduinobot_description/environment/ament_prefix_path.dsv
[0.581s] -- Up-to-date: /home/farhan/arduinobot_ws/install/arduinobot_description/share/arduinobot_description/environment/path.sh
[0.582s] -- Up-to-date: /home/farhan/arduinobot_ws/install/arduinobot_description/share/arduinobot_description/environment/path.dsv
[0.586s] -- Up-to-date: /home/farhan/arduinobot_ws/install/arduinobot_description/share/arduinobot_description/local_setup.bash
[0.586s] -- Up-to-date: /home/farhan/arduinobot_ws/install/arduinobot_description/share/arduinobot_description/local_setup.sh
[0.586s] -- Up-to-date: /home/farhan/arduinobot_ws/install/arduinobot_description/share/arduinobot_description/local_setup.zsh
[0.586s] -- Up-to-date: /home/farhan/arduinobot_ws/install/arduinobot_description/share/arduinobot_description/local_setup.dsv
[0.586s] -- Installing: /home/farhan/arduinobot_ws/install/arduinobot_description/share/arduinobot_description/package.dsv
[0.586s] -- Up-to-date: /home/farhan/arduinobot_ws/install/arduinobot_description/share/ament_index/resource_index/packages/arduinobot_description
[0.587s] -- Up-to-date: /home/farhan/arduinobot_ws/install/arduinobot_description/share/arduinobot_description/cmake/arduinobot_descriptionConfig.cmake
[0.587s] -- Up-to-date: /home/farhan/arduinobot_ws/install/arduinobot_description/share/arduinobot_description/cmake/arduinobot_descriptionConfig-version.cmake
[0.587s] -- Up-to-date: /home/farhan/arduinobot_ws/install/arduinobot_description/share/arduinobot_description/package.xml
[0.588s] Invoked command in '/home/farhan/arduinobot_ws/build/arduinobot_description' returned '0': CMAKE_PREFIX_PATH=/opt/ros/humble /usr/bin/cmake --install /home/farhan/arduinobot_ws/build/arduinobot_description
