[0.553s] DEBUG:colcon:Command line arguments: ['/usr/bin/colcon', 'build']
[0.553s] DEBUG:colcon:Parsed command line arguments: Namespace(log_base=None, log_level=None, verb_name='build', build_base='build', install_base='install', merge_install=False, symlink_install=False, test_result_base=None, continue_on_error=False, executor='parallel', parallel_workers=4, event_handlers=None, ignore_user_meta=False, metas=['./colcon.meta'], base_paths=['.'], packages_ignore=None, packages_ignore_regex=None, paths=None, packages_up_to=None, packages_up_to_regex=None, packages_above=None, packages_above_and_dependencies=None, packages_above_depth=None, packages_select_by_dep=None, packages_skip_by_dep=None, packages_skip_up_to=None, packages_select_build_failed=False, packages_skip_build_finished=False, packages_select_test_failures=False, packages_skip_test_passed=False, packages_select=None, packages_skip=None, packages_select_regex=None, packages_skip_regex=None, packages_start=None, packages_end=None, allow_overriding=[], cmake_args=None, cmake_target=None, cmake_target_skip_unavailable=False, cmake_clean_cache=False, cmake_clean_first=False, cmake_force_configure=False, ament_cmake_args=None, catkin_cmake_args=None, catkin_skip_building_tests=False, verb_parser=<colcon_defaults.argument_parser.defaults.DefaultArgumentsDecorator object at 0x7f3fc18848b0>, verb_extension=<colcon_core.verb.build.BuildVerb object at 0x7f3fc2090bb0>, main=<bound method BuildVerb.main of <colcon_core.verb.build.BuildVerb object at 0x7f3fc2090bb0>>)
[0.614s] Level 1:colcon.colcon_core.package_discovery:discover_packages(colcon_meta) check parameters
[0.615s] Level 1:colcon.colcon_core.package_discovery:discover_packages(recursive) check parameters
[0.615s] Level 1:colcon.colcon_core.package_discovery:discover_packages(ignore) check parameters
[0.615s] Level 1:colcon.colcon_core.package_discovery:discover_packages(path) check parameters
[0.615s] Level 1:colcon.colcon_core.package_discovery:discover_packages(colcon_meta) discover
[0.615s] Level 1:colcon.colcon_core.package_discovery:discover_packages(recursive) discover
[0.615s] INFO:colcon.colcon_core.package_discovery:Crawling recursively for packages in '/home/farhan/arduinobot_ws'
[0.615s] Level 1:colcon.colcon_core.package_identification:_identify(.) by extensions ['ignore', 'ignore_ament_install']
[0.615s] Level 1:colcon.colcon_core.package_identification:_identify(.) by extension 'ignore'
[0.615s] Level 1:colcon.colcon_core.package_identification:_identify(.) by extension 'ignore_ament_install'
[0.616s] Level 1:colcon.colcon_core.package_identification:_identify(.) by extensions ['colcon_pkg']
[0.616s] Level 1:colcon.colcon_core.package_identification:_identify(.) by extension 'colcon_pkg'
[0.616s] Level 1:colcon.colcon_core.package_identification:_identify(.) by extensions ['colcon_meta']
[0.616s] Level 1:colcon.colcon_core.package_identification:_identify(.) by extension 'colcon_meta'
[0.616s] Level 1:colcon.colcon_core.package_identification:_identify(.) by extensions ['ros']
[0.616s] Level 1:colcon.colcon_core.package_identification:_identify(.) by extension 'ros'
[0.637s] Level 1:colcon.colcon_core.package_identification:_identify(.) by extensions ['cmake', 'python']
[0.637s] Level 1:colcon.colcon_core.package_identification:_identify(.) by extension 'cmake'
[0.637s] Level 1:colcon.colcon_core.package_identification:_identify(.) by extension 'python'
[0.637s] Level 1:colcon.colcon_core.package_identification:_identify(.) by extensions ['python_setup_py']
[0.637s] Level 1:colcon.colcon_core.package_identification:_identify(.) by extension 'python_setup_py'
[0.638s] Level 1:colcon.colcon_core.package_identification:_identify(build) by extensions ['ignore', 'ignore_ament_install']
[0.638s] Level 1:colcon.colcon_core.package_identification:_identify(build) by extension 'ignore'
[0.638s] Level 1:colcon.colcon_core.package_identification:_identify(build) ignored
[0.639s] Level 1:colcon.colcon_core.package_identification:_identify(install) by extensions ['ignore', 'ignore_ament_install']
[0.639s] Level 1:colcon.colcon_core.package_identification:_identify(install) by extension 'ignore'
[0.639s] Level 1:colcon.colcon_core.package_identification:_identify(install) ignored
[0.640s] Level 1:colcon.colcon_core.package_identification:_identify(log) by extensions ['ignore', 'ignore_ament_install']
[0.640s] Level 1:colcon.colcon_core.package_identification:_identify(log) by extension 'ignore'
[0.640s] Level 1:colcon.colcon_core.package_identification:_identify(log) ignored
[0.640s] Level 1:colcon.colcon_core.package_identification:_identify(src) by extensions ['ignore', 'ignore_ament_install']
[0.640s] Level 1:colcon.colcon_core.package_identification:_identify(src) by extension 'ignore'
[0.641s] Level 1:colcon.colcon_core.package_identification:_identify(src) by extension 'ignore_ament_install'
[0.641s] Level 1:colcon.colcon_core.package_identification:_identify(src) by extensions ['colcon_pkg']
[0.641s] Level 1:colcon.colcon_core.package_identification:_identify(src) by extension 'colcon_pkg'
[0.641s] Level 1:colcon.colcon_core.package_identification:_identify(src) by extensions ['colcon_meta']
[0.642s] Level 1:colcon.colcon_core.package_identification:_identify(src) by extension 'colcon_meta'
[0.642s] Level 1:colcon.colcon_core.package_identification:_identify(src) by extensions ['ros']
[0.642s] Level 1:colcon.colcon_core.package_identification:_identify(src) by extension 'ros'
[0.642s] Level 1:colcon.colcon_core.package_identification:_identify(src) by extensions ['cmake', 'python']
[0.643s] Level 1:colcon.colcon_core.package_identification:_identify(src) by extension 'cmake'
[0.643s] Level 1:colcon.colcon_core.package_identification:_identify(src) by extension 'python'
[0.643s] Level 1:colcon.colcon_core.package_identification:_identify(src) by extensions ['python_setup_py']
[0.643s] Level 1:colcon.colcon_core.package_identification:_identify(src) by extension 'python_setup_py'
[0.643s] Level 1:colcon.colcon_core.package_identification:_identify(src/arduinobot_controller) by extensions ['ignore', 'ignore_ament_install']
[0.643s] Level 1:colcon.colcon_core.package_identification:_identify(src/arduinobot_controller) by extension 'ignore'
[0.643s] Level 1:colcon.colcon_core.package_identification:_identify(src/arduinobot_controller) by extension 'ignore_ament_install'
[0.644s] Level 1:colcon.colcon_core.package_identification:_identify(src/arduinobot_controller) by extensions ['colcon_pkg']
[0.644s] Level 1:colcon.colcon_core.package_identification:_identify(src/arduinobot_controller) by extension 'colcon_pkg'
[0.644s] Level 1:colcon.colcon_core.package_identification:_identify(src/arduinobot_controller) by extensions ['colcon_meta']
[0.644s] Level 1:colcon.colcon_core.package_identification:_identify(src/arduinobot_controller) by extension 'colcon_meta'
[0.644s] Level 1:colcon.colcon_core.package_identification:_identify(src/arduinobot_controller) by extensions ['ros']
[0.644s] Level 1:colcon.colcon_core.package_identification:_identify(src/arduinobot_controller) by extension 'ros'
[0.649s] DEBUG:colcon.colcon_core.package_identification:Package 'src/arduinobot_controller' with type 'ros.ament_cmake' and name 'arduinobot_controller'
[0.649s] Level 1:colcon.colcon_core.package_identification:_identify(src/arduinobot_cpp_examples) by extensions ['ignore', 'ignore_ament_install']
[0.649s] Level 1:colcon.colcon_core.package_identification:_identify(src/arduinobot_cpp_examples) by extension 'ignore'
[0.650s] Level 1:colcon.colcon_core.package_identification:_identify(src/arduinobot_cpp_examples) by extension 'ignore_ament_install'
[0.650s] Level 1:colcon.colcon_core.package_identification:_identify(src/arduinobot_cpp_examples) by extensions ['colcon_pkg']
[0.650s] Level 1:colcon.colcon_core.package_identification:_identify(src/arduinobot_cpp_examples) by extension 'colcon_pkg'
[0.650s] Level 1:colcon.colcon_core.package_identification:_identify(src/arduinobot_cpp_examples) by extensions ['colcon_meta']
[0.650s] Level 1:colcon.colcon_core.package_identification:_identify(src/arduinobot_cpp_examples) by extension 'colcon_meta'
[0.650s] Level 1:colcon.colcon_core.package_identification:_identify(src/arduinobot_cpp_examples) by extensions ['ros']
[0.650s] Level 1:colcon.colcon_core.package_identification:_identify(src/arduinobot_cpp_examples) by extension 'ros'
[0.652s] DEBUG:colcon.colcon_core.package_identification:Package 'src/arduinobot_cpp_examples' with type 'ros.ament_cmake' and name 'arduinobot_cpp_examples'
[0.652s] Level 1:colcon.colcon_core.package_identification:_identify(src/arduinobot_description) by extensions ['ignore', 'ignore_ament_install']
[0.652s] Level 1:colcon.colcon_core.package_identification:_identify(src/arduinobot_description) by extension 'ignore'
[0.652s] Level 1:colcon.colcon_core.package_identification:_identify(src/arduinobot_description) by extension 'ignore_ament_install'
[0.652s] Level 1:colcon.colcon_core.package_identification:_identify(src/arduinobot_description) by extensions ['colcon_pkg']
[0.652s] Level 1:colcon.colcon_core.package_identification:_identify(src/arduinobot_description) by extension 'colcon_pkg'
[0.653s] Level 1:colcon.colcon_core.package_identification:_identify(src/arduinobot_description) by extensions ['colcon_meta']
[0.653s] Level 1:colcon.colcon_core.package_identification:_identify(src/arduinobot_description) by extension 'colcon_meta'
[0.653s] Level 1:colcon.colcon_core.package_identification:_identify(src/arduinobot_description) by extensions ['ros']
[0.653s] Level 1:colcon.colcon_core.package_identification:_identify(src/arduinobot_description) by extension 'ros'
[0.654s] DEBUG:colcon.colcon_core.package_identification:Package 'src/arduinobot_description' with type 'ros.ament_cmake' and name 'arduinobot_description'
[0.654s] Level 1:colcon.colcon_core.package_identification:_identify(src/arduinobot_msgs) by extensions ['ignore', 'ignore_ament_install']
[0.655s] Level 1:colcon.colcon_core.package_identification:_identify(src/arduinobot_msgs) by extension 'ignore'
[0.655s] Level 1:colcon.colcon_core.package_identification:_identify(src/arduinobot_msgs) by extension 'ignore_ament_install'
[0.655s] Level 1:colcon.colcon_core.package_identification:_identify(src/arduinobot_msgs) by extensions ['colcon_pkg']
[0.655s] Level 1:colcon.colcon_core.package_identification:_identify(src/arduinobot_msgs) by extension 'colcon_pkg'
[0.655s] Level 1:colcon.colcon_core.package_identification:_identify(src/arduinobot_msgs) by extensions ['colcon_meta']
[0.655s] Level 1:colcon.colcon_core.package_identification:_identify(src/arduinobot_msgs) by extension 'colcon_meta'
[0.655s] Level 1:colcon.colcon_core.package_identification:_identify(src/arduinobot_msgs) by extensions ['ros']
[0.655s] Level 1:colcon.colcon_core.package_identification:_identify(src/arduinobot_msgs) by extension 'ros'
[0.657s] DEBUG:colcon.colcon_core.package_identification:Package 'src/arduinobot_msgs' with type 'ros.ament_cmake' and name 'arduinobot_msgs'
[0.657s] Level 1:colcon.colcon_core.package_identification:_identify(src/arduinobot_py_examples) by extensions ['ignore', 'ignore_ament_install']
[0.657s] Level 1:colcon.colcon_core.package_identification:_identify(src/arduinobot_py_examples) by extension 'ignore'
[0.657s] Level 1:colcon.colcon_core.package_identification:_identify(src/arduinobot_py_examples) by extension 'ignore_ament_install'
[0.657s] Level 1:colcon.colcon_core.package_identification:_identify(src/arduinobot_py_examples) by extensions ['colcon_pkg']
[0.657s] Level 1:colcon.colcon_core.package_identification:_identify(src/arduinobot_py_examples) by extension 'colcon_pkg'
[0.658s] Level 1:colcon.colcon_core.package_identification:_identify(src/arduinobot_py_examples) by extensions ['colcon_meta']
[0.658s] Level 1:colcon.colcon_core.package_identification:_identify(src/arduinobot_py_examples) by extension 'colcon_meta'
[0.658s] Level 1:colcon.colcon_core.package_identification:_identify(src/arduinobot_py_examples) by extensions ['ros']
[0.658s] Level 1:colcon.colcon_core.package_identification:_identify(src/arduinobot_py_examples) by extension 'ros'
[0.659s] DEBUG:colcon.colcon_core.package_identification:Package 'src/arduinobot_py_examples' with type 'ros.ament_python' and name 'arduinobot_py_examples'
[0.659s] Level 1:colcon.colcon_core.package_discovery:discover_packages(recursive) using defaults
[0.659s] Level 1:colcon.colcon_core.package_discovery:discover_packages(ignore) discover
[0.660s] Level 1:colcon.colcon_core.package_discovery:discover_packages(ignore) using defaults
[0.660s] Level 1:colcon.colcon_core.package_discovery:discover_packages(path) discover
[0.660s] Level 1:colcon.colcon_core.package_discovery:discover_packages(path) using defaults
[0.710s] Level 1:colcon.colcon_core.package_discovery:discover_packages(prefix_path) check parameters
[0.711s] Level 1:colcon.colcon_core.package_discovery:discover_packages(prefix_path) discover
[0.715s] DEBUG:colcon.colcon_installed_package_information.package_discovery:Found 5 installed packages in /home/farhan/arduinobot_ws/install
[0.718s] DEBUG:colcon.colcon_installed_package_information.package_discovery:Found 352 installed packages in /opt/ros/humble
[0.721s] Level 1:colcon.colcon_core.package_discovery:discover_packages(prefix_path) using defaults
[0.853s] Level 5:colcon.colcon_core.verb:set package 'arduinobot_controller' build argument 'cmake_args' from command line to 'None'
[0.853s] Level 5:colcon.colcon_core.verb:set package 'arduinobot_controller' build argument 'cmake_target' from command line to 'None'
[0.853s] Level 5:colcon.colcon_core.verb:set package 'arduinobot_controller' build argument 'cmake_target_skip_unavailable' from command line to 'False'
[0.853s] Level 5:colcon.colcon_core.verb:set package 'arduinobot_controller' build argument 'cmake_clean_cache' from command line to 'False'
[0.853s] Level 5:colcon.colcon_core.verb:set package 'arduinobot_controller' build argument 'cmake_clean_first' from command line to 'False'
[0.853s] Level 5:colcon.colcon_core.verb:set package 'arduinobot_controller' build argument 'cmake_force_configure' from command line to 'False'
[0.853s] Level 5:colcon.colcon_core.verb:set package 'arduinobot_controller' build argument 'ament_cmake_args' from command line to 'None'
[0.853s] Level 5:colcon.colcon_core.verb:set package 'arduinobot_controller' build argument 'catkin_cmake_args' from command line to 'None'
[0.853s] Level 5:colcon.colcon_core.verb:set package 'arduinobot_controller' build argument 'catkin_skip_building_tests' from command line to 'False'
[0.853s] DEBUG:colcon.colcon_core.verb:Building package 'arduinobot_controller' with the following arguments: {'ament_cmake_args': None, 'build_base': '/home/farhan/arduinobot_ws/build/arduinobot_controller', 'catkin_cmake_args': None, 'catkin_skip_building_tests': False, 'cmake_args': None, 'cmake_clean_cache': False, 'cmake_clean_first': False, 'cmake_force_configure': False, 'cmake_target': None, 'cmake_target_skip_unavailable': False, 'install_base': '/home/farhan/arduinobot_ws/install/arduinobot_controller', 'merge_install': False, 'path': '/home/farhan/arduinobot_ws/src/arduinobot_controller', 'symlink_install': False, 'test_result_base': None}
[0.855s] Level 5:colcon.colcon_core.verb:set package 'arduinobot_description' build argument 'cmake_args' from command line to 'None'
[0.855s] Level 5:colcon.colcon_core.verb:set package 'arduinobot_description' build argument 'cmake_target' from command line to 'None'
[0.855s] Level 5:colcon.colcon_core.verb:set package 'arduinobot_description' build argument 'cmake_target_skip_unavailable' from command line to 'False'
[0.855s] Level 5:colcon.colcon_core.verb:set package 'arduinobot_description' build argument 'cmake_clean_cache' from command line to 'False'
[0.855s] Level 5:colcon.colcon_core.verb:set package 'arduinobot_description' build argument 'cmake_clean_first' from command line to 'False'
[0.855s] Level 5:colcon.colcon_core.verb:set package 'arduinobot_description' build argument 'cmake_force_configure' from command line to 'False'
[0.855s] Level 5:colcon.colcon_core.verb:set package 'arduinobot_description' build argument 'ament_cmake_args' from command line to 'None'
[0.855s] Level 5:colcon.colcon_core.verb:set package 'arduinobot_description' build argument 'catkin_cmake_args' from command line to 'None'
[0.855s] Level 5:colcon.colcon_core.verb:set package 'arduinobot_description' build argument 'catkin_skip_building_tests' from command line to 'False'
[0.855s] DEBUG:colcon.colcon_core.verb:Building package 'arduinobot_description' with the following arguments: {'ament_cmake_args': None, 'build_base': '/home/farhan/arduinobot_ws/build/arduinobot_description', 'catkin_cmake_args': None, 'catkin_skip_building_tests': False, 'cmake_args': None, 'cmake_clean_cache': False, 'cmake_clean_first': False, 'cmake_force_configure': False, 'cmake_target': None, 'cmake_target_skip_unavailable': False, 'install_base': '/home/farhan/arduinobot_ws/install/arduinobot_description', 'merge_install': False, 'path': '/home/farhan/arduinobot_ws/src/arduinobot_description', 'symlink_install': False, 'test_result_base': None}
[0.857s] Level 5:colcon.colcon_core.verb:set package 'arduinobot_msgs' build argument 'cmake_args' from command line to 'None'
[0.857s] Level 5:colcon.colcon_core.verb:set package 'arduinobot_msgs' build argument 'cmake_target' from command line to 'None'
[0.857s] Level 5:colcon.colcon_core.verb:set package 'arduinobot_msgs' build argument 'cmake_target_skip_unavailable' from command line to 'False'
[0.857s] Level 5:colcon.colcon_core.verb:set package 'arduinobot_msgs' build argument 'cmake_clean_cache' from command line to 'False'
[0.857s] Level 5:colcon.colcon_core.verb:set package 'arduinobot_msgs' build argument 'cmake_clean_first' from command line to 'False'
[0.857s] Level 5:colcon.colcon_core.verb:set package 'arduinobot_msgs' build argument 'cmake_force_configure' from command line to 'False'
[0.857s] Level 5:colcon.colcon_core.verb:set package 'arduinobot_msgs' build argument 'ament_cmake_args' from command line to 'None'
[0.857s] Level 5:colcon.colcon_core.verb:set package 'arduinobot_msgs' build argument 'catkin_cmake_args' from command line to 'None'
[0.857s] Level 5:colcon.colcon_core.verb:set package 'arduinobot_msgs' build argument 'catkin_skip_building_tests' from command line to 'False'
[0.857s] DEBUG:colcon.colcon_core.verb:Building package 'arduinobot_msgs' with the following arguments: {'ament_cmake_args': None, 'build_base': '/home/farhan/arduinobot_ws/build/arduinobot_msgs', 'catkin_cmake_args': None, 'catkin_skip_building_tests': False, 'cmake_args': None, 'cmake_clean_cache': False, 'cmake_clean_first': False, 'cmake_force_configure': False, 'cmake_target': None, 'cmake_target_skip_unavailable': False, 'install_base': '/home/farhan/arduinobot_ws/install/arduinobot_msgs', 'merge_install': False, 'path': '/home/farhan/arduinobot_ws/src/arduinobot_msgs', 'symlink_install': False, 'test_result_base': None}
[0.859s] Level 5:colcon.colcon_core.verb:set package 'arduinobot_cpp_examples' build argument 'cmake_args' from command line to 'None'
[0.859s] Level 5:colcon.colcon_core.verb:set package 'arduinobot_cpp_examples' build argument 'cmake_target' from command line to 'None'
[0.859s] Level 5:colcon.colcon_core.verb:set package 'arduinobot_cpp_examples' build argument 'cmake_target_skip_unavailable' from command line to 'False'
[0.859s] Level 5:colcon.colcon_core.verb:set package 'arduinobot_cpp_examples' build argument 'cmake_clean_cache' from command line to 'False'
[0.859s] Level 5:colcon.colcon_core.verb:set package 'arduinobot_cpp_examples' build argument 'cmake_clean_first' from command line to 'False'
[0.859s] Level 5:colcon.colcon_core.verb:set package 'arduinobot_cpp_examples' build argument 'cmake_force_configure' from command line to 'False'
[0.859s] Level 5:colcon.colcon_core.verb:set package 'arduinobot_cpp_examples' build argument 'ament_cmake_args' from command line to 'None'
[0.859s] Level 5:colcon.colcon_core.verb:set package 'arduinobot_cpp_examples' build argument 'catkin_cmake_args' from command line to 'None'
[0.859s] Level 5:colcon.colcon_core.verb:set package 'arduinobot_cpp_examples' build argument 'catkin_skip_building_tests' from command line to 'False'
[0.859s] DEBUG:colcon.colcon_core.verb:Building package 'arduinobot_cpp_examples' with the following arguments: {'ament_cmake_args': None, 'build_base': '/home/farhan/arduinobot_ws/build/arduinobot_cpp_examples', 'catkin_cmake_args': None, 'catkin_skip_building_tests': False, 'cmake_args': None, 'cmake_clean_cache': False, 'cmake_clean_first': False, 'cmake_force_configure': False, 'cmake_target': None, 'cmake_target_skip_unavailable': False, 'install_base': '/home/farhan/arduinobot_ws/install/arduinobot_cpp_examples', 'merge_install': False, 'path': '/home/farhan/arduinobot_ws/src/arduinobot_cpp_examples', 'symlink_install': False, 'test_result_base': None}
[0.862s] Level 5:colcon.colcon_core.verb:set package 'arduinobot_py_examples' build argument 'cmake_args' from command line to 'None'
[0.862s] Level 5:colcon.colcon_core.verb:set package 'arduinobot_py_examples' build argument 'cmake_target' from command line to 'None'
[0.862s] Level 5:colcon.colcon_core.verb:set package 'arduinobot_py_examples' build argument 'cmake_target_skip_unavailable' from command line to 'False'
[0.862s] Level 5:colcon.colcon_core.verb:set package 'arduinobot_py_examples' build argument 'cmake_clean_cache' from command line to 'False'
[0.862s] Level 5:colcon.colcon_core.verb:set package 'arduinobot_py_examples' build argument 'cmake_clean_first' from command line to 'False'
[0.862s] Level 5:colcon.colcon_core.verb:set package 'arduinobot_py_examples' build argument 'cmake_force_configure' from command line to 'False'
[0.862s] Level 5:colcon.colcon_core.verb:set package 'arduinobot_py_examples' build argument 'ament_cmake_args' from command line to 'None'
[0.862s] Level 5:colcon.colcon_core.verb:set package 'arduinobot_py_examples' build argument 'catkin_cmake_args' from command line to 'None'
[0.862s] Level 5:colcon.colcon_core.verb:set package 'arduinobot_py_examples' build argument 'catkin_skip_building_tests' from command line to 'False'
[0.862s] DEBUG:colcon.colcon_core.verb:Building package 'arduinobot_py_examples' with the following arguments: {'ament_cmake_args': None, 'build_base': '/home/farhan/arduinobot_ws/build/arduinobot_py_examples', 'catkin_cmake_args': None, 'catkin_skip_building_tests': False, 'cmake_args': None, 'cmake_clean_cache': False, 'cmake_clean_first': False, 'cmake_force_configure': False, 'cmake_target': None, 'cmake_target_skip_unavailable': False, 'install_base': '/home/farhan/arduinobot_ws/install/arduinobot_py_examples', 'merge_install': False, 'path': '/home/farhan/arduinobot_ws/src/arduinobot_py_examples', 'symlink_install': False, 'test_result_base': None}
[0.864s] INFO:colcon.colcon_core.executor:Executing jobs using 'parallel' executor
[0.868s] DEBUG:colcon.colcon_parallel_executor.executor.parallel:run_until_complete
[0.869s] INFO:colcon.colcon_ros.task.ament_cmake.build:Building ROS package in '/home/farhan/arduinobot_ws/src/arduinobot_msgs' with build type 'ament_cmake'
[0.870s] INFO:colcon.colcon_cmake.task.cmake.build:Building CMake package in '/home/farhan/arduinobot_ws/src/arduinobot_msgs'
[0.879s] INFO:colcon.colcon_core.plugin_system:Skipping extension 'colcon_core.shell.bat': Not used on non-Windows systems
[0.879s] INFO:colcon.colcon_core.shell:Skip shell extension 'powershell' for command environment: Not usable outside of PowerShell
[0.879s] DEBUG:colcon.colcon_core.shell:Skip shell extension 'dsv' for command environment
[0.889s] INFO:colcon.colcon_ros.task.ament_cmake.build:Building ROS package in '/home/farhan/arduinobot_ws/src/arduinobot_controller' with build type 'ament_cmake'
[0.890s] INFO:colcon.colcon_cmake.task.cmake.build:Building CMake package in '/home/farhan/arduinobot_ws/src/arduinobot_controller'
[0.892s] INFO:colcon.colcon_core.shell:Skip shell extension 'powershell' for command environment: Not usable outside of PowerShell
[0.893s] DEBUG:colcon.colcon_core.shell:Skip shell extension 'dsv' for command environment
[0.908s] INFO:colcon.colcon_ros.task.ament_cmake.build:Building ROS package in '/home/farhan/arduinobot_ws/src/arduinobot_description' with build type 'ament_cmake'
[0.909s] INFO:colcon.colcon_cmake.task.cmake.build:Building CMake package in '/home/farhan/arduinobot_ws/src/arduinobot_description'
[0.912s] INFO:colcon.colcon_core.shell:Skip shell extension 'powershell' for command environment: Not usable outside of PowerShell
[0.912s] DEBUG:colcon.colcon_core.shell:Skip shell extension 'dsv' for command environment
[0.934s] DEBUG:colcon.colcon_core.event_handler.log_command:Invoking command in '/home/farhan/arduinobot_ws/build/arduinobot_msgs': CMAKE_PREFIX_PATH=${CMAKE_PREFIX_PATH}:/home/farhan/arduinobot_ws/install/arduinobot_py_examples:/opt/ros/humble /usr/bin/cmake --build /home/farhan/arduinobot_ws/build/arduinobot_msgs -- -j4 -l4
[0.948s] DEBUG:colcon.colcon_core.event_handler.log_command:Invoking command in '/home/farhan/arduinobot_ws/build/arduinobot_controller': CMAKE_PREFIX_PATH=${CMAKE_PREFIX_PATH}:/home/farhan/arduinobot_ws/install/arduinobot_py_examples:/opt/ros/humble /usr/bin/cmake --build /home/farhan/arduinobot_ws/build/arduinobot_controller -- -j4 -l4
[0.968s] DEBUG:colcon.colcon_core.event_handler.log_command:Invoking command in '/home/farhan/arduinobot_ws/build/arduinobot_description': CMAKE_PREFIX_PATH=${CMAKE_PREFIX_PATH}:/home/farhan/arduinobot_ws/install/arduinobot_py_examples:/opt/ros/humble /usr/bin/cmake --build /home/farhan/arduinobot_ws/build/arduinobot_description -- -j4 -l4
[1.108s] DEBUG:colcon.colcon_core.event_handler.log_command:Invoked command in '/home/farhan/arduinobot_ws/build/arduinobot_controller' returned '0': CMAKE_PREFIX_PATH=${CMAKE_PREFIX_PATH}:/home/farhan/arduinobot_ws/install/arduinobot_py_examples:/opt/ros/humble /usr/bin/cmake --build /home/farhan/arduinobot_ws/build/arduinobot_controller -- -j4 -l4
[1.124s] DEBUG:colcon.colcon_core.event_handler.log_command:Invoked command in '/home/farhan/arduinobot_ws/build/arduinobot_description' returned '0': CMAKE_PREFIX_PATH=${CMAKE_PREFIX_PATH}:/home/farhan/arduinobot_ws/install/arduinobot_py_examples:/opt/ros/humble /usr/bin/cmake --build /home/farhan/arduinobot_ws/build/arduinobot_description -- -j4 -l4
[1.296s] DEBUG:colcon.colcon_core.event_handler.log_command:Invoking command in '/home/farhan/arduinobot_ws/build/arduinobot_controller': CMAKE_PREFIX_PATH=${CMAKE_PREFIX_PATH}:/home/farhan/arduinobot_ws/install/arduinobot_py_examples:/opt/ros/humble /usr/bin/cmake --install /home/farhan/arduinobot_ws/build/arduinobot_controller
[1.319s] DEBUG:colcon.colcon_core.event_handler.log_command:Invoking command in '/home/farhan/arduinobot_ws/build/arduinobot_description': CMAKE_PREFIX_PATH=${CMAKE_PREFIX_PATH}:/home/farhan/arduinobot_ws/install/arduinobot_py_examples:/opt/ros/humble /usr/bin/cmake --install /home/farhan/arduinobot_ws/build/arduinobot_description
[1.367s] Level 1:colcon.colcon_core.environment:create_environment_scripts_only(arduinobot_description)
[1.419s] DEBUG:colcon.colcon_core.event_handler.log_command:Invoked command in '/home/farhan/arduinobot_ws/build/arduinobot_description' returned '0': CMAKE_PREFIX_PATH=${CMAKE_PREFIX_PATH}:/home/farhan/arduinobot_ws/install/arduinobot_py_examples:/opt/ros/humble /usr/bin/cmake --install /home/farhan/arduinobot_ws/build/arduinobot_description
[1.433s] Level 1:colcon.colcon_core.environment:checking '/home/farhan/arduinobot_ws/install/arduinobot_description' for CMake module files
[1.434s] Level 1:colcon.colcon_core.environment:checking '/home/farhan/arduinobot_ws/install/arduinobot_description' for CMake config files
[1.439s] Level 1:colcon.colcon_core.shell:create_environment_hook('arduinobot_description', 'cmake_prefix_path')
[1.445s] INFO:colcon.colcon_core.shell:Creating environment hook '/home/farhan/arduinobot_ws/install/arduinobot_description/share/arduinobot_description/hook/cmake_prefix_path.ps1'
[1.450s] INFO:colcon.colcon_core.shell:Creating environment descriptor '/home/farhan/arduinobot_ws/install/arduinobot_description/share/arduinobot_description/hook/cmake_prefix_path.dsv'
[1.451s] INFO:colcon.colcon_core.shell:Creating environment hook '/home/farhan/arduinobot_ws/install/arduinobot_description/share/arduinobot_description/hook/cmake_prefix_path.sh'
[1.453s] Level 1:colcon.colcon_core.environment:checking '/home/farhan/arduinobot_ws/install/arduinobot_description/bin'
[1.453s] Level 1:colcon.colcon_core.environment:checking '/home/farhan/arduinobot_ws/install/arduinobot_description/lib/pkgconfig/arduinobot_description.pc'
[1.454s] Level 1:colcon.colcon_core.environment:checking '/home/farhan/arduinobot_ws/install/arduinobot_description/lib/python3.10/site-packages'
[1.455s] Level 1:colcon.colcon_core.environment:checking '/home/farhan/arduinobot_ws/install/arduinobot_description/bin'
[1.463s] INFO:colcon.colcon_core.shell:Creating package script '/home/farhan/arduinobot_ws/install/arduinobot_description/share/arduinobot_description/package.ps1'
[1.466s] INFO:colcon.colcon_core.shell:Creating package descriptor '/home/farhan/arduinobot_ws/install/arduinobot_description/share/arduinobot_description/package.dsv'
[1.469s] INFO:colcon.colcon_core.shell:Creating package script '/home/farhan/arduinobot_ws/install/arduinobot_description/share/arduinobot_description/package.sh'
[1.472s] INFO:colcon.colcon_core.shell:Creating package script '/home/farhan/arduinobot_ws/install/arduinobot_description/share/arduinobot_description/package.bash'
[1.476s] INFO:colcon.colcon_core.shell:Creating package script '/home/farhan/arduinobot_ws/install/arduinobot_description/share/arduinobot_description/package.zsh'
[1.481s] Level 1:colcon.colcon_core.environment:create_file_with_runtime_dependencies(/home/farhan/arduinobot_ws/install/arduinobot_description/share/colcon-core/packages/arduinobot_description)
[1.501s] Level 1:colcon.colcon_core.environment:create_environment_scripts_only(arduinobot_controller)
[1.502s] DEBUG:colcon.colcon_core.event_handler.log_command:Invoked command in '/home/farhan/arduinobot_ws/build/arduinobot_controller' returned '0': CMAKE_PREFIX_PATH=${CMAKE_PREFIX_PATH}:/home/farhan/arduinobot_ws/install/arduinobot_py_examples:/opt/ros/humble /usr/bin/cmake --install /home/farhan/arduinobot_ws/build/arduinobot_controller
[1.528s] Level 1:colcon.colcon_core.environment:checking '/home/farhan/arduinobot_ws/install/arduinobot_controller' for CMake module files
[1.529s] Level 1:colcon.colcon_core.environment:checking '/home/farhan/arduinobot_ws/install/arduinobot_controller' for CMake config files
[1.540s] Level 1:colcon.colcon_core.shell:create_environment_hook('arduinobot_controller', 'cmake_prefix_path')
[1.543s] INFO:colcon.colcon_core.shell:Creating environment hook '/home/farhan/arduinobot_ws/install/arduinobot_controller/share/arduinobot_controller/hook/cmake_prefix_path.ps1'
[1.563s] INFO:colcon.colcon_core.shell:Creating environment descriptor '/home/farhan/arduinobot_ws/install/arduinobot_controller/share/arduinobot_controller/hook/cmake_prefix_path.dsv'
[1.564s] INFO:colcon.colcon_core.shell:Creating environment hook '/home/farhan/arduinobot_ws/install/arduinobot_controller/share/arduinobot_controller/hook/cmake_prefix_path.sh'
[1.565s] Level 1:colcon.colcon_core.environment:checking '/home/farhan/arduinobot_ws/install/arduinobot_controller/bin'
[1.566s] Level 1:colcon.colcon_core.environment:checking '/home/farhan/arduinobot_ws/install/arduinobot_controller/lib/pkgconfig/arduinobot_controller.pc'
[1.566s] Level 1:colcon.colcon_core.environment:checking '/home/farhan/arduinobot_ws/install/arduinobot_controller/lib/python3.10/site-packages'
[1.567s] Level 1:colcon.colcon_core.environment:checking '/home/farhan/arduinobot_ws/install/arduinobot_controller/bin'
[1.570s] INFO:colcon.colcon_core.shell:Creating package script '/home/farhan/arduinobot_ws/install/arduinobot_controller/share/arduinobot_controller/package.ps1'
[1.587s] INFO:colcon.colcon_core.shell:Creating package descriptor '/home/farhan/arduinobot_ws/install/arduinobot_controller/share/arduinobot_controller/package.dsv'
[1.588s] INFO:colcon.colcon_core.shell:Creating package script '/home/farhan/arduinobot_ws/install/arduinobot_controller/share/arduinobot_controller/package.sh'
[1.589s] INFO:colcon.colcon_core.shell:Creating package script '/home/farhan/arduinobot_ws/install/arduinobot_controller/share/arduinobot_controller/package.bash'
[1.593s] INFO:colcon.colcon_core.shell:Creating package script '/home/farhan/arduinobot_ws/install/arduinobot_controller/share/arduinobot_controller/package.zsh'
[1.594s] Level 1:colcon.colcon_core.environment:create_file_with_runtime_dependencies(/home/farhan/arduinobot_ws/install/arduinobot_controller/share/colcon-core/packages/arduinobot_controller)
[1.668s] Level 1:colcon.colcon_core.environment:create_environment_scripts_only(arduinobot_description)
[1.674s] Level 1:colcon.colcon_core.environment:checking '/home/farhan/arduinobot_ws/install/arduinobot_description' for CMake module files
[1.679s] Level 1:colcon.colcon_core.environment:checking '/home/farhan/arduinobot_ws/install/arduinobot_description' for CMake config files
[1.680s] Level 1:colcon.colcon_core.shell:create_environment_hook('arduinobot_description', 'cmake_prefix_path')
[1.688s] INFO:colcon.colcon_core.shell:Creating environment hook '/home/farhan/arduinobot_ws/install/arduinobot_description/share/arduinobot_description/hook/cmake_prefix_path.ps1'
[1.693s] INFO:colcon.colcon_core.shell:Creating environment descriptor '/home/farhan/arduinobot_ws/install/arduinobot_description/share/arduinobot_description/hook/cmake_prefix_path.dsv'
[1.696s] INFO:colcon.colcon_core.shell:Creating environment hook '/home/farhan/arduinobot_ws/install/arduinobot_description/share/arduinobot_description/hook/cmake_prefix_path.sh'
[1.700s] Level 1:colcon.colcon_core.environment:checking '/home/farhan/arduinobot_ws/install/arduinobot_description/bin'
[1.701s] Level 1:colcon.colcon_core.environment:checking '/home/farhan/arduinobot_ws/install/arduinobot_description/lib/pkgconfig/arduinobot_description.pc'
[1.702s] Level 1:colcon.colcon_core.environment:checking '/home/farhan/arduinobot_ws/install/arduinobot_description/lib/python3.10/site-packages'
[1.703s] Level 1:colcon.colcon_core.environment:checking '/home/farhan/arduinobot_ws/install/arduinobot_description/bin'
[1.707s] INFO:colcon.colcon_core.shell:Creating package script '/home/farhan/arduinobot_ws/install/arduinobot_description/share/arduinobot_description/package.ps1'
[1.709s] INFO:colcon.colcon_core.shell:Creating package descriptor '/home/farhan/arduinobot_ws/install/arduinobot_description/share/arduinobot_description/package.dsv'
[1.711s] INFO:colcon.colcon_core.shell:Creating package script '/home/farhan/arduinobot_ws/install/arduinobot_description/share/arduinobot_description/package.sh'
[1.712s] INFO:colcon.colcon_core.shell:Creating package script '/home/farhan/arduinobot_ws/install/arduinobot_description/share/arduinobot_description/package.bash'
[1.714s] INFO:colcon.colcon_core.shell:Creating package script '/home/farhan/arduinobot_ws/install/arduinobot_description/share/arduinobot_description/package.zsh'
[1.716s] Level 1:colcon.colcon_core.environment:create_file_with_runtime_dependencies(/home/farhan/arduinobot_ws/install/arduinobot_description/share/colcon-core/packages/arduinobot_description)
[1.767s] Level 1:colcon.colcon_core.environment:create_environment_scripts_only(arduinobot_controller)
[1.773s] Level 1:colcon.colcon_core.environment:checking '/home/farhan/arduinobot_ws/install/arduinobot_controller' for CMake module files
[1.776s] Level 1:colcon.colcon_core.environment:checking '/home/farhan/arduinobot_ws/install/arduinobot_controller' for CMake config files
[1.779s] Level 1:colcon.colcon_core.shell:create_environment_hook('arduinobot_controller', 'cmake_prefix_path')
[1.784s] INFO:colcon.colcon_core.shell:Creating environment hook '/home/farhan/arduinobot_ws/install/arduinobot_controller/share/arduinobot_controller/hook/cmake_prefix_path.ps1'
[1.785s] INFO:colcon.colcon_core.shell:Creating environment descriptor '/home/farhan/arduinobot_ws/install/arduinobot_controller/share/arduinobot_controller/hook/cmake_prefix_path.dsv'
[1.786s] INFO:colcon.colcon_core.shell:Creating environment hook '/home/farhan/arduinobot_ws/install/arduinobot_controller/share/arduinobot_controller/hook/cmake_prefix_path.sh'
[1.787s] Level 1:colcon.colcon_core.environment:checking '/home/farhan/arduinobot_ws/install/arduinobot_controller/bin'
[1.787s] Level 1:colcon.colcon_core.environment:checking '/home/farhan/arduinobot_ws/install/arduinobot_controller/lib/pkgconfig/arduinobot_controller.pc'
[1.788s] Level 1:colcon.colcon_core.environment:checking '/home/farhan/arduinobot_ws/install/arduinobot_controller/lib/python3.10/site-packages'
[1.788s] Level 1:colcon.colcon_core.environment:checking '/home/farhan/arduinobot_ws/install/arduinobot_controller/bin'
[1.792s] INFO:colcon.colcon_core.shell:Creating package script '/home/farhan/arduinobot_ws/install/arduinobot_controller/share/arduinobot_controller/package.ps1'
[1.794s] INFO:colcon.colcon_core.shell:Creating package descriptor '/home/farhan/arduinobot_ws/install/arduinobot_controller/share/arduinobot_controller/package.dsv'
[1.795s] INFO:colcon.colcon_core.shell:Creating package script '/home/farhan/arduinobot_ws/install/arduinobot_controller/share/arduinobot_controller/package.sh'
[1.796s] INFO:colcon.colcon_core.shell:Creating package script '/home/farhan/arduinobot_ws/install/arduinobot_controller/share/arduinobot_controller/package.bash'
[1.797s] INFO:colcon.colcon_core.shell:Creating package script '/home/farhan/arduinobot_ws/install/arduinobot_controller/share/arduinobot_controller/package.zsh'
[1.798s] Level 1:colcon.colcon_core.environment:create_file_with_runtime_dependencies(/home/farhan/arduinobot_ws/install/arduinobot_controller/share/colcon-core/packages/arduinobot_controller)
[2.269s] DEBUG:colcon.colcon_core.event_handler.log_command:Invoked command in '/home/farhan/arduinobot_ws/build/arduinobot_msgs' returned '0': CMAKE_PREFIX_PATH=${CMAKE_PREFIX_PATH}:/home/farhan/arduinobot_ws/install/arduinobot_py_examples:/opt/ros/humble /usr/bin/cmake --build /home/farhan/arduinobot_ws/build/arduinobot_msgs -- -j4 -l4
[2.440s] DEBUG:colcon.colcon_core.event_handler.log_command:Invoking command in '/home/farhan/arduinobot_ws/build/arduinobot_msgs': CMAKE_PREFIX_PATH=${CMAKE_PREFIX_PATH}:/home/farhan/arduinobot_ws/install/arduinobot_py_examples:/opt/ros/humble /usr/bin/cmake --install /home/farhan/arduinobot_ws/build/arduinobot_msgs
[2.644s] Level 1:colcon.colcon_core.environment:create_environment_scripts_only(arduinobot_msgs)
[2.649s] Level 1:colcon.colcon_core.environment:checking '/home/farhan/arduinobot_ws/install/arduinobot_msgs' for CMake module files
[2.651s] Level 1:colcon.colcon_core.environment:checking '/home/farhan/arduinobot_ws/install/arduinobot_msgs' for CMake config files
[2.652s] Level 1:colcon.colcon_core.shell:create_environment_hook('arduinobot_msgs', 'cmake_prefix_path')
[2.656s] INFO:colcon.colcon_core.shell:Creating environment hook '/home/farhan/arduinobot_ws/install/arduinobot_msgs/share/arduinobot_msgs/hook/cmake_prefix_path.ps1'
[2.657s] DEBUG:colcon.colcon_core.event_handler.log_command:Invoked command in '/home/farhan/arduinobot_ws/build/arduinobot_msgs' returned '0': CMAKE_PREFIX_PATH=${CMAKE_PREFIX_PATH}:/home/farhan/arduinobot_ws/install/arduinobot_py_examples:/opt/ros/humble /usr/bin/cmake --install /home/farhan/arduinobot_ws/build/arduinobot_msgs
[2.658s] INFO:colcon.colcon_core.shell:Creating environment descriptor '/home/farhan/arduinobot_ws/install/arduinobot_msgs/share/arduinobot_msgs/hook/cmake_prefix_path.dsv'
[2.659s] INFO:colcon.colcon_core.shell:Creating environment hook '/home/farhan/arduinobot_ws/install/arduinobot_msgs/share/arduinobot_msgs/hook/cmake_prefix_path.sh'
[2.661s] Level 1:colcon.colcon_core.environment:checking '/home/farhan/arduinobot_ws/install/arduinobot_msgs/lib'
[2.661s] Level 1:colcon.colcon_core.shell:create_environment_hook('arduinobot_msgs', 'ld_library_path_lib')
[2.666s] INFO:colcon.colcon_core.shell:Creating environment hook '/home/farhan/arduinobot_ws/install/arduinobot_msgs/share/arduinobot_msgs/hook/ld_library_path_lib.ps1'
[2.668s] INFO:colcon.colcon_core.shell:Creating environment descriptor '/home/farhan/arduinobot_ws/install/arduinobot_msgs/share/arduinobot_msgs/hook/ld_library_path_lib.dsv'
[2.670s] INFO:colcon.colcon_core.shell:Creating environment hook '/home/farhan/arduinobot_ws/install/arduinobot_msgs/share/arduinobot_msgs/hook/ld_library_path_lib.sh'
[2.674s] Level 1:colcon.colcon_core.environment:checking '/home/farhan/arduinobot_ws/install/arduinobot_msgs/bin'
[2.674s] Level 1:colcon.colcon_core.environment:checking '/home/farhan/arduinobot_ws/install/arduinobot_msgs/lib/pkgconfig/arduinobot_msgs.pc'
[2.675s] Level 1:colcon.colcon_core.environment:checking '/home/farhan/arduinobot_ws/install/arduinobot_msgs/lib/python3.10/site-packages'
[2.676s] Level 1:colcon.colcon_core.environment:checking '/home/farhan/arduinobot_ws/install/arduinobot_msgs/bin'
[2.680s] INFO:colcon.colcon_core.shell:Creating package script '/home/farhan/arduinobot_ws/install/arduinobot_msgs/share/arduinobot_msgs/package.ps1'
[2.681s] INFO:colcon.colcon_core.shell:Creating package descriptor '/home/farhan/arduinobot_ws/install/arduinobot_msgs/share/arduinobot_msgs/package.dsv'
[2.682s] INFO:colcon.colcon_core.shell:Creating package script '/home/farhan/arduinobot_ws/install/arduinobot_msgs/share/arduinobot_msgs/package.sh'
[2.684s] INFO:colcon.colcon_core.shell:Creating package script '/home/farhan/arduinobot_ws/install/arduinobot_msgs/share/arduinobot_msgs/package.bash'
[2.685s] INFO:colcon.colcon_core.shell:Creating package script '/home/farhan/arduinobot_ws/install/arduinobot_msgs/share/arduinobot_msgs/package.zsh'
[2.686s] Level 1:colcon.colcon_core.environment:create_file_with_runtime_dependencies(/home/farhan/arduinobot_ws/install/arduinobot_msgs/share/colcon-core/packages/arduinobot_msgs)
[2.886s] Level 1:colcon.colcon_core.environment:create_environment_scripts_only(arduinobot_msgs)
[2.890s] Level 1:colcon.colcon_core.environment:checking '/home/farhan/arduinobot_ws/install/arduinobot_msgs' for CMake module files
[2.892s] Level 1:colcon.colcon_core.environment:checking '/home/farhan/arduinobot_ws/install/arduinobot_msgs' for CMake config files
[2.893s] Level 1:colcon.colcon_core.shell:create_environment_hook('arduinobot_msgs', 'cmake_prefix_path')
[2.897s] INFO:colcon.colcon_core.shell:Creating environment hook '/home/farhan/arduinobot_ws/install/arduinobot_msgs/share/arduinobot_msgs/hook/cmake_prefix_path.ps1'
[2.898s] INFO:colcon.colcon_core.shell:Creating environment descriptor '/home/farhan/arduinobot_ws/install/arduinobot_msgs/share/arduinobot_msgs/hook/cmake_prefix_path.dsv'
[2.899s] INFO:colcon.colcon_core.shell:Creating environment hook '/home/farhan/arduinobot_ws/install/arduinobot_msgs/share/arduinobot_msgs/hook/cmake_prefix_path.sh'
[2.901s] Level 1:colcon.colcon_core.environment:checking '/home/farhan/arduinobot_ws/install/arduinobot_msgs/lib'
[2.901s] Level 1:colcon.colcon_core.shell:create_environment_hook('arduinobot_msgs', 'ld_library_path_lib')
[2.905s] INFO:colcon.colcon_core.shell:Creating environment hook '/home/farhan/arduinobot_ws/install/arduinobot_msgs/share/arduinobot_msgs/hook/ld_library_path_lib.ps1'
[2.908s] INFO:colcon.colcon_core.shell:Creating environment descriptor '/home/farhan/arduinobot_ws/install/arduinobot_msgs/share/arduinobot_msgs/hook/ld_library_path_lib.dsv'
[2.910s] INFO:colcon.colcon_core.shell:Creating environment hook '/home/farhan/arduinobot_ws/install/arduinobot_msgs/share/arduinobot_msgs/hook/ld_library_path_lib.sh'
[2.911s] Level 1:colcon.colcon_core.environment:checking '/home/farhan/arduinobot_ws/install/arduinobot_msgs/bin'
[2.912s] Level 1:colcon.colcon_core.environment:checking '/home/farhan/arduinobot_ws/install/arduinobot_msgs/lib/pkgconfig/arduinobot_msgs.pc'
[2.912s] Level 1:colcon.colcon_core.environment:checking '/home/farhan/arduinobot_ws/install/arduinobot_msgs/lib/python3.10/site-packages'
[2.913s] Level 1:colcon.colcon_core.environment:checking '/home/farhan/arduinobot_ws/install/arduinobot_msgs/bin'
[2.918s] INFO:colcon.colcon_core.shell:Creating package script '/home/farhan/arduinobot_ws/install/arduinobot_msgs/share/arduinobot_msgs/package.ps1'
[2.919s] INFO:colcon.colcon_core.shell:Creating package descriptor '/home/farhan/arduinobot_ws/install/arduinobot_msgs/share/arduinobot_msgs/package.dsv'
[2.920s] INFO:colcon.colcon_core.shell:Creating package script '/home/farhan/arduinobot_ws/install/arduinobot_msgs/share/arduinobot_msgs/package.sh'
[2.922s] INFO:colcon.colcon_core.shell:Creating package script '/home/farhan/arduinobot_ws/install/arduinobot_msgs/share/arduinobot_msgs/package.bash'
[2.923s] INFO:colcon.colcon_core.shell:Creating package script '/home/farhan/arduinobot_ws/install/arduinobot_msgs/share/arduinobot_msgs/package.zsh'
[2.924s] Level 1:colcon.colcon_core.environment:create_file_with_runtime_dependencies(/home/farhan/arduinobot_ws/install/arduinobot_msgs/share/colcon-core/packages/arduinobot_msgs)
[2.928s] INFO:colcon.colcon_ros.task.ament_cmake.build:Building ROS package in '/home/farhan/arduinobot_ws/src/arduinobot_cpp_examples' with build type 'ament_cmake'
[2.929s] INFO:colcon.colcon_cmake.task.cmake.build:Building CMake package in '/home/farhan/arduinobot_ws/src/arduinobot_cpp_examples'
[2.941s] INFO:colcon.colcon_core.shell:Skip shell extension 'powershell' for command environment: Not usable outside of PowerShell
[2.942s] DEBUG:colcon.colcon_core.shell:Skip shell extension 'dsv' for command environment
[2.957s] INFO:colcon.colcon_ros.task.ament_python.build:Building ROS package in '/home/farhan/arduinobot_ws/src/arduinobot_py_examples' with build type 'ament_python'
[2.957s] Level 1:colcon.colcon_core.shell:create_environment_hook('arduinobot_py_examples', 'ament_prefix_path')
[2.961s] INFO:colcon.colcon_core.shell:Creating environment hook '/home/farhan/arduinobot_ws/install/arduinobot_py_examples/share/arduinobot_py_examples/hook/ament_prefix_path.ps1'
[2.964s] INFO:colcon.colcon_core.shell:Creating environment descriptor '/home/farhan/arduinobot_ws/install/arduinobot_py_examples/share/arduinobot_py_examples/hook/ament_prefix_path.dsv'
[2.965s] INFO:colcon.colcon_core.shell:Creating environment hook '/home/farhan/arduinobot_ws/install/arduinobot_py_examples/share/arduinobot_py_examples/hook/ament_prefix_path.sh'
[2.979s] INFO:colcon.colcon_core.shell:Skip shell extension 'powershell' for command environment: Not usable outside of PowerShell
[2.980s] DEBUG:colcon.colcon_core.shell:Skip shell extension 'dsv' for command environment
[3.009s] DEBUG:colcon.colcon_core.event_handler.log_command:Invoking command in '/home/farhan/arduinobot_ws/build/arduinobot_cpp_examples': CMAKE_PREFIX_PATH=${CMAKE_PREFIX_PATH}:/home/farhan/arduinobot_ws/install/arduinobot_py_examples:/opt/ros/humble /usr/bin/cmake --build /home/farhan/arduinobot_ws/build/arduinobot_cpp_examples -- -j4 -l4
[4.010s] INFO:colcon.colcon_core.task.python.build:Building Python package in '/home/farhan/arduinobot_ws/src/arduinobot_py_examples'
[4.014s] INFO:colcon.colcon_core.shell:Skip shell extension 'powershell' for command environment: Not usable outside of PowerShell
[4.014s] DEBUG:colcon.colcon_core.shell:Skip shell extension 'dsv' for command environment
[5.274s] DEBUG:colcon.colcon_core.event_handler.log_command:Invoking command in '/home/farhan/arduinobot_ws/src/arduinobot_py_examples': PYTHONPATH=/home/farhan/arduinobot_ws/build/arduinobot_py_examples/prefix_override:/home/farhan/arduinobot_ws/install/arduinobot_py_examples/lib/python3.10/site-packages:${PYTHONPATH} /usr/bin/python3 setup.py egg_info --egg-base ../../build/arduinobot_py_examples build --build-base /home/farhan/arduinobot_ws/build/arduinobot_py_examples/build install --record /home/farhan/arduinobot_ws/build/arduinobot_py_examples/install.log --single-version-externally-managed
[6.314s] Level 1:colcon.colcon_core.environment:checking '/home/farhan/arduinobot_ws/install/arduinobot_py_examples' for CMake module files
[6.315s] DEBUG:colcon.colcon_core.event_handler.log_command:Invoked command in '/home/farhan/arduinobot_ws/src/arduinobot_py_examples' returned '0': PYTHONPATH=/home/farhan/arduinobot_ws/build/arduinobot_py_examples/prefix_override:/home/farhan/arduinobot_ws/install/arduinobot_py_examples/lib/python3.10/site-packages:${PYTHONPATH} /usr/bin/python3 setup.py egg_info --egg-base ../../build/arduinobot_py_examples build --build-base /home/farhan/arduinobot_ws/build/arduinobot_py_examples/build install --record /home/farhan/arduinobot_ws/build/arduinobot_py_examples/install.log --single-version-externally-managed
[6.318s] Level 1:colcon.colcon_core.environment:checking '/home/farhan/arduinobot_ws/install/arduinobot_py_examples' for CMake config files
[6.321s] Level 1:colcon.colcon_core.environment:checking '/home/farhan/arduinobot_ws/install/arduinobot_py_examples/lib'
[6.322s] Level 1:colcon.colcon_core.environment:checking '/home/farhan/arduinobot_ws/install/arduinobot_py_examples/bin'
[6.322s] Level 1:colcon.colcon_core.environment:checking '/home/farhan/arduinobot_ws/install/arduinobot_py_examples/lib/pkgconfig/arduinobot_py_examples.pc'
[6.323s] Level 1:colcon.colcon_core.environment:checking '/home/farhan/arduinobot_ws/install/arduinobot_py_examples/lib/python3.10/site-packages'
[6.323s] Level 1:colcon.colcon_core.shell:create_environment_hook('arduinobot_py_examples', 'pythonpath')
[6.332s] INFO:colcon.colcon_core.shell:Creating environment hook '/home/farhan/arduinobot_ws/install/arduinobot_py_examples/share/arduinobot_py_examples/hook/pythonpath.ps1'
[6.334s] INFO:colcon.colcon_core.shell:Creating environment descriptor '/home/farhan/arduinobot_ws/install/arduinobot_py_examples/share/arduinobot_py_examples/hook/pythonpath.dsv'
[6.334s] INFO:colcon.colcon_core.shell:Creating environment hook '/home/farhan/arduinobot_ws/install/arduinobot_py_examples/share/arduinobot_py_examples/hook/pythonpath.sh'
[6.342s] Level 1:colcon.colcon_core.environment:checking '/home/farhan/arduinobot_ws/install/arduinobot_py_examples/bin'
[6.343s] Level 1:colcon.colcon_core.environment:create_environment_scripts_only(arduinobot_py_examples)
[6.350s] INFO:colcon.colcon_core.shell:Creating package script '/home/farhan/arduinobot_ws/install/arduinobot_py_examples/share/arduinobot_py_examples/package.ps1'
[6.351s] INFO:colcon.colcon_core.shell:Creating package descriptor '/home/farhan/arduinobot_ws/install/arduinobot_py_examples/share/arduinobot_py_examples/package.dsv'
[6.352s] INFO:colcon.colcon_core.shell:Creating package script '/home/farhan/arduinobot_ws/install/arduinobot_py_examples/share/arduinobot_py_examples/package.sh'
[6.353s] INFO:colcon.colcon_core.shell:Creating package script '/home/farhan/arduinobot_ws/install/arduinobot_py_examples/share/arduinobot_py_examples/package.bash'
[6.355s] INFO:colcon.colcon_core.shell:Creating package script '/home/farhan/arduinobot_ws/install/arduinobot_py_examples/share/arduinobot_py_examples/package.zsh'
[6.356s] Level 1:colcon.colcon_core.environment:create_file_with_runtime_dependencies(/home/farhan/arduinobot_ws/install/arduinobot_py_examples/share/colcon-core/packages/arduinobot_py_examples)
[11.850s] DEBUG:colcon.colcon_core.event_handler.log_command:Invoked command in '/home/farhan/arduinobot_ws/build/arduinobot_cpp_examples' returned '0': CMAKE_PREFIX_PATH=${CMAKE_PREFIX_PATH}:/home/farhan/arduinobot_ws/install/arduinobot_py_examples:/opt/ros/humble /usr/bin/cmake --build /home/farhan/arduinobot_ws/build/arduinobot_cpp_examples -- -j4 -l4
[11.904s] DEBUG:colcon.colcon_core.event_handler.log_command:Invoking command in '/home/farhan/arduinobot_ws/build/arduinobot_cpp_examples': CMAKE_PREFIX_PATH=${CMAKE_PREFIX_PATH}:/home/farhan/arduinobot_ws/install/arduinobot_py_examples:/opt/ros/humble /usr/bin/cmake --install /home/farhan/arduinobot_ws/build/arduinobot_cpp_examples
[11.934s] Level 1:colcon.colcon_core.environment:create_environment_scripts_only(arduinobot_cpp_examples)
[11.940s] Level 1:colcon.colcon_core.environment:checking '/home/farhan/arduinobot_ws/install/arduinobot_cpp_examples' for CMake module files
[11.941s] DEBUG:colcon.colcon_core.event_handler.log_command:Invoked command in '/home/farhan/arduinobot_ws/build/arduinobot_cpp_examples' returned '0': CMAKE_PREFIX_PATH=${CMAKE_PREFIX_PATH}:/home/farhan/arduinobot_ws/install/arduinobot_py_examples:/opt/ros/humble /usr/bin/cmake --install /home/farhan/arduinobot_ws/build/arduinobot_cpp_examples
[11.943s] Level 1:colcon.colcon_core.environment:checking '/home/farhan/arduinobot_ws/install/arduinobot_cpp_examples' for CMake config files
[11.944s] Level 1:colcon.colcon_core.shell:create_environment_hook('arduinobot_cpp_examples', 'cmake_prefix_path')
[11.950s] INFO:colcon.colcon_core.shell:Creating environment hook '/home/farhan/arduinobot_ws/install/arduinobot_cpp_examples/share/arduinobot_cpp_examples/hook/cmake_prefix_path.ps1'
[11.952s] INFO:colcon.colcon_core.shell:Creating environment descriptor '/home/farhan/arduinobot_ws/install/arduinobot_cpp_examples/share/arduinobot_cpp_examples/hook/cmake_prefix_path.dsv'
[11.953s] INFO:colcon.colcon_core.shell:Creating environment hook '/home/farhan/arduinobot_ws/install/arduinobot_cpp_examples/share/arduinobot_cpp_examples/hook/cmake_prefix_path.sh'
[11.955s] Level 1:colcon.colcon_core.environment:checking '/home/farhan/arduinobot_ws/install/arduinobot_cpp_examples/lib'
[11.956s] Level 1:colcon.colcon_core.environment:checking '/home/farhan/arduinobot_ws/install/arduinobot_cpp_examples/bin'
[11.956s] Level 1:colcon.colcon_core.environment:checking '/home/farhan/arduinobot_ws/install/arduinobot_cpp_examples/lib/pkgconfig/arduinobot_cpp_examples.pc'
[11.957s] Level 1:colcon.colcon_core.environment:checking '/home/farhan/arduinobot_ws/install/arduinobot_cpp_examples/lib/python3.10/site-packages'
[11.957s] Level 1:colcon.colcon_core.environment:checking '/home/farhan/arduinobot_ws/install/arduinobot_cpp_examples/bin'
[11.961s] INFO:colcon.colcon_core.shell:Creating package script '/home/farhan/arduinobot_ws/install/arduinobot_cpp_examples/share/arduinobot_cpp_examples/package.ps1'
[11.962s] INFO:colcon.colcon_core.shell:Creating package descriptor '/home/farhan/arduinobot_ws/install/arduinobot_cpp_examples/share/arduinobot_cpp_examples/package.dsv'
[11.963s] INFO:colcon.colcon_core.shell:Creating package script '/home/farhan/arduinobot_ws/install/arduinobot_cpp_examples/share/arduinobot_cpp_examples/package.sh'
[11.964s] INFO:colcon.colcon_core.shell:Creating package script '/home/farhan/arduinobot_ws/install/arduinobot_cpp_examples/share/arduinobot_cpp_examples/package.bash'
[11.965s] INFO:colcon.colcon_core.shell:Creating package script '/home/farhan/arduinobot_ws/install/arduinobot_cpp_examples/share/arduinobot_cpp_examples/package.zsh'
[11.966s] Level 1:colcon.colcon_core.environment:create_file_with_runtime_dependencies(/home/farhan/arduinobot_ws/install/arduinobot_cpp_examples/share/colcon-core/packages/arduinobot_cpp_examples)
[12.037s] Level 1:colcon.colcon_core.environment:create_environment_scripts_only(arduinobot_cpp_examples)
[12.040s] Level 1:colcon.colcon_core.environment:checking '/home/farhan/arduinobot_ws/install/arduinobot_cpp_examples' for CMake module files
[12.042s] Level 1:colcon.colcon_core.environment:checking '/home/farhan/arduinobot_ws/install/arduinobot_cpp_examples' for CMake config files
[12.042s] Level 1:colcon.colcon_core.shell:create_environment_hook('arduinobot_cpp_examples', 'cmake_prefix_path')
[12.045s] INFO:colcon.colcon_core.shell:Creating environment hook '/home/farhan/arduinobot_ws/install/arduinobot_cpp_examples/share/arduinobot_cpp_examples/hook/cmake_prefix_path.ps1'
[12.045s] INFO:colcon.colcon_core.shell:Creating environment descriptor '/home/farhan/arduinobot_ws/install/arduinobot_cpp_examples/share/arduinobot_cpp_examples/hook/cmake_prefix_path.dsv'
[12.047s] INFO:colcon.colcon_core.shell:Creating environment hook '/home/farhan/arduinobot_ws/install/arduinobot_cpp_examples/share/arduinobot_cpp_examples/hook/cmake_prefix_path.sh'
[12.049s] Level 1:colcon.colcon_core.environment:checking '/home/farhan/arduinobot_ws/install/arduinobot_cpp_examples/lib'
[12.049s] Level 1:colcon.colcon_core.environment:checking '/home/farhan/arduinobot_ws/install/arduinobot_cpp_examples/bin'
[12.049s] Level 1:colcon.colcon_core.environment:checking '/home/farhan/arduinobot_ws/install/arduinobot_cpp_examples/lib/pkgconfig/arduinobot_cpp_examples.pc'
[12.049s] Level 1:colcon.colcon_core.environment:checking '/home/farhan/arduinobot_ws/install/arduinobot_cpp_examples/lib/python3.10/site-packages'
[12.050s] Level 1:colcon.colcon_core.environment:checking '/home/farhan/arduinobot_ws/install/arduinobot_cpp_examples/bin'
[12.052s] INFO:colcon.colcon_core.shell:Creating package script '/home/farhan/arduinobot_ws/install/arduinobot_cpp_examples/share/arduinobot_cpp_examples/package.ps1'
[12.053s] INFO:colcon.colcon_core.shell:Creating package descriptor '/home/farhan/arduinobot_ws/install/arduinobot_cpp_examples/share/arduinobot_cpp_examples/package.dsv'
[12.053s] INFO:colcon.colcon_core.shell:Creating package script '/home/farhan/arduinobot_ws/install/arduinobot_cpp_examples/share/arduinobot_cpp_examples/package.sh'
[12.054s] INFO:colcon.colcon_core.shell:Creating package script '/home/farhan/arduinobot_ws/install/arduinobot_cpp_examples/share/arduinobot_cpp_examples/package.bash'
[12.055s] INFO:colcon.colcon_core.shell:Creating package script '/home/farhan/arduinobot_ws/install/arduinobot_cpp_examples/share/arduinobot_cpp_examples/package.zsh'
[12.055s] Level 1:colcon.colcon_core.environment:create_file_with_runtime_dependencies(/home/farhan/arduinobot_ws/install/arduinobot_cpp_examples/share/colcon-core/packages/arduinobot_cpp_examples)
[12.056s] DEBUG:colcon.colcon_parallel_executor.executor.parallel:closing loop
[12.056s] DEBUG:colcon.colcon_parallel_executor.executor.parallel:loop closed
[12.057s] DEBUG:colcon.colcon_parallel_executor.executor.parallel:run_until_complete finished with '0'
[12.057s] DEBUG:colcon.colcon_core.event_reactor:joining thread
[12.067s] INFO:colcon.colcon_core.plugin_system:Skipping extension 'colcon_notification.desktop_notification.terminal_notifier': Not used on non-Darwin systems
[12.068s] INFO:colcon.colcon_core.plugin_system:Skipping extension 'colcon_notification.desktop_notification.win32': Not used on non-Windows systems
[12.068s] INFO:colcon.colcon_notification.desktop_notification:Sending desktop notification using 'notify2'
[12.102s] DEBUG:colcon.colcon_core.event_reactor:joined thread
[12.106s] INFO:colcon.colcon_core.shell:Creating prefix script '/home/farhan/arduinobot_ws/install/local_setup.ps1'
[12.109s] INFO:colcon.colcon_core.shell:Creating prefix util module '/home/farhan/arduinobot_ws/install/_local_setup_util_ps1.py'
[12.114s] INFO:colcon.colcon_core.shell:Creating prefix chain script '/home/farhan/arduinobot_ws/install/setup.ps1'
[12.120s] INFO:colcon.colcon_core.shell:Creating prefix script '/home/farhan/arduinobot_ws/install/local_setup.sh'
[12.122s] INFO:colcon.colcon_core.shell:Creating prefix util module '/home/farhan/arduinobot_ws/install/_local_setup_util_sh.py'
[12.125s] INFO:colcon.colcon_core.shell:Creating prefix chain script '/home/farhan/arduinobot_ws/install/setup.sh'
[12.131s] INFO:colcon.colcon_core.shell:Creating prefix script '/home/farhan/arduinobot_ws/install/local_setup.bash'
[12.132s] INFO:colcon.colcon_core.shell:Creating prefix chain script '/home/farhan/arduinobot_ws/install/setup.bash'
[12.139s] INFO:colcon.colcon_core.shell:Creating prefix script '/home/farhan/arduinobot_ws/install/local_setup.zsh'
[12.140s] INFO:colcon.colcon_core.shell:Creating prefix chain script '/home/farhan/arduinobot_ws/install/setup.zsh'
