[0.071s] Invoking command in '/home/farhan/arduinobot_ws/build/arduinobot_controller': CMAKE_PREFIX_PATH=${CMAKE_PREFIX_PATH}:/home/farhan/arduinobot_ws/install/arduinobot_py_examples:/opt/ros/humble /usr/bin/cmake --build /home/farhan/arduinobot_ws/build/arduinobot_controller -- -j4 -l4
[0.202s] Invoked command in '/home/farhan/arduinobot_ws/build/arduinobot_controller' returned '0': CMAKE_PREFIX_PATH=${CMAKE_PREFIX_PATH}:/home/farhan/arduinobot_ws/install/arduinobot_py_examples:/opt/ros/humble /usr/bin/cmake --build /home/farhan/arduinobot_ws/build/arduinobot_controller -- -j4 -l4
[0.546s] Invoking command in '/home/farhan/arduinobot_ws/build/arduinobot_controller': CMAKE_PREFIX_PATH=${CMAKE_PREFIX_PATH}:/home/farhan/arduinobot_ws/install/arduinobot_py_examples:/opt/ros/humble /usr/bin/cmake --install /home/farhan/arduinobot_ws/build/arduinobot_controller
[0.607s] -- Install configuration: ""
[0.608s] -- Up-to-date: /home/farhan/arduinobot_ws/install/arduinobot_controller/share/arduinobot_controller/config
[0.608s] -- Up-to-date: /home/farhan/arduinobot_ws/install/arduinobot_controller/share/arduinobot_controller/config/arduinobot_controllers.yaml
[0.608s] -- Up-to-date: /home/farhan/arduinobot_ws/install/arduinobot_controller/share/arduinobot_controller/launch
[0.608s] -- Up-to-date: /home/farhan/arduinobot_ws/install/arduinobot_controller/share/arduinobot_controller/launch/controller.launch.py
[0.608s] -- Up-to-date: /home/farhan/arduinobot_ws/install/arduinobot_controller/share/ament_index/resource_index/package_run_dependencies/arduinobot_controller
[0.609s] -- Up-to-date: /home/farhan/arduinobot_ws/install/arduinobot_controller/share/ament_index/resource_index/parent_prefix_path/arduinobot_controller
[0.609s] -- Up-to-date: /home/farhan/arduinobot_ws/install/arduinobot_controller/share/arduinobot_controller/environment/ament_prefix_path.sh
[0.609s] -- Up-to-date: /home/farhan/arduinobot_ws/install/arduinobot_controller/share/arduinobot_controller/environment/ament_prefix_path.dsv
[0.609s] -- Up-to-date: /home/farhan/arduinobot_ws/install/arduinobot_controller/share/arduinobot_controller/environment/path.sh
[0.609s] -- Up-to-date: /home/farhan/arduinobot_ws/install/arduinobot_controller/share/arduinobot_controller/environment/path.dsv
[0.609s] -- Up-to-date: /home/farhan/arduinobot_ws/install/arduinobot_controller/share/arduinobot_controller/local_setup.bash
[0.610s] -- Up-to-date: /home/farhan/arduinobot_ws/install/arduinobot_controller/share/arduinobot_controller/local_setup.sh
[0.610s] -- Up-to-date: /home/farhan/arduinobot_ws/install/arduinobot_controller/share/arduinobot_controller/local_setup.zsh
[0.610s] -- Up-to-date: /home/farhan/arduinobot_ws/install/arduinobot_controller/share/arduinobot_controller/local_setup.dsv
[0.610s] -- Installing: /home/farhan/arduinobot_ws/install/arduinobot_controller/share/arduinobot_controller/package.dsv
[0.634s] -- Up-to-date: /home/farhan/arduinobot_ws/install/arduinobot_controller/share/ament_index/resource_index/packages/arduinobot_controller
[0.634s] -- Up-to-date: /home/farhan/arduinobot_ws/install/arduinobot_controller/share/arduinobot_controller/cmake/arduinobot_controllerConfig.cmake
[0.635s] -- Up-to-date: /home/farhan/arduinobot_ws/install/arduinobot_controller/share/arduinobot_controller/cmake/arduinobot_controllerConfig-version.cmake
[0.635s] -- Up-to-date: /home/farhan/arduinobot_ws/install/arduinobot_controller/share/arduinobot_controller/package.xml
[0.765s] Invoked command in '/home/farhan/arduinobot_ws/build/arduinobot_controller' returned '0': CMAKE_PREFIX_PATH=${CMAKE_PREFIX_PATH}:/home/farhan/arduinobot_ws/install/arduinobot_py_examples:/opt/ros/humble /usr/bin/cmake --install /home/farhan/arduinobot_ws/build/arduinobot_controller
