[0.949s] DEBUG:colcon:Command line arguments: ['/usr/bin/colcon', 'build']
[0.950s] DEBUG:colcon:Parsed command line arguments: Namespace(log_base=None, log_level=None, verb_name='build', build_base='build', install_base='install', merge_install=False, symlink_install=False, test_result_base=None, continue_on_error=False, executor='parallel', parallel_workers=4, event_handlers=None, ignore_user_meta=False, metas=['./colcon.meta'], base_paths=['.'], packages_ignore=None, packages_ignore_regex=None, paths=None, packages_up_to=None, packages_up_to_regex=None, packages_above=None, packages_above_and_dependencies=None, packages_above_depth=None, packages_select_by_dep=None, packages_skip_by_dep=None, packages_skip_up_to=None, packages_select_build_failed=False, packages_skip_build_finished=False, packages_select_test_failures=False, packages_skip_test_passed=False, packages_select=None, packages_skip=None, packages_select_regex=None, packages_skip_regex=None, packages_start=None, packages_end=None, allow_overriding=[], cmake_args=None, cmake_target=None, cmake_target_skip_unavailable=False, cmake_clean_cache=False, cmake_clean_first=False, cmake_force_configure=False, ament_cmake_args=None, catkin_cmake_args=None, catkin_skip_building_tests=False, verb_parser=<colcon_defaults.argument_parser.defaults.DefaultArgumentsDecorator object at 0x7f1c76511120>, verb_extension=<colcon_core.verb.build.BuildVerb object at 0x7f1c76808850>, main=<bound method BuildVerb.main of <colcon_core.verb.build.BuildVerb object at 0x7f1c76808850>>)
[1.012s] Level 1:colcon.colcon_core.package_discovery:discover_packages(colcon_meta) check parameters
[1.013s] Level 1:colcon.colcon_core.package_discovery:discover_packages(recursive) check parameters
[1.013s] Level 1:colcon.colcon_core.package_discovery:discover_packages(ignore) check parameters
[1.013s] Level 1:colcon.colcon_core.package_discovery:discover_packages(path) check parameters
[1.013s] Level 1:colcon.colcon_core.package_discovery:discover_packages(colcon_meta) discover
[1.013s] Level 1:colcon.colcon_core.package_discovery:discover_packages(recursive) discover
[1.013s] INFO:colcon.colcon_core.package_discovery:Crawling recursively for packages in '/home/farhan/arduinobot_ws'
[1.013s] Level 1:colcon.colcon_core.package_identification:_identify(.) by extensions ['ignore', 'ignore_ament_install']
[1.014s] Level 1:colcon.colcon_core.package_identification:_identify(.) by extension 'ignore'
[1.014s] Level 1:colcon.colcon_core.package_identification:_identify(.) by extension 'ignore_ament_install'
[1.014s] Level 1:colcon.colcon_core.package_identification:_identify(.) by extensions ['colcon_pkg']
[1.014s] Level 1:colcon.colcon_core.package_identification:_identify(.) by extension 'colcon_pkg'
[1.014s] Level 1:colcon.colcon_core.package_identification:_identify(.) by extensions ['colcon_meta']
[1.014s] Level 1:colcon.colcon_core.package_identification:_identify(.) by extension 'colcon_meta'
[1.014s] Level 1:colcon.colcon_core.package_identification:_identify(.) by extensions ['ros']
[1.014s] Level 1:colcon.colcon_core.package_identification:_identify(.) by extension 'ros'
[1.061s] Level 1:colcon.colcon_core.package_identification:_identify(.) by extensions ['cmake', 'python']
[1.061s] Level 1:colcon.colcon_core.package_identification:_identify(.) by extension 'cmake'
[1.061s] Level 1:colcon.colcon_core.package_identification:_identify(.) by extension 'python'
[1.061s] Level 1:colcon.colcon_core.package_identification:_identify(.) by extensions ['python_setup_py']
[1.062s] Level 1:colcon.colcon_core.package_identification:_identify(.) by extension 'python_setup_py'
[1.062s] Level 1:colcon.colcon_core.package_identification:_identify(build) by extensions ['ignore', 'ignore_ament_install']
[1.062s] Level 1:colcon.colcon_core.package_identification:_identify(build) by extension 'ignore'
[1.062s] Level 1:colcon.colcon_core.package_identification:_identify(build) ignored
[1.063s] Level 1:colcon.colcon_core.package_identification:_identify(install) by extensions ['ignore', 'ignore_ament_install']
[1.063s] Level 1:colcon.colcon_core.package_identification:_identify(install) by extension 'ignore'
[1.063s] Level 1:colcon.colcon_core.package_identification:_identify(install) ignored
[1.063s] Level 1:colcon.colcon_core.package_identification:_identify(log) by extensions ['ignore', 'ignore_ament_install']
[1.063s] Level 1:colcon.colcon_core.package_identification:_identify(log) by extension 'ignore'
[1.063s] Level 1:colcon.colcon_core.package_identification:_identify(log) ignored
[1.064s] Level 1:colcon.colcon_core.package_identification:_identify(src) by extensions ['ignore', 'ignore_ament_install']
[1.064s] Level 1:colcon.colcon_core.package_identification:_identify(src) by extension 'ignore'
[1.064s] Level 1:colcon.colcon_core.package_identification:_identify(src) by extension 'ignore_ament_install'
[1.064s] Level 1:colcon.colcon_core.package_identification:_identify(src) by extensions ['colcon_pkg']
[1.064s] Level 1:colcon.colcon_core.package_identification:_identify(src) by extension 'colcon_pkg'
[1.064s] Level 1:colcon.colcon_core.package_identification:_identify(src) by extensions ['colcon_meta']
[1.065s] Level 1:colcon.colcon_core.package_identification:_identify(src) by extension 'colcon_meta'
[1.065s] Level 1:colcon.colcon_core.package_identification:_identify(src) by extensions ['ros']
[1.065s] Level 1:colcon.colcon_core.package_identification:_identify(src) by extension 'ros'
[1.065s] Level 1:colcon.colcon_core.package_identification:_identify(src) by extensions ['cmake', 'python']
[1.065s] Level 1:colcon.colcon_core.package_identification:_identify(src) by extension 'cmake'
[1.065s] Level 1:colcon.colcon_core.package_identification:_identify(src) by extension 'python'
[1.065s] Level 1:colcon.colcon_core.package_identification:_identify(src) by extensions ['python_setup_py']
[1.065s] Level 1:colcon.colcon_core.package_identification:_identify(src) by extension 'python_setup_py'
[1.066s] Level 1:colcon.colcon_core.package_identification:_identify(src/arduinobot_cpp_examples) by extensions ['ignore', 'ignore_ament_install']
[1.066s] Level 1:colcon.colcon_core.package_identification:_identify(src/arduinobot_cpp_examples) by extension 'ignore'
[1.066s] Level 1:colcon.colcon_core.package_identification:_identify(src/arduinobot_cpp_examples) by extension 'ignore_ament_install'
[1.066s] Level 1:colcon.colcon_core.package_identification:_identify(src/arduinobot_cpp_examples) by extensions ['colcon_pkg']
[1.067s] Level 1:colcon.colcon_core.package_identification:_identify(src/arduinobot_cpp_examples) by extension 'colcon_pkg'
[1.067s] Level 1:colcon.colcon_core.package_identification:_identify(src/arduinobot_cpp_examples) by extensions ['colcon_meta']
[1.067s] Level 1:colcon.colcon_core.package_identification:_identify(src/arduinobot_cpp_examples) by extension 'colcon_meta'
[1.067s] Level 1:colcon.colcon_core.package_identification:_identify(src/arduinobot_cpp_examples) by extensions ['ros']
[1.067s] Level 1:colcon.colcon_core.package_identification:_identify(src/arduinobot_cpp_examples) by extension 'ros'
[1.080s] DEBUG:colcon.colcon_core.package_identification:Package 'src/arduinobot_cpp_examples' with type 'ros.ament_cmake' and name 'arduinobot_cpp_examples'
[1.080s] Level 1:colcon.colcon_core.package_identification:_identify(src/arduinobot_description) by extensions ['ignore', 'ignore_ament_install']
[1.081s] Level 1:colcon.colcon_core.package_identification:_identify(src/arduinobot_description) by extension 'ignore'
[1.081s] Level 1:colcon.colcon_core.package_identification:_identify(src/arduinobot_description) by extension 'ignore_ament_install'
[1.081s] Level 1:colcon.colcon_core.package_identification:_identify(src/arduinobot_description) by extensions ['colcon_pkg']
[1.081s] Level 1:colcon.colcon_core.package_identification:_identify(src/arduinobot_description) by extension 'colcon_pkg'
[1.081s] Level 1:colcon.colcon_core.package_identification:_identify(src/arduinobot_description) by extensions ['colcon_meta']
[1.081s] Level 1:colcon.colcon_core.package_identification:_identify(src/arduinobot_description) by extension 'colcon_meta'
[1.082s] Level 1:colcon.colcon_core.package_identification:_identify(src/arduinobot_description) by extensions ['ros']
[1.082s] Level 1:colcon.colcon_core.package_identification:_identify(src/arduinobot_description) by extension 'ros'
[1.083s] DEBUG:colcon.colcon_core.package_identification:Package 'src/arduinobot_description' with type 'ros.ament_cmake' and name 'arduinobot_description'
[1.084s] Level 1:colcon.colcon_core.package_identification:_identify(src/arduinobot_py_examples) by extensions ['ignore', 'ignore_ament_install']
[1.084s] Level 1:colcon.colcon_core.package_identification:_identify(src/arduinobot_py_examples) by extension 'ignore'
[1.084s] Level 1:colcon.colcon_core.package_identification:_identify(src/arduinobot_py_examples) by extension 'ignore_ament_install'
[1.085s] Level 1:colcon.colcon_core.package_identification:_identify(src/arduinobot_py_examples) by extensions ['colcon_pkg']
[1.085s] Level 1:colcon.colcon_core.package_identification:_identify(src/arduinobot_py_examples) by extension 'colcon_pkg'
[1.085s] Level 1:colcon.colcon_core.package_identification:_identify(src/arduinobot_py_examples) by extensions ['colcon_meta']
[1.086s] Level 1:colcon.colcon_core.package_identification:_identify(src/arduinobot_py_examples) by extension 'colcon_meta'
[1.086s] Level 1:colcon.colcon_core.package_identification:_identify(src/arduinobot_py_examples) by extensions ['ros']
[1.086s] Level 1:colcon.colcon_core.package_identification:_identify(src/arduinobot_py_examples) by extension 'ros'
[1.088s] DEBUG:colcon.colcon_core.package_identification:Package 'src/arduinobot_py_examples' with type 'ros.ament_python' and name 'arduinobot_py_examples'
[1.088s] Level 1:colcon.colcon_core.package_discovery:discover_packages(recursive) using defaults
[1.088s] Level 1:colcon.colcon_core.package_discovery:discover_packages(ignore) discover
[1.088s] Level 1:colcon.colcon_core.package_discovery:discover_packages(ignore) using defaults
[1.088s] Level 1:colcon.colcon_core.package_discovery:discover_packages(path) discover
[1.089s] Level 1:colcon.colcon_core.package_discovery:discover_packages(path) using defaults
[1.160s] Level 1:colcon.colcon_core.package_discovery:discover_packages(prefix_path) check parameters
[1.160s] Level 1:colcon.colcon_core.package_discovery:discover_packages(prefix_path) discover
[1.170s] DEBUG:colcon.colcon_installed_package_information.package_discovery:Found 349 installed packages in /opt/ros/humble
[1.174s] Level 1:colcon.colcon_core.package_discovery:discover_packages(prefix_path) using defaults
[1.305s] Level 5:colcon.colcon_core.verb:set package 'arduinobot_cpp_examples' build argument 'cmake_args' from command line to 'None'
[1.306s] Level 5:colcon.colcon_core.verb:set package 'arduinobot_cpp_examples' build argument 'cmake_target' from command line to 'None'
[1.306s] Level 5:colcon.colcon_core.verb:set package 'arduinobot_cpp_examples' build argument 'cmake_target_skip_unavailable' from command line to 'False'
[1.306s] Level 5:colcon.colcon_core.verb:set package 'arduinobot_cpp_examples' build argument 'cmake_clean_cache' from command line to 'False'
[1.306s] Level 5:colcon.colcon_core.verb:set package 'arduinobot_cpp_examples' build argument 'cmake_clean_first' from command line to 'False'
[1.306s] Level 5:colcon.colcon_core.verb:set package 'arduinobot_cpp_examples' build argument 'cmake_force_configure' from command line to 'False'
[1.306s] Level 5:colcon.colcon_core.verb:set package 'arduinobot_cpp_examples' build argument 'ament_cmake_args' from command line to 'None'
[1.306s] Level 5:colcon.colcon_core.verb:set package 'arduinobot_cpp_examples' build argument 'catkin_cmake_args' from command line to 'None'
[1.306s] Level 5:colcon.colcon_core.verb:set package 'arduinobot_cpp_examples' build argument 'catkin_skip_building_tests' from command line to 'False'
[1.306s] DEBUG:colcon.colcon_core.verb:Building package 'arduinobot_cpp_examples' with the following arguments: {'ament_cmake_args': None, 'build_base': '/home/farhan/arduinobot_ws/build/arduinobot_cpp_examples', 'catkin_cmake_args': None, 'catkin_skip_building_tests': False, 'cmake_args': None, 'cmake_clean_cache': False, 'cmake_clean_first': False, 'cmake_force_configure': False, 'cmake_target': None, 'cmake_target_skip_unavailable': False, 'install_base': '/home/farhan/arduinobot_ws/install/arduinobot_cpp_examples', 'merge_install': False, 'path': '/home/farhan/arduinobot_ws/src/arduinobot_cpp_examples', 'symlink_install': False, 'test_result_base': None}
[1.307s] Level 5:colcon.colcon_core.verb:set package 'arduinobot_description' build argument 'cmake_args' from command line to 'None'
[1.308s] Level 5:colcon.colcon_core.verb:set package 'arduinobot_description' build argument 'cmake_target' from command line to 'None'
[1.308s] Level 5:colcon.colcon_core.verb:set package 'arduinobot_description' build argument 'cmake_target_skip_unavailable' from command line to 'False'
[1.308s] Level 5:colcon.colcon_core.verb:set package 'arduinobot_description' build argument 'cmake_clean_cache' from command line to 'False'
[1.308s] Level 5:colcon.colcon_core.verb:set package 'arduinobot_description' build argument 'cmake_clean_first' from command line to 'False'
[1.308s] Level 5:colcon.colcon_core.verb:set package 'arduinobot_description' build argument 'cmake_force_configure' from command line to 'False'
[1.308s] Level 5:colcon.colcon_core.verb:set package 'arduinobot_description' build argument 'ament_cmake_args' from command line to 'None'
[1.308s] Level 5:colcon.colcon_core.verb:set package 'arduinobot_description' build argument 'catkin_cmake_args' from command line to 'None'
[1.308s] Level 5:colcon.colcon_core.verb:set package 'arduinobot_description' build argument 'catkin_skip_building_tests' from command line to 'False'
[1.308s] DEBUG:colcon.colcon_core.verb:Building package 'arduinobot_description' with the following arguments: {'ament_cmake_args': None, 'build_base': '/home/farhan/arduinobot_ws/build/arduinobot_description', 'catkin_cmake_args': None, 'catkin_skip_building_tests': False, 'cmake_args': None, 'cmake_clean_cache': False, 'cmake_clean_first': False, 'cmake_force_configure': False, 'cmake_target': None, 'cmake_target_skip_unavailable': False, 'install_base': '/home/farhan/arduinobot_ws/install/arduinobot_description', 'merge_install': False, 'path': '/home/farhan/arduinobot_ws/src/arduinobot_description', 'symlink_install': False, 'test_result_base': None}
[1.309s] Level 5:colcon.colcon_core.verb:set package 'arduinobot_py_examples' build argument 'cmake_args' from command line to 'None'
[1.309s] Level 5:colcon.colcon_core.verb:set package 'arduinobot_py_examples' build argument 'cmake_target' from command line to 'None'
[1.309s] Level 5:colcon.colcon_core.verb:set package 'arduinobot_py_examples' build argument 'cmake_target_skip_unavailable' from command line to 'False'
[1.309s] Level 5:colcon.colcon_core.verb:set package 'arduinobot_py_examples' build argument 'cmake_clean_cache' from command line to 'False'
[1.309s] Level 5:colcon.colcon_core.verb:set package 'arduinobot_py_examples' build argument 'cmake_clean_first' from command line to 'False'
[1.310s] Level 5:colcon.colcon_core.verb:set package 'arduinobot_py_examples' build argument 'cmake_force_configure' from command line to 'False'
[1.310s] Level 5:colcon.colcon_core.verb:set package 'arduinobot_py_examples' build argument 'ament_cmake_args' from command line to 'None'
[1.310s] Level 5:colcon.colcon_core.verb:set package 'arduinobot_py_examples' build argument 'catkin_cmake_args' from command line to 'None'
[1.310s] Level 5:colcon.colcon_core.verb:set package 'arduinobot_py_examples' build argument 'catkin_skip_building_tests' from command line to 'False'
[1.310s] DEBUG:colcon.colcon_core.verb:Building package 'arduinobot_py_examples' with the following arguments: {'ament_cmake_args': None, 'build_base': '/home/farhan/arduinobot_ws/build/arduinobot_py_examples', 'catkin_cmake_args': None, 'catkin_skip_building_tests': False, 'cmake_args': None, 'cmake_clean_cache': False, 'cmake_clean_first': False, 'cmake_force_configure': False, 'cmake_target': None, 'cmake_target_skip_unavailable': False, 'install_base': '/home/farhan/arduinobot_ws/install/arduinobot_py_examples', 'merge_install': False, 'path': '/home/farhan/arduinobot_ws/src/arduinobot_py_examples', 'symlink_install': False, 'test_result_base': None}
[1.311s] INFO:colcon.colcon_core.executor:Executing jobs using 'parallel' executor
[1.317s] DEBUG:colcon.colcon_parallel_executor.executor.parallel:run_until_complete
[1.318s] INFO:colcon.colcon_ros.task.ament_cmake.build:Building ROS package in '/home/farhan/arduinobot_ws/src/arduinobot_cpp_examples' with build type 'ament_cmake'
[1.318s] INFO:colcon.colcon_cmake.task.cmake.build:Building CMake package in '/home/farhan/arduinobot_ws/src/arduinobot_cpp_examples'
[1.337s] INFO:colcon.colcon_core.plugin_system:Skipping extension 'colcon_core.shell.bat': Not used on non-Windows systems
[1.338s] INFO:colcon.colcon_core.shell:Skip shell extension 'powershell' for command environment: Not usable outside of PowerShell
[1.338s] DEBUG:colcon.colcon_core.shell:Skip shell extension 'dsv' for command environment
[1.346s] INFO:colcon.colcon_ros.task.ament_cmake.build:Building ROS package in '/home/farhan/arduinobot_ws/src/arduinobot_description' with build type 'ament_cmake'
[1.347s] INFO:colcon.colcon_cmake.task.cmake.build:Building CMake package in '/home/farhan/arduinobot_ws/src/arduinobot_description'
[1.351s] INFO:colcon.colcon_core.shell:Skip shell extension 'powershell' for command environment: Not usable outside of PowerShell
[1.351s] DEBUG:colcon.colcon_core.shell:Skip shell extension 'dsv' for command environment
[1.359s] INFO:colcon.colcon_ros.task.ament_python.build:Building ROS package in '/home/farhan/arduinobot_ws/src/arduinobot_py_examples' with build type 'ament_python'
[1.359s] Level 1:colcon.colcon_core.shell:create_environment_hook('arduinobot_py_examples', 'ament_prefix_path')
[1.362s] INFO:colcon.colcon_core.shell:Creating environment hook '/home/farhan/arduinobot_ws/install/arduinobot_py_examples/share/arduinobot_py_examples/hook/ament_prefix_path.ps1'
[1.363s] INFO:colcon.colcon_core.shell:Creating environment descriptor '/home/farhan/arduinobot_ws/install/arduinobot_py_examples/share/arduinobot_py_examples/hook/ament_prefix_path.dsv'
[1.364s] INFO:colcon.colcon_core.shell:Creating environment hook '/home/farhan/arduinobot_ws/install/arduinobot_py_examples/share/arduinobot_py_examples/hook/ament_prefix_path.sh'
[1.368s] INFO:colcon.colcon_core.shell:Skip shell extension 'powershell' for command environment: Not usable outside of PowerShell
[1.369s] DEBUG:colcon.colcon_core.shell:Skip shell extension 'dsv' for command environment
[1.386s] DEBUG:colcon.colcon_core.event_handler.log_command:Invoking command in '/home/farhan/arduinobot_ws/build/arduinobot_cpp_examples': CMAKE_PREFIX_PATH=/opt/ros/humble /usr/bin/cmake --build /home/farhan/arduinobot_ws/build/arduinobot_cpp_examples -- -j4 -l4
[1.396s] DEBUG:colcon.colcon_core.event_handler.log_command:Invoking command in '/home/farhan/arduinobot_ws/build/arduinobot_description': CMAKE_PREFIX_PATH=/opt/ros/humble /usr/bin/cmake --build /home/farhan/arduinobot_ws/build/arduinobot_description -- -j4 -l4
[2.542s] INFO:colcon.colcon_core.task.python.build:Building Python package in '/home/farhan/arduinobot_ws/src/arduinobot_py_examples'
[2.546s] INFO:colcon.colcon_core.shell:Skip shell extension 'powershell' for command environment: Not usable outside of PowerShell
[2.546s] DEBUG:colcon.colcon_core.shell:Skip shell extension 'dsv' for command environment
[2.554s] DEBUG:colcon.colcon_core.event_handler.log_command:Invoked command in '/home/farhan/arduinobot_ws/build/arduinobot_description' returned '0': CMAKE_PREFIX_PATH=/opt/ros/humble /usr/bin/cmake --build /home/farhan/arduinobot_ws/build/arduinobot_description -- -j4 -l4
[2.623s] DEBUG:colcon.colcon_core.event_handler.log_command:Invoking command in '/home/farhan/arduinobot_ws/build/arduinobot_description': CMAKE_PREFIX_PATH=/opt/ros/humble /usr/bin/cmake --install /home/farhan/arduinobot_ws/build/arduinobot_description
[2.654s] Level 1:colcon.colcon_core.environment:create_environment_scripts_only(arduinobot_description)
[2.656s] DEBUG:colcon.colcon_core.event_handler.log_command:Invoked command in '/home/farhan/arduinobot_ws/build/arduinobot_description' returned '0': CMAKE_PREFIX_PATH=/opt/ros/humble /usr/bin/cmake --install /home/farhan/arduinobot_ws/build/arduinobot_description
[2.684s] Level 1:colcon.colcon_core.environment:checking '/home/farhan/arduinobot_ws/install/arduinobot_description' for CMake module files
[2.685s] Level 1:colcon.colcon_core.environment:checking '/home/farhan/arduinobot_ws/install/arduinobot_description' for CMake config files
[2.686s] Level 1:colcon.colcon_core.shell:create_environment_hook('arduinobot_description', 'cmake_prefix_path')
[2.690s] INFO:colcon.colcon_core.shell:Creating environment hook '/home/farhan/arduinobot_ws/install/arduinobot_description/share/arduinobot_description/hook/cmake_prefix_path.ps1'
[2.691s] INFO:colcon.colcon_core.shell:Creating environment descriptor '/home/farhan/arduinobot_ws/install/arduinobot_description/share/arduinobot_description/hook/cmake_prefix_path.dsv'
[2.692s] INFO:colcon.colcon_core.shell:Creating environment hook '/home/farhan/arduinobot_ws/install/arduinobot_description/share/arduinobot_description/hook/cmake_prefix_path.sh'
[2.694s] Level 1:colcon.colcon_core.environment:checking '/home/farhan/arduinobot_ws/install/arduinobot_description/bin'
[2.694s] Level 1:colcon.colcon_core.environment:checking '/home/farhan/arduinobot_ws/install/arduinobot_description/lib/pkgconfig/arduinobot_description.pc'
[2.696s] Level 1:colcon.colcon_core.environment:checking '/home/farhan/arduinobot_ws/install/arduinobot_description/lib/python3.10/site-packages'
[2.697s] Level 1:colcon.colcon_core.environment:checking '/home/farhan/arduinobot_ws/install/arduinobot_description/bin'
[2.705s] INFO:colcon.colcon_core.shell:Creating package script '/home/farhan/arduinobot_ws/install/arduinobot_description/share/arduinobot_description/package.ps1'
[2.707s] INFO:colcon.colcon_core.shell:Creating package descriptor '/home/farhan/arduinobot_ws/install/arduinobot_description/share/arduinobot_description/package.dsv'
[2.709s] INFO:colcon.colcon_core.shell:Creating package script '/home/farhan/arduinobot_ws/install/arduinobot_description/share/arduinobot_description/package.sh'
[2.711s] INFO:colcon.colcon_core.shell:Creating package script '/home/farhan/arduinobot_ws/install/arduinobot_description/share/arduinobot_description/package.bash'
[2.712s] INFO:colcon.colcon_core.shell:Creating package script '/home/farhan/arduinobot_ws/install/arduinobot_description/share/arduinobot_description/package.zsh'
[2.714s] Level 1:colcon.colcon_core.environment:create_file_with_runtime_dependencies(/home/farhan/arduinobot_ws/install/arduinobot_description/share/colcon-core/packages/arduinobot_description)
[2.760s] Level 1:colcon.colcon_core.environment:create_environment_scripts_only(arduinobot_description)
[2.772s] Level 1:colcon.colcon_core.environment:checking '/home/farhan/arduinobot_ws/install/arduinobot_description' for CMake module files
[2.773s] Level 1:colcon.colcon_core.environment:checking '/home/farhan/arduinobot_ws/install/arduinobot_description' for CMake config files
[2.774s] Level 1:colcon.colcon_core.shell:create_environment_hook('arduinobot_description', 'cmake_prefix_path')
[2.779s] INFO:colcon.colcon_core.shell:Creating environment hook '/home/farhan/arduinobot_ws/install/arduinobot_description/share/arduinobot_description/hook/cmake_prefix_path.ps1'
[2.781s] INFO:colcon.colcon_core.shell:Creating environment descriptor '/home/farhan/arduinobot_ws/install/arduinobot_description/share/arduinobot_description/hook/cmake_prefix_path.dsv'
[2.784s] INFO:colcon.colcon_core.shell:Creating environment hook '/home/farhan/arduinobot_ws/install/arduinobot_description/share/arduinobot_description/hook/cmake_prefix_path.sh'
[2.787s] Level 1:colcon.colcon_core.environment:checking '/home/farhan/arduinobot_ws/install/arduinobot_description/bin'
[2.787s] Level 1:colcon.colcon_core.environment:checking '/home/farhan/arduinobot_ws/install/arduinobot_description/lib/pkgconfig/arduinobot_description.pc'
[2.788s] Level 1:colcon.colcon_core.environment:checking '/home/farhan/arduinobot_ws/install/arduinobot_description/lib/python3.10/site-packages'
[2.789s] Level 1:colcon.colcon_core.environment:checking '/home/farhan/arduinobot_ws/install/arduinobot_description/bin'
[2.793s] INFO:colcon.colcon_core.shell:Creating package script '/home/farhan/arduinobot_ws/install/arduinobot_description/share/arduinobot_description/package.ps1'
[2.796s] INFO:colcon.colcon_core.shell:Creating package descriptor '/home/farhan/arduinobot_ws/install/arduinobot_description/share/arduinobot_description/package.dsv'
[2.798s] INFO:colcon.colcon_core.shell:Creating package script '/home/farhan/arduinobot_ws/install/arduinobot_description/share/arduinobot_description/package.sh'
[2.800s] INFO:colcon.colcon_core.shell:Creating package script '/home/farhan/arduinobot_ws/install/arduinobot_description/share/arduinobot_description/package.bash'
[2.802s] INFO:colcon.colcon_core.shell:Creating package script '/home/farhan/arduinobot_ws/install/arduinobot_description/share/arduinobot_description/package.zsh'
[2.805s] Level 1:colcon.colcon_core.environment:create_file_with_runtime_dependencies(/home/farhan/arduinobot_ws/install/arduinobot_description/share/colcon-core/packages/arduinobot_description)
[4.255s] DEBUG:colcon.colcon_core.event_handler.log_command:Invoking command in '/home/farhan/arduinobot_ws/src/arduinobot_py_examples': PYTHONPATH=/home/farhan/arduinobot_ws/build/arduinobot_py_examples/prefix_override:/home/farhan/arduinobot_ws/install/arduinobot_py_examples/lib/python3.10/site-packages:${PYTHONPATH} /usr/bin/python3 setup.py egg_info --egg-base ../../build/arduinobot_py_examples build --build-base /home/farhan/arduinobot_ws/build/arduinobot_py_examples/build install --record /home/farhan/arduinobot_ws/build/arduinobot_py_examples/install.log --single-version-externally-managed
[5.270s] Level 1:colcon.colcon_core.environment:checking '/home/farhan/arduinobot_ws/install/arduinobot_py_examples' for CMake module files
[5.271s] DEBUG:colcon.colcon_core.event_handler.log_command:Invoked command in '/home/farhan/arduinobot_ws/src/arduinobot_py_examples' returned '0': PYTHONPATH=/home/farhan/arduinobot_ws/build/arduinobot_py_examples/prefix_override:/home/farhan/arduinobot_ws/install/arduinobot_py_examples/lib/python3.10/site-packages:${PYTHONPATH} /usr/bin/python3 setup.py egg_info --egg-base ../../build/arduinobot_py_examples build --build-base /home/farhan/arduinobot_ws/build/arduinobot_py_examples/build install --record /home/farhan/arduinobot_ws/build/arduinobot_py_examples/install.log --single-version-externally-managed
[5.272s] Level 1:colcon.colcon_core.environment:checking '/home/farhan/arduinobot_ws/install/arduinobot_py_examples' for CMake config files
[5.272s] Level 1:colcon.colcon_core.environment:checking '/home/farhan/arduinobot_ws/install/arduinobot_py_examples/lib'
[5.273s] Level 1:colcon.colcon_core.environment:checking '/home/farhan/arduinobot_ws/install/arduinobot_py_examples/bin'
[5.273s] Level 1:colcon.colcon_core.environment:checking '/home/farhan/arduinobot_ws/install/arduinobot_py_examples/lib/pkgconfig/arduinobot_py_examples.pc'
[5.273s] Level 1:colcon.colcon_core.environment:checking '/home/farhan/arduinobot_ws/install/arduinobot_py_examples/lib/python3.10/site-packages'
[5.274s] Level 1:colcon.colcon_core.shell:create_environment_hook('arduinobot_py_examples', 'pythonpath')
[5.275s] INFO:colcon.colcon_core.shell:Creating environment hook '/home/farhan/arduinobot_ws/install/arduinobot_py_examples/share/arduinobot_py_examples/hook/pythonpath.ps1'
[5.277s] INFO:colcon.colcon_core.shell:Creating environment descriptor '/home/farhan/arduinobot_ws/install/arduinobot_py_examples/share/arduinobot_py_examples/hook/pythonpath.dsv'
[5.279s] INFO:colcon.colcon_core.shell:Creating environment hook '/home/farhan/arduinobot_ws/install/arduinobot_py_examples/share/arduinobot_py_examples/hook/pythonpath.sh'
[5.281s] Level 1:colcon.colcon_core.environment:checking '/home/farhan/arduinobot_ws/install/arduinobot_py_examples/bin'
[5.281s] Level 1:colcon.colcon_core.environment:create_environment_scripts_only(arduinobot_py_examples)
[5.283s] INFO:colcon.colcon_core.shell:Creating package script '/home/farhan/arduinobot_ws/install/arduinobot_py_examples/share/arduinobot_py_examples/package.ps1'
[5.284s] INFO:colcon.colcon_core.shell:Creating package descriptor '/home/farhan/arduinobot_ws/install/arduinobot_py_examples/share/arduinobot_py_examples/package.dsv'
[5.286s] INFO:colcon.colcon_core.shell:Creating package script '/home/farhan/arduinobot_ws/install/arduinobot_py_examples/share/arduinobot_py_examples/package.sh'
[5.287s] INFO:colcon.colcon_core.shell:Creating package script '/home/farhan/arduinobot_ws/install/arduinobot_py_examples/share/arduinobot_py_examples/package.bash'
[5.289s] INFO:colcon.colcon_core.shell:Creating package script '/home/farhan/arduinobot_ws/install/arduinobot_py_examples/share/arduinobot_py_examples/package.zsh'
[5.290s] Level 1:colcon.colcon_core.environment:create_file_with_runtime_dependencies(/home/farhan/arduinobot_ws/install/arduinobot_py_examples/share/colcon-core/packages/arduinobot_py_examples)
[9.552s] DEBUG:colcon.colcon_core.event_handler.log_command:Invoked command in '/home/farhan/arduinobot_ws/build/arduinobot_cpp_examples' returned '2': CMAKE_PREFIX_PATH=/opt/ros/humble /usr/bin/cmake --build /home/farhan/arduinobot_ws/build/arduinobot_cpp_examples -- -j4 -l4
[9.641s] Level 1:colcon.colcon_core.environment:create_environment_scripts_only(arduinobot_cpp_examples)
[9.647s] Level 1:colcon.colcon_core.environment:checking '/home/farhan/arduinobot_ws/install/arduinobot_cpp_examples' for CMake module files
[9.651s] Level 1:colcon.colcon_core.environment:checking '/home/farhan/arduinobot_ws/install/arduinobot_cpp_examples' for CMake config files
[9.652s] Level 1:colcon.colcon_core.shell:create_environment_hook('arduinobot_cpp_examples', 'cmake_prefix_path')
[9.661s] INFO:colcon.colcon_core.shell:Creating environment hook '/home/farhan/arduinobot_ws/install/arduinobot_cpp_examples/share/arduinobot_cpp_examples/hook/cmake_prefix_path.ps1'
[9.662s] INFO:colcon.colcon_core.shell:Creating environment descriptor '/home/farhan/arduinobot_ws/install/arduinobot_cpp_examples/share/arduinobot_cpp_examples/hook/cmake_prefix_path.dsv'
[9.664s] INFO:colcon.colcon_core.shell:Creating environment hook '/home/farhan/arduinobot_ws/install/arduinobot_cpp_examples/share/arduinobot_cpp_examples/hook/cmake_prefix_path.sh'
[9.666s] Level 1:colcon.colcon_core.environment:checking '/home/farhan/arduinobot_ws/install/arduinobot_cpp_examples/lib'
[9.666s] Level 1:colcon.colcon_core.environment:checking '/home/farhan/arduinobot_ws/install/arduinobot_cpp_examples/bin'
[9.666s] Level 1:colcon.colcon_core.environment:checking '/home/farhan/arduinobot_ws/install/arduinobot_cpp_examples/lib/pkgconfig/arduinobot_cpp_examples.pc'
[9.667s] Level 1:colcon.colcon_core.environment:checking '/home/farhan/arduinobot_ws/install/arduinobot_cpp_examples/lib/python3.10/site-packages'
[9.668s] Level 1:colcon.colcon_core.environment:checking '/home/farhan/arduinobot_ws/install/arduinobot_cpp_examples/bin'
[9.673s] INFO:colcon.colcon_core.shell:Creating package script '/home/farhan/arduinobot_ws/install/arduinobot_cpp_examples/share/arduinobot_cpp_examples/package.ps1'
[9.675s] INFO:colcon.colcon_core.shell:Creating package descriptor '/home/farhan/arduinobot_ws/install/arduinobot_cpp_examples/share/arduinobot_cpp_examples/package.dsv'
[9.677s] INFO:colcon.colcon_core.shell:Creating package script '/home/farhan/arduinobot_ws/install/arduinobot_cpp_examples/share/arduinobot_cpp_examples/package.sh'
[9.679s] INFO:colcon.colcon_core.shell:Creating package script '/home/farhan/arduinobot_ws/install/arduinobot_cpp_examples/share/arduinobot_cpp_examples/package.bash'
[9.680s] INFO:colcon.colcon_core.shell:Creating package script '/home/farhan/arduinobot_ws/install/arduinobot_cpp_examples/share/arduinobot_cpp_examples/package.zsh'
[9.681s] Level 1:colcon.colcon_core.environment:create_file_with_runtime_dependencies(/home/farhan/arduinobot_ws/install/arduinobot_cpp_examples/share/colcon-core/packages/arduinobot_cpp_examples)
[9.683s] DEBUG:colcon.colcon_parallel_executor.executor.parallel:closing loop
[9.683s] DEBUG:colcon.colcon_parallel_executor.executor.parallel:loop closed
[9.684s] DEBUG:colcon.colcon_parallel_executor.executor.parallel:run_until_complete finished with '2'
[9.684s] DEBUG:colcon.colcon_core.event_reactor:joining thread
[9.714s] INFO:colcon.colcon_core.plugin_system:Skipping extension 'colcon_notification.desktop_notification.terminal_notifier': Not used on non-Darwin systems
[9.714s] INFO:colcon.colcon_core.plugin_system:Skipping extension 'colcon_notification.desktop_notification.win32': Not used on non-Windows systems
[9.714s] INFO:colcon.colcon_notification.desktop_notification:Sending desktop notification using 'notify2'
[9.743s] DEBUG:colcon.colcon_core.event_reactor:joined thread
[9.757s] INFO:colcon.colcon_core.shell:Creating prefix script '/home/farhan/arduinobot_ws/install/local_setup.ps1'
[9.760s] INFO:colcon.colcon_core.shell:Creating prefix util module '/home/farhan/arduinobot_ws/install/_local_setup_util_ps1.py'
[9.764s] INFO:colcon.colcon_core.shell:Creating prefix chain script '/home/farhan/arduinobot_ws/install/setup.ps1'
[9.767s] INFO:colcon.colcon_core.shell:Creating prefix script '/home/farhan/arduinobot_ws/install/local_setup.sh'
[9.770s] INFO:colcon.colcon_core.shell:Creating prefix util module '/home/farhan/arduinobot_ws/install/_local_setup_util_sh.py'
[9.772s] INFO:colcon.colcon_core.shell:Creating prefix chain script '/home/farhan/arduinobot_ws/install/setup.sh'
[9.778s] INFO:colcon.colcon_core.shell:Creating prefix script '/home/farhan/arduinobot_ws/install/local_setup.bash'
[9.781s] INFO:colcon.colcon_core.shell:Creating prefix chain script '/home/farhan/arduinobot_ws/install/setup.bash'
[9.786s] INFO:colcon.colcon_core.shell:Creating prefix script '/home/farhan/arduinobot_ws/install/local_setup.zsh'
[9.790s] INFO:colcon.colcon_core.shell:Creating prefix chain script '/home/farhan/arduinobot_ws/install/setup.zsh'
