[0.067s] Invoking command in '/home/farhan/arduinobot_ws/build/arduinobot_controller': CMAKE_PREFIX_PATH=/opt/ros/humble /usr/bin/cmake --build /home/farhan/arduinobot_ws/build/arduinobot_controller -- -j4 -l4
[0.678s] Invoked command in '/home/farhan/arduinobot_ws/build/arduinobot_controller' returned '0': CMAKE_PREFIX_PATH=/opt/ros/humble /usr/bin/cmake --build /home/farhan/arduinobot_ws/build/arduinobot_controller -- -j4 -l4
[0.762s] Invoking command in '/home/farhan/arduinobot_ws/build/arduinobot_controller': CMAKE_PREFIX_PATH=/opt/ros/humble /usr/bin/cmake --install /home/farhan/arduinobot_ws/build/arduinobot_controller
[0.783s] -- Install configuration: ""
[0.783s] -- Up-to-date: /home/farhan/arduinobot_ws/install/arduinobot_controller/share/ament_index/resource_index/package_run_dependencies/arduinobot_controller
[0.786s] -- Up-to-date: /home/farhan/arduinobot_ws/install/arduinobot_controller/share/ament_index/resource_index/parent_prefix_path/arduinobot_controller
[0.786s] -- Up-to-date: /home/farhan/arduinobot_ws/install/arduinobot_controller/share/arduinobot_controller/environment/ament_prefix_path.sh
[0.786s] -- Up-to-date: /home/farhan/arduinobot_ws/install/arduinobot_controller/share/arduinobot_controller/environment/ament_prefix_path.dsv
[0.787s] -- Up-to-date: /home/farhan/arduinobot_ws/install/arduinobot_controller/share/arduinobot_controller/environment/path.sh
[0.787s] -- Up-to-date: /home/farhan/arduinobot_ws/install/arduinobot_controller/share/arduinobot_controller/environment/path.dsv
[0.787s] -- Up-to-date: /home/farhan/arduinobot_ws/install/arduinobot_controller/share/arduinobot_controller/local_setup.bash
[0.787s] -- Up-to-date: /home/farhan/arduinobot_ws/install/arduinobot_controller/share/arduinobot_controller/local_setup.sh
[0.792s] -- Up-to-date: /home/farhan/arduinobot_ws/install/arduinobot_controller/share/arduinobot_controller/local_setup.zsh
[0.793s] -- Up-to-date: /home/farhan/arduinobot_ws/install/arduinobot_controller/share/arduinobot_controller/local_setup.dsv
[0.795s] -- Up-to-date: /home/farhan/arduinobot_ws/install/arduinobot_controller/share/arduinobot_controller/package.dsv
[0.803s] -- Up-to-date: /home/farhan/arduinobot_ws/install/arduinobot_controller/share/ament_index/resource_index/packages/arduinobot_controller
[0.811s] -- Up-to-date: /home/farhan/arduinobot_ws/install/arduinobot_controller/share/arduinobot_controller/cmake/arduinobot_controllerConfig.cmake
[0.819s] -- Up-to-date: /home/farhan/arduinobot_ws/install/arduinobot_controller/share/arduinobot_controller/cmake/arduinobot_controllerConfig-version.cmake
[0.829s] -- Up-to-date: /home/farhan/arduinobot_ws/install/arduinobot_controller/share/arduinobot_controller/package.xml
[0.874s] Invoked command in '/home/farhan/arduinobot_ws/build/arduinobot_controller' returned '0': CMAKE_PREFIX_PATH=/opt/ros/humble /usr/bin/cmake --install /home/farhan/arduinobot_ws/build/arduinobot_controller
