[0.053s] Invoking command in '/home/farhan/arduinobot_ws/build/arduinobot_description': CMAKE_PREFIX_PATH=/opt/ros/humble /usr/bin/cmake /home/farhan/arduinobot_ws/src/arduinobot_description -DCMAKE_INSTALL_PREFIX=/home/farhan/arduinobot_ws/install/arduinobot_description
[0.332s] -- The C compiler identification is GNU 11.4.0
[0.537s] -- The CXX compiler identification is GNU 11.4.0
[0.557s] -- Detecting C compiler ABI info
[0.694s] -- Detecting C compiler ABI info - done
[0.718s] -- Check for working C compiler: /usr/bin/cc - skipped
[0.718s] -- Detecting C compile features
[0.721s] -- Detecting C compile features - done
[0.724s] -- Detecting CXX compiler ABI info
[0.954s] -- Detecting CXX compiler ABI info - done
[0.971s] -- Check for working CXX compiler: /usr/bin/c++ - skipped
[0.972s] -- Detecting CXX compile features
[0.974s] -- Detecting CXX compile features - done
[0.990s] -- Found ament_cmake: 1.3.5 (/opt/ros/humble/share/ament_cmake/cmake)
[1.389s] -- Found Python3: /usr/bin/python3.10 (found version "3.10.12") found components: Interpreter 
[1.589s] -- Found ament_lint_auto: 0.12.7 (/opt/ros/humble/share/ament_lint_auto/cmake)
[1.777s] -- Added test 'lint_cmake' to check CMake code style
[1.780s] -- Added test 'xmllint' to check XML markup files
[1.783s] -- Configuring done
[1.789s] -- Generating done
[1.790s] -- Build files have been written to: /home/farhan/arduinobot_ws/build/arduinobot_description
[1.801s] Invoked command in '/home/farhan/arduinobot_ws/build/arduinobot_description' returned '0': CMAKE_PREFIX_PATH=/opt/ros/humble /usr/bin/cmake /home/farhan/arduinobot_ws/src/arduinobot_description -DCMAKE_INSTALL_PREFIX=/home/farhan/arduinobot_ws/install/arduinobot_description
[1.803s] Invoking command in '/home/farhan/arduinobot_ws/build/arduinobot_description': CMAKE_PREFIX_PATH=/opt/ros/humble /usr/bin/cmake --build /home/farhan/arduinobot_ws/build/arduinobot_description -- -j4 -l4
[1.875s] Invoked command in '/home/farhan/arduinobot_ws/build/arduinobot_description' returned '0': CMAKE_PREFIX_PATH=/opt/ros/humble /usr/bin/cmake --build /home/farhan/arduinobot_ws/build/arduinobot_description -- -j4 -l4
[1.927s] Invoking command in '/home/farhan/arduinobot_ws/build/arduinobot_description': CMAKE_PREFIX_PATH=/opt/ros/humble /usr/bin/cmake --install /home/farhan/arduinobot_ws/build/arduinobot_description
[1.945s] -- Install configuration: ""
[1.947s] -- Installing: /home/farhan/arduinobot_ws/install/arduinobot_description/share/ament_index/resource_index/package_run_dependencies/arduinobot_description
[1.947s] -- Installing: /home/farhan/arduinobot_ws/install/arduinobot_description/share/ament_index/resource_index/parent_prefix_path/arduinobot_description
[1.949s] -- Installing: /home/farhan/arduinobot_ws/install/arduinobot_description/share/arduinobot_description/environment/ament_prefix_path.sh
[1.950s] -- Installing: /home/farhan/arduinobot_ws/install/arduinobot_description/share/arduinobot_description/environment/ament_prefix_path.dsv
[1.950s] -- Installing: /home/farhan/arduinobot_ws/install/arduinobot_description/share/arduinobot_description/environment/path.sh
[1.951s] -- Installing: /home/farhan/arduinobot_ws/install/arduinobot_description/share/arduinobot_description/environment/path.dsv
[1.951s] -- Installing: /home/farhan/arduinobot_ws/install/arduinobot_description/share/arduinobot_description/local_setup.bash
[1.952s] -- Installing: /home/farhan/arduinobot_ws/install/arduinobot_description/share/arduinobot_description/local_setup.sh
[1.952s] -- Installing: /home/farhan/arduinobot_ws/install/arduinobot_description/share/arduinobot_description/local_setup.zsh
[1.953s] -- Installing: /home/farhan/arduinobot_ws/install/arduinobot_description/share/arduinobot_description/local_setup.dsv
[1.954s] -- Installing: /home/farhan/arduinobot_ws/install/arduinobot_description/share/arduinobot_description/package.dsv
[1.954s] -- Installing: /home/farhan/arduinobot_ws/install/arduinobot_description/share/ament_index/resource_index/packages/arduinobot_description
[1.955s] -- Installing: /home/farhan/arduinobot_ws/install/arduinobot_description/share/arduinobot_description/cmake/arduinobot_descriptionConfig.cmake
[1.955s] -- Installing: /home/farhan/arduinobot_ws/install/arduinobot_description/share/arduinobot_description/cmake/arduinobot_descriptionConfig-version.cmake
[1.955s] -- Installing: /home/farhan/arduinobot_ws/install/arduinobot_description/share/arduinobot_description/package.xml
[1.967s] Invoked command in '/home/farhan/arduinobot_ws/build/arduinobot_description' returned '0': CMAKE_PREFIX_PATH=/opt/ros/humble /usr/bin/cmake --install /home/farhan/arduinobot_ws/build/arduinobot_description
