[1.067s] DEBUG:colcon:Command line arguments: ['/usr/bin/colcon', 'build']
[1.067s] DEBUG:colcon:Parsed command line arguments: Namespace(log_base=None, log_level=None, verb_name='build', build_base='build', install_base='install', merge_install=False, symlink_install=False, test_result_base=None, continue_on_error=False, executor='parallel', parallel_workers=4, event_handlers=None, ignore_user_meta=False, metas=['./colcon.meta'], base_paths=['.'], packages_ignore=None, packages_ignore_regex=None, paths=None, packages_up_to=None, packages_up_to_regex=None, packages_above=None, packages_above_and_dependencies=None, packages_above_depth=None, packages_select_by_dep=None, packages_skip_by_dep=None, packages_skip_up_to=None, packages_select_build_failed=False, packages_skip_build_finished=False, packages_select_test_failures=False, packages_skip_test_passed=False, packages_select=None, packages_skip=None, packages_select_regex=None, packages_skip_regex=None, packages_start=None, packages_end=None, allow_overriding=[], cmake_args=None, cmake_target=None, cmake_target_skip_unavailable=False, cmake_clean_cache=False, cmake_clean_first=False, cmake_force_configure=False, ament_cmake_args=None, catkin_cmake_args=None, catkin_skip_building_tests=False, verb_parser=<colcon_defaults.argument_parser.defaults.DefaultArgumentsDecorator object at 0x7fd70cb42f80>, verb_extension=<colcon_core.verb.build.BuildVerb object at 0x7fd70d305e40>, main=<bound method BuildVerb.main of <colcon_core.verb.build.BuildVerb object at 0x7fd70d305e40>>)
[1.159s] Level 1:colcon.colcon_core.package_discovery:discover_packages(colcon_meta) check parameters
[1.159s] Level 1:colcon.colcon_core.package_discovery:discover_packages(recursive) check parameters
[1.159s] Level 1:colcon.colcon_core.package_discovery:discover_packages(ignore) check parameters
[1.159s] Level 1:colcon.colcon_core.package_discovery:discover_packages(path) check parameters
[1.159s] Level 1:colcon.colcon_core.package_discovery:discover_packages(colcon_meta) discover
[1.159s] Level 1:colcon.colcon_core.package_discovery:discover_packages(recursive) discover
[1.159s] INFO:colcon.colcon_core.package_discovery:Crawling recursively for packages in '/home/farhan/arduinobot_ws'
[1.160s] Level 1:colcon.colcon_core.package_identification:_identify(.) by extensions ['ignore', 'ignore_ament_install']
[1.160s] Level 1:colcon.colcon_core.package_identification:_identify(.) by extension 'ignore'
[1.160s] Level 1:colcon.colcon_core.package_identification:_identify(.) by extension 'ignore_ament_install'
[1.160s] Level 1:colcon.colcon_core.package_identification:_identify(.) by extensions ['colcon_pkg']
[1.160s] Level 1:colcon.colcon_core.package_identification:_identify(.) by extension 'colcon_pkg'
[1.160s] Level 1:colcon.colcon_core.package_identification:_identify(.) by extensions ['colcon_meta']
[1.160s] Level 1:colcon.colcon_core.package_identification:_identify(.) by extension 'colcon_meta'
[1.161s] Level 1:colcon.colcon_core.package_identification:_identify(.) by extensions ['ros']
[1.161s] Level 1:colcon.colcon_core.package_identification:_identify(.) by extension 'ros'
[1.197s] Level 1:colcon.colcon_core.package_identification:_identify(.) by extensions ['cmake', 'python']
[1.198s] Level 1:colcon.colcon_core.package_identification:_identify(.) by extension 'cmake'
[1.198s] Level 1:colcon.colcon_core.package_identification:_identify(.) by extension 'python'
[1.198s] Level 1:colcon.colcon_core.package_identification:_identify(.) by extensions ['python_setup_py']
[1.198s] Level 1:colcon.colcon_core.package_identification:_identify(.) by extension 'python_setup_py'
[1.198s] Level 1:colcon.colcon_core.package_identification:_identify(build) by extensions ['ignore', 'ignore_ament_install']
[1.198s] Level 1:colcon.colcon_core.package_identification:_identify(build) by extension 'ignore'
[1.198s] Level 1:colcon.colcon_core.package_identification:_identify(build) ignored
[1.199s] Level 1:colcon.colcon_core.package_identification:_identify(install) by extensions ['ignore', 'ignore_ament_install']
[1.199s] Level 1:colcon.colcon_core.package_identification:_identify(install) by extension 'ignore'
[1.199s] Level 1:colcon.colcon_core.package_identification:_identify(install) ignored
[1.199s] Level 1:colcon.colcon_core.package_identification:_identify(log) by extensions ['ignore', 'ignore_ament_install']
[1.199s] Level 1:colcon.colcon_core.package_identification:_identify(log) by extension 'ignore'
[1.199s] Level 1:colcon.colcon_core.package_identification:_identify(log) ignored
[1.200s] Level 1:colcon.colcon_core.package_identification:_identify(src) by extensions ['ignore', 'ignore_ament_install']
[1.200s] Level 1:colcon.colcon_core.package_identification:_identify(src) by extension 'ignore'
[1.200s] Level 1:colcon.colcon_core.package_identification:_identify(src) by extension 'ignore_ament_install'
[1.200s] Level 1:colcon.colcon_core.package_identification:_identify(src) by extensions ['colcon_pkg']
[1.200s] Level 1:colcon.colcon_core.package_identification:_identify(src) by extension 'colcon_pkg'
[1.200s] Level 1:colcon.colcon_core.package_identification:_identify(src) by extensions ['colcon_meta']
[1.200s] Level 1:colcon.colcon_core.package_identification:_identify(src) by extension 'colcon_meta'
[1.200s] Level 1:colcon.colcon_core.package_identification:_identify(src) by extensions ['ros']
[1.200s] Level 1:colcon.colcon_core.package_identification:_identify(src) by extension 'ros'
[1.201s] Level 1:colcon.colcon_core.package_identification:_identify(src) by extensions ['cmake', 'python']
[1.201s] Level 1:colcon.colcon_core.package_identification:_identify(src) by extension 'cmake'
[1.201s] Level 1:colcon.colcon_core.package_identification:_identify(src) by extension 'python'
[1.201s] Level 1:colcon.colcon_core.package_identification:_identify(src) by extensions ['python_setup_py']
[1.201s] Level 1:colcon.colcon_core.package_identification:_identify(src) by extension 'python_setup_py'
[1.201s] Level 1:colcon.colcon_core.package_identification:_identify(src/arduinobot_cpp_examples) by extensions ['ignore', 'ignore_ament_install']
[1.201s] Level 1:colcon.colcon_core.package_identification:_identify(src/arduinobot_cpp_examples) by extension 'ignore'
[1.201s] Level 1:colcon.colcon_core.package_identification:_identify(src/arduinobot_cpp_examples) by extension 'ignore_ament_install'
[1.202s] Level 1:colcon.colcon_core.package_identification:_identify(src/arduinobot_cpp_examples) by extensions ['colcon_pkg']
[1.202s] Level 1:colcon.colcon_core.package_identification:_identify(src/arduinobot_cpp_examples) by extension 'colcon_pkg'
[1.202s] Level 1:colcon.colcon_core.package_identification:_identify(src/arduinobot_cpp_examples) by extensions ['colcon_meta']
[1.202s] Level 1:colcon.colcon_core.package_identification:_identify(src/arduinobot_cpp_examples) by extension 'colcon_meta'
[1.202s] Level 1:colcon.colcon_core.package_identification:_identify(src/arduinobot_cpp_examples) by extensions ['ros']
[1.202s] Level 1:colcon.colcon_core.package_identification:_identify(src/arduinobot_cpp_examples) by extension 'ros'
[1.207s] DEBUG:colcon.colcon_core.package_identification:Package 'src/arduinobot_cpp_examples' with type 'ros.ament_cmake' and name 'arduinobot_cpp_examples'
[1.208s] Level 1:colcon.colcon_core.package_identification:_identify(src/arduinobot_description) by extensions ['ignore', 'ignore_ament_install']
[1.208s] Level 1:colcon.colcon_core.package_identification:_identify(src/arduinobot_description) by extension 'ignore'
[1.208s] Level 1:colcon.colcon_core.package_identification:_identify(src/arduinobot_description) by extension 'ignore_ament_install'
[1.208s] Level 1:colcon.colcon_core.package_identification:_identify(src/arduinobot_description) by extensions ['colcon_pkg']
[1.208s] Level 1:colcon.colcon_core.package_identification:_identify(src/arduinobot_description) by extension 'colcon_pkg'
[1.208s] Level 1:colcon.colcon_core.package_identification:_identify(src/arduinobot_description) by extensions ['colcon_meta']
[1.208s] Level 1:colcon.colcon_core.package_identification:_identify(src/arduinobot_description) by extension 'colcon_meta'
[1.208s] Level 1:colcon.colcon_core.package_identification:_identify(src/arduinobot_description) by extensions ['ros']
[1.209s] Level 1:colcon.colcon_core.package_identification:_identify(src/arduinobot_description) by extension 'ros'
[1.209s] DEBUG:colcon.colcon_core.package_identification:Package 'src/arduinobot_description' with type 'ros.ament_cmake' and name 'arduinobot_description'
[1.210s] Level 1:colcon.colcon_core.package_identification:_identify(src/arduinobot_py_examples) by extensions ['ignore', 'ignore_ament_install']
[1.210s] Level 1:colcon.colcon_core.package_identification:_identify(src/arduinobot_py_examples) by extension 'ignore'
[1.210s] Level 1:colcon.colcon_core.package_identification:_identify(src/arduinobot_py_examples) by extension 'ignore_ament_install'
[1.210s] Level 1:colcon.colcon_core.package_identification:_identify(src/arduinobot_py_examples) by extensions ['colcon_pkg']
[1.210s] Level 1:colcon.colcon_core.package_identification:_identify(src/arduinobot_py_examples) by extension 'colcon_pkg'
[1.210s] Level 1:colcon.colcon_core.package_identification:_identify(src/arduinobot_py_examples) by extensions ['colcon_meta']
[1.210s] Level 1:colcon.colcon_core.package_identification:_identify(src/arduinobot_py_examples) by extension 'colcon_meta'
[1.210s] Level 1:colcon.colcon_core.package_identification:_identify(src/arduinobot_py_examples) by extensions ['ros']
[1.210s] Level 1:colcon.colcon_core.package_identification:_identify(src/arduinobot_py_examples) by extension 'ros'
[1.211s] DEBUG:colcon.colcon_core.package_identification:Package 'src/arduinobot_py_examples' with type 'ros.ament_python' and name 'arduinobot_py_examples'
[1.212s] Level 1:colcon.colcon_core.package_discovery:discover_packages(recursive) using defaults
[1.212s] Level 1:colcon.colcon_core.package_discovery:discover_packages(ignore) discover
[1.212s] Level 1:colcon.colcon_core.package_discovery:discover_packages(ignore) using defaults
[1.212s] Level 1:colcon.colcon_core.package_discovery:discover_packages(path) discover
[1.212s] Level 1:colcon.colcon_core.package_discovery:discover_packages(path) using defaults
[1.278s] Level 1:colcon.colcon_core.package_discovery:discover_packages(prefix_path) check parameters
[1.278s] Level 1:colcon.colcon_core.package_discovery:discover_packages(prefix_path) discover
[1.298s] DEBUG:colcon.colcon_installed_package_information.package_discovery:Found 348 installed packages in /opt/ros/humble
[1.301s] Level 1:colcon.colcon_core.package_discovery:discover_packages(prefix_path) using defaults
[1.580s] Level 5:colcon.colcon_core.verb:set package 'arduinobot_cpp_examples' build argument 'cmake_args' from command line to 'None'
[1.580s] Level 5:colcon.colcon_core.verb:set package 'arduinobot_cpp_examples' build argument 'cmake_target' from command line to 'None'
[1.580s] Level 5:colcon.colcon_core.verb:set package 'arduinobot_cpp_examples' build argument 'cmake_target_skip_unavailable' from command line to 'False'
[1.580s] Level 5:colcon.colcon_core.verb:set package 'arduinobot_cpp_examples' build argument 'cmake_clean_cache' from command line to 'False'
[1.581s] Level 5:colcon.colcon_core.verb:set package 'arduinobot_cpp_examples' build argument 'cmake_clean_first' from command line to 'False'
[1.581s] Level 5:colcon.colcon_core.verb:set package 'arduinobot_cpp_examples' build argument 'cmake_force_configure' from command line to 'False'
[1.581s] Level 5:colcon.colcon_core.verb:set package 'arduinobot_cpp_examples' build argument 'ament_cmake_args' from command line to 'None'
[1.581s] Level 5:colcon.colcon_core.verb:set package 'arduinobot_cpp_examples' build argument 'catkin_cmake_args' from command line to 'None'
[1.581s] Level 5:colcon.colcon_core.verb:set package 'arduinobot_cpp_examples' build argument 'catkin_skip_building_tests' from command line to 'False'
[1.581s] DEBUG:colcon.colcon_core.verb:Building package 'arduinobot_cpp_examples' with the following arguments: {'ament_cmake_args': None, 'build_base': '/home/farhan/arduinobot_ws/build/arduinobot_cpp_examples', 'catkin_cmake_args': None, 'catkin_skip_building_tests': False, 'cmake_args': None, 'cmake_clean_cache': False, 'cmake_clean_first': False, 'cmake_force_configure': False, 'cmake_target': None, 'cmake_target_skip_unavailable': False, 'install_base': '/home/farhan/arduinobot_ws/install/arduinobot_cpp_examples', 'merge_install': False, 'path': '/home/farhan/arduinobot_ws/src/arduinobot_cpp_examples', 'symlink_install': False, 'test_result_base': None}
[1.583s] Level 5:colcon.colcon_core.verb:set package 'arduinobot_description' build argument 'cmake_args' from command line to 'None'
[1.583s] Level 5:colcon.colcon_core.verb:set package 'arduinobot_description' build argument 'cmake_target' from command line to 'None'
[1.583s] Level 5:colcon.colcon_core.verb:set package 'arduinobot_description' build argument 'cmake_target_skip_unavailable' from command line to 'False'
[1.583s] Level 5:colcon.colcon_core.verb:set package 'arduinobot_description' build argument 'cmake_clean_cache' from command line to 'False'
[1.583s] Level 5:colcon.colcon_core.verb:set package 'arduinobot_description' build argument 'cmake_clean_first' from command line to 'False'
[1.583s] Level 5:colcon.colcon_core.verb:set package 'arduinobot_description' build argument 'cmake_force_configure' from command line to 'False'
[1.583s] Level 5:colcon.colcon_core.verb:set package 'arduinobot_description' build argument 'ament_cmake_args' from command line to 'None'
[1.583s] Level 5:colcon.colcon_core.verb:set package 'arduinobot_description' build argument 'catkin_cmake_args' from command line to 'None'
[1.583s] Level 5:colcon.colcon_core.verb:set package 'arduinobot_description' build argument 'catkin_skip_building_tests' from command line to 'False'
[1.583s] DEBUG:colcon.colcon_core.verb:Building package 'arduinobot_description' with the following arguments: {'ament_cmake_args': None, 'build_base': '/home/farhan/arduinobot_ws/build/arduinobot_description', 'catkin_cmake_args': None, 'catkin_skip_building_tests': False, 'cmake_args': None, 'cmake_clean_cache': False, 'cmake_clean_first': False, 'cmake_force_configure': False, 'cmake_target': None, 'cmake_target_skip_unavailable': False, 'install_base': '/home/farhan/arduinobot_ws/install/arduinobot_description', 'merge_install': False, 'path': '/home/farhan/arduinobot_ws/src/arduinobot_description', 'symlink_install': False, 'test_result_base': None}
[1.585s] Level 5:colcon.colcon_core.verb:set package 'arduinobot_py_examples' build argument 'cmake_args' from command line to 'None'
[1.585s] Level 5:colcon.colcon_core.verb:set package 'arduinobot_py_examples' build argument 'cmake_target' from command line to 'None'
[1.585s] Level 5:colcon.colcon_core.verb:set package 'arduinobot_py_examples' build argument 'cmake_target_skip_unavailable' from command line to 'False'
[1.585s] Level 5:colcon.colcon_core.verb:set package 'arduinobot_py_examples' build argument 'cmake_clean_cache' from command line to 'False'
[1.586s] Level 5:colcon.colcon_core.verb:set package 'arduinobot_py_examples' build argument 'cmake_clean_first' from command line to 'False'
[1.586s] Level 5:colcon.colcon_core.verb:set package 'arduinobot_py_examples' build argument 'cmake_force_configure' from command line to 'False'
[1.586s] Level 5:colcon.colcon_core.verb:set package 'arduinobot_py_examples' build argument 'ament_cmake_args' from command line to 'None'
[1.586s] Level 5:colcon.colcon_core.verb:set package 'arduinobot_py_examples' build argument 'catkin_cmake_args' from command line to 'None'
[1.586s] Level 5:colcon.colcon_core.verb:set package 'arduinobot_py_examples' build argument 'catkin_skip_building_tests' from command line to 'False'
[1.586s] DEBUG:colcon.colcon_core.verb:Building package 'arduinobot_py_examples' with the following arguments: {'ament_cmake_args': None, 'build_base': '/home/farhan/arduinobot_ws/build/arduinobot_py_examples', 'catkin_cmake_args': None, 'catkin_skip_building_tests': False, 'cmake_args': None, 'cmake_clean_cache': False, 'cmake_clean_first': False, 'cmake_force_configure': False, 'cmake_target': None, 'cmake_target_skip_unavailable': False, 'install_base': '/home/farhan/arduinobot_ws/install/arduinobot_py_examples', 'merge_install': False, 'path': '/home/farhan/arduinobot_ws/src/arduinobot_py_examples', 'symlink_install': False, 'test_result_base': None}
[1.587s] INFO:colcon.colcon_core.executor:Executing jobs using 'parallel' executor
[1.592s] DEBUG:colcon.colcon_parallel_executor.executor.parallel:run_until_complete
[1.593s] INFO:colcon.colcon_ros.task.ament_cmake.build:Building ROS package in '/home/farhan/arduinobot_ws/src/arduinobot_cpp_examples' with build type 'ament_cmake'
[1.594s] INFO:colcon.colcon_cmake.task.cmake.build:Building CMake package in '/home/farhan/arduinobot_ws/src/arduinobot_cpp_examples'
[1.612s] INFO:colcon.colcon_core.plugin_system:Skipping extension 'colcon_core.shell.bat': Not used on non-Windows systems
[1.613s] INFO:colcon.colcon_core.shell:Skip shell extension 'powershell' for command environment: Not usable outside of PowerShell
[1.613s] DEBUG:colcon.colcon_core.shell:Skip shell extension 'dsv' for command environment
[1.621s] INFO:colcon.colcon_ros.task.ament_cmake.build:Building ROS package in '/home/farhan/arduinobot_ws/src/arduinobot_description' with build type 'ament_cmake'
[1.622s] INFO:colcon.colcon_cmake.task.cmake.build:Building CMake package in '/home/farhan/arduinobot_ws/src/arduinobot_description'
[1.626s] INFO:colcon.colcon_core.shell:Skip shell extension 'powershell' for command environment: Not usable outside of PowerShell
[1.627s] DEBUG:colcon.colcon_core.shell:Skip shell extension 'dsv' for command environment
[1.635s] INFO:colcon.colcon_ros.task.ament_python.build:Building ROS package in '/home/farhan/arduinobot_ws/src/arduinobot_py_examples' with build type 'ament_python'
[1.636s] Level 1:colcon.colcon_core.shell:create_environment_hook('arduinobot_py_examples', 'ament_prefix_path')
[1.638s] INFO:colcon.colcon_core.shell:Creating environment hook '/home/farhan/arduinobot_ws/install/arduinobot_py_examples/share/arduinobot_py_examples/hook/ament_prefix_path.ps1'
[1.639s] INFO:colcon.colcon_core.shell:Creating environment descriptor '/home/farhan/arduinobot_ws/install/arduinobot_py_examples/share/arduinobot_py_examples/hook/ament_prefix_path.dsv'
[1.640s] INFO:colcon.colcon_core.shell:Creating environment hook '/home/farhan/arduinobot_ws/install/arduinobot_py_examples/share/arduinobot_py_examples/hook/ament_prefix_path.sh'
[1.643s] INFO:colcon.colcon_core.shell:Skip shell extension 'powershell' for command environment: Not usable outside of PowerShell
[1.643s] DEBUG:colcon.colcon_core.shell:Skip shell extension 'dsv' for command environment
[1.662s] DEBUG:colcon.colcon_core.event_handler.log_command:Invoking command in '/home/farhan/arduinobot_ws/build/arduinobot_cpp_examples': CMAKE_PREFIX_PATH=/opt/ros/humble /usr/bin/cmake --build /home/farhan/arduinobot_ws/build/arduinobot_cpp_examples -- -j4 -l4
[1.676s] DEBUG:colcon.colcon_core.event_handler.log_command:Invoking command in '/home/farhan/arduinobot_ws/build/arduinobot_description': CMAKE_PREFIX_PATH=/opt/ros/humble /usr/bin/cmake --build /home/farhan/arduinobot_ws/build/arduinobot_description -- -j4 -l4
[2.673s] INFO:colcon.colcon_core.task.python.build:Building Python package in '/home/farhan/arduinobot_ws/src/arduinobot_py_examples'
[2.677s] INFO:colcon.colcon_core.shell:Skip shell extension 'powershell' for command environment: Not usable outside of PowerShell
[2.677s] DEBUG:colcon.colcon_core.shell:Skip shell extension 'dsv' for command environment
[2.774s] DEBUG:colcon.colcon_core.event_handler.log_command:Invoked command in '/home/farhan/arduinobot_ws/build/arduinobot_description' returned '0': CMAKE_PREFIX_PATH=/opt/ros/humble /usr/bin/cmake --build /home/farhan/arduinobot_ws/build/arduinobot_description -- -j4 -l4
[2.858s] DEBUG:colcon.colcon_core.event_handler.log_command:Invoking command in '/home/farhan/arduinobot_ws/build/arduinobot_description': CMAKE_PREFIX_PATH=/opt/ros/humble /usr/bin/cmake --install /home/farhan/arduinobot_ws/build/arduinobot_description
[3.034s] Level 1:colcon.colcon_core.environment:create_environment_scripts_only(arduinobot_description)
[3.038s] DEBUG:colcon.colcon_core.event_handler.log_command:Invoked command in '/home/farhan/arduinobot_ws/build/arduinobot_description' returned '0': CMAKE_PREFIX_PATH=/opt/ros/humble /usr/bin/cmake --install /home/farhan/arduinobot_ws/build/arduinobot_description
[3.065s] Level 1:colcon.colcon_core.environment:checking '/home/farhan/arduinobot_ws/install/arduinobot_description' for CMake module files
[3.067s] Level 1:colcon.colcon_core.environment:checking '/home/farhan/arduinobot_ws/install/arduinobot_description' for CMake config files
[3.067s] Level 1:colcon.colcon_core.shell:create_environment_hook('arduinobot_description', 'cmake_prefix_path')
[3.071s] INFO:colcon.colcon_core.shell:Creating environment hook '/home/farhan/arduinobot_ws/install/arduinobot_description/share/arduinobot_description/hook/cmake_prefix_path.ps1'
[3.072s] INFO:colcon.colcon_core.shell:Creating environment descriptor '/home/farhan/arduinobot_ws/install/arduinobot_description/share/arduinobot_description/hook/cmake_prefix_path.dsv'
[3.073s] INFO:colcon.colcon_core.shell:Creating environment hook '/home/farhan/arduinobot_ws/install/arduinobot_description/share/arduinobot_description/hook/cmake_prefix_path.sh'
[3.074s] Level 1:colcon.colcon_core.environment:checking '/home/farhan/arduinobot_ws/install/arduinobot_description/bin'
[3.074s] Level 1:colcon.colcon_core.environment:checking '/home/farhan/arduinobot_ws/install/arduinobot_description/lib/pkgconfig/arduinobot_description.pc'
[3.075s] Level 1:colcon.colcon_core.environment:checking '/home/farhan/arduinobot_ws/install/arduinobot_description/lib/python3.10/site-packages'
[3.075s] Level 1:colcon.colcon_core.environment:checking '/home/farhan/arduinobot_ws/install/arduinobot_description/bin'
[3.077s] INFO:colcon.colcon_core.shell:Creating package script '/home/farhan/arduinobot_ws/install/arduinobot_description/share/arduinobot_description/package.ps1'
[3.079s] INFO:colcon.colcon_core.shell:Creating package descriptor '/home/farhan/arduinobot_ws/install/arduinobot_description/share/arduinobot_description/package.dsv'
[3.080s] INFO:colcon.colcon_core.shell:Creating package script '/home/farhan/arduinobot_ws/install/arduinobot_description/share/arduinobot_description/package.sh'
[3.082s] INFO:colcon.colcon_core.shell:Creating package script '/home/farhan/arduinobot_ws/install/arduinobot_description/share/arduinobot_description/package.bash'
[3.084s] INFO:colcon.colcon_core.shell:Creating package script '/home/farhan/arduinobot_ws/install/arduinobot_description/share/arduinobot_description/package.zsh'
[3.085s] Level 1:colcon.colcon_core.environment:create_file_with_runtime_dependencies(/home/farhan/arduinobot_ws/install/arduinobot_description/share/colcon-core/packages/arduinobot_description)
[3.144s] Level 1:colcon.colcon_core.environment:create_environment_scripts_only(arduinobot_description)
[3.149s] Level 1:colcon.colcon_core.environment:checking '/home/farhan/arduinobot_ws/install/arduinobot_description' for CMake module files
[3.151s] Level 1:colcon.colcon_core.environment:checking '/home/farhan/arduinobot_ws/install/arduinobot_description' for CMake config files
[3.151s] Level 1:colcon.colcon_core.shell:create_environment_hook('arduinobot_description', 'cmake_prefix_path')
[3.155s] INFO:colcon.colcon_core.shell:Creating environment hook '/home/farhan/arduinobot_ws/install/arduinobot_description/share/arduinobot_description/hook/cmake_prefix_path.ps1'
[3.156s] INFO:colcon.colcon_core.shell:Creating environment descriptor '/home/farhan/arduinobot_ws/install/arduinobot_description/share/arduinobot_description/hook/cmake_prefix_path.dsv'
[3.157s] INFO:colcon.colcon_core.shell:Creating environment hook '/home/farhan/arduinobot_ws/install/arduinobot_description/share/arduinobot_description/hook/cmake_prefix_path.sh'
[3.158s] Level 1:colcon.colcon_core.environment:checking '/home/farhan/arduinobot_ws/install/arduinobot_description/bin'
[3.159s] Level 1:colcon.colcon_core.environment:checking '/home/farhan/arduinobot_ws/install/arduinobot_description/lib/pkgconfig/arduinobot_description.pc'
[3.160s] Level 1:colcon.colcon_core.environment:checking '/home/farhan/arduinobot_ws/install/arduinobot_description/lib/python3.10/site-packages'
[3.160s] Level 1:colcon.colcon_core.environment:checking '/home/farhan/arduinobot_ws/install/arduinobot_description/bin'
[3.167s] INFO:colcon.colcon_core.shell:Creating package script '/home/farhan/arduinobot_ws/install/arduinobot_description/share/arduinobot_description/package.ps1'
[3.168s] INFO:colcon.colcon_core.shell:Creating package descriptor '/home/farhan/arduinobot_ws/install/arduinobot_description/share/arduinobot_description/package.dsv'
[3.169s] INFO:colcon.colcon_core.shell:Creating package script '/home/farhan/arduinobot_ws/install/arduinobot_description/share/arduinobot_description/package.sh'
[3.170s] INFO:colcon.colcon_core.shell:Creating package script '/home/farhan/arduinobot_ws/install/arduinobot_description/share/arduinobot_description/package.bash'
[3.171s] INFO:colcon.colcon_core.shell:Creating package script '/home/farhan/arduinobot_ws/install/arduinobot_description/share/arduinobot_description/package.zsh'
[3.172s] Level 1:colcon.colcon_core.environment:create_file_with_runtime_dependencies(/home/farhan/arduinobot_ws/install/arduinobot_description/share/colcon-core/packages/arduinobot_description)
[4.396s] DEBUG:colcon.colcon_core.event_handler.log_command:Invoking command in '/home/farhan/arduinobot_ws/src/arduinobot_py_examples': PYTHONPATH=/home/farhan/arduinobot_ws/build/arduinobot_py_examples/prefix_override:/home/farhan/arduinobot_ws/install/arduinobot_py_examples/lib/python3.10/site-packages:${PYTHONPATH} /usr/bin/python3 setup.py egg_info --egg-base ../../build/arduinobot_py_examples build --build-base /home/farhan/arduinobot_ws/build/arduinobot_py_examples/build install --record /home/farhan/arduinobot_ws/build/arduinobot_py_examples/install.log --single-version-externally-managed
[4.487s] DEBUG:colcon.colcon_core.event_handler.log_command:Invoked command in '/home/farhan/arduinobot_ws/build/arduinobot_cpp_examples' returned '0': CMAKE_PREFIX_PATH=/opt/ros/humble /usr/bin/cmake --build /home/farhan/arduinobot_ws/build/arduinobot_cpp_examples -- -j4 -l4
[4.598s] DEBUG:colcon.colcon_core.event_handler.log_command:Invoking command in '/home/farhan/arduinobot_ws/build/arduinobot_cpp_examples': CMAKE_PREFIX_PATH=/opt/ros/humble /usr/bin/cmake --install /home/farhan/arduinobot_ws/build/arduinobot_cpp_examples
[4.640s] Level 1:colcon.colcon_core.environment:create_environment_scripts_only(arduinobot_cpp_examples)
[4.646s] DEBUG:colcon.colcon_core.event_handler.log_command:Invoked command in '/home/farhan/arduinobot_ws/build/arduinobot_cpp_examples' returned '0': CMAKE_PREFIX_PATH=/opt/ros/humble /usr/bin/cmake --install /home/farhan/arduinobot_ws/build/arduinobot_cpp_examples
[4.649s] Level 1:colcon.colcon_core.environment:checking '/home/farhan/arduinobot_ws/install/arduinobot_cpp_examples' for CMake module files
[4.655s] Level 1:colcon.colcon_core.environment:checking '/home/farhan/arduinobot_ws/install/arduinobot_cpp_examples' for CMake config files
[4.655s] Level 1:colcon.colcon_core.shell:create_environment_hook('arduinobot_cpp_examples', 'cmake_prefix_path')
[4.660s] INFO:colcon.colcon_core.shell:Creating environment hook '/home/farhan/arduinobot_ws/install/arduinobot_cpp_examples/share/arduinobot_cpp_examples/hook/cmake_prefix_path.ps1'
[4.661s] INFO:colcon.colcon_core.shell:Creating environment descriptor '/home/farhan/arduinobot_ws/install/arduinobot_cpp_examples/share/arduinobot_cpp_examples/hook/cmake_prefix_path.dsv'
[4.662s] INFO:colcon.colcon_core.shell:Creating environment hook '/home/farhan/arduinobot_ws/install/arduinobot_cpp_examples/share/arduinobot_cpp_examples/hook/cmake_prefix_path.sh'
[4.664s] Level 1:colcon.colcon_core.environment:checking '/home/farhan/arduinobot_ws/install/arduinobot_cpp_examples/lib'
[4.665s] Level 1:colcon.colcon_core.environment:checking '/home/farhan/arduinobot_ws/install/arduinobot_cpp_examples/bin'
[4.666s] Level 1:colcon.colcon_core.environment:checking '/home/farhan/arduinobot_ws/install/arduinobot_cpp_examples/lib/pkgconfig/arduinobot_cpp_examples.pc'
[4.668s] Level 1:colcon.colcon_core.environment:checking '/home/farhan/arduinobot_ws/install/arduinobot_cpp_examples/lib/python3.10/site-packages'
[4.668s] Level 1:colcon.colcon_core.environment:checking '/home/farhan/arduinobot_ws/install/arduinobot_cpp_examples/bin'
[4.672s] INFO:colcon.colcon_core.shell:Creating package script '/home/farhan/arduinobot_ws/install/arduinobot_cpp_examples/share/arduinobot_cpp_examples/package.ps1'
[4.673s] INFO:colcon.colcon_core.shell:Creating package descriptor '/home/farhan/arduinobot_ws/install/arduinobot_cpp_examples/share/arduinobot_cpp_examples/package.dsv'
[4.674s] INFO:colcon.colcon_core.shell:Creating package script '/home/farhan/arduinobot_ws/install/arduinobot_cpp_examples/share/arduinobot_cpp_examples/package.sh'
[4.675s] INFO:colcon.colcon_core.shell:Creating package script '/home/farhan/arduinobot_ws/install/arduinobot_cpp_examples/share/arduinobot_cpp_examples/package.bash'
[4.676s] INFO:colcon.colcon_core.shell:Creating package script '/home/farhan/arduinobot_ws/install/arduinobot_cpp_examples/share/arduinobot_cpp_examples/package.zsh'
[4.677s] Level 1:colcon.colcon_core.environment:create_file_with_runtime_dependencies(/home/farhan/arduinobot_ws/install/arduinobot_cpp_examples/share/colcon-core/packages/arduinobot_cpp_examples)
[4.756s] Level 1:colcon.colcon_core.environment:create_environment_scripts_only(arduinobot_cpp_examples)
[4.764s] Level 1:colcon.colcon_core.environment:checking '/home/farhan/arduinobot_ws/install/arduinobot_cpp_examples' for CMake module files
[4.767s] Level 1:colcon.colcon_core.environment:checking '/home/farhan/arduinobot_ws/install/arduinobot_cpp_examples' for CMake config files
[4.768s] Level 1:colcon.colcon_core.shell:create_environment_hook('arduinobot_cpp_examples', 'cmake_prefix_path')
[4.772s] INFO:colcon.colcon_core.shell:Creating environment hook '/home/farhan/arduinobot_ws/install/arduinobot_cpp_examples/share/arduinobot_cpp_examples/hook/cmake_prefix_path.ps1'
[4.773s] INFO:colcon.colcon_core.shell:Creating environment descriptor '/home/farhan/arduinobot_ws/install/arduinobot_cpp_examples/share/arduinobot_cpp_examples/hook/cmake_prefix_path.dsv'
[4.773s] INFO:colcon.colcon_core.shell:Creating environment hook '/home/farhan/arduinobot_ws/install/arduinobot_cpp_examples/share/arduinobot_cpp_examples/hook/cmake_prefix_path.sh'
[4.775s] Level 1:colcon.colcon_core.environment:checking '/home/farhan/arduinobot_ws/install/arduinobot_cpp_examples/lib'
[4.775s] Level 1:colcon.colcon_core.environment:checking '/home/farhan/arduinobot_ws/install/arduinobot_cpp_examples/bin'
[4.775s] Level 1:colcon.colcon_core.environment:checking '/home/farhan/arduinobot_ws/install/arduinobot_cpp_examples/lib/pkgconfig/arduinobot_cpp_examples.pc'
[4.776s] Level 1:colcon.colcon_core.environment:checking '/home/farhan/arduinobot_ws/install/arduinobot_cpp_examples/lib/python3.10/site-packages'
[4.776s] Level 1:colcon.colcon_core.environment:checking '/home/farhan/arduinobot_ws/install/arduinobot_cpp_examples/bin'
[4.782s] INFO:colcon.colcon_core.shell:Creating package script '/home/farhan/arduinobot_ws/install/arduinobot_cpp_examples/share/arduinobot_cpp_examples/package.ps1'
[4.786s] INFO:colcon.colcon_core.shell:Creating package descriptor '/home/farhan/arduinobot_ws/install/arduinobot_cpp_examples/share/arduinobot_cpp_examples/package.dsv'
[4.788s] INFO:colcon.colcon_core.shell:Creating package script '/home/farhan/arduinobot_ws/install/arduinobot_cpp_examples/share/arduinobot_cpp_examples/package.sh'
[4.790s] INFO:colcon.colcon_core.shell:Creating package script '/home/farhan/arduinobot_ws/install/arduinobot_cpp_examples/share/arduinobot_cpp_examples/package.bash'
[4.791s] INFO:colcon.colcon_core.shell:Creating package script '/home/farhan/arduinobot_ws/install/arduinobot_cpp_examples/share/arduinobot_cpp_examples/package.zsh'
[4.792s] Level 1:colcon.colcon_core.environment:create_file_with_runtime_dependencies(/home/farhan/arduinobot_ws/install/arduinobot_cpp_examples/share/colcon-core/packages/arduinobot_cpp_examples)
[5.323s] Level 1:colcon.colcon_core.environment:checking '/home/farhan/arduinobot_ws/install/arduinobot_py_examples' for CMake module files
[5.324s] DEBUG:colcon.colcon_core.event_handler.log_command:Invoked command in '/home/farhan/arduinobot_ws/src/arduinobot_py_examples' returned '0': PYTHONPATH=/home/farhan/arduinobot_ws/build/arduinobot_py_examples/prefix_override:/home/farhan/arduinobot_ws/install/arduinobot_py_examples/lib/python3.10/site-packages:${PYTHONPATH} /usr/bin/python3 setup.py egg_info --egg-base ../../build/arduinobot_py_examples build --build-base /home/farhan/arduinobot_ws/build/arduinobot_py_examples/build install --record /home/farhan/arduinobot_ws/build/arduinobot_py_examples/install.log --single-version-externally-managed
[5.325s] Level 1:colcon.colcon_core.environment:checking '/home/farhan/arduinobot_ws/install/arduinobot_py_examples' for CMake config files
[5.326s] Level 1:colcon.colcon_core.environment:checking '/home/farhan/arduinobot_ws/install/arduinobot_py_examples/lib'
[5.326s] Level 1:colcon.colcon_core.environment:checking '/home/farhan/arduinobot_ws/install/arduinobot_py_examples/bin'
[5.326s] Level 1:colcon.colcon_core.environment:checking '/home/farhan/arduinobot_ws/install/arduinobot_py_examples/lib/pkgconfig/arduinobot_py_examples.pc'
[5.327s] Level 1:colcon.colcon_core.environment:checking '/home/farhan/arduinobot_ws/install/arduinobot_py_examples/lib/python3.10/site-packages'
[5.327s] Level 1:colcon.colcon_core.shell:create_environment_hook('arduinobot_py_examples', 'pythonpath')
[5.332s] INFO:colcon.colcon_core.shell:Creating environment hook '/home/farhan/arduinobot_ws/install/arduinobot_py_examples/share/arduinobot_py_examples/hook/pythonpath.ps1'
[5.332s] INFO:colcon.colcon_core.shell:Creating environment descriptor '/home/farhan/arduinobot_ws/install/arduinobot_py_examples/share/arduinobot_py_examples/hook/pythonpath.dsv'
[5.333s] INFO:colcon.colcon_core.shell:Creating environment hook '/home/farhan/arduinobot_ws/install/arduinobot_py_examples/share/arduinobot_py_examples/hook/pythonpath.sh'
[5.334s] Level 1:colcon.colcon_core.environment:checking '/home/farhan/arduinobot_ws/install/arduinobot_py_examples/bin'
[5.334s] Level 1:colcon.colcon_core.environment:create_environment_scripts_only(arduinobot_py_examples)
[5.336s] INFO:colcon.colcon_core.shell:Creating package script '/home/farhan/arduinobot_ws/install/arduinobot_py_examples/share/arduinobot_py_examples/package.ps1'
[5.337s] INFO:colcon.colcon_core.shell:Creating package descriptor '/home/farhan/arduinobot_ws/install/arduinobot_py_examples/share/arduinobot_py_examples/package.dsv'
[5.337s] INFO:colcon.colcon_core.shell:Creating package script '/home/farhan/arduinobot_ws/install/arduinobot_py_examples/share/arduinobot_py_examples/package.sh'
[5.338s] INFO:colcon.colcon_core.shell:Creating package script '/home/farhan/arduinobot_ws/install/arduinobot_py_examples/share/arduinobot_py_examples/package.bash'
[5.338s] INFO:colcon.colcon_core.shell:Creating package script '/home/farhan/arduinobot_ws/install/arduinobot_py_examples/share/arduinobot_py_examples/package.zsh'
[5.339s] Level 1:colcon.colcon_core.environment:create_file_with_runtime_dependencies(/home/farhan/arduinobot_ws/install/arduinobot_py_examples/share/colcon-core/packages/arduinobot_py_examples)
[5.341s] DEBUG:colcon.colcon_parallel_executor.executor.parallel:closing loop
[5.341s] DEBUG:colcon.colcon_parallel_executor.executor.parallel:loop closed
[5.341s] DEBUG:colcon.colcon_parallel_executor.executor.parallel:run_until_complete finished with '0'
[5.342s] DEBUG:colcon.colcon_core.event_reactor:joining thread
[5.374s] INFO:colcon.colcon_core.plugin_system:Skipping extension 'colcon_notification.desktop_notification.terminal_notifier': Not used on non-Darwin systems
[5.374s] INFO:colcon.colcon_core.plugin_system:Skipping extension 'colcon_notification.desktop_notification.win32': Not used on non-Windows systems
[5.374s] INFO:colcon.colcon_notification.desktop_notification:Sending desktop notification using 'notify2'
[5.411s] DEBUG:colcon.colcon_core.event_reactor:joined thread
[5.415s] INFO:colcon.colcon_core.shell:Creating prefix script '/home/farhan/arduinobot_ws/install/local_setup.ps1'
[5.423s] INFO:colcon.colcon_core.shell:Creating prefix util module '/home/farhan/arduinobot_ws/install/_local_setup_util_ps1.py'
[5.427s] INFO:colcon.colcon_core.shell:Creating prefix chain script '/home/farhan/arduinobot_ws/install/setup.ps1'
[5.430s] INFO:colcon.colcon_core.shell:Creating prefix script '/home/farhan/arduinobot_ws/install/local_setup.sh'
[5.431s] INFO:colcon.colcon_core.shell:Creating prefix util module '/home/farhan/arduinobot_ws/install/_local_setup_util_sh.py'
[5.432s] INFO:colcon.colcon_core.shell:Creating prefix chain script '/home/farhan/arduinobot_ws/install/setup.sh'
[5.435s] INFO:colcon.colcon_core.shell:Creating prefix script '/home/farhan/arduinobot_ws/install/local_setup.bash'
[5.436s] INFO:colcon.colcon_core.shell:Creating prefix chain script '/home/farhan/arduinobot_ws/install/setup.bash'
[5.438s] INFO:colcon.colcon_core.shell:Creating prefix script '/home/farhan/arduinobot_ws/install/local_setup.zsh'
[5.440s] INFO:colcon.colcon_core.shell:Creating prefix chain script '/home/farhan/arduinobot_ws/install/setup.zsh'
