[0.036s] Invoking command in '/home/farhan/arduinobot_ws/build/arduinobot_description': CMAKE_PREFIX_PATH=/opt/ros/humble /usr/bin/cmake --build /home/farhan/arduinobot_ws/build/arduinobot_description -- -j4 -l4
[0.696s] Invoked command in '/home/farhan/arduinobot_ws/build/arduinobot_description' returned '0': CMAKE_PREFIX_PATH=/opt/ros/humble /usr/bin/cmake --build /home/farhan/arduinobot_ws/build/arduinobot_description -- -j4 -l4
[0.761s] Invoking command in '/home/farhan/arduinobot_ws/build/arduinobot_description': CMAKE_PREFIX_PATH=/opt/ros/humble /usr/bin/cmake --install /home/farhan/arduinobot_ws/build/arduinobot_description
[0.777s] -- Install configuration: ""
[0.777s] -- Up-to-date: /home/farhan/arduinobot_ws/install/arduinobot_description/share/arduinobot_description/meshes
[0.778s] -- Up-to-date: /home/farhan/arduinobot_ws/install/arduinobot_description/share/arduinobot_description/meshes/left_finger.STL
[0.778s] -- Up-to-date: /home/farhan/arduinobot_ws/install/arduinobot_description/share/arduinobot_description/meshes/plate.STL
[0.778s] -- Up-to-date: /home/farhan/arduinobot_ws/install/arduinobot_description/share/arduinobot_description/meshes/right_finger.STL
[0.778s] -- Up-to-date: /home/farhan/arduinobot_ws/install/arduinobot_description/share/arduinobot_description/meshes/claw_support.STL
[0.779s] -- Up-to-date: /home/farhan/arduinobot_ws/install/arduinobot_description/share/arduinobot_description/meshes/servo_plate.STL
[0.779s] -- Up-to-date: /home/farhan/arduinobot_ws/install/arduinobot_description/share/arduinobot_description/meshes/round_plate.STL
[0.779s] -- Up-to-date: /home/farhan/arduinobot_ws/install/arduinobot_description/share/arduinobot_description/meshes/horizontal_arm.STL
[0.779s] -- Up-to-date: /home/farhan/arduinobot_ws/install/arduinobot_description/share/arduinobot_description/meshes/basement.STL
[0.779s] -- Up-to-date: /home/farhan/arduinobot_ws/install/arduinobot_description/share/arduinobot_description/meshes/base_plate.STL
[0.779s] -- Up-to-date: /home/farhan/arduinobot_ws/install/arduinobot_description/share/arduinobot_description/meshes/triangular_link.STL
[0.779s] -- Up-to-date: /home/farhan/arduinobot_ws/install/arduinobot_description/share/arduinobot_description/meshes/vertical_drive_arm.STL
[0.780s] -- Up-to-date: /home/farhan/arduinobot_ws/install/arduinobot_description/share/arduinobot_description/meshes/link.STL
[0.780s] -- Up-to-date: /home/farhan/arduinobot_ws/install/arduinobot_description/share/arduinobot_description/meshes/forward_drive_arm.STL
[0.780s] -- Up-to-date: /home/farhan/arduinobot_ws/install/arduinobot_description/share/arduinobot_description/urdf
[0.780s] -- Up-to-date: /home/farhan/arduinobot_ws/install/arduinobot_description/share/arduinobot_description/urdf/arduinobot.urdf.xacro
[0.780s] -- Up-to-date: /home/farhan/arduinobot_ws/install/arduinobot_description/share/ament_index/resource_index/package_run_dependencies/arduinobot_description
[0.781s] -- Up-to-date: /home/farhan/arduinobot_ws/install/arduinobot_description/share/ament_index/resource_index/parent_prefix_path/arduinobot_description
[0.781s] -- Up-to-date: /home/farhan/arduinobot_ws/install/arduinobot_description/share/arduinobot_description/environment/ament_prefix_path.sh
[0.782s] -- Up-to-date: /home/farhan/arduinobot_ws/install/arduinobot_description/share/arduinobot_description/environment/ament_prefix_path.dsv
[0.783s] -- Up-to-date: /home/farhan/arduinobot_ws/install/arduinobot_description/share/arduinobot_description/environment/path.sh
[0.783s] -- Up-to-date: /home/farhan/arduinobot_ws/install/arduinobot_description/share/arduinobot_description/environment/path.dsv
[0.783s] -- Up-to-date: /home/farhan/arduinobot_ws/install/arduinobot_description/share/arduinobot_description/local_setup.bash
[0.783s] -- Up-to-date: /home/farhan/arduinobot_ws/install/arduinobot_description/share/arduinobot_description/local_setup.sh
[0.784s] -- Up-to-date: /home/farhan/arduinobot_ws/install/arduinobot_description/share/arduinobot_description/local_setup.zsh
[0.784s] -- Up-to-date: /home/farhan/arduinobot_ws/install/arduinobot_description/share/arduinobot_description/local_setup.dsv
[0.784s] -- Installing: /home/farhan/arduinobot_ws/install/arduinobot_description/share/arduinobot_description/package.dsv
[0.784s] -- Up-to-date: /home/farhan/arduinobot_ws/install/arduinobot_description/share/ament_index/resource_index/packages/arduinobot_description
[0.784s] -- Up-to-date: /home/farhan/arduinobot_ws/install/arduinobot_description/share/arduinobot_description/cmake/arduinobot_descriptionConfig.cmake
[0.784s] -- Up-to-date: /home/farhan/arduinobot_ws/install/arduinobot_description/share/arduinobot_description/cmake/arduinobot_descriptionConfig-version.cmake
[0.785s] -- Up-to-date: /home/farhan/arduinobot_ws/install/arduinobot_description/share/arduinobot_description/package.xml
[0.797s] Invoked command in '/home/farhan/arduinobot_ws/build/arduinobot_description' returned '0': CMAKE_PREFIX_PATH=/opt/ros/humble /usr/bin/cmake --install /home/farhan/arduinobot_ws/build/arduinobot_description
