[0.101s] Invoking command in '/home/farhan/arduinobot_ws/build/arduinobot_cpp_examples': CMAKE_PREFIX_PATH=/home/farhan/arduinobot_ws/install/arduinobot_msgs:/home/farhan/arduinobot_ws/install/arduinobot_utils:/home/farhan/arduinobot_ws/install/arduinobot_cpp_examples:/home/farhan/arduinobot_ws/install/arduinobot_description:/home/farhan/arduinobot_ws/install/arduinobot_controller:/home/farhan/arduinobot_ws/install/arduinobot_py_examples:/opt/ros/humble /usr/bin/cmake --build /home/farhan/arduinobot_ws/build/arduinobot_cpp_examples -- -j4 -l4
[1.119s] -- Found ament_cmake: 1.3.5 (/opt/ros/humble/share/ament_cmake/cmake)
[1.119s] -- Found rclcpp: 16.0.5 (/opt/ros/humble/share/rclcpp/cmake)
[1.120s] -- Found rosidl_generator_c: 3.1.5 (/opt/ros/humble/share/rosidl_generator_c/cmake)
[1.120s] -- Found rosidl_adapter: 3.1.5 (/opt/ros/humble/share/rosidl_adapter/cmake)
[1.142s] -- Found rosidl_generator_cpp: 3.1.5 (/opt/ros/humble/share/rosidl_generator_cpp/cmake)
[1.262s] -- Using all available rosidl_typesupport_c: rosidl_typesupport_fastrtps_c;rosidl_typesupport_introspection_c
[1.395s] -- Using all available rosidl_typesupport_cpp: rosidl_typesupport_fastrtps_cpp;rosidl_typesupport_introspection_cpp
[2.048s] -- Found rmw_implementation_cmake: 6.1.1 (/opt/ros/humble/share/rmw_implementation_cmake/cmake)
[2.072s] -- Found rmw_fastrtps_cpp: 6.2.3 (/opt/ros/humble/share/rmw_fastrtps_cpp/cmake)
[2.803s] -- Using RMW implementation 'rmw_fastrtps_cpp' as default
[3.645s] -- Found arduinobot_msgs: 0.0.0 (/home/farhan/arduinobot_ws/install/arduinobot_msgs/share/arduinobot_msgs/cmake)
[3.704s] -- Found ament_lint_auto: 0.12.7 (/opt/ros/humble/share/ament_lint_auto/cmake)
[3.972s] -- Added test 'cppcheck' to perform static code analysis on C / C++ code
[3.973s] -- Configured cppcheck include dirs: 
[3.973s] -- Configured cppcheck exclude dirs and/or files: 
[3.997s] -- Added test 'lint_cmake' to check CMake code style
[3.997s] -- Added test 'uncrustify' to check C / C++ code style
[3.998s] -- Configured uncrustify additional arguments: 
[3.998s] -- Added test 'xmllint' to check XML markup files
[3.999s] -- Configuring done
[4.092s] -- Generating done
[4.098s] -- Build files have been written to: /home/farhan/arduinobot_ws/build/arduinobot_cpp_examples
[4.192s] [35m[1mConsolidate compiler generated dependencies of target simple_parameter[0m
[4.194s] [35m[1mConsolidate compiler generated dependencies of target simple_publisher[0m
[4.211s] [35m[1mConsolidate compiler generated dependencies of target simple_service_server[0m
[4.223s] [35m[1mConsolidate compiler generated dependencies of target simple_subscriber[0m
[4.280s] [ 10%] [32mBuilding CXX object CMakeFiles/simple_service_server.dir/src/simple_service_server.cpp.o[0m
[4.281s] [ 30%] Built target simple_parameter
[4.305s] [ 50%] Built target simple_publisher
[4.351s] [ 70%] Built target simple_subscriber
[4.356s] [35m[1mConsolidate compiler generated dependencies of target simple_service_client[0m
[4.432s] [ 80%] [32mBuilding CXX object CMakeFiles/simple_service_client.dir/src/simple_service_client.cpp.o[0m
[15.870s] [ 90%] [32m[1mLinking CXX executable simple_service_server[0m
[16.135s] [100%] [32m[1mLinking CXX executable simple_service_client[0m
[16.705s] [100%] Built target simple_service_server
[16.721s] [100%] Built target simple_service_client
