[0.874s] Invoking command in '/home/farhan/arduinobot_ws/build/arduinobot_utils': CMAKE_PREFIX_PATH=/home/farhan/arduinobot_ws/install/arduinobot_msgs:/home/farhan/arduinobot_ws/install/arduinobot_utils:/home/farhan/arduinobot_ws/install/arduinobot_cpp_examples:/home/farhan/arduinobot_ws/install/arduinobot_description:/home/farhan/arduinobot_ws/install/arduinobot_controller:/home/farhan/arduinobot_ws/install/arduinobot_py_examples:/opt/ros/humble /usr/bin/cmake --build /home/farhan/arduinobot_ws/build/arduinobot_utils -- -j4 -l4
[0.962s] -- Found ament_cmake: 1.3.5 (/opt/ros/humble/share/ament_cmake/cmake)
[1.546s] -- Found rclpy: 3.3.9 (/opt/ros/humble/share/rclpy/cmake)
[1.547s] -- Found arduinobot_msgs: 0.0.0 (/home/farhan/arduinobot_ws/install/arduinobot_msgs/share/arduinobot_msgs/cmake)
[1.618s] -- Found rosidl_generator_c: 3.1.5 (/opt/ros/humble/share/rosidl_generator_c/cmake)
[1.627s] -- Found rosidl_adapter: 3.1.5 (/opt/ros/humble/share/rosidl_adapter/cmake)
[1.647s] -- Found rosidl_generator_cpp: 3.1.5 (/opt/ros/humble/share/rosidl_generator_cpp/cmake)
[1.699s] -- Using all available rosidl_typesupport_c: rosidl_typesupport_fastrtps_c;rosidl_typesupport_introspection_c
[1.739s] -- Using all available rosidl_typesupport_cpp: rosidl_typesupport_fastrtps_cpp;rosidl_typesupport_introspection_cpp
[2.024s] -- Found ament_lint_auto: 0.12.7 (/opt/ros/humble/share/ament_lint_auto/cmake)
[2.262s] -- Added test 'flake8' to check Python code syntax and style conventions
[2.264s] -- Added test 'lint_cmake' to check CMake code style
[2.267s] -- Added test 'pep257' to check Python code against some of the docstring style conventions in PEP 257
[2.270s] -- Added test 'xmllint' to check XML markup files
[2.284s] -- Configuring done
[2.309s] -- Generating done
[2.319s] -- Build files have been written to: /home/farhan/arduinobot_ws/build/arduinobot_utils
[2.475s] Built target ament_cmake_python_copy_arduinobot_utils
[3.239s] running egg_info
[3.241s] creating arduinobot_utils.egg-info
[3.241s] writing arduinobot_utils.egg-info/PKG-INFO
[3.241s] writing dependency_links to arduinobot_utils.egg-info/dependency_links.txt
[3.242s] writing top-level names to arduinobot_utils.egg-info/top_level.txt
[3.242s] writing manifest file 'arduinobot_utils.egg-info/SOURCES.txt'
[3.247s] reading manifest file 'arduinobot_utils.egg-info/SOURCES.txt'
[3.249s] writing manifest file 'arduinobot_utils.egg-info/SOURCES.txt'
[3.331s] Built target ament_cmake_python_build_arduinobot_utils_egg
[3.357s] Invoked command in '/home/farhan/arduinobot_ws/build/arduinobot_utils' returned '0': CMAKE_PREFIX_PATH=/home/farhan/arduinobot_ws/install/arduinobot_msgs:/home/farhan/arduinobot_ws/install/arduinobot_utils:/home/farhan/arduinobot_ws/install/arduinobot_cpp_examples:/home/farhan/arduinobot_ws/install/arduinobot_description:/home/farhan/arduinobot_ws/install/arduinobot_controller:/home/farhan/arduinobot_ws/install/arduinobot_py_examples:/opt/ros/humble /usr/bin/cmake --build /home/farhan/arduinobot_ws/build/arduinobot_utils -- -j4 -l4
[3.425s] Invoking command in '/home/farhan/arduinobot_ws/build/arduinobot_utils': CMAKE_PREFIX_PATH=/home/farhan/arduinobot_ws/install/arduinobot_msgs:/home/farhan/arduinobot_ws/install/arduinobot_utils:/home/farhan/arduinobot_ws/install/arduinobot_cpp_examples:/home/farhan/arduinobot_ws/install/arduinobot_description:/home/farhan/arduinobot_ws/install/arduinobot_controller:/home/farhan/arduinobot_ws/install/arduinobot_py_examples:/opt/ros/humble /usr/bin/cmake --install /home/farhan/arduinobot_ws/build/arduinobot_utils
[3.441s] -- Install configuration: ""
[3.441s] -- Installing: /home/farhan/arduinobot_ws/install/arduinobot_utils/share/arduinobot_utils/environment/pythonpath.sh
[3.442s] -- Installing: /home/farhan/arduinobot_ws/install/arduinobot_utils/share/arduinobot_utils/environment/pythonpath.dsv
[3.442s] -- Installing: /home/farhan/arduinobot_ws/install/arduinobot_utils/local/lib/python3.10/dist-packages/arduinobot_utils-0.0.0-py3.10.egg-info
[3.442s] -- Installing: /home/farhan/arduinobot_ws/install/arduinobot_utils/local/lib/python3.10/dist-packages/arduinobot_utils-0.0.0-py3.10.egg-info/SOURCES.txt
[3.442s] -- Installing: /home/farhan/arduinobot_ws/install/arduinobot_utils/local/lib/python3.10/dist-packages/arduinobot_utils-0.0.0-py3.10.egg-info/PKG-INFO
[3.444s] -- Installing: /home/farhan/arduinobot_ws/install/arduinobot_utils/local/lib/python3.10/dist-packages/arduinobot_utils-0.0.0-py3.10.egg-info/dependency_links.txt
[3.445s] -- Installing: /home/farhan/arduinobot_ws/install/arduinobot_utils/local/lib/python3.10/dist-packages/arduinobot_utils-0.0.0-py3.10.egg-info/top_level.txt
[3.445s] -- Installing: /home/farhan/arduinobot_ws/install/arduinobot_utils/local/lib/python3.10/dist-packages/arduinobot_utils
[3.445s] -- Installing: /home/farhan/arduinobot_ws/install/arduinobot_utils/local/lib/python3.10/dist-packages/arduinobot_utils/angle_conversion.py
[3.445s] -- Installing: /home/farhan/arduinobot_ws/install/arduinobot_utils/local/lib/python3.10/dist-packages/arduinobot_utils/__init__.py
[3.530s] Listing '/home/farhan/arduinobot_ws/install/arduinobot_utils/local/lib/python3.10/dist-packages/arduinobot_utils'...
[3.530s] Compiling '/home/farhan/arduinobot_ws/install/arduinobot_utils/local/lib/python3.10/dist-packages/arduinobot_utils/__init__.py'...
[3.530s] Compiling '/home/farhan/arduinobot_ws/install/arduinobot_utils/local/lib/python3.10/dist-packages/arduinobot_utils/angle_conversion.py'...
[3.543s] -- Installing: /home/farhan/arduinobot_ws/install/arduinobot_utils/lib/arduinobot_utils/angle_conversion.py
[3.544s] -- Installing: /home/farhan/arduinobot_ws/install/arduinobot_utils/share/ament_index/resource_index/package_run_dependencies/arduinobot_utils
[3.544s] -- Installing: /home/farhan/arduinobot_ws/install/arduinobot_utils/share/ament_index/resource_index/parent_prefix_path/arduinobot_utils
[3.544s] -- Up-to-date: /home/farhan/arduinobot_ws/install/arduinobot_utils/share/arduinobot_utils/environment/ament_prefix_path.sh
[3.545s] -- Installing: /home/farhan/arduinobot_ws/install/arduinobot_utils/share/arduinobot_utils/environment/ament_prefix_path.dsv
[3.545s] -- Up-to-date: /home/farhan/arduinobot_ws/install/arduinobot_utils/share/arduinobot_utils/environment/path.sh
[3.545s] -- Installing: /home/farhan/arduinobot_ws/install/arduinobot_utils/share/arduinobot_utils/environment/path.dsv
[3.545s] -- Up-to-date: /home/farhan/arduinobot_ws/install/arduinobot_utils/share/arduinobot_utils/local_setup.bash
[3.546s] -- Installing: /home/farhan/arduinobot_ws/install/arduinobot_utils/share/arduinobot_utils/local_setup.sh
[3.546s] -- Up-to-date: /home/farhan/arduinobot_ws/install/arduinobot_utils/share/arduinobot_utils/local_setup.zsh
[3.546s] -- Installing: /home/farhan/arduinobot_ws/install/arduinobot_utils/share/arduinobot_utils/local_setup.dsv
[3.547s] -- Installing: /home/farhan/arduinobot_ws/install/arduinobot_utils/share/arduinobot_utils/package.dsv
[3.547s] -- Up-to-date: /home/farhan/arduinobot_ws/install/arduinobot_utils/share/ament_index/resource_index/packages/arduinobot_utils
[3.547s] -- Up-to-date: /home/farhan/arduinobot_ws/install/arduinobot_utils/share/arduinobot_utils/cmake/arduinobot_utilsConfig.cmake
[3.547s] -- Up-to-date: /home/farhan/arduinobot_ws/install/arduinobot_utils/share/arduinobot_utils/cmake/arduinobot_utilsConfig-version.cmake
[3.547s] -- Installing: /home/farhan/arduinobot_ws/install/arduinobot_utils/share/arduinobot_utils/package.xml
[3.562s] Invoked command in '/home/farhan/arduinobot_ws/build/arduinobot_utils' returned '0': CMAKE_PREFIX_PATH=/home/farhan/arduinobot_ws/install/arduinobot_msgs:/home/farhan/arduinobot_ws/install/arduinobot_utils:/home/farhan/arduinobot_ws/install/arduinobot_cpp_examples:/home/farhan/arduinobot_ws/install/arduinobot_description:/home/farhan/arduinobot_ws/install/arduinobot_controller:/home/farhan/arduinobot_ws/install/arduinobot_py_examples:/opt/ros/humble /usr/bin/cmake --install /home/farhan/arduinobot_ws/build/arduinobot_utils
