[1.629s] Invoking command in '/home/farhan/arduinobot_ws/src/arduinobot_py_examples': PYTHONPATH=/home/farhan/arduinobot_ws/build/arduinobot_py_examples/prefix_override:/home/farhan/arduinobot_ws/install/arduinobot_py_examples/lib/python3.10/site-packages:${PYTHONPATH} /usr/bin/python3 setup.py egg_info --egg-base ../../build/arduinobot_py_examples build --build-base /home/farhan/arduinobot_ws/build/arduinobot_py_examples/build install --record /home/farhan/arduinobot_ws/build/arduinobot_py_examples/install.log --single-version-externally-managed
[2.100s] running egg_info
[2.101s] creating ../../build/arduinobot_py_examples/arduinobot_py_examples.egg-info
[2.101s] writing ../../build/arduinobot_py_examples/arduinobot_py_examples.egg-info/PKG-INFO
[2.102s] writing dependency_links to ../../build/arduinobot_py_examples/arduinobot_py_examples.egg-info/dependency_links.txt
[2.102s] writing entry points to ../../build/arduinobot_py_examples/arduinobot_py_examples.egg-info/entry_points.txt
[2.102s] writing requirements to ../../build/arduinobot_py_examples/arduinobot_py_examples.egg-info/requires.txt
[2.103s] writing top-level names to ../../build/arduinobot_py_examples/arduinobot_py_examples.egg-info/top_level.txt
[2.103s] writing manifest file '../../build/arduinobot_py_examples/arduinobot_py_examples.egg-info/SOURCES.txt'
[2.105s] reading manifest file '../../build/arduinobot_py_examples/arduinobot_py_examples.egg-info/SOURCES.txt'
[2.110s] writing manifest file '../../build/arduinobot_py_examples/arduinobot_py_examples.egg-info/SOURCES.txt'
[2.111s] running build
[2.111s] running build_py
[2.111s] creating /home/farhan/arduinobot_ws/build/arduinobot_py_examples/build
[2.111s] creating /home/farhan/arduinobot_ws/build/arduinobot_py_examples/build/lib
[2.111s] creating /home/farhan/arduinobot_ws/build/arduinobot_py_examples/build/lib/arduinobot_py_examples
[2.112s] copying arduinobot_py_examples/__init__.py -> /home/farhan/arduinobot_ws/build/arduinobot_py_examples/build/lib/arduinobot_py_examples
[2.112s] running install
[2.112s] /usr/lib/python3/dist-packages/setuptools/command/install.py:34: SetuptoolsDeprecationWarning: setup.py install is deprecated. Use build and pip and other standards-based tools.
[2.113s]   warnings.warn(
[2.113s] running install_lib
[2.116s] creating /home/farhan/arduinobot_ws/install/arduinobot_py_examples/lib/python3.10/site-packages/arduinobot_py_examples
[2.117s] copying /home/farhan/arduinobot_ws/build/arduinobot_py_examples/build/lib/arduinobot_py_examples/__init__.py -> /home/farhan/arduinobot_ws/install/arduinobot_py_examples/lib/python3.10/site-packages/arduinobot_py_examples
[2.117s] byte-compiling /home/farhan/arduinobot_ws/install/arduinobot_py_examples/lib/python3.10/site-packages/arduinobot_py_examples/__init__.py to __init__.cpython-310.pyc
[2.117s] running install_data
[2.118s] creating /home/farhan/arduinobot_ws/install/arduinobot_py_examples/share/ament_index
[2.118s] creating /home/farhan/arduinobot_ws/install/arduinobot_py_examples/share/ament_index/resource_index
[2.118s] creating /home/farhan/arduinobot_ws/install/arduinobot_py_examples/share/ament_index/resource_index/packages
[2.118s] copying resource/arduinobot_py_examples -> /home/farhan/arduinobot_ws/install/arduinobot_py_examples/share/ament_index/resource_index/packages
[2.118s] copying package.xml -> /home/farhan/arduinobot_ws/install/arduinobot_py_examples/share/arduinobot_py_examples
[2.119s] running install_egg_info
[2.121s] Copying ../../build/arduinobot_py_examples/arduinobot_py_examples.egg-info to /home/farhan/arduinobot_ws/install/arduinobot_py_examples/lib/python3.10/site-packages/arduinobot_py_examples-0.0.0-py3.10.egg-info
[2.122s] running install_scripts
[2.154s] writing list of installed files to '/home/farhan/arduinobot_ws/build/arduinobot_py_examples/install.log'
[2.202s] Invoked command in '/home/farhan/arduinobot_ws/src/arduinobot_py_examples' returned '0': PYTHONPATH=/home/farhan/arduinobot_ws/build/arduinobot_py_examples/prefix_override:/home/farhan/arduinobot_ws/install/arduinobot_py_examples/lib/python3.10/site-packages:${PYTHONPATH} /usr/bin/python3 setup.py egg_info --egg-base ../../build/arduinobot_py_examples build --build-base /home/farhan/arduinobot_ws/build/arduinobot_py_examples/build install --record /home/farhan/arduinobot_ws/build/arduinobot_py_examples/install.log --single-version-externally-managed
