[1.999s] Invoking command in '/home/farhan/arduinobot_ws/build/arduinobot_utils': CMAKE_PREFIX_PATH=/home/farhan/arduinobot_ws/install/arduinobot_msgs:/home/farhan/arduinobot_ws/install/arduinobot_utils:/home/farhan/arduinobot_ws/install/arduinobot_cpp_examples:/home/farhan/arduinobot_ws/install/arduinobot_moveit:/home/farhan/arduinobot_ws/install/arduinobot_description:/home/farhan/arduinobot_ws/install/arduinobot_controller:/home/farhan/arduinobot_ws/install/arduinobot_py_examples:/opt/ros/humble /usr/bin/cmake --build /home/farhan/arduinobot_ws/build/arduinobot_utils -- -j4 -l4
[2.832s] Built target ament_cmake_python_copy_arduinobot_utils
[5.118s] running egg_info
[5.135s] writing arduinobot_utils.egg-info/PKG-INFO
[5.136s] writing dependency_links to arduinobot_utils.egg-info/dependency_links.txt
[5.137s] writing top-level names to arduinobot_utils.egg-info/top_level.txt
[5.160s] reading manifest file 'arduinobot_utils.egg-info/SOURCES.txt'
[5.182s] writing manifest file 'arduinobot_utils.egg-info/SOURCES.txt'
[5.544s] Built target ament_cmake_python_build_arduinobot_utils_egg
[5.637s] Invoked command in '/home/farhan/arduinobot_ws/build/arduinobot_utils' returned '0': CMAKE_PREFIX_PATH=/home/farhan/arduinobot_ws/install/arduinobot_msgs:/home/farhan/arduinobot_ws/install/arduinobot_utils:/home/farhan/arduinobot_ws/install/arduinobot_cpp_examples:/home/farhan/arduinobot_ws/install/arduinobot_moveit:/home/farhan/arduinobot_ws/install/arduinobot_description:/home/farhan/arduinobot_ws/install/arduinobot_controller:/home/farhan/arduinobot_ws/install/arduinobot_py_examples:/opt/ros/humble /usr/bin/cmake --build /home/farhan/arduinobot_ws/build/arduinobot_utils -- -j4 -l4
[5.920s] Invoking command in '/home/farhan/arduinobot_ws/build/arduinobot_utils': CMAKE_PREFIX_PATH=/home/farhan/arduinobot_ws/install/arduinobot_msgs:/home/farhan/arduinobot_ws/install/arduinobot_utils:/home/farhan/arduinobot_ws/install/arduinobot_cpp_examples:/home/farhan/arduinobot_ws/install/arduinobot_moveit:/home/farhan/arduinobot_ws/install/arduinobot_description:/home/farhan/arduinobot_ws/install/arduinobot_controller:/home/farhan/arduinobot_ws/install/arduinobot_py_examples:/opt/ros/humble /usr/bin/cmake --install /home/farhan/arduinobot_ws/build/arduinobot_utils
[6.057s] -- Install configuration: ""
[6.058s] -- Up-to-date: /home/farhan/arduinobot_ws/install/arduinobot_utils/share/arduinobot_utils/environment/pythonpath.sh
[6.059s] -- Up-to-date: /home/farhan/arduinobot_ws/install/arduinobot_utils/share/arduinobot_utils/environment/pythonpath.dsv
[6.061s] -- Up-to-date: /home/farhan/arduinobot_ws/install/arduinobot_utils/local/lib/python3.10/dist-packages/arduinobot_utils-0.0.0-py3.10.egg-info
[6.066s] -- Installing: /home/farhan/arduinobot_ws/install/arduinobot_utils/local/lib/python3.10/dist-packages/arduinobot_utils-0.0.0-py3.10.egg-info/SOURCES.txt
[6.078s] -- Installing: /home/farhan/arduinobot_ws/install/arduinobot_utils/local/lib/python3.10/dist-packages/arduinobot_utils-0.0.0-py3.10.egg-info/PKG-INFO
[6.079s] -- Installing: /home/farhan/arduinobot_ws/install/arduinobot_utils/local/lib/python3.10/dist-packages/arduinobot_utils-0.0.0-py3.10.egg-info/dependency_links.txt
[6.080s] -- Installing: /home/farhan/arduinobot_ws/install/arduinobot_utils/local/lib/python3.10/dist-packages/arduinobot_utils-0.0.0-py3.10.egg-info/top_level.txt
[6.080s] -- Up-to-date: /home/farhan/arduinobot_ws/install/arduinobot_utils/local/lib/python3.10/dist-packages/arduinobot_utils
[6.081s] -- Up-to-date: /home/farhan/arduinobot_ws/install/arduinobot_utils/local/lib/python3.10/dist-packages/arduinobot_utils/angle_conversion.py
[6.081s] -- Up-to-date: /home/farhan/arduinobot_ws/install/arduinobot_utils/local/lib/python3.10/dist-packages/arduinobot_utils/__init__.py
[6.219s] Listing '/home/farhan/arduinobot_ws/install/arduinobot_utils/local/lib/python3.10/dist-packages/arduinobot_utils'...
[6.248s] -- Up-to-date: /home/farhan/arduinobot_ws/install/arduinobot_utils/lib/arduinobot_utils/angle_conversion.py
[6.250s] -- Up-to-date: /home/farhan/arduinobot_ws/install/arduinobot_utils/share/ament_index/resource_index/package_run_dependencies/arduinobot_utils
[6.251s] -- Up-to-date: /home/farhan/arduinobot_ws/install/arduinobot_utils/share/ament_index/resource_index/parent_prefix_path/arduinobot_utils
[6.253s] -- Up-to-date: /home/farhan/arduinobot_ws/install/arduinobot_utils/share/arduinobot_utils/environment/ament_prefix_path.sh
[6.307s] -- Up-to-date: /home/farhan/arduinobot_ws/install/arduinobot_utils/share/arduinobot_utils/environment/ament_prefix_path.dsv
[6.308s] -- Up-to-date: /home/farhan/arduinobot_ws/install/arduinobot_utils/share/arduinobot_utils/environment/path.sh
[6.309s] -- Up-to-date: /home/farhan/arduinobot_ws/install/arduinobot_utils/share/arduinobot_utils/environment/path.dsv
[6.309s] -- Up-to-date: /home/farhan/arduinobot_ws/install/arduinobot_utils/share/arduinobot_utils/local_setup.bash
[6.310s] -- Up-to-date: /home/farhan/arduinobot_ws/install/arduinobot_utils/share/arduinobot_utils/local_setup.sh
[6.310s] -- Up-to-date: /home/farhan/arduinobot_ws/install/arduinobot_utils/share/arduinobot_utils/local_setup.zsh
[6.311s] -- Up-to-date: /home/farhan/arduinobot_ws/install/arduinobot_utils/share/arduinobot_utils/local_setup.dsv
[6.311s] -- Installing: /home/farhan/arduinobot_ws/install/arduinobot_utils/share/arduinobot_utils/package.dsv
[6.311s] -- Up-to-date: /home/farhan/arduinobot_ws/install/arduinobot_utils/share/ament_index/resource_index/packages/arduinobot_utils
[6.312s] -- Up-to-date: /home/farhan/arduinobot_ws/install/arduinobot_utils/share/arduinobot_utils/cmake/arduinobot_utilsConfig.cmake
[6.312s] -- Up-to-date: /home/farhan/arduinobot_ws/install/arduinobot_utils/share/arduinobot_utils/cmake/arduinobot_utilsConfig-version.cmake
[6.312s] -- Up-to-date: /home/farhan/arduinobot_ws/install/arduinobot_utils/share/arduinobot_utils/package.xml
[6.313s] Invoked command in '/home/farhan/arduinobot_ws/build/arduinobot_utils' returned '0': CMAKE_PREFIX_PATH=/home/farhan/arduinobot_ws/install/arduinobot_msgs:/home/farhan/arduinobot_ws/install/arduinobot_utils:/home/farhan/arduinobot_ws/install/arduinobot_cpp_examples:/home/farhan/arduinobot_ws/install/arduinobot_moveit:/home/farhan/arduinobot_ws/install/arduinobot_description:/home/farhan/arduinobot_ws/install/arduinobot_controller:/home/farhan/arduinobot_ws/install/arduinobot_py_examples:/opt/ros/humble /usr/bin/cmake --install /home/farhan/arduinobot_ws/build/arduinobot_utils
