[0.048s] Invoking command in '/home/farhan/arduinobot_ws/build/arduinobot_description': CMAKE_PREFIX_PATH=/opt/ros/humble /usr/bin/cmake --build /home/farhan/arduinobot_ws/build/arduinobot_description -- -j4 -l4
[1.206s] Invoked command in '/home/farhan/arduinobot_ws/build/arduinobot_description' returned '0': CMAKE_PREFIX_PATH=/opt/ros/humble /usr/bin/cmake --build /home/farhan/arduinobot_ws/build/arduinobot_description -- -j4 -l4
[1.275s] Invoking command in '/home/farhan/arduinobot_ws/build/arduinobot_description': CMAKE_PREFIX_PATH=/opt/ros/humble /usr/bin/cmake --install /home/farhan/arduinobot_ws/build/arduinobot_description
[1.293s] -- Install configuration: ""
[1.293s] -- Up-to-date: /home/farhan/arduinobot_ws/install/arduinobot_description/share/arduinobot_description/meshes
[1.293s] -- Up-to-date: /home/farhan/arduinobot_ws/install/arduinobot_description/share/arduinobot_description/meshes/left_finger.STL
[1.294s] -- Up-to-date: /home/farhan/arduinobot_ws/install/arduinobot_description/share/arduinobot_description/meshes/plate.STL
[1.294s] -- Up-to-date: /home/farhan/arduinobot_ws/install/arduinobot_description/share/arduinobot_description/meshes/right_finger.STL
[1.294s] -- Up-to-date: /home/farhan/arduinobot_ws/install/arduinobot_description/share/arduinobot_description/meshes/claw_support.STL
[1.294s] -- Up-to-date: /home/farhan/arduinobot_ws/install/arduinobot_description/share/arduinobot_description/meshes/servo_plate.STL
[1.295s] -- Up-to-date: /home/farhan/arduinobot_ws/install/arduinobot_description/share/arduinobot_description/meshes/round_plate.STL
[1.295s] -- Up-to-date: /home/farhan/arduinobot_ws/install/arduinobot_description/share/arduinobot_description/meshes/horizontal_arm.STL
[1.295s] -- Up-to-date: /home/farhan/arduinobot_ws/install/arduinobot_description/share/arduinobot_description/meshes/basement.STL
[1.295s] -- Up-to-date: /home/farhan/arduinobot_ws/install/arduinobot_description/share/arduinobot_description/meshes/base_plate.STL
[1.295s] -- Up-to-date: /home/farhan/arduinobot_ws/install/arduinobot_description/share/arduinobot_description/meshes/triangular_link.STL
[1.297s] -- Up-to-date: /home/farhan/arduinobot_ws/install/arduinobot_description/share/arduinobot_description/meshes/vertical_drive_arm.STL
[1.298s] -- Up-to-date: /home/farhan/arduinobot_ws/install/arduinobot_description/share/arduinobot_description/meshes/link.STL
[1.298s] -- Up-to-date: /home/farhan/arduinobot_ws/install/arduinobot_description/share/arduinobot_description/meshes/forward_drive_arm.STL
[1.300s] -- Up-to-date: /home/farhan/arduinobot_ws/install/arduinobot_description/share/arduinobot_description/urdf
[1.300s] -- Up-to-date: /home/farhan/arduinobot_ws/install/arduinobot_description/share/arduinobot_description/urdf/arduinobot.urdf.xacro
[1.300s] -- Up-to-date: /home/farhan/arduinobot_ws/install/arduinobot_description/share/ament_index/resource_index/package_run_dependencies/arduinobot_description
[1.300s] -- Up-to-date: /home/farhan/arduinobot_ws/install/arduinobot_description/share/ament_index/resource_index/parent_prefix_path/arduinobot_description
[1.300s] -- Up-to-date: /home/farhan/arduinobot_ws/install/arduinobot_description/share/arduinobot_description/environment/ament_prefix_path.sh
[1.301s] -- Up-to-date: /home/farhan/arduinobot_ws/install/arduinobot_description/share/arduinobot_description/environment/ament_prefix_path.dsv
[1.301s] -- Up-to-date: /home/farhan/arduinobot_ws/install/arduinobot_description/share/arduinobot_description/environment/path.sh
[1.301s] -- Up-to-date: /home/farhan/arduinobot_ws/install/arduinobot_description/share/arduinobot_description/environment/path.dsv
[1.301s] -- Up-to-date: /home/farhan/arduinobot_ws/install/arduinobot_description/share/arduinobot_description/local_setup.bash
[1.302s] -- Up-to-date: /home/farhan/arduinobot_ws/install/arduinobot_description/share/arduinobot_description/local_setup.sh
[1.302s] -- Up-to-date: /home/farhan/arduinobot_ws/install/arduinobot_description/share/arduinobot_description/local_setup.zsh
[1.302s] -- Up-to-date: /home/farhan/arduinobot_ws/install/arduinobot_description/share/arduinobot_description/local_setup.dsv
[1.302s] -- Installing: /home/farhan/arduinobot_ws/install/arduinobot_description/share/arduinobot_description/package.dsv
[1.303s] -- Up-to-date: /home/farhan/arduinobot_ws/install/arduinobot_description/share/ament_index/resource_index/packages/arduinobot_description
[1.303s] -- Up-to-date: /home/farhan/arduinobot_ws/install/arduinobot_description/share/arduinobot_description/cmake/arduinobot_descriptionConfig.cmake
[1.303s] -- Up-to-date: /home/farhan/arduinobot_ws/install/arduinobot_description/share/arduinobot_description/cmake/arduinobot_descriptionConfig-version.cmake
[1.303s] -- Up-to-date: /home/farhan/arduinobot_ws/install/arduinobot_description/share/arduinobot_description/package.xml
[1.308s] Invoked command in '/home/farhan/arduinobot_ws/build/arduinobot_description' returned '0': CMAKE_PREFIX_PATH=/opt/ros/humble /usr/bin/cmake --install /home/farhan/arduinobot_ws/build/arduinobot_description
