[0.445s] DEBUG:colcon:Command line arguments: ['/usr/bin/colcon', 'build']
[0.445s] DEBUG:colcon:Parsed command line arguments: Namespace(log_base=None, log_level=None, verb_name='build', build_base='build', install_base='install', merge_install=False, symlink_install=False, test_result_base=None, continue_on_error=False, executor='parallel', parallel_workers=4, event_handlers=None, ignore_user_meta=False, metas=['./colcon.meta'], base_paths=['.'], packages_ignore=None, packages_ignore_regex=None, paths=None, packages_up_to=None, packages_up_to_regex=None, packages_above=None, packages_above_and_dependencies=None, packages_above_depth=None, packages_select_by_dep=None, packages_skip_by_dep=None, packages_skip_up_to=None, packages_select_build_failed=False, packages_skip_build_finished=False, packages_select_test_failures=False, packages_skip_test_passed=False, packages_select=None, packages_skip=None, packages_select_regex=None, packages_skip_regex=None, packages_start=None, packages_end=None, allow_overriding=[], cmake_args=None, cmake_target=None, cmake_target_skip_unavailable=False, cmake_clean_cache=False, cmake_clean_first=False, cmake_force_configure=False, ament_cmake_args=None, catkin_cmake_args=None, catkin_skip_building_tests=False, verb_parser=<colcon_defaults.argument_parser.defaults.DefaultArgumentsDecorator object at 0x7fd9183e0610>, verb_extension=<colcon_core.verb.build.BuildVerb object at 0x7fd918c4ff10>, main=<bound method BuildVerb.main of <colcon_core.verb.build.BuildVerb object at 0x7fd918c4ff10>>)
[0.491s] Level 1:colcon.colcon_core.package_discovery:discover_packages(colcon_meta) check parameters
[0.491s] Level 1:colcon.colcon_core.package_discovery:discover_packages(recursive) check parameters
[0.491s] Level 1:colcon.colcon_core.package_discovery:discover_packages(ignore) check parameters
[0.491s] Level 1:colcon.colcon_core.package_discovery:discover_packages(path) check parameters
[0.491s] Level 1:colcon.colcon_core.package_discovery:discover_packages(colcon_meta) discover
[0.491s] Level 1:colcon.colcon_core.package_discovery:discover_packages(recursive) discover
[0.491s] INFO:colcon.colcon_core.package_discovery:Crawling recursively for packages in '/home/farhan/arduinobot_ws'
[0.491s] Level 1:colcon.colcon_core.package_identification:_identify(.) by extensions ['ignore', 'ignore_ament_install']
[0.491s] Level 1:colcon.colcon_core.package_identification:_identify(.) by extension 'ignore'
[0.492s] Level 1:colcon.colcon_core.package_identification:_identify(.) by extension 'ignore_ament_install'
[0.492s] Level 1:colcon.colcon_core.package_identification:_identify(.) by extensions ['colcon_pkg']
[0.492s] Level 1:colcon.colcon_core.package_identification:_identify(.) by extension 'colcon_pkg'
[0.492s] Level 1:colcon.colcon_core.package_identification:_identify(.) by extensions ['colcon_meta']
[0.492s] Level 1:colcon.colcon_core.package_identification:_identify(.) by extension 'colcon_meta'
[0.492s] Level 1:colcon.colcon_core.package_identification:_identify(.) by extensions ['ros']
[0.492s] Level 1:colcon.colcon_core.package_identification:_identify(.) by extension 'ros'
[0.508s] Level 1:colcon.colcon_core.package_identification:_identify(.) by extensions ['cmake', 'python']
[0.508s] Level 1:colcon.colcon_core.package_identification:_identify(.) by extension 'cmake'
[0.508s] Level 1:colcon.colcon_core.package_identification:_identify(.) by extension 'python'
[0.508s] Level 1:colcon.colcon_core.package_identification:_identify(.) by extensions ['python_setup_py']
[0.508s] Level 1:colcon.colcon_core.package_identification:_identify(.) by extension 'python_setup_py'
[0.508s] Level 1:colcon.colcon_core.package_identification:_identify(build) by extensions ['ignore', 'ignore_ament_install']
[0.509s] Level 1:colcon.colcon_core.package_identification:_identify(build) by extension 'ignore'
[0.509s] Level 1:colcon.colcon_core.package_identification:_identify(build) ignored
[0.509s] Level 1:colcon.colcon_core.package_identification:_identify(install) by extensions ['ignore', 'ignore_ament_install']
[0.509s] Level 1:colcon.colcon_core.package_identification:_identify(install) by extension 'ignore'
[0.509s] Level 1:colcon.colcon_core.package_identification:_identify(install) ignored
[0.510s] Level 1:colcon.colcon_core.package_identification:_identify(log) by extensions ['ignore', 'ignore_ament_install']
[0.510s] Level 1:colcon.colcon_core.package_identification:_identify(log) by extension 'ignore'
[0.510s] Level 1:colcon.colcon_core.package_identification:_identify(log) ignored
[0.510s] Level 1:colcon.colcon_core.package_identification:_identify(src) by extensions ['ignore', 'ignore_ament_install']
[0.510s] Level 1:colcon.colcon_core.package_identification:_identify(src) by extension 'ignore'
[0.510s] Level 1:colcon.colcon_core.package_identification:_identify(src) by extension 'ignore_ament_install'
[0.510s] Level 1:colcon.colcon_core.package_identification:_identify(src) by extensions ['colcon_pkg']
[0.510s] Level 1:colcon.colcon_core.package_identification:_identify(src) by extension 'colcon_pkg'
[0.510s] Level 1:colcon.colcon_core.package_identification:_identify(src) by extensions ['colcon_meta']
[0.511s] Level 1:colcon.colcon_core.package_identification:_identify(src) by extension 'colcon_meta'
[0.511s] Level 1:colcon.colcon_core.package_identification:_identify(src) by extensions ['ros']
[0.511s] Level 1:colcon.colcon_core.package_identification:_identify(src) by extension 'ros'
[0.511s] Level 1:colcon.colcon_core.package_identification:_identify(src) by extensions ['cmake', 'python']
[0.511s] Level 1:colcon.colcon_core.package_identification:_identify(src) by extension 'cmake'
[0.511s] Level 1:colcon.colcon_core.package_identification:_identify(src) by extension 'python'
[0.511s] Level 1:colcon.colcon_core.package_identification:_identify(src) by extensions ['python_setup_py']
[0.511s] Level 1:colcon.colcon_core.package_identification:_identify(src) by extension 'python_setup_py'
[0.511s] Level 1:colcon.colcon_core.package_identification:_identify(src/arduinobot_controller) by extensions ['ignore', 'ignore_ament_install']
[0.511s] Level 1:colcon.colcon_core.package_identification:_identify(src/arduinobot_controller) by extension 'ignore'
[0.511s] Level 1:colcon.colcon_core.package_identification:_identify(src/arduinobot_controller) by extension 'ignore_ament_install'
[0.512s] Level 1:colcon.colcon_core.package_identification:_identify(src/arduinobot_controller) by extensions ['colcon_pkg']
[0.512s] Level 1:colcon.colcon_core.package_identification:_identify(src/arduinobot_controller) by extension 'colcon_pkg'
[0.512s] Level 1:colcon.colcon_core.package_identification:_identify(src/arduinobot_controller) by extensions ['colcon_meta']
[0.512s] Level 1:colcon.colcon_core.package_identification:_identify(src/arduinobot_controller) by extension 'colcon_meta'
[0.512s] Level 1:colcon.colcon_core.package_identification:_identify(src/arduinobot_controller) by extensions ['ros']
[0.512s] Level 1:colcon.colcon_core.package_identification:_identify(src/arduinobot_controller) by extension 'ros'
[0.515s] DEBUG:colcon.colcon_core.package_identification:Package 'src/arduinobot_controller' with type 'ros.ament_cmake' and name 'arduinobot_controller'
[0.515s] Level 1:colcon.colcon_core.package_identification:_identify(src/arduinobot_cpp_examples) by extensions ['ignore', 'ignore_ament_install']
[0.516s] Level 1:colcon.colcon_core.package_identification:_identify(src/arduinobot_cpp_examples) by extension 'ignore'
[0.516s] Level 1:colcon.colcon_core.package_identification:_identify(src/arduinobot_cpp_examples) by extension 'ignore_ament_install'
[0.516s] Level 1:colcon.colcon_core.package_identification:_identify(src/arduinobot_cpp_examples) by extensions ['colcon_pkg']
[0.516s] Level 1:colcon.colcon_core.package_identification:_identify(src/arduinobot_cpp_examples) by extension 'colcon_pkg'
[0.516s] Level 1:colcon.colcon_core.package_identification:_identify(src/arduinobot_cpp_examples) by extensions ['colcon_meta']
[0.516s] Level 1:colcon.colcon_core.package_identification:_identify(src/arduinobot_cpp_examples) by extension 'colcon_meta'
[0.516s] Level 1:colcon.colcon_core.package_identification:_identify(src/arduinobot_cpp_examples) by extensions ['ros']
[0.516s] Level 1:colcon.colcon_core.package_identification:_identify(src/arduinobot_cpp_examples) by extension 'ros'
[0.517s] DEBUG:colcon.colcon_core.package_identification:Package 'src/arduinobot_cpp_examples' with type 'ros.ament_cmake' and name 'arduinobot_cpp_examples'
[0.517s] Level 1:colcon.colcon_core.package_identification:_identify(src/arduinobot_description) by extensions ['ignore', 'ignore_ament_install']
[0.517s] Level 1:colcon.colcon_core.package_identification:_identify(src/arduinobot_description) by extension 'ignore'
[0.518s] Level 1:colcon.colcon_core.package_identification:_identify(src/arduinobot_description) by extension 'ignore_ament_install'
[0.518s] Level 1:colcon.colcon_core.package_identification:_identify(src/arduinobot_description) by extensions ['colcon_pkg']
[0.518s] Level 1:colcon.colcon_core.package_identification:_identify(src/arduinobot_description) by extension 'colcon_pkg'
[0.518s] Level 1:colcon.colcon_core.package_identification:_identify(src/arduinobot_description) by extensions ['colcon_meta']
[0.518s] Level 1:colcon.colcon_core.package_identification:_identify(src/arduinobot_description) by extension 'colcon_meta'
[0.518s] Level 1:colcon.colcon_core.package_identification:_identify(src/arduinobot_description) by extensions ['ros']
[0.518s] Level 1:colcon.colcon_core.package_identification:_identify(src/arduinobot_description) by extension 'ros'
[0.519s] DEBUG:colcon.colcon_core.package_identification:Package 'src/arduinobot_description' with type 'ros.ament_cmake' and name 'arduinobot_description'
[0.519s] Level 1:colcon.colcon_core.package_identification:_identify(src/arduinobot_msgs) by extensions ['ignore', 'ignore_ament_install']
[0.520s] Level 1:colcon.colcon_core.package_identification:_identify(src/arduinobot_msgs) by extension 'ignore'
[0.520s] Level 1:colcon.colcon_core.package_identification:_identify(src/arduinobot_msgs) by extension 'ignore_ament_install'
[0.520s] Level 1:colcon.colcon_core.package_identification:_identify(src/arduinobot_msgs) by extensions ['colcon_pkg']
[0.520s] Level 1:colcon.colcon_core.package_identification:_identify(src/arduinobot_msgs) by extension 'colcon_pkg'
[0.520s] Level 1:colcon.colcon_core.package_identification:_identify(src/arduinobot_msgs) by extensions ['colcon_meta']
[0.520s] Level 1:colcon.colcon_core.package_identification:_identify(src/arduinobot_msgs) by extension 'colcon_meta'
[0.520s] Level 1:colcon.colcon_core.package_identification:_identify(src/arduinobot_msgs) by extensions ['ros']
[0.520s] Level 1:colcon.colcon_core.package_identification:_identify(src/arduinobot_msgs) by extension 'ros'
[0.522s] DEBUG:colcon.colcon_core.package_identification:Package 'src/arduinobot_msgs' with type 'ros.ament_cmake' and name 'arduinobot_msgs'
[0.522s] Level 1:colcon.colcon_core.package_identification:_identify(src/arduinobot_py_examples) by extensions ['ignore', 'ignore_ament_install']
[0.522s] Level 1:colcon.colcon_core.package_identification:_identify(src/arduinobot_py_examples) by extension 'ignore'
[0.522s] Level 1:colcon.colcon_core.package_identification:_identify(src/arduinobot_py_examples) by extension 'ignore_ament_install'
[0.522s] Level 1:colcon.colcon_core.package_identification:_identify(src/arduinobot_py_examples) by extensions ['colcon_pkg']
[0.522s] Level 1:colcon.colcon_core.package_identification:_identify(src/arduinobot_py_examples) by extension 'colcon_pkg'
[0.522s] Level 1:colcon.colcon_core.package_identification:_identify(src/arduinobot_py_examples) by extensions ['colcon_meta']
[0.522s] Level 1:colcon.colcon_core.package_identification:_identify(src/arduinobot_py_examples) by extension 'colcon_meta'
[0.522s] Level 1:colcon.colcon_core.package_identification:_identify(src/arduinobot_py_examples) by extensions ['ros']
[0.522s] Level 1:colcon.colcon_core.package_identification:_identify(src/arduinobot_py_examples) by extension 'ros'
[0.523s] DEBUG:colcon.colcon_core.package_identification:Package 'src/arduinobot_py_examples' with type 'ros.ament_python' and name 'arduinobot_py_examples'
[0.523s] Level 1:colcon.colcon_core.package_discovery:discover_packages(recursive) using defaults
[0.523s] Level 1:colcon.colcon_core.package_discovery:discover_packages(ignore) discover
[0.523s] Level 1:colcon.colcon_core.package_discovery:discover_packages(ignore) using defaults
[0.524s] Level 1:colcon.colcon_core.package_discovery:discover_packages(path) discover
[0.524s] Level 1:colcon.colcon_core.package_discovery:discover_packages(path) using defaults
[0.557s] Level 1:colcon.colcon_core.package_discovery:discover_packages(prefix_path) check parameters
[0.557s] Level 1:colcon.colcon_core.package_discovery:discover_packages(prefix_path) discover
[0.561s] DEBUG:colcon.colcon_installed_package_information.package_discovery:Found 5 installed packages in /home/farhan/arduinobot_ws/install
[0.564s] DEBUG:colcon.colcon_installed_package_information.package_discovery:Found 352 installed packages in /opt/ros/humble
[0.566s] Level 1:colcon.colcon_core.package_discovery:discover_packages(prefix_path) using defaults
[0.666s] Level 5:colcon.colcon_core.verb:set package 'arduinobot_controller' build argument 'cmake_args' from command line to 'None'
[0.666s] Level 5:colcon.colcon_core.verb:set package 'arduinobot_controller' build argument 'cmake_target' from command line to 'None'
[0.666s] Level 5:colcon.colcon_core.verb:set package 'arduinobot_controller' build argument 'cmake_target_skip_unavailable' from command line to 'False'
[0.667s] Level 5:colcon.colcon_core.verb:set package 'arduinobot_controller' build argument 'cmake_clean_cache' from command line to 'False'
[0.667s] Level 5:colcon.colcon_core.verb:set package 'arduinobot_controller' build argument 'cmake_clean_first' from command line to 'False'
[0.667s] Level 5:colcon.colcon_core.verb:set package 'arduinobot_controller' build argument 'cmake_force_configure' from command line to 'False'
[0.667s] Level 5:colcon.colcon_core.verb:set package 'arduinobot_controller' build argument 'ament_cmake_args' from command line to 'None'
[0.667s] Level 5:colcon.colcon_core.verb:set package 'arduinobot_controller' build argument 'catkin_cmake_args' from command line to 'None'
[0.667s] Level 5:colcon.colcon_core.verb:set package 'arduinobot_controller' build argument 'catkin_skip_building_tests' from command line to 'False'
[0.667s] DEBUG:colcon.colcon_core.verb:Building package 'arduinobot_controller' with the following arguments: {'ament_cmake_args': None, 'build_base': '/home/farhan/arduinobot_ws/build/arduinobot_controller', 'catkin_cmake_args': None, 'catkin_skip_building_tests': False, 'cmake_args': None, 'cmake_clean_cache': False, 'cmake_clean_first': False, 'cmake_force_configure': False, 'cmake_target': None, 'cmake_target_skip_unavailable': False, 'install_base': '/home/farhan/arduinobot_ws/install/arduinobot_controller', 'merge_install': False, 'path': '/home/farhan/arduinobot_ws/src/arduinobot_controller', 'symlink_install': False, 'test_result_base': None}
[0.668s] Level 5:colcon.colcon_core.verb:set package 'arduinobot_cpp_examples' build argument 'cmake_args' from command line to 'None'
[0.668s] Level 5:colcon.colcon_core.verb:set package 'arduinobot_cpp_examples' build argument 'cmake_target' from command line to 'None'
[0.668s] Level 5:colcon.colcon_core.verb:set package 'arduinobot_cpp_examples' build argument 'cmake_target_skip_unavailable' from command line to 'False'
[0.668s] Level 5:colcon.colcon_core.verb:set package 'arduinobot_cpp_examples' build argument 'cmake_clean_cache' from command line to 'False'
[0.668s] Level 5:colcon.colcon_core.verb:set package 'arduinobot_cpp_examples' build argument 'cmake_clean_first' from command line to 'False'
[0.668s] Level 5:colcon.colcon_core.verb:set package 'arduinobot_cpp_examples' build argument 'cmake_force_configure' from command line to 'False'
[0.668s] Level 5:colcon.colcon_core.verb:set package 'arduinobot_cpp_examples' build argument 'ament_cmake_args' from command line to 'None'
[0.668s] Level 5:colcon.colcon_core.verb:set package 'arduinobot_cpp_examples' build argument 'catkin_cmake_args' from command line to 'None'
[0.668s] Level 5:colcon.colcon_core.verb:set package 'arduinobot_cpp_examples' build argument 'catkin_skip_building_tests' from command line to 'False'
[0.669s] DEBUG:colcon.colcon_core.verb:Building package 'arduinobot_cpp_examples' with the following arguments: {'ament_cmake_args': None, 'build_base': '/home/farhan/arduinobot_ws/build/arduinobot_cpp_examples', 'catkin_cmake_args': None, 'catkin_skip_building_tests': False, 'cmake_args': None, 'cmake_clean_cache': False, 'cmake_clean_first': False, 'cmake_force_configure': False, 'cmake_target': None, 'cmake_target_skip_unavailable': False, 'install_base': '/home/farhan/arduinobot_ws/install/arduinobot_cpp_examples', 'merge_install': False, 'path': '/home/farhan/arduinobot_ws/src/arduinobot_cpp_examples', 'symlink_install': False, 'test_result_base': None}
[0.670s] Level 5:colcon.colcon_core.verb:set package 'arduinobot_description' build argument 'cmake_args' from command line to 'None'
[0.670s] Level 5:colcon.colcon_core.verb:set package 'arduinobot_description' build argument 'cmake_target' from command line to 'None'
[0.670s] Level 5:colcon.colcon_core.verb:set package 'arduinobot_description' build argument 'cmake_target_skip_unavailable' from command line to 'False'
[0.670s] Level 5:colcon.colcon_core.verb:set package 'arduinobot_description' build argument 'cmake_clean_cache' from command line to 'False'
[0.670s] Level 5:colcon.colcon_core.verb:set package 'arduinobot_description' build argument 'cmake_clean_first' from command line to 'False'
[0.670s] Level 5:colcon.colcon_core.verb:set package 'arduinobot_description' build argument 'cmake_force_configure' from command line to 'False'
[0.670s] Level 5:colcon.colcon_core.verb:set package 'arduinobot_description' build argument 'ament_cmake_args' from command line to 'None'
[0.670s] Level 5:colcon.colcon_core.verb:set package 'arduinobot_description' build argument 'catkin_cmake_args' from command line to 'None'
[0.670s] Level 5:colcon.colcon_core.verb:set package 'arduinobot_description' build argument 'catkin_skip_building_tests' from command line to 'False'
[0.670s] DEBUG:colcon.colcon_core.verb:Building package 'arduinobot_description' with the following arguments: {'ament_cmake_args': None, 'build_base': '/home/farhan/arduinobot_ws/build/arduinobot_description', 'catkin_cmake_args': None, 'catkin_skip_building_tests': False, 'cmake_args': None, 'cmake_clean_cache': False, 'cmake_clean_first': False, 'cmake_force_configure': False, 'cmake_target': None, 'cmake_target_skip_unavailable': False, 'install_base': '/home/farhan/arduinobot_ws/install/arduinobot_description', 'merge_install': False, 'path': '/home/farhan/arduinobot_ws/src/arduinobot_description', 'symlink_install': False, 'test_result_base': None}
[0.671s] Level 5:colcon.colcon_core.verb:set package 'arduinobot_msgs' build argument 'cmake_args' from command line to 'None'
[0.671s] Level 5:colcon.colcon_core.verb:set package 'arduinobot_msgs' build argument 'cmake_target' from command line to 'None'
[0.671s] Level 5:colcon.colcon_core.verb:set package 'arduinobot_msgs' build argument 'cmake_target_skip_unavailable' from command line to 'False'
[0.672s] Level 5:colcon.colcon_core.verb:set package 'arduinobot_msgs' build argument 'cmake_clean_cache' from command line to 'False'
[0.672s] Level 5:colcon.colcon_core.verb:set package 'arduinobot_msgs' build argument 'cmake_clean_first' from command line to 'False'
[0.672s] Level 5:colcon.colcon_core.verb:set package 'arduinobot_msgs' build argument 'cmake_force_configure' from command line to 'False'
[0.672s] Level 5:colcon.colcon_core.verb:set package 'arduinobot_msgs' build argument 'ament_cmake_args' from command line to 'None'
[0.672s] Level 5:colcon.colcon_core.verb:set package 'arduinobot_msgs' build argument 'catkin_cmake_args' from command line to 'None'
[0.672s] Level 5:colcon.colcon_core.verb:set package 'arduinobot_msgs' build argument 'catkin_skip_building_tests' from command line to 'False'
[0.672s] DEBUG:colcon.colcon_core.verb:Building package 'arduinobot_msgs' with the following arguments: {'ament_cmake_args': None, 'build_base': '/home/farhan/arduinobot_ws/build/arduinobot_msgs', 'catkin_cmake_args': None, 'catkin_skip_building_tests': False, 'cmake_args': None, 'cmake_clean_cache': False, 'cmake_clean_first': False, 'cmake_force_configure': False, 'cmake_target': None, 'cmake_target_skip_unavailable': False, 'install_base': '/home/farhan/arduinobot_ws/install/arduinobot_msgs', 'merge_install': False, 'path': '/home/farhan/arduinobot_ws/src/arduinobot_msgs', 'symlink_install': False, 'test_result_base': None}
[0.673s] Level 5:colcon.colcon_core.verb:set package 'arduinobot_py_examples' build argument 'cmake_args' from command line to 'None'
[0.673s] Level 5:colcon.colcon_core.verb:set package 'arduinobot_py_examples' build argument 'cmake_target' from command line to 'None'
[0.673s] Level 5:colcon.colcon_core.verb:set package 'arduinobot_py_examples' build argument 'cmake_target_skip_unavailable' from command line to 'False'
[0.673s] Level 5:colcon.colcon_core.verb:set package 'arduinobot_py_examples' build argument 'cmake_clean_cache' from command line to 'False'
[0.673s] Level 5:colcon.colcon_core.verb:set package 'arduinobot_py_examples' build argument 'cmake_clean_first' from command line to 'False'
[0.673s] Level 5:colcon.colcon_core.verb:set package 'arduinobot_py_examples' build argument 'cmake_force_configure' from command line to 'False'
[0.673s] Level 5:colcon.colcon_core.verb:set package 'arduinobot_py_examples' build argument 'ament_cmake_args' from command line to 'None'
[0.673s] Level 5:colcon.colcon_core.verb:set package 'arduinobot_py_examples' build argument 'catkin_cmake_args' from command line to 'None'
[0.673s] Level 5:colcon.colcon_core.verb:set package 'arduinobot_py_examples' build argument 'catkin_skip_building_tests' from command line to 'False'
[0.673s] DEBUG:colcon.colcon_core.verb:Building package 'arduinobot_py_examples' with the following arguments: {'ament_cmake_args': None, 'build_base': '/home/farhan/arduinobot_ws/build/arduinobot_py_examples', 'catkin_cmake_args': None, 'catkin_skip_building_tests': False, 'cmake_args': None, 'cmake_clean_cache': False, 'cmake_clean_first': False, 'cmake_force_configure': False, 'cmake_target': None, 'cmake_target_skip_unavailable': False, 'install_base': '/home/farhan/arduinobot_ws/install/arduinobot_py_examples', 'merge_install': False, 'path': '/home/farhan/arduinobot_ws/src/arduinobot_py_examples', 'symlink_install': False, 'test_result_base': None}
[0.674s] INFO:colcon.colcon_core.executor:Executing jobs using 'parallel' executor
[0.678s] DEBUG:colcon.colcon_parallel_executor.executor.parallel:run_until_complete
[0.679s] INFO:colcon.colcon_ros.task.ament_cmake.build:Building ROS package in '/home/farhan/arduinobot_ws/src/arduinobot_msgs' with build type 'ament_cmake'
[0.679s] INFO:colcon.colcon_cmake.task.cmake.build:Building CMake package in '/home/farhan/arduinobot_ws/src/arduinobot_msgs'
[0.685s] INFO:colcon.colcon_core.plugin_system:Skipping extension 'colcon_core.shell.bat': Not used on non-Windows systems
[0.686s] INFO:colcon.colcon_core.shell:Skip shell extension 'powershell' for command environment: Not usable outside of PowerShell
[0.686s] DEBUG:colcon.colcon_core.shell:Skip shell extension 'dsv' for command environment
[0.693s] INFO:colcon.colcon_ros.task.ament_cmake.build:Building ROS package in '/home/farhan/arduinobot_ws/src/arduinobot_controller' with build type 'ament_cmake'
[0.694s] INFO:colcon.colcon_cmake.task.cmake.build:Building CMake package in '/home/farhan/arduinobot_ws/src/arduinobot_controller'
[0.697s] INFO:colcon.colcon_core.shell:Skip shell extension 'powershell' for command environment: Not usable outside of PowerShell
[0.697s] DEBUG:colcon.colcon_core.shell:Skip shell extension 'dsv' for command environment
[0.704s] INFO:colcon.colcon_ros.task.ament_cmake.build:Building ROS package in '/home/farhan/arduinobot_ws/src/arduinobot_cpp_examples' with build type 'ament_cmake'
[0.704s] INFO:colcon.colcon_cmake.task.cmake.build:Building CMake package in '/home/farhan/arduinobot_ws/src/arduinobot_cpp_examples'
[0.706s] INFO:colcon.colcon_core.shell:Skip shell extension 'powershell' for command environment: Not usable outside of PowerShell
[0.707s] DEBUG:colcon.colcon_core.shell:Skip shell extension 'dsv' for command environment
[0.715s] INFO:colcon.colcon_ros.task.ament_cmake.build:Building ROS package in '/home/farhan/arduinobot_ws/src/arduinobot_description' with build type 'ament_cmake'
[0.715s] INFO:colcon.colcon_cmake.task.cmake.build:Building CMake package in '/home/farhan/arduinobot_ws/src/arduinobot_description'
[0.717s] INFO:colcon.colcon_core.shell:Skip shell extension 'powershell' for command environment: Not usable outside of PowerShell
[0.717s] DEBUG:colcon.colcon_core.shell:Skip shell extension 'dsv' for command environment
[0.733s] DEBUG:colcon.colcon_core.event_handler.log_command:Invoking command in '/home/farhan/arduinobot_ws/build/arduinobot_msgs': CMAKE_PREFIX_PATH=${CMAKE_PREFIX_PATH}:/home/farhan/arduinobot_ws/install/arduinobot_py_examples:/opt/ros/humble /usr/bin/cmake --build /home/farhan/arduinobot_ws/build/arduinobot_msgs -- -j4 -l4
[0.746s] DEBUG:colcon.colcon_core.event_handler.log_command:Invoking command in '/home/farhan/arduinobot_ws/build/arduinobot_controller': CMAKE_PREFIX_PATH=${CMAKE_PREFIX_PATH}:/home/farhan/arduinobot_ws/install/arduinobot_py_examples:/opt/ros/humble /usr/bin/cmake --build /home/farhan/arduinobot_ws/build/arduinobot_controller -- -j4 -l4
[0.749s] DEBUG:colcon.colcon_core.event_handler.log_command:Invoking command in '/home/farhan/arduinobot_ws/build/arduinobot_cpp_examples': CMAKE_PREFIX_PATH=${CMAKE_PREFIX_PATH}:/home/farhan/arduinobot_ws/install/arduinobot_py_examples:/opt/ros/humble /usr/bin/cmake --build /home/farhan/arduinobot_ws/build/arduinobot_cpp_examples -- -j4 -l4
[0.758s] DEBUG:colcon.colcon_core.event_handler.log_command:Invoking command in '/home/farhan/arduinobot_ws/build/arduinobot_description': CMAKE_PREFIX_PATH=${CMAKE_PREFIX_PATH}:/home/farhan/arduinobot_ws/install/arduinobot_py_examples:/opt/ros/humble /usr/bin/cmake --build /home/farhan/arduinobot_ws/build/arduinobot_description -- -j4 -l4
[0.828s] DEBUG:colcon.colcon_core.event_handler.log_command:Invoked command in '/home/farhan/arduinobot_ws/build/arduinobot_controller' returned '0': CMAKE_PREFIX_PATH=${CMAKE_PREFIX_PATH}:/home/farhan/arduinobot_ws/install/arduinobot_py_examples:/opt/ros/humble /usr/bin/cmake --build /home/farhan/arduinobot_ws/build/arduinobot_controller -- -j4 -l4
[0.867s] DEBUG:colcon.colcon_core.event_handler.log_command:Invoked command in '/home/farhan/arduinobot_ws/build/arduinobot_description' returned '0': CMAKE_PREFIX_PATH=${CMAKE_PREFIX_PATH}:/home/farhan/arduinobot_ws/install/arduinobot_py_examples:/opt/ros/humble /usr/bin/cmake --build /home/farhan/arduinobot_ws/build/arduinobot_description -- -j4 -l4
[0.994s] DEBUG:colcon.colcon_core.event_handler.log_command:Invoked command in '/home/farhan/arduinobot_ws/build/arduinobot_cpp_examples' returned '0': CMAKE_PREFIX_PATH=${CMAKE_PREFIX_PATH}:/home/farhan/arduinobot_ws/install/arduinobot_py_examples:/opt/ros/humble /usr/bin/cmake --build /home/farhan/arduinobot_ws/build/arduinobot_cpp_examples -- -j4 -l4
[1.047s] DEBUG:colcon.colcon_core.event_handler.log_command:Invoking command in '/home/farhan/arduinobot_ws/build/arduinobot_controller': CMAKE_PREFIX_PATH=${CMAKE_PREFIX_PATH}:/home/farhan/arduinobot_ws/install/arduinobot_py_examples:/opt/ros/humble /usr/bin/cmake --install /home/farhan/arduinobot_ws/build/arduinobot_controller
[1.084s] DEBUG:colcon.colcon_core.event_handler.log_command:Invoking command in '/home/farhan/arduinobot_ws/build/arduinobot_description': CMAKE_PREFIX_PATH=${CMAKE_PREFIX_PATH}:/home/farhan/arduinobot_ws/install/arduinobot_py_examples:/opt/ros/humble /usr/bin/cmake --install /home/farhan/arduinobot_ws/build/arduinobot_description
[1.100s] Level 1:colcon.colcon_core.environment:create_environment_scripts_only(arduinobot_controller)
[1.108s] DEBUG:colcon.colcon_core.event_handler.log_command:Invoked command in '/home/farhan/arduinobot_ws/build/arduinobot_controller' returned '0': CMAKE_PREFIX_PATH=${CMAKE_PREFIX_PATH}:/home/farhan/arduinobot_ws/install/arduinobot_py_examples:/opt/ros/humble /usr/bin/cmake --install /home/farhan/arduinobot_ws/build/arduinobot_controller
[1.115s] Level 1:colcon.colcon_core.environment:checking '/home/farhan/arduinobot_ws/install/arduinobot_controller' for CMake module files
[1.116s] Level 1:colcon.colcon_core.environment:checking '/home/farhan/arduinobot_ws/install/arduinobot_controller' for CMake config files
[1.117s] Level 1:colcon.colcon_core.shell:create_environment_hook('arduinobot_controller', 'cmake_prefix_path')
[1.120s] INFO:colcon.colcon_core.shell:Creating environment hook '/home/farhan/arduinobot_ws/install/arduinobot_controller/share/arduinobot_controller/hook/cmake_prefix_path.ps1'
[1.132s] INFO:colcon.colcon_core.shell:Creating environment descriptor '/home/farhan/arduinobot_ws/install/arduinobot_controller/share/arduinobot_controller/hook/cmake_prefix_path.dsv'
[1.133s] INFO:colcon.colcon_core.shell:Creating environment hook '/home/farhan/arduinobot_ws/install/arduinobot_controller/share/arduinobot_controller/hook/cmake_prefix_path.sh'
[1.135s] Level 1:colcon.colcon_core.environment:checking '/home/farhan/arduinobot_ws/install/arduinobot_controller/bin'
[1.135s] Level 1:colcon.colcon_core.environment:checking '/home/farhan/arduinobot_ws/install/arduinobot_controller/lib/pkgconfig/arduinobot_controller.pc'
[1.136s] Level 1:colcon.colcon_core.environment:checking '/home/farhan/arduinobot_ws/install/arduinobot_controller/lib/python3.10/site-packages'
[1.137s] Level 1:colcon.colcon_core.environment:checking '/home/farhan/arduinobot_ws/install/arduinobot_controller/bin'
[1.140s] INFO:colcon.colcon_core.shell:Creating package script '/home/farhan/arduinobot_ws/install/arduinobot_controller/share/arduinobot_controller/package.ps1'
[1.142s] INFO:colcon.colcon_core.shell:Creating package descriptor '/home/farhan/arduinobot_ws/install/arduinobot_controller/share/arduinobot_controller/package.dsv'
[1.147s] INFO:colcon.colcon_core.shell:Creating package script '/home/farhan/arduinobot_ws/install/arduinobot_controller/share/arduinobot_controller/package.sh'
[1.149s] INFO:colcon.colcon_core.shell:Creating package script '/home/farhan/arduinobot_ws/install/arduinobot_controller/share/arduinobot_controller/package.bash'
[1.151s] INFO:colcon.colcon_core.shell:Creating package script '/home/farhan/arduinobot_ws/install/arduinobot_controller/share/arduinobot_controller/package.zsh'
[1.153s] Level 1:colcon.colcon_core.environment:create_file_with_runtime_dependencies(/home/farhan/arduinobot_ws/install/arduinobot_controller/share/colcon-core/packages/arduinobot_controller)
[1.168s] DEBUG:colcon.colcon_core.event_handler.log_command:Invoking command in '/home/farhan/arduinobot_ws/build/arduinobot_cpp_examples': CMAKE_PREFIX_PATH=${CMAKE_PREFIX_PATH}:/home/farhan/arduinobot_ws/install/arduinobot_py_examples:/opt/ros/humble /usr/bin/cmake --install /home/farhan/arduinobot_ws/build/arduinobot_cpp_examples
[1.177s] Level 1:colcon.colcon_core.environment:create_environment_scripts_only(arduinobot_description)
[1.183s] Level 1:colcon.colcon_core.environment:checking '/home/farhan/arduinobot_ws/install/arduinobot_description' for CMake module files
[1.184s] DEBUG:colcon.colcon_core.event_handler.log_command:Invoked command in '/home/farhan/arduinobot_ws/build/arduinobot_description' returned '0': CMAKE_PREFIX_PATH=${CMAKE_PREFIX_PATH}:/home/farhan/arduinobot_ws/install/arduinobot_py_examples:/opt/ros/humble /usr/bin/cmake --install /home/farhan/arduinobot_ws/build/arduinobot_description
[1.204s] Level 1:colcon.colcon_core.environment:checking '/home/farhan/arduinobot_ws/install/arduinobot_description' for CMake config files
[1.204s] Level 1:colcon.colcon_core.shell:create_environment_hook('arduinobot_description', 'cmake_prefix_path')
[1.208s] INFO:colcon.colcon_core.shell:Creating environment hook '/home/farhan/arduinobot_ws/install/arduinobot_description/share/arduinobot_description/hook/cmake_prefix_path.ps1'
[1.210s] INFO:colcon.colcon_core.shell:Creating environment descriptor '/home/farhan/arduinobot_ws/install/arduinobot_description/share/arduinobot_description/hook/cmake_prefix_path.dsv'
[1.211s] INFO:colcon.colcon_core.shell:Creating environment hook '/home/farhan/arduinobot_ws/install/arduinobot_description/share/arduinobot_description/hook/cmake_prefix_path.sh'
[1.215s] Level 1:colcon.colcon_core.environment:checking '/home/farhan/arduinobot_ws/install/arduinobot_description/bin'
[1.219s] Level 1:colcon.colcon_core.environment:checking '/home/farhan/arduinobot_ws/install/arduinobot_description/lib/pkgconfig/arduinobot_description.pc'
[1.220s] Level 1:colcon.colcon_core.environment:checking '/home/farhan/arduinobot_ws/install/arduinobot_description/lib/python3.10/site-packages'
[1.220s] Level 1:colcon.colcon_core.environment:checking '/home/farhan/arduinobot_ws/install/arduinobot_description/bin'
[1.228s] INFO:colcon.colcon_core.shell:Creating package script '/home/farhan/arduinobot_ws/install/arduinobot_description/share/arduinobot_description/package.ps1'
[1.229s] INFO:colcon.colcon_core.shell:Creating package descriptor '/home/farhan/arduinobot_ws/install/arduinobot_description/share/arduinobot_description/package.dsv'
[1.230s] INFO:colcon.colcon_core.shell:Creating package script '/home/farhan/arduinobot_ws/install/arduinobot_description/share/arduinobot_description/package.sh'
[1.231s] INFO:colcon.colcon_core.shell:Creating package script '/home/farhan/arduinobot_ws/install/arduinobot_description/share/arduinobot_description/package.bash'
[1.232s] INFO:colcon.colcon_core.shell:Creating package script '/home/farhan/arduinobot_ws/install/arduinobot_description/share/arduinobot_description/package.zsh'
[1.233s] Level 1:colcon.colcon_core.environment:create_file_with_runtime_dependencies(/home/farhan/arduinobot_ws/install/arduinobot_description/share/colcon-core/packages/arduinobot_description)
[1.251s] Level 1:colcon.colcon_core.environment:create_environment_scripts_only(arduinobot_cpp_examples)
[1.252s] DEBUG:colcon.colcon_core.event_handler.log_command:Invoked command in '/home/farhan/arduinobot_ws/build/arduinobot_cpp_examples' returned '0': CMAKE_PREFIX_PATH=${CMAKE_PREFIX_PATH}:/home/farhan/arduinobot_ws/install/arduinobot_py_examples:/opt/ros/humble /usr/bin/cmake --install /home/farhan/arduinobot_ws/build/arduinobot_cpp_examples
[1.259s] Level 1:colcon.colcon_core.environment:checking '/home/farhan/arduinobot_ws/install/arduinobot_cpp_examples' for CMake module files
[1.261s] Level 1:colcon.colcon_core.environment:checking '/home/farhan/arduinobot_ws/install/arduinobot_cpp_examples' for CMake config files
[1.261s] Level 1:colcon.colcon_core.shell:create_environment_hook('arduinobot_cpp_examples', 'cmake_prefix_path')
[1.265s] INFO:colcon.colcon_core.shell:Creating environment hook '/home/farhan/arduinobot_ws/install/arduinobot_cpp_examples/share/arduinobot_cpp_examples/hook/cmake_prefix_path.ps1'
[1.273s] INFO:colcon.colcon_core.shell:Creating environment descriptor '/home/farhan/arduinobot_ws/install/arduinobot_cpp_examples/share/arduinobot_cpp_examples/hook/cmake_prefix_path.dsv'
[1.275s] INFO:colcon.colcon_core.shell:Creating environment hook '/home/farhan/arduinobot_ws/install/arduinobot_cpp_examples/share/arduinobot_cpp_examples/hook/cmake_prefix_path.sh'
[1.278s] Level 1:colcon.colcon_core.environment:checking '/home/farhan/arduinobot_ws/install/arduinobot_cpp_examples/lib'
[1.279s] Level 1:colcon.colcon_core.environment:checking '/home/farhan/arduinobot_ws/install/arduinobot_cpp_examples/bin'
[1.279s] Level 1:colcon.colcon_core.environment:checking '/home/farhan/arduinobot_ws/install/arduinobot_cpp_examples/lib/pkgconfig/arduinobot_cpp_examples.pc'
[1.281s] Level 1:colcon.colcon_core.environment:checking '/home/farhan/arduinobot_ws/install/arduinobot_cpp_examples/lib/python3.10/site-packages'
[1.282s] Level 1:colcon.colcon_core.environment:checking '/home/farhan/arduinobot_ws/install/arduinobot_cpp_examples/bin'
[1.286s] INFO:colcon.colcon_core.shell:Creating package script '/home/farhan/arduinobot_ws/install/arduinobot_cpp_examples/share/arduinobot_cpp_examples/package.ps1'
[1.287s] INFO:colcon.colcon_core.shell:Creating package descriptor '/home/farhan/arduinobot_ws/install/arduinobot_cpp_examples/share/arduinobot_cpp_examples/package.dsv'
[1.289s] INFO:colcon.colcon_core.shell:Creating package script '/home/farhan/arduinobot_ws/install/arduinobot_cpp_examples/share/arduinobot_cpp_examples/package.sh'
[1.290s] INFO:colcon.colcon_core.shell:Creating package script '/home/farhan/arduinobot_ws/install/arduinobot_cpp_examples/share/arduinobot_cpp_examples/package.bash'
[1.292s] INFO:colcon.colcon_core.shell:Creating package script '/home/farhan/arduinobot_ws/install/arduinobot_cpp_examples/share/arduinobot_cpp_examples/package.zsh'
[1.293s] Level 1:colcon.colcon_core.environment:create_file_with_runtime_dependencies(/home/farhan/arduinobot_ws/install/arduinobot_cpp_examples/share/colcon-core/packages/arduinobot_cpp_examples)
[1.328s] Level 1:colcon.colcon_core.environment:create_environment_scripts_only(arduinobot_controller)
[1.334s] Level 1:colcon.colcon_core.environment:checking '/home/farhan/arduinobot_ws/install/arduinobot_controller' for CMake module files
[1.336s] Level 1:colcon.colcon_core.environment:checking '/home/farhan/arduinobot_ws/install/arduinobot_controller' for CMake config files
[1.336s] Level 1:colcon.colcon_core.shell:create_environment_hook('arduinobot_controller', 'cmake_prefix_path')
[1.340s] INFO:colcon.colcon_core.shell:Creating environment hook '/home/farhan/arduinobot_ws/install/arduinobot_controller/share/arduinobot_controller/hook/cmake_prefix_path.ps1'
[1.343s] INFO:colcon.colcon_core.shell:Creating environment descriptor '/home/farhan/arduinobot_ws/install/arduinobot_controller/share/arduinobot_controller/hook/cmake_prefix_path.dsv'
[1.348s] INFO:colcon.colcon_core.shell:Creating environment hook '/home/farhan/arduinobot_ws/install/arduinobot_controller/share/arduinobot_controller/hook/cmake_prefix_path.sh'
[1.352s] Level 1:colcon.colcon_core.environment:checking '/home/farhan/arduinobot_ws/install/arduinobot_controller/bin'
[1.352s] Level 1:colcon.colcon_core.environment:checking '/home/farhan/arduinobot_ws/install/arduinobot_controller/lib/pkgconfig/arduinobot_controller.pc'
[1.353s] Level 1:colcon.colcon_core.environment:checking '/home/farhan/arduinobot_ws/install/arduinobot_controller/lib/python3.10/site-packages'
[1.354s] Level 1:colcon.colcon_core.environment:checking '/home/farhan/arduinobot_ws/install/arduinobot_controller/bin'
[1.358s] INFO:colcon.colcon_core.shell:Creating package script '/home/farhan/arduinobot_ws/install/arduinobot_controller/share/arduinobot_controller/package.ps1'
[1.360s] INFO:colcon.colcon_core.shell:Creating package descriptor '/home/farhan/arduinobot_ws/install/arduinobot_controller/share/arduinobot_controller/package.dsv'
[1.363s] INFO:colcon.colcon_core.shell:Creating package script '/home/farhan/arduinobot_ws/install/arduinobot_controller/share/arduinobot_controller/package.sh'
[1.365s] INFO:colcon.colcon_core.shell:Creating package script '/home/farhan/arduinobot_ws/install/arduinobot_controller/share/arduinobot_controller/package.bash'
[1.367s] INFO:colcon.colcon_core.shell:Creating package script '/home/farhan/arduinobot_ws/install/arduinobot_controller/share/arduinobot_controller/package.zsh'
[1.381s] Level 1:colcon.colcon_core.environment:create_file_with_runtime_dependencies(/home/farhan/arduinobot_ws/install/arduinobot_controller/share/colcon-core/packages/arduinobot_controller)
[1.388s] Level 1:colcon.colcon_core.environment:create_environment_scripts_only(arduinobot_description)
[1.399s] Level 1:colcon.colcon_core.environment:checking '/home/farhan/arduinobot_ws/install/arduinobot_description' for CMake module files
[1.407s] Level 1:colcon.colcon_core.environment:checking '/home/farhan/arduinobot_ws/install/arduinobot_description' for CMake config files
[1.408s] Level 1:colcon.colcon_core.shell:create_environment_hook('arduinobot_description', 'cmake_prefix_path')
[1.417s] INFO:colcon.colcon_core.shell:Creating environment hook '/home/farhan/arduinobot_ws/install/arduinobot_description/share/arduinobot_description/hook/cmake_prefix_path.ps1'
[1.419s] INFO:colcon.colcon_core.shell:Creating environment descriptor '/home/farhan/arduinobot_ws/install/arduinobot_description/share/arduinobot_description/hook/cmake_prefix_path.dsv'
[1.419s] INFO:colcon.colcon_core.shell:Creating environment hook '/home/farhan/arduinobot_ws/install/arduinobot_description/share/arduinobot_description/hook/cmake_prefix_path.sh'
[1.421s] Level 1:colcon.colcon_core.environment:checking '/home/farhan/arduinobot_ws/install/arduinobot_description/bin'
[1.421s] Level 1:colcon.colcon_core.environment:checking '/home/farhan/arduinobot_ws/install/arduinobot_description/lib/pkgconfig/arduinobot_description.pc'
[1.422s] Level 1:colcon.colcon_core.environment:checking '/home/farhan/arduinobot_ws/install/arduinobot_description/lib/python3.10/site-packages'
[1.422s] Level 1:colcon.colcon_core.environment:checking '/home/farhan/arduinobot_ws/install/arduinobot_description/bin'
[1.426s] INFO:colcon.colcon_core.shell:Creating package script '/home/farhan/arduinobot_ws/install/arduinobot_description/share/arduinobot_description/package.ps1'
[1.428s] INFO:colcon.colcon_core.shell:Creating package descriptor '/home/farhan/arduinobot_ws/install/arduinobot_description/share/arduinobot_description/package.dsv'
[1.429s] INFO:colcon.colcon_core.shell:Creating package script '/home/farhan/arduinobot_ws/install/arduinobot_description/share/arduinobot_description/package.sh'
[1.430s] INFO:colcon.colcon_core.shell:Creating package script '/home/farhan/arduinobot_ws/install/arduinobot_description/share/arduinobot_description/package.bash'
[1.431s] INFO:colcon.colcon_core.shell:Creating package script '/home/farhan/arduinobot_ws/install/arduinobot_description/share/arduinobot_description/package.zsh'
[1.432s] Level 1:colcon.colcon_core.environment:create_file_with_runtime_dependencies(/home/farhan/arduinobot_ws/install/arduinobot_description/share/colcon-core/packages/arduinobot_description)
[1.438s] Level 1:colcon.colcon_core.environment:create_environment_scripts_only(arduinobot_cpp_examples)
[1.443s] Level 1:colcon.colcon_core.environment:checking '/home/farhan/arduinobot_ws/install/arduinobot_cpp_examples' for CMake module files
[1.444s] Level 1:colcon.colcon_core.environment:checking '/home/farhan/arduinobot_ws/install/arduinobot_cpp_examples' for CMake config files
[1.444s] Level 1:colcon.colcon_core.shell:create_environment_hook('arduinobot_cpp_examples', 'cmake_prefix_path')
[1.446s] INFO:colcon.colcon_core.shell:Creating environment hook '/home/farhan/arduinobot_ws/install/arduinobot_cpp_examples/share/arduinobot_cpp_examples/hook/cmake_prefix_path.ps1'
[1.447s] INFO:colcon.colcon_core.shell:Creating environment descriptor '/home/farhan/arduinobot_ws/install/arduinobot_cpp_examples/share/arduinobot_cpp_examples/hook/cmake_prefix_path.dsv'
[1.448s] INFO:colcon.colcon_core.shell:Creating environment hook '/home/farhan/arduinobot_ws/install/arduinobot_cpp_examples/share/arduinobot_cpp_examples/hook/cmake_prefix_path.sh'
[1.448s] Level 1:colcon.colcon_core.environment:checking '/home/farhan/arduinobot_ws/install/arduinobot_cpp_examples/lib'
[1.448s] Level 1:colcon.colcon_core.environment:checking '/home/farhan/arduinobot_ws/install/arduinobot_cpp_examples/bin'
[1.449s] Level 1:colcon.colcon_core.environment:checking '/home/farhan/arduinobot_ws/install/arduinobot_cpp_examples/lib/pkgconfig/arduinobot_cpp_examples.pc'
[1.449s] Level 1:colcon.colcon_core.environment:checking '/home/farhan/arduinobot_ws/install/arduinobot_cpp_examples/lib/python3.10/site-packages'
[1.449s] Level 1:colcon.colcon_core.environment:checking '/home/farhan/arduinobot_ws/install/arduinobot_cpp_examples/bin'
[1.451s] INFO:colcon.colcon_core.shell:Creating package script '/home/farhan/arduinobot_ws/install/arduinobot_cpp_examples/share/arduinobot_cpp_examples/package.ps1'
[1.452s] INFO:colcon.colcon_core.shell:Creating package descriptor '/home/farhan/arduinobot_ws/install/arduinobot_cpp_examples/share/arduinobot_cpp_examples/package.dsv'
[1.453s] INFO:colcon.colcon_core.shell:Creating package script '/home/farhan/arduinobot_ws/install/arduinobot_cpp_examples/share/arduinobot_cpp_examples/package.sh'
[1.454s] INFO:colcon.colcon_core.shell:Creating package script '/home/farhan/arduinobot_ws/install/arduinobot_cpp_examples/share/arduinobot_cpp_examples/package.bash'
[1.455s] INFO:colcon.colcon_core.shell:Creating package script '/home/farhan/arduinobot_ws/install/arduinobot_cpp_examples/share/arduinobot_cpp_examples/package.zsh'
[1.455s] Level 1:colcon.colcon_core.environment:create_file_with_runtime_dependencies(/home/farhan/arduinobot_ws/install/arduinobot_cpp_examples/share/colcon-core/packages/arduinobot_cpp_examples)
[1.741s] DEBUG:colcon.colcon_core.event_handler.log_command:Invoked command in '/home/farhan/arduinobot_ws/build/arduinobot_msgs' returned '0': CMAKE_PREFIX_PATH=${CMAKE_PREFIX_PATH}:/home/farhan/arduinobot_ws/install/arduinobot_py_examples:/opt/ros/humble /usr/bin/cmake --build /home/farhan/arduinobot_ws/build/arduinobot_msgs -- -j4 -l4
[1.871s] DEBUG:colcon.colcon_core.event_handler.log_command:Invoking command in '/home/farhan/arduinobot_ws/build/arduinobot_msgs': CMAKE_PREFIX_PATH=${CMAKE_PREFIX_PATH}:/home/farhan/arduinobot_ws/install/arduinobot_py_examples:/opt/ros/humble /usr/bin/cmake --install /home/farhan/arduinobot_ws/build/arduinobot_msgs
[2.009s] Level 1:colcon.colcon_core.environment:create_environment_scripts_only(arduinobot_msgs)
[2.014s] Level 1:colcon.colcon_core.environment:checking '/home/farhan/arduinobot_ws/install/arduinobot_msgs' for CMake module files
[2.016s] Level 1:colcon.colcon_core.environment:checking '/home/farhan/arduinobot_ws/install/arduinobot_msgs' for CMake config files
[2.020s] Level 1:colcon.colcon_core.shell:create_environment_hook('arduinobot_msgs', 'cmake_prefix_path')
[2.024s] INFO:colcon.colcon_core.shell:Creating environment hook '/home/farhan/arduinobot_ws/install/arduinobot_msgs/share/arduinobot_msgs/hook/cmake_prefix_path.ps1'
[2.025s] DEBUG:colcon.colcon_core.event_handler.log_command:Invoked command in '/home/farhan/arduinobot_ws/build/arduinobot_msgs' returned '0': CMAKE_PREFIX_PATH=${CMAKE_PREFIX_PATH}:/home/farhan/arduinobot_ws/install/arduinobot_py_examples:/opt/ros/humble /usr/bin/cmake --install /home/farhan/arduinobot_ws/build/arduinobot_msgs
[2.026s] INFO:colcon.colcon_core.shell:Creating environment descriptor '/home/farhan/arduinobot_ws/install/arduinobot_msgs/share/arduinobot_msgs/hook/cmake_prefix_path.dsv'
[2.027s] INFO:colcon.colcon_core.shell:Creating environment hook '/home/farhan/arduinobot_ws/install/arduinobot_msgs/share/arduinobot_msgs/hook/cmake_prefix_path.sh'
[2.028s] Level 1:colcon.colcon_core.environment:checking '/home/farhan/arduinobot_ws/install/arduinobot_msgs/lib'
[2.028s] Level 1:colcon.colcon_core.shell:create_environment_hook('arduinobot_msgs', 'ld_library_path_lib')
[2.032s] INFO:colcon.colcon_core.shell:Creating environment hook '/home/farhan/arduinobot_ws/install/arduinobot_msgs/share/arduinobot_msgs/hook/ld_library_path_lib.ps1'
[2.033s] INFO:colcon.colcon_core.shell:Creating environment descriptor '/home/farhan/arduinobot_ws/install/arduinobot_msgs/share/arduinobot_msgs/hook/ld_library_path_lib.dsv'
[2.033s] INFO:colcon.colcon_core.shell:Creating environment hook '/home/farhan/arduinobot_ws/install/arduinobot_msgs/share/arduinobot_msgs/hook/ld_library_path_lib.sh'
[2.034s] Level 1:colcon.colcon_core.environment:checking '/home/farhan/arduinobot_ws/install/arduinobot_msgs/bin'
[2.035s] Level 1:colcon.colcon_core.environment:checking '/home/farhan/arduinobot_ws/install/arduinobot_msgs/lib/pkgconfig/arduinobot_msgs.pc'
[2.035s] Level 1:colcon.colcon_core.environment:checking '/home/farhan/arduinobot_ws/install/arduinobot_msgs/lib/python3.10/site-packages'
[2.036s] Level 1:colcon.colcon_core.environment:checking '/home/farhan/arduinobot_ws/install/arduinobot_msgs/bin'
[2.039s] INFO:colcon.colcon_core.shell:Creating package script '/home/farhan/arduinobot_ws/install/arduinobot_msgs/share/arduinobot_msgs/package.ps1'
[2.040s] INFO:colcon.colcon_core.shell:Creating package descriptor '/home/farhan/arduinobot_ws/install/arduinobot_msgs/share/arduinobot_msgs/package.dsv'
[2.040s] INFO:colcon.colcon_core.shell:Creating package script '/home/farhan/arduinobot_ws/install/arduinobot_msgs/share/arduinobot_msgs/package.sh'
[2.041s] INFO:colcon.colcon_core.shell:Creating package script '/home/farhan/arduinobot_ws/install/arduinobot_msgs/share/arduinobot_msgs/package.bash'
[2.041s] INFO:colcon.colcon_core.shell:Creating package script '/home/farhan/arduinobot_ws/install/arduinobot_msgs/share/arduinobot_msgs/package.zsh'
[2.042s] Level 1:colcon.colcon_core.environment:create_file_with_runtime_dependencies(/home/farhan/arduinobot_ws/install/arduinobot_msgs/share/colcon-core/packages/arduinobot_msgs)
[2.194s] Level 1:colcon.colcon_core.environment:create_environment_scripts_only(arduinobot_msgs)
[2.199s] Level 1:colcon.colcon_core.environment:checking '/home/farhan/arduinobot_ws/install/arduinobot_msgs' for CMake module files
[2.201s] Level 1:colcon.colcon_core.environment:checking '/home/farhan/arduinobot_ws/install/arduinobot_msgs' for CMake config files
[2.202s] Level 1:colcon.colcon_core.shell:create_environment_hook('arduinobot_msgs', 'cmake_prefix_path')
[2.206s] INFO:colcon.colcon_core.shell:Creating environment hook '/home/farhan/arduinobot_ws/install/arduinobot_msgs/share/arduinobot_msgs/hook/cmake_prefix_path.ps1'
[2.207s] INFO:colcon.colcon_core.shell:Creating environment descriptor '/home/farhan/arduinobot_ws/install/arduinobot_msgs/share/arduinobot_msgs/hook/cmake_prefix_path.dsv'
[2.208s] INFO:colcon.colcon_core.shell:Creating environment hook '/home/farhan/arduinobot_ws/install/arduinobot_msgs/share/arduinobot_msgs/hook/cmake_prefix_path.sh'
[2.209s] Level 1:colcon.colcon_core.environment:checking '/home/farhan/arduinobot_ws/install/arduinobot_msgs/lib'
[2.209s] Level 1:colcon.colcon_core.shell:create_environment_hook('arduinobot_msgs', 'ld_library_path_lib')
[2.213s] INFO:colcon.colcon_core.shell:Creating environment hook '/home/farhan/arduinobot_ws/install/arduinobot_msgs/share/arduinobot_msgs/hook/ld_library_path_lib.ps1'
[2.214s] INFO:colcon.colcon_core.shell:Creating environment descriptor '/home/farhan/arduinobot_ws/install/arduinobot_msgs/share/arduinobot_msgs/hook/ld_library_path_lib.dsv'
[2.214s] INFO:colcon.colcon_core.shell:Creating environment hook '/home/farhan/arduinobot_ws/install/arduinobot_msgs/share/arduinobot_msgs/hook/ld_library_path_lib.sh'
[2.216s] Level 1:colcon.colcon_core.environment:checking '/home/farhan/arduinobot_ws/install/arduinobot_msgs/bin'
[2.216s] Level 1:colcon.colcon_core.environment:checking '/home/farhan/arduinobot_ws/install/arduinobot_msgs/lib/pkgconfig/arduinobot_msgs.pc'
[2.217s] Level 1:colcon.colcon_core.environment:checking '/home/farhan/arduinobot_ws/install/arduinobot_msgs/lib/python3.10/site-packages'
[2.217s] Level 1:colcon.colcon_core.environment:checking '/home/farhan/arduinobot_ws/install/arduinobot_msgs/bin'
[2.221s] INFO:colcon.colcon_core.shell:Creating package script '/home/farhan/arduinobot_ws/install/arduinobot_msgs/share/arduinobot_msgs/package.ps1'
[2.222s] INFO:colcon.colcon_core.shell:Creating package descriptor '/home/farhan/arduinobot_ws/install/arduinobot_msgs/share/arduinobot_msgs/package.dsv'
[2.223s] INFO:colcon.colcon_core.shell:Creating package script '/home/farhan/arduinobot_ws/install/arduinobot_msgs/share/arduinobot_msgs/package.sh'
[2.224s] INFO:colcon.colcon_core.shell:Creating package script '/home/farhan/arduinobot_ws/install/arduinobot_msgs/share/arduinobot_msgs/package.bash'
[2.225s] INFO:colcon.colcon_core.shell:Creating package script '/home/farhan/arduinobot_ws/install/arduinobot_msgs/share/arduinobot_msgs/package.zsh'
[2.225s] Level 1:colcon.colcon_core.environment:create_file_with_runtime_dependencies(/home/farhan/arduinobot_ws/install/arduinobot_msgs/share/colcon-core/packages/arduinobot_msgs)
[2.226s] INFO:colcon.colcon_ros.task.ament_python.build:Building ROS package in '/home/farhan/arduinobot_ws/src/arduinobot_py_examples' with build type 'ament_python'
[2.227s] Level 1:colcon.colcon_core.shell:create_environment_hook('arduinobot_py_examples', 'ament_prefix_path')
[2.232s] INFO:colcon.colcon_core.shell:Creating environment hook '/home/farhan/arduinobot_ws/install/arduinobot_py_examples/share/arduinobot_py_examples/hook/ament_prefix_path.ps1'
[2.235s] INFO:colcon.colcon_core.shell:Creating environment descriptor '/home/farhan/arduinobot_ws/install/arduinobot_py_examples/share/arduinobot_py_examples/hook/ament_prefix_path.dsv'
[2.236s] INFO:colcon.colcon_core.shell:Creating environment hook '/home/farhan/arduinobot_ws/install/arduinobot_py_examples/share/arduinobot_py_examples/hook/ament_prefix_path.sh'
[2.239s] INFO:colcon.colcon_core.shell:Skip shell extension 'powershell' for command environment: Not usable outside of PowerShell
[2.239s] DEBUG:colcon.colcon_core.shell:Skip shell extension 'dsv' for command environment
[2.995s] INFO:colcon.colcon_core.task.python.build:Building Python package in '/home/farhan/arduinobot_ws/src/arduinobot_py_examples'
[2.999s] INFO:colcon.colcon_core.shell:Skip shell extension 'powershell' for command environment: Not usable outside of PowerShell
[2.999s] DEBUG:colcon.colcon_core.shell:Skip shell extension 'dsv' for command environment
[3.889s] DEBUG:colcon.colcon_core.event_handler.log_command:Invoking command in '/home/farhan/arduinobot_ws/src/arduinobot_py_examples': AMENT_PREFIX_PATH=/home/farhan/arduinobot_ws/install/arduinobot_msgs:${AMENT_PREFIX_PATH} CMAKE_PREFIX_PATH=/home/farhan/arduinobot_ws/install/arduinobot_msgs:${CMAKE_PREFIX_PATH} LD_LIBRARY_PATH=/home/farhan/arduinobot_ws/install/arduinobot_msgs/lib:${LD_LIBRARY_PATH} PYTHONPATH=/home/farhan/arduinobot_ws/build/arduinobot_py_examples/prefix_override:/home/farhan/arduinobot_ws/install/arduinobot_py_examples/lib/python3.10/site-packages:/home/farhan/arduinobot_ws/install/arduinobot_msgs/local/lib/python3.10/dist-packages:${PYTHONPATH} /usr/bin/python3 setup.py egg_info --egg-base ../../build/arduinobot_py_examples build --build-base /home/farhan/arduinobot_ws/build/arduinobot_py_examples/build install --record /home/farhan/arduinobot_ws/build/arduinobot_py_examples/install.log --single-version-externally-managed
[4.573s] Level 1:colcon.colcon_core.environment:checking '/home/farhan/arduinobot_ws/install/arduinobot_py_examples' for CMake module files
[4.574s] DEBUG:colcon.colcon_core.event_handler.log_command:Invoked command in '/home/farhan/arduinobot_ws/src/arduinobot_py_examples' returned '0': AMENT_PREFIX_PATH=/home/farhan/arduinobot_ws/install/arduinobot_msgs:${AMENT_PREFIX_PATH} CMAKE_PREFIX_PATH=/home/farhan/arduinobot_ws/install/arduinobot_msgs:${CMAKE_PREFIX_PATH} LD_LIBRARY_PATH=/home/farhan/arduinobot_ws/install/arduinobot_msgs/lib:${LD_LIBRARY_PATH} PYTHONPATH=/home/farhan/arduinobot_ws/build/arduinobot_py_examples/prefix_override:/home/farhan/arduinobot_ws/install/arduinobot_py_examples/lib/python3.10/site-packages:/home/farhan/arduinobot_ws/install/arduinobot_msgs/local/lib/python3.10/dist-packages:${PYTHONPATH} /usr/bin/python3 setup.py egg_info --egg-base ../../build/arduinobot_py_examples build --build-base /home/farhan/arduinobot_ws/build/arduinobot_py_examples/build install --record /home/farhan/arduinobot_ws/build/arduinobot_py_examples/install.log --single-version-externally-managed
[4.575s] Level 1:colcon.colcon_core.environment:checking '/home/farhan/arduinobot_ws/install/arduinobot_py_examples' for CMake config files
[4.576s] Level 1:colcon.colcon_core.environment:checking '/home/farhan/arduinobot_ws/install/arduinobot_py_examples/lib'
[4.576s] Level 1:colcon.colcon_core.environment:checking '/home/farhan/arduinobot_ws/install/arduinobot_py_examples/bin'
[4.576s] Level 1:colcon.colcon_core.environment:checking '/home/farhan/arduinobot_ws/install/arduinobot_py_examples/lib/pkgconfig/arduinobot_py_examples.pc'
[4.576s] Level 1:colcon.colcon_core.environment:checking '/home/farhan/arduinobot_ws/install/arduinobot_py_examples/lib/python3.10/site-packages'
[4.576s] Level 1:colcon.colcon_core.shell:create_environment_hook('arduinobot_py_examples', 'pythonpath')
[4.578s] INFO:colcon.colcon_core.shell:Creating environment hook '/home/farhan/arduinobot_ws/install/arduinobot_py_examples/share/arduinobot_py_examples/hook/pythonpath.ps1'
[4.579s] INFO:colcon.colcon_core.shell:Creating environment descriptor '/home/farhan/arduinobot_ws/install/arduinobot_py_examples/share/arduinobot_py_examples/hook/pythonpath.dsv'
[4.579s] INFO:colcon.colcon_core.shell:Creating environment hook '/home/farhan/arduinobot_ws/install/arduinobot_py_examples/share/arduinobot_py_examples/hook/pythonpath.sh'
[4.580s] Level 1:colcon.colcon_core.environment:checking '/home/farhan/arduinobot_ws/install/arduinobot_py_examples/bin'
[4.580s] Level 1:colcon.colcon_core.environment:create_environment_scripts_only(arduinobot_py_examples)
[4.582s] INFO:colcon.colcon_core.shell:Creating package script '/home/farhan/arduinobot_ws/install/arduinobot_py_examples/share/arduinobot_py_examples/package.ps1'
[4.582s] INFO:colcon.colcon_core.shell:Creating package descriptor '/home/farhan/arduinobot_ws/install/arduinobot_py_examples/share/arduinobot_py_examples/package.dsv'
[4.583s] INFO:colcon.colcon_core.shell:Creating package script '/home/farhan/arduinobot_ws/install/arduinobot_py_examples/share/arduinobot_py_examples/package.sh'
[4.584s] INFO:colcon.colcon_core.shell:Creating package script '/home/farhan/arduinobot_ws/install/arduinobot_py_examples/share/arduinobot_py_examples/package.bash'
[4.584s] INFO:colcon.colcon_core.shell:Creating package script '/home/farhan/arduinobot_ws/install/arduinobot_py_examples/share/arduinobot_py_examples/package.zsh'
[4.585s] Level 1:colcon.colcon_core.environment:create_file_with_runtime_dependencies(/home/farhan/arduinobot_ws/install/arduinobot_py_examples/share/colcon-core/packages/arduinobot_py_examples)
[4.585s] DEBUG:colcon.colcon_parallel_executor.executor.parallel:closing loop
[4.586s] DEBUG:colcon.colcon_parallel_executor.executor.parallel:loop closed
[4.586s] DEBUG:colcon.colcon_parallel_executor.executor.parallel:run_until_complete finished with '0'
[4.586s] DEBUG:colcon.colcon_core.event_reactor:joining thread
[4.594s] INFO:colcon.colcon_core.plugin_system:Skipping extension 'colcon_notification.desktop_notification.terminal_notifier': Not used on non-Darwin systems
[4.594s] INFO:colcon.colcon_core.plugin_system:Skipping extension 'colcon_notification.desktop_notification.win32': Not used on non-Windows systems
[4.594s] INFO:colcon.colcon_notification.desktop_notification:Sending desktop notification using 'notify2'
[4.609s] DEBUG:colcon.colcon_core.event_reactor:joined thread
[4.613s] INFO:colcon.colcon_core.shell:Creating prefix script '/home/farhan/arduinobot_ws/install/local_setup.ps1'
[4.615s] INFO:colcon.colcon_core.shell:Creating prefix util module '/home/farhan/arduinobot_ws/install/_local_setup_util_ps1.py'
[4.619s] INFO:colcon.colcon_core.shell:Creating prefix chain script '/home/farhan/arduinobot_ws/install/setup.ps1'
[4.622s] INFO:colcon.colcon_core.shell:Creating prefix script '/home/farhan/arduinobot_ws/install/local_setup.sh'
[4.623s] INFO:colcon.colcon_core.shell:Creating prefix util module '/home/farhan/arduinobot_ws/install/_local_setup_util_sh.py'
[4.624s] INFO:colcon.colcon_core.shell:Creating prefix chain script '/home/farhan/arduinobot_ws/install/setup.sh'
[4.626s] INFO:colcon.colcon_core.shell:Creating prefix script '/home/farhan/arduinobot_ws/install/local_setup.bash'
[4.627s] INFO:colcon.colcon_core.shell:Creating prefix chain script '/home/farhan/arduinobot_ws/install/setup.bash'
[4.630s] INFO:colcon.colcon_core.shell:Creating prefix script '/home/farhan/arduinobot_ws/install/local_setup.zsh'
[4.631s] INFO:colcon.colcon_core.shell:Creating prefix chain script '/home/farhan/arduinobot_ws/install/setup.zsh'
