[0.574s] DEBUG:colcon:Command line arguments: ['/usr/bin/colcon', 'build']
[0.574s] DEBUG:colcon:Parsed command line arguments: Namespace(log_base=None, log_level=None, verb_name='build', build_base='build', install_base='install', merge_install=False, symlink_install=False, test_result_base=None, continue_on_error=False, executor='parallel', parallel_workers=4, event_handlers=None, ignore_user_meta=False, metas=['./colcon.meta'], base_paths=['.'], packages_ignore=None, packages_ignore_regex=None, paths=None, packages_up_to=None, packages_up_to_regex=None, packages_above=None, packages_above_and_dependencies=None, packages_above_depth=None, packages_select_by_dep=None, packages_skip_by_dep=None, packages_skip_up_to=None, packages_select_build_failed=False, packages_skip_build_finished=False, packages_select_test_failures=False, packages_skip_test_passed=False, packages_select=None, packages_skip=None, packages_select_regex=None, packages_skip_regex=None, packages_start=None, packages_end=None, allow_overriding=[], cmake_args=None, cmake_target=None, cmake_target_skip_unavailable=False, cmake_clean_cache=False, cmake_clean_first=False, cmake_force_configure=False, ament_cmake_args=None, catkin_cmake_args=None, catkin_skip_building_tests=False, verb_parser=<colcon_defaults.argument_parser.defaults.DefaultArgumentsDecorator object at 0x7f3a909c1b70>, verb_extension=<colcon_core.verb.build.BuildVerb object at 0x7f3a911d08e0>, main=<bound method BuildVerb.main of <colcon_core.verb.build.BuildVerb object at 0x7f3a911d08e0>>)
[0.614s] Level 1:colcon.colcon_core.package_discovery:discover_packages(colcon_meta) check parameters
[0.614s] Level 1:colcon.colcon_core.package_discovery:discover_packages(recursive) check parameters
[0.614s] Level 1:colcon.colcon_core.package_discovery:discover_packages(ignore) check parameters
[0.614s] Level 1:colcon.colcon_core.package_discovery:discover_packages(path) check parameters
[0.614s] Level 1:colcon.colcon_core.package_discovery:discover_packages(colcon_meta) discover
[0.614s] Level 1:colcon.colcon_core.package_discovery:discover_packages(recursive) discover
[0.614s] INFO:colcon.colcon_core.package_discovery:Crawling recursively for packages in '/home/farhan/arduinobot_ws'
[0.614s] Level 1:colcon.colcon_core.package_identification:_identify(.) by extensions ['ignore', 'ignore_ament_install']
[0.614s] Level 1:colcon.colcon_core.package_identification:_identify(.) by extension 'ignore'
[0.615s] Level 1:colcon.colcon_core.package_identification:_identify(.) by extension 'ignore_ament_install'
[0.615s] Level 1:colcon.colcon_core.package_identification:_identify(.) by extensions ['colcon_pkg']
[0.615s] Level 1:colcon.colcon_core.package_identification:_identify(.) by extension 'colcon_pkg'
[0.615s] Level 1:colcon.colcon_core.package_identification:_identify(.) by extensions ['colcon_meta']
[0.615s] Level 1:colcon.colcon_core.package_identification:_identify(.) by extension 'colcon_meta'
[0.615s] Level 1:colcon.colcon_core.package_identification:_identify(.) by extensions ['ros']
[0.615s] Level 1:colcon.colcon_core.package_identification:_identify(.) by extension 'ros'
[0.636s] Level 1:colcon.colcon_core.package_identification:_identify(.) by extensions ['cmake', 'python']
[0.636s] Level 1:colcon.colcon_core.package_identification:_identify(.) by extension 'cmake'
[0.636s] Level 1:colcon.colcon_core.package_identification:_identify(.) by extension 'python'
[0.637s] Level 1:colcon.colcon_core.package_identification:_identify(.) by extensions ['python_setup_py']
[0.637s] Level 1:colcon.colcon_core.package_identification:_identify(.) by extension 'python_setup_py'
[0.637s] Level 1:colcon.colcon_core.package_identification:_identify(build) by extensions ['ignore', 'ignore_ament_install']
[0.637s] Level 1:colcon.colcon_core.package_identification:_identify(build) by extension 'ignore'
[0.637s] Level 1:colcon.colcon_core.package_identification:_identify(build) ignored
[0.637s] Level 1:colcon.colcon_core.package_identification:_identify(install) by extensions ['ignore', 'ignore_ament_install']
[0.637s] Level 1:colcon.colcon_core.package_identification:_identify(install) by extension 'ignore'
[0.637s] Level 1:colcon.colcon_core.package_identification:_identify(install) ignored
[0.638s] Level 1:colcon.colcon_core.package_identification:_identify(log) by extensions ['ignore', 'ignore_ament_install']
[0.638s] Level 1:colcon.colcon_core.package_identification:_identify(log) by extension 'ignore'
[0.638s] Level 1:colcon.colcon_core.package_identification:_identify(log) ignored
[0.638s] Level 1:colcon.colcon_core.package_identification:_identify(src) by extensions ['ignore', 'ignore_ament_install']
[0.638s] Level 1:colcon.colcon_core.package_identification:_identify(src) by extension 'ignore'
[0.638s] Level 1:colcon.colcon_core.package_identification:_identify(src) by extension 'ignore_ament_install'
[0.638s] Level 1:colcon.colcon_core.package_identification:_identify(src) by extensions ['colcon_pkg']
[0.638s] Level 1:colcon.colcon_core.package_identification:_identify(src) by extension 'colcon_pkg'
[0.638s] Level 1:colcon.colcon_core.package_identification:_identify(src) by extensions ['colcon_meta']
[0.638s] Level 1:colcon.colcon_core.package_identification:_identify(src) by extension 'colcon_meta'
[0.639s] Level 1:colcon.colcon_core.package_identification:_identify(src) by extensions ['ros']
[0.639s] Level 1:colcon.colcon_core.package_identification:_identify(src) by extension 'ros'
[0.639s] Level 1:colcon.colcon_core.package_identification:_identify(src) by extensions ['cmake', 'python']
[0.639s] Level 1:colcon.colcon_core.package_identification:_identify(src) by extension 'cmake'
[0.639s] Level 1:colcon.colcon_core.package_identification:_identify(src) by extension 'python'
[0.639s] Level 1:colcon.colcon_core.package_identification:_identify(src) by extensions ['python_setup_py']
[0.639s] Level 1:colcon.colcon_core.package_identification:_identify(src) by extension 'python_setup_py'
[0.639s] Level 1:colcon.colcon_core.package_identification:_identify(src/arduinobot_cpp_examples) by extensions ['ignore', 'ignore_ament_install']
[0.639s] Level 1:colcon.colcon_core.package_identification:_identify(src/arduinobot_cpp_examples) by extension 'ignore'
[0.639s] Level 1:colcon.colcon_core.package_identification:_identify(src/arduinobot_cpp_examples) by extension 'ignore_ament_install'
[0.639s] Level 1:colcon.colcon_core.package_identification:_identify(src/arduinobot_cpp_examples) by extensions ['colcon_pkg']
[0.640s] Level 1:colcon.colcon_core.package_identification:_identify(src/arduinobot_cpp_examples) by extension 'colcon_pkg'
[0.640s] Level 1:colcon.colcon_core.package_identification:_identify(src/arduinobot_cpp_examples) by extensions ['colcon_meta']
[0.640s] Level 1:colcon.colcon_core.package_identification:_identify(src/arduinobot_cpp_examples) by extension 'colcon_meta'
[0.640s] Level 1:colcon.colcon_core.package_identification:_identify(src/arduinobot_cpp_examples) by extensions ['ros']
[0.640s] Level 1:colcon.colcon_core.package_identification:_identify(src/arduinobot_cpp_examples) by extension 'ros'
[0.644s] DEBUG:colcon.colcon_core.package_identification:Package 'src/arduinobot_cpp_examples' with type 'ros.ament_cmake' and name 'arduinobot_cpp_examples'
[0.645s] Level 1:colcon.colcon_core.package_identification:_identify(src/arduinobot_description) by extensions ['ignore', 'ignore_ament_install']
[0.645s] Level 1:colcon.colcon_core.package_identification:_identify(src/arduinobot_description) by extension 'ignore'
[0.645s] Level 1:colcon.colcon_core.package_identification:_identify(src/arduinobot_description) by extension 'ignore_ament_install'
[0.645s] Level 1:colcon.colcon_core.package_identification:_identify(src/arduinobot_description) by extensions ['colcon_pkg']
[0.645s] Level 1:colcon.colcon_core.package_identification:_identify(src/arduinobot_description) by extension 'colcon_pkg'
[0.645s] Level 1:colcon.colcon_core.package_identification:_identify(src/arduinobot_description) by extensions ['colcon_meta']
[0.645s] Level 1:colcon.colcon_core.package_identification:_identify(src/arduinobot_description) by extension 'colcon_meta'
[0.645s] Level 1:colcon.colcon_core.package_identification:_identify(src/arduinobot_description) by extensions ['ros']
[0.645s] Level 1:colcon.colcon_core.package_identification:_identify(src/arduinobot_description) by extension 'ros'
[0.646s] DEBUG:colcon.colcon_core.package_identification:Package 'src/arduinobot_description' with type 'ros.ament_cmake' and name 'arduinobot_description'
[0.646s] Level 1:colcon.colcon_core.package_identification:_identify(src/arduinobot_py_examples) by extensions ['ignore', 'ignore_ament_install']
[0.646s] Level 1:colcon.colcon_core.package_identification:_identify(src/arduinobot_py_examples) by extension 'ignore'
[0.646s] Level 1:colcon.colcon_core.package_identification:_identify(src/arduinobot_py_examples) by extension 'ignore_ament_install'
[0.646s] Level 1:colcon.colcon_core.package_identification:_identify(src/arduinobot_py_examples) by extensions ['colcon_pkg']
[0.646s] Level 1:colcon.colcon_core.package_identification:_identify(src/arduinobot_py_examples) by extension 'colcon_pkg'
[0.647s] Level 1:colcon.colcon_core.package_identification:_identify(src/arduinobot_py_examples) by extensions ['colcon_meta']
[0.647s] Level 1:colcon.colcon_core.package_identification:_identify(src/arduinobot_py_examples) by extension 'colcon_meta'
[0.647s] Level 1:colcon.colcon_core.package_identification:_identify(src/arduinobot_py_examples) by extensions ['ros']
[0.647s] Level 1:colcon.colcon_core.package_identification:_identify(src/arduinobot_py_examples) by extension 'ros'
[0.647s] DEBUG:colcon.colcon_core.package_identification:Package 'src/arduinobot_py_examples' with type 'ros.ament_python' and name 'arduinobot_py_examples'
[0.647s] Level 1:colcon.colcon_core.package_discovery:discover_packages(recursive) using defaults
[0.648s] Level 1:colcon.colcon_core.package_discovery:discover_packages(ignore) discover
[0.648s] Level 1:colcon.colcon_core.package_discovery:discover_packages(ignore) using defaults
[0.648s] Level 1:colcon.colcon_core.package_discovery:discover_packages(path) discover
[0.648s] Level 1:colcon.colcon_core.package_discovery:discover_packages(path) using defaults
[0.684s] Level 1:colcon.colcon_core.package_discovery:discover_packages(prefix_path) check parameters
[0.684s] Level 1:colcon.colcon_core.package_discovery:discover_packages(prefix_path) discover
[0.691s] DEBUG:colcon.colcon_installed_package_information.package_discovery:Found 349 installed packages in /opt/ros/humble
[0.693s] Level 1:colcon.colcon_core.package_discovery:discover_packages(prefix_path) using defaults
[0.795s] Level 5:colcon.colcon_core.verb:set package 'arduinobot_cpp_examples' build argument 'cmake_args' from command line to 'None'
[0.795s] Level 5:colcon.colcon_core.verb:set package 'arduinobot_cpp_examples' build argument 'cmake_target' from command line to 'None'
[0.795s] Level 5:colcon.colcon_core.verb:set package 'arduinobot_cpp_examples' build argument 'cmake_target_skip_unavailable' from command line to 'False'
[0.796s] Level 5:colcon.colcon_core.verb:set package 'arduinobot_cpp_examples' build argument 'cmake_clean_cache' from command line to 'False'
[0.796s] Level 5:colcon.colcon_core.verb:set package 'arduinobot_cpp_examples' build argument 'cmake_clean_first' from command line to 'False'
[0.796s] Level 5:colcon.colcon_core.verb:set package 'arduinobot_cpp_examples' build argument 'cmake_force_configure' from command line to 'False'
[0.796s] Level 5:colcon.colcon_core.verb:set package 'arduinobot_cpp_examples' build argument 'ament_cmake_args' from command line to 'None'
[0.796s] Level 5:colcon.colcon_core.verb:set package 'arduinobot_cpp_examples' build argument 'catkin_cmake_args' from command line to 'None'
[0.796s] Level 5:colcon.colcon_core.verb:set package 'arduinobot_cpp_examples' build argument 'catkin_skip_building_tests' from command line to 'False'
[0.796s] DEBUG:colcon.colcon_core.verb:Building package 'arduinobot_cpp_examples' with the following arguments: {'ament_cmake_args': None, 'build_base': '/home/farhan/arduinobot_ws/build/arduinobot_cpp_examples', 'catkin_cmake_args': None, 'catkin_skip_building_tests': False, 'cmake_args': None, 'cmake_clean_cache': False, 'cmake_clean_first': False, 'cmake_force_configure': False, 'cmake_target': None, 'cmake_target_skip_unavailable': False, 'install_base': '/home/farhan/arduinobot_ws/install/arduinobot_cpp_examples', 'merge_install': False, 'path': '/home/farhan/arduinobot_ws/src/arduinobot_cpp_examples', 'symlink_install': False, 'test_result_base': None}
[0.797s] Level 5:colcon.colcon_core.verb:set package 'arduinobot_description' build argument 'cmake_args' from command line to 'None'
[0.797s] Level 5:colcon.colcon_core.verb:set package 'arduinobot_description' build argument 'cmake_target' from command line to 'None'
[0.797s] Level 5:colcon.colcon_core.verb:set package 'arduinobot_description' build argument 'cmake_target_skip_unavailable' from command line to 'False'
[0.797s] Level 5:colcon.colcon_core.verb:set package 'arduinobot_description' build argument 'cmake_clean_cache' from command line to 'False'
[0.797s] Level 5:colcon.colcon_core.verb:set package 'arduinobot_description' build argument 'cmake_clean_first' from command line to 'False'
[0.797s] Level 5:colcon.colcon_core.verb:set package 'arduinobot_description' build argument 'cmake_force_configure' from command line to 'False'
[0.797s] Level 5:colcon.colcon_core.verb:set package 'arduinobot_description' build argument 'ament_cmake_args' from command line to 'None'
[0.798s] Level 5:colcon.colcon_core.verb:set package 'arduinobot_description' build argument 'catkin_cmake_args' from command line to 'None'
[0.798s] Level 5:colcon.colcon_core.verb:set package 'arduinobot_description' build argument 'catkin_skip_building_tests' from command line to 'False'
[0.798s] DEBUG:colcon.colcon_core.verb:Building package 'arduinobot_description' with the following arguments: {'ament_cmake_args': None, 'build_base': '/home/farhan/arduinobot_ws/build/arduinobot_description', 'catkin_cmake_args': None, 'catkin_skip_building_tests': False, 'cmake_args': None, 'cmake_clean_cache': False, 'cmake_clean_first': False, 'cmake_force_configure': False, 'cmake_target': None, 'cmake_target_skip_unavailable': False, 'install_base': '/home/farhan/arduinobot_ws/install/arduinobot_description', 'merge_install': False, 'path': '/home/farhan/arduinobot_ws/src/arduinobot_description', 'symlink_install': False, 'test_result_base': None}
[0.799s] Level 5:colcon.colcon_core.verb:set package 'arduinobot_py_examples' build argument 'cmake_args' from command line to 'None'
[0.799s] Level 5:colcon.colcon_core.verb:set package 'arduinobot_py_examples' build argument 'cmake_target' from command line to 'None'
[0.799s] Level 5:colcon.colcon_core.verb:set package 'arduinobot_py_examples' build argument 'cmake_target_skip_unavailable' from command line to 'False'
[0.799s] Level 5:colcon.colcon_core.verb:set package 'arduinobot_py_examples' build argument 'cmake_clean_cache' from command line to 'False'
[0.799s] Level 5:colcon.colcon_core.verb:set package 'arduinobot_py_examples' build argument 'cmake_clean_first' from command line to 'False'
[0.799s] Level 5:colcon.colcon_core.verb:set package 'arduinobot_py_examples' build argument 'cmake_force_configure' from command line to 'False'
[0.799s] Level 5:colcon.colcon_core.verb:set package 'arduinobot_py_examples' build argument 'ament_cmake_args' from command line to 'None'
[0.799s] Level 5:colcon.colcon_core.verb:set package 'arduinobot_py_examples' build argument 'catkin_cmake_args' from command line to 'None'
[0.799s] Level 5:colcon.colcon_core.verb:set package 'arduinobot_py_examples' build argument 'catkin_skip_building_tests' from command line to 'False'
[0.799s] DEBUG:colcon.colcon_core.verb:Building package 'arduinobot_py_examples' with the following arguments: {'ament_cmake_args': None, 'build_base': '/home/farhan/arduinobot_ws/build/arduinobot_py_examples', 'catkin_cmake_args': None, 'catkin_skip_building_tests': False, 'cmake_args': None, 'cmake_clean_cache': False, 'cmake_clean_first': False, 'cmake_force_configure': False, 'cmake_target': None, 'cmake_target_skip_unavailable': False, 'install_base': '/home/farhan/arduinobot_ws/install/arduinobot_py_examples', 'merge_install': False, 'path': '/home/farhan/arduinobot_ws/src/arduinobot_py_examples', 'symlink_install': False, 'test_result_base': None}
[0.800s] INFO:colcon.colcon_core.executor:Executing jobs using 'parallel' executor
[0.805s] DEBUG:colcon.colcon_parallel_executor.executor.parallel:run_until_complete
[0.805s] INFO:colcon.colcon_ros.task.ament_cmake.build:Building ROS package in '/home/farhan/arduinobot_ws/src/arduinobot_cpp_examples' with build type 'ament_cmake'
[0.805s] INFO:colcon.colcon_cmake.task.cmake.build:Building CMake package in '/home/farhan/arduinobot_ws/src/arduinobot_cpp_examples'
[0.816s] INFO:colcon.colcon_core.plugin_system:Skipping extension 'colcon_core.shell.bat': Not used on non-Windows systems
[0.817s] INFO:colcon.colcon_core.shell:Skip shell extension 'powershell' for command environment: Not usable outside of PowerShell
[0.817s] DEBUG:colcon.colcon_core.shell:Skip shell extension 'dsv' for command environment
[0.826s] INFO:colcon.colcon_ros.task.ament_cmake.build:Building ROS package in '/home/farhan/arduinobot_ws/src/arduinobot_description' with build type 'ament_cmake'
[0.826s] INFO:colcon.colcon_cmake.task.cmake.build:Building CMake package in '/home/farhan/arduinobot_ws/src/arduinobot_description'
[0.830s] INFO:colcon.colcon_core.shell:Skip shell extension 'powershell' for command environment: Not usable outside of PowerShell
[0.830s] DEBUG:colcon.colcon_core.shell:Skip shell extension 'dsv' for command environment
[0.840s] INFO:colcon.colcon_ros.task.ament_python.build:Building ROS package in '/home/farhan/arduinobot_ws/src/arduinobot_py_examples' with build type 'ament_python'
[0.841s] Level 1:colcon.colcon_core.shell:create_environment_hook('arduinobot_py_examples', 'ament_prefix_path')
[0.845s] INFO:colcon.colcon_core.shell:Creating environment hook '/home/farhan/arduinobot_ws/install/arduinobot_py_examples/share/arduinobot_py_examples/hook/ament_prefix_path.ps1'
[0.847s] INFO:colcon.colcon_core.shell:Creating environment descriptor '/home/farhan/arduinobot_ws/install/arduinobot_py_examples/share/arduinobot_py_examples/hook/ament_prefix_path.dsv'
[0.848s] INFO:colcon.colcon_core.shell:Creating environment hook '/home/farhan/arduinobot_ws/install/arduinobot_py_examples/share/arduinobot_py_examples/hook/ament_prefix_path.sh'
[0.853s] INFO:colcon.colcon_core.shell:Skip shell extension 'powershell' for command environment: Not usable outside of PowerShell
[0.853s] DEBUG:colcon.colcon_core.shell:Skip shell extension 'dsv' for command environment
[0.878s] DEBUG:colcon.colcon_core.event_handler.log_command:Invoking command in '/home/farhan/arduinobot_ws/build/arduinobot_cpp_examples': CMAKE_PREFIX_PATH=/opt/ros/humble /usr/bin/cmake --build /home/farhan/arduinobot_ws/build/arduinobot_cpp_examples -- -j4 -l4
[0.886s] DEBUG:colcon.colcon_core.event_handler.log_command:Invoking command in '/home/farhan/arduinobot_ws/build/arduinobot_description': CMAKE_PREFIX_PATH=/opt/ros/humble /usr/bin/cmake --build /home/farhan/arduinobot_ws/build/arduinobot_description -- -j4 -l4
[1.500s] INFO:colcon.colcon_core.task.python.build:Building Python package in '/home/farhan/arduinobot_ws/src/arduinobot_py_examples'
[1.502s] INFO:colcon.colcon_core.shell:Skip shell extension 'powershell' for command environment: Not usable outside of PowerShell
[1.502s] DEBUG:colcon.colcon_core.shell:Skip shell extension 'dsv' for command environment
[1.510s] DEBUG:colcon.colcon_core.event_handler.log_command:Invoked command in '/home/farhan/arduinobot_ws/build/arduinobot_description' returned '0': CMAKE_PREFIX_PATH=/opt/ros/humble /usr/bin/cmake --build /home/farhan/arduinobot_ws/build/arduinobot_description -- -j4 -l4
[1.513s] DEBUG:colcon.colcon_core.event_handler.log_command:Invoked command in '/home/farhan/arduinobot_ws/build/arduinobot_cpp_examples' returned '0': CMAKE_PREFIX_PATH=/opt/ros/humble /usr/bin/cmake --build /home/farhan/arduinobot_ws/build/arduinobot_cpp_examples -- -j4 -l4
[1.624s] DEBUG:colcon.colcon_core.event_handler.log_command:Invoking command in '/home/farhan/arduinobot_ws/build/arduinobot_description': CMAKE_PREFIX_PATH=/opt/ros/humble /usr/bin/cmake --install /home/farhan/arduinobot_ws/build/arduinobot_description
[1.629s] DEBUG:colcon.colcon_core.event_handler.log_command:Invoking command in '/home/farhan/arduinobot_ws/build/arduinobot_cpp_examples': CMAKE_PREFIX_PATH=/opt/ros/humble /usr/bin/cmake --install /home/farhan/arduinobot_ws/build/arduinobot_cpp_examples
[1.659s] Level 1:colcon.colcon_core.environment:create_environment_scripts_only(arduinobot_cpp_examples)
[1.684s] Level 1:colcon.colcon_core.environment:checking '/home/farhan/arduinobot_ws/install/arduinobot_cpp_examples' for CMake module files
[1.686s] Level 1:colcon.colcon_core.environment:checking '/home/farhan/arduinobot_ws/install/arduinobot_cpp_examples' for CMake config files
[1.687s] DEBUG:colcon.colcon_core.event_handler.log_command:Invoked command in '/home/farhan/arduinobot_ws/build/arduinobot_cpp_examples' returned '0': CMAKE_PREFIX_PATH=/opt/ros/humble /usr/bin/cmake --install /home/farhan/arduinobot_ws/build/arduinobot_cpp_examples
[1.687s] Level 1:colcon.colcon_core.shell:create_environment_hook('arduinobot_cpp_examples', 'cmake_prefix_path')
[1.691s] INFO:colcon.colcon_core.shell:Creating environment hook '/home/farhan/arduinobot_ws/install/arduinobot_cpp_examples/share/arduinobot_cpp_examples/hook/cmake_prefix_path.ps1'
[1.692s] INFO:colcon.colcon_core.shell:Creating environment descriptor '/home/farhan/arduinobot_ws/install/arduinobot_cpp_examples/share/arduinobot_cpp_examples/hook/cmake_prefix_path.dsv'
[1.692s] INFO:colcon.colcon_core.shell:Creating environment hook '/home/farhan/arduinobot_ws/install/arduinobot_cpp_examples/share/arduinobot_cpp_examples/hook/cmake_prefix_path.sh'
[1.694s] Level 1:colcon.colcon_core.environment:checking '/home/farhan/arduinobot_ws/install/arduinobot_cpp_examples/lib'
[1.694s] Level 1:colcon.colcon_core.environment:checking '/home/farhan/arduinobot_ws/install/arduinobot_cpp_examples/bin'
[1.694s] Level 1:colcon.colcon_core.environment:checking '/home/farhan/arduinobot_ws/install/arduinobot_cpp_examples/lib/pkgconfig/arduinobot_cpp_examples.pc'
[1.695s] Level 1:colcon.colcon_core.environment:checking '/home/farhan/arduinobot_ws/install/arduinobot_cpp_examples/lib/python3.10/site-packages'
[1.695s] Level 1:colcon.colcon_core.environment:checking '/home/farhan/arduinobot_ws/install/arduinobot_cpp_examples/bin'
[1.700s] INFO:colcon.colcon_core.shell:Creating package script '/home/farhan/arduinobot_ws/install/arduinobot_cpp_examples/share/arduinobot_cpp_examples/package.ps1'
[1.701s] INFO:colcon.colcon_core.shell:Creating package descriptor '/home/farhan/arduinobot_ws/install/arduinobot_cpp_examples/share/arduinobot_cpp_examples/package.dsv'
[1.703s] INFO:colcon.colcon_core.shell:Creating package script '/home/farhan/arduinobot_ws/install/arduinobot_cpp_examples/share/arduinobot_cpp_examples/package.sh'
[1.704s] INFO:colcon.colcon_core.shell:Creating package script '/home/farhan/arduinobot_ws/install/arduinobot_cpp_examples/share/arduinobot_cpp_examples/package.bash'
[1.706s] INFO:colcon.colcon_core.shell:Creating package script '/home/farhan/arduinobot_ws/install/arduinobot_cpp_examples/share/arduinobot_cpp_examples/package.zsh'
[1.708s] Level 1:colcon.colcon_core.environment:create_file_with_runtime_dependencies(/home/farhan/arduinobot_ws/install/arduinobot_cpp_examples/share/colcon-core/packages/arduinobot_cpp_examples)
[1.711s] Level 1:colcon.colcon_core.environment:create_environment_scripts_only(arduinobot_description)
[1.716s] Level 1:colcon.colcon_core.environment:checking '/home/farhan/arduinobot_ws/install/arduinobot_description' for CMake module files
[1.718s] Level 1:colcon.colcon_core.environment:checking '/home/farhan/arduinobot_ws/install/arduinobot_description' for CMake config files
[1.718s] Level 1:colcon.colcon_core.shell:create_environment_hook('arduinobot_description', 'cmake_prefix_path')
[1.722s] INFO:colcon.colcon_core.shell:Creating environment hook '/home/farhan/arduinobot_ws/install/arduinobot_description/share/arduinobot_description/hook/cmake_prefix_path.ps1'
[1.723s] DEBUG:colcon.colcon_core.event_handler.log_command:Invoked command in '/home/farhan/arduinobot_ws/build/arduinobot_description' returned '0': CMAKE_PREFIX_PATH=/opt/ros/humble /usr/bin/cmake --install /home/farhan/arduinobot_ws/build/arduinobot_description
[1.724s] INFO:colcon.colcon_core.shell:Creating environment descriptor '/home/farhan/arduinobot_ws/install/arduinobot_description/share/arduinobot_description/hook/cmake_prefix_path.dsv'
[1.725s] INFO:colcon.colcon_core.shell:Creating environment hook '/home/farhan/arduinobot_ws/install/arduinobot_description/share/arduinobot_description/hook/cmake_prefix_path.sh'
[1.727s] Level 1:colcon.colcon_core.environment:checking '/home/farhan/arduinobot_ws/install/arduinobot_description/bin'
[1.727s] Level 1:colcon.colcon_core.environment:checking '/home/farhan/arduinobot_ws/install/arduinobot_description/lib/pkgconfig/arduinobot_description.pc'
[1.727s] Level 1:colcon.colcon_core.environment:checking '/home/farhan/arduinobot_ws/install/arduinobot_description/lib/python3.10/site-packages'
[1.728s] Level 1:colcon.colcon_core.environment:checking '/home/farhan/arduinobot_ws/install/arduinobot_description/bin'
[1.730s] INFO:colcon.colcon_core.shell:Creating package script '/home/farhan/arduinobot_ws/install/arduinobot_description/share/arduinobot_description/package.ps1'
[1.731s] INFO:colcon.colcon_core.shell:Creating package descriptor '/home/farhan/arduinobot_ws/install/arduinobot_description/share/arduinobot_description/package.dsv'
[1.732s] INFO:colcon.colcon_core.shell:Creating package script '/home/farhan/arduinobot_ws/install/arduinobot_description/share/arduinobot_description/package.sh'
[1.734s] INFO:colcon.colcon_core.shell:Creating package script '/home/farhan/arduinobot_ws/install/arduinobot_description/share/arduinobot_description/package.bash'
[1.735s] INFO:colcon.colcon_core.shell:Creating package script '/home/farhan/arduinobot_ws/install/arduinobot_description/share/arduinobot_description/package.zsh'
[1.736s] Level 1:colcon.colcon_core.environment:create_file_with_runtime_dependencies(/home/farhan/arduinobot_ws/install/arduinobot_description/share/colcon-core/packages/arduinobot_description)
[1.791s] Level 1:colcon.colcon_core.environment:create_environment_scripts_only(arduinobot_description)
[1.794s] Level 1:colcon.colcon_core.environment:checking '/home/farhan/arduinobot_ws/install/arduinobot_description' for CMake module files
[1.798s] Level 1:colcon.colcon_core.environment:checking '/home/farhan/arduinobot_ws/install/arduinobot_description' for CMake config files
[1.799s] Level 1:colcon.colcon_core.shell:create_environment_hook('arduinobot_description', 'cmake_prefix_path')
[1.801s] INFO:colcon.colcon_core.shell:Creating environment hook '/home/farhan/arduinobot_ws/install/arduinobot_description/share/arduinobot_description/hook/cmake_prefix_path.ps1'
[1.802s] INFO:colcon.colcon_core.shell:Creating environment descriptor '/home/farhan/arduinobot_ws/install/arduinobot_description/share/arduinobot_description/hook/cmake_prefix_path.dsv'
[1.804s] INFO:colcon.colcon_core.shell:Creating environment hook '/home/farhan/arduinobot_ws/install/arduinobot_description/share/arduinobot_description/hook/cmake_prefix_path.sh'
[1.806s] Level 1:colcon.colcon_core.environment:checking '/home/farhan/arduinobot_ws/install/arduinobot_description/bin'
[1.806s] Level 1:colcon.colcon_core.environment:checking '/home/farhan/arduinobot_ws/install/arduinobot_description/lib/pkgconfig/arduinobot_description.pc'
[1.807s] Level 1:colcon.colcon_core.environment:checking '/home/farhan/arduinobot_ws/install/arduinobot_description/lib/python3.10/site-packages'
[1.808s] Level 1:colcon.colcon_core.environment:checking '/home/farhan/arduinobot_ws/install/arduinobot_description/bin'
[1.812s] INFO:colcon.colcon_core.shell:Creating package script '/home/farhan/arduinobot_ws/install/arduinobot_description/share/arduinobot_description/package.ps1'
[1.815s] INFO:colcon.colcon_core.shell:Creating package descriptor '/home/farhan/arduinobot_ws/install/arduinobot_description/share/arduinobot_description/package.dsv'
[1.817s] INFO:colcon.colcon_core.shell:Creating package script '/home/farhan/arduinobot_ws/install/arduinobot_description/share/arduinobot_description/package.sh'
[1.818s] INFO:colcon.colcon_core.shell:Creating package script '/home/farhan/arduinobot_ws/install/arduinobot_description/share/arduinobot_description/package.bash'
[1.819s] INFO:colcon.colcon_core.shell:Creating package script '/home/farhan/arduinobot_ws/install/arduinobot_description/share/arduinobot_description/package.zsh'
[1.820s] Level 1:colcon.colcon_core.environment:create_file_with_runtime_dependencies(/home/farhan/arduinobot_ws/install/arduinobot_description/share/colcon-core/packages/arduinobot_description)
[1.825s] Level 1:colcon.colcon_core.environment:create_environment_scripts_only(arduinobot_cpp_examples)
[1.828s] Level 1:colcon.colcon_core.environment:checking '/home/farhan/arduinobot_ws/install/arduinobot_cpp_examples' for CMake module files
[1.828s] Level 1:colcon.colcon_core.environment:checking '/home/farhan/arduinobot_ws/install/arduinobot_cpp_examples' for CMake config files
[1.829s] Level 1:colcon.colcon_core.shell:create_environment_hook('arduinobot_cpp_examples', 'cmake_prefix_path')
[1.831s] INFO:colcon.colcon_core.shell:Creating environment hook '/home/farhan/arduinobot_ws/install/arduinobot_cpp_examples/share/arduinobot_cpp_examples/hook/cmake_prefix_path.ps1'
[1.831s] INFO:colcon.colcon_core.shell:Creating environment descriptor '/home/farhan/arduinobot_ws/install/arduinobot_cpp_examples/share/arduinobot_cpp_examples/hook/cmake_prefix_path.dsv'
[1.832s] INFO:colcon.colcon_core.shell:Creating environment hook '/home/farhan/arduinobot_ws/install/arduinobot_cpp_examples/share/arduinobot_cpp_examples/hook/cmake_prefix_path.sh'
[1.833s] Level 1:colcon.colcon_core.environment:checking '/home/farhan/arduinobot_ws/install/arduinobot_cpp_examples/lib'
[1.834s] Level 1:colcon.colcon_core.environment:checking '/home/farhan/arduinobot_ws/install/arduinobot_cpp_examples/bin'
[1.834s] Level 1:colcon.colcon_core.environment:checking '/home/farhan/arduinobot_ws/install/arduinobot_cpp_examples/lib/pkgconfig/arduinobot_cpp_examples.pc'
[1.834s] Level 1:colcon.colcon_core.environment:checking '/home/farhan/arduinobot_ws/install/arduinobot_cpp_examples/lib/python3.10/site-packages'
[1.835s] Level 1:colcon.colcon_core.environment:checking '/home/farhan/arduinobot_ws/install/arduinobot_cpp_examples/bin'
[1.837s] INFO:colcon.colcon_core.shell:Creating package script '/home/farhan/arduinobot_ws/install/arduinobot_cpp_examples/share/arduinobot_cpp_examples/package.ps1'
[1.838s] INFO:colcon.colcon_core.shell:Creating package descriptor '/home/farhan/arduinobot_ws/install/arduinobot_cpp_examples/share/arduinobot_cpp_examples/package.dsv'
[1.839s] INFO:colcon.colcon_core.shell:Creating package script '/home/farhan/arduinobot_ws/install/arduinobot_cpp_examples/share/arduinobot_cpp_examples/package.sh'
[1.840s] INFO:colcon.colcon_core.shell:Creating package script '/home/farhan/arduinobot_ws/install/arduinobot_cpp_examples/share/arduinobot_cpp_examples/package.bash'
[1.840s] INFO:colcon.colcon_core.shell:Creating package script '/home/farhan/arduinobot_ws/install/arduinobot_cpp_examples/share/arduinobot_cpp_examples/package.zsh'
[1.842s] Level 1:colcon.colcon_core.environment:create_file_with_runtime_dependencies(/home/farhan/arduinobot_ws/install/arduinobot_cpp_examples/share/colcon-core/packages/arduinobot_cpp_examples)
[2.383s] DEBUG:colcon.colcon_core.event_handler.log_command:Invoking command in '/home/farhan/arduinobot_ws/src/arduinobot_py_examples': PYTHONPATH=/home/farhan/arduinobot_ws/build/arduinobot_py_examples/prefix_override:/home/farhan/arduinobot_ws/install/arduinobot_py_examples/lib/python3.10/site-packages:${PYTHONPATH} /usr/bin/python3 setup.py egg_info --egg-base ../../build/arduinobot_py_examples build --build-base /home/farhan/arduinobot_ws/build/arduinobot_py_examples/build install --record /home/farhan/arduinobot_ws/build/arduinobot_py_examples/install.log --single-version-externally-managed
[2.882s] Level 1:colcon.colcon_core.environment:checking '/home/farhan/arduinobot_ws/install/arduinobot_py_examples' for CMake module files
[2.884s] DEBUG:colcon.colcon_core.event_handler.log_command:Invoked command in '/home/farhan/arduinobot_ws/src/arduinobot_py_examples' returned '0': PYTHONPATH=/home/farhan/arduinobot_ws/build/arduinobot_py_examples/prefix_override:/home/farhan/arduinobot_ws/install/arduinobot_py_examples/lib/python3.10/site-packages:${PYTHONPATH} /usr/bin/python3 setup.py egg_info --egg-base ../../build/arduinobot_py_examples build --build-base /home/farhan/arduinobot_ws/build/arduinobot_py_examples/build install --record /home/farhan/arduinobot_ws/build/arduinobot_py_examples/install.log --single-version-externally-managed
[2.884s] Level 1:colcon.colcon_core.environment:checking '/home/farhan/arduinobot_ws/install/arduinobot_py_examples' for CMake config files
[2.885s] Level 1:colcon.colcon_core.environment:checking '/home/farhan/arduinobot_ws/install/arduinobot_py_examples/lib'
[2.886s] Level 1:colcon.colcon_core.environment:checking '/home/farhan/arduinobot_ws/install/arduinobot_py_examples/bin'
[2.886s] Level 1:colcon.colcon_core.environment:checking '/home/farhan/arduinobot_ws/install/arduinobot_py_examples/lib/pkgconfig/arduinobot_py_examples.pc'
[2.886s] Level 1:colcon.colcon_core.environment:checking '/home/farhan/arduinobot_ws/install/arduinobot_py_examples/lib/python3.10/site-packages'
[2.887s] Level 1:colcon.colcon_core.shell:create_environment_hook('arduinobot_py_examples', 'pythonpath')
[2.890s] INFO:colcon.colcon_core.shell:Creating environment hook '/home/farhan/arduinobot_ws/install/arduinobot_py_examples/share/arduinobot_py_examples/hook/pythonpath.ps1'
[2.891s] INFO:colcon.colcon_core.shell:Creating environment descriptor '/home/farhan/arduinobot_ws/install/arduinobot_py_examples/share/arduinobot_py_examples/hook/pythonpath.dsv'
[2.891s] INFO:colcon.colcon_core.shell:Creating environment hook '/home/farhan/arduinobot_ws/install/arduinobot_py_examples/share/arduinobot_py_examples/hook/pythonpath.sh'
[2.893s] Level 1:colcon.colcon_core.environment:checking '/home/farhan/arduinobot_ws/install/arduinobot_py_examples/bin'
[2.893s] Level 1:colcon.colcon_core.environment:create_environment_scripts_only(arduinobot_py_examples)
[2.895s] INFO:colcon.colcon_core.shell:Creating package script '/home/farhan/arduinobot_ws/install/arduinobot_py_examples/share/arduinobot_py_examples/package.ps1'
[2.896s] INFO:colcon.colcon_core.shell:Creating package descriptor '/home/farhan/arduinobot_ws/install/arduinobot_py_examples/share/arduinobot_py_examples/package.dsv'
[2.896s] INFO:colcon.colcon_core.shell:Creating package script '/home/farhan/arduinobot_ws/install/arduinobot_py_examples/share/arduinobot_py_examples/package.sh'
[2.897s] INFO:colcon.colcon_core.shell:Creating package script '/home/farhan/arduinobot_ws/install/arduinobot_py_examples/share/arduinobot_py_examples/package.bash'
[2.898s] INFO:colcon.colcon_core.shell:Creating package script '/home/farhan/arduinobot_ws/install/arduinobot_py_examples/share/arduinobot_py_examples/package.zsh'
[2.898s] Level 1:colcon.colcon_core.environment:create_file_with_runtime_dependencies(/home/farhan/arduinobot_ws/install/arduinobot_py_examples/share/colcon-core/packages/arduinobot_py_examples)
[2.899s] DEBUG:colcon.colcon_parallel_executor.executor.parallel:closing loop
[2.900s] DEBUG:colcon.colcon_parallel_executor.executor.parallel:loop closed
[2.900s] DEBUG:colcon.colcon_parallel_executor.executor.parallel:run_until_complete finished with '0'
[2.900s] DEBUG:colcon.colcon_core.event_reactor:joining thread
[2.912s] INFO:colcon.colcon_core.plugin_system:Skipping extension 'colcon_notification.desktop_notification.terminal_notifier': Not used on non-Darwin systems
[2.912s] INFO:colcon.colcon_core.plugin_system:Skipping extension 'colcon_notification.desktop_notification.win32': Not used on non-Windows systems
[2.913s] INFO:colcon.colcon_notification.desktop_notification:Sending desktop notification using 'notify2'
[2.927s] DEBUG:colcon.colcon_core.event_reactor:joined thread
[2.930s] INFO:colcon.colcon_core.shell:Creating prefix script '/home/farhan/arduinobot_ws/install/local_setup.ps1'
[2.934s] INFO:colcon.colcon_core.shell:Creating prefix util module '/home/farhan/arduinobot_ws/install/_local_setup_util_ps1.py'
[2.938s] INFO:colcon.colcon_core.shell:Creating prefix chain script '/home/farhan/arduinobot_ws/install/setup.ps1'
[2.940s] INFO:colcon.colcon_core.shell:Creating prefix script '/home/farhan/arduinobot_ws/install/local_setup.sh'
[2.942s] INFO:colcon.colcon_core.shell:Creating prefix util module '/home/farhan/arduinobot_ws/install/_local_setup_util_sh.py'
[2.943s] INFO:colcon.colcon_core.shell:Creating prefix chain script '/home/farhan/arduinobot_ws/install/setup.sh'
[2.945s] INFO:colcon.colcon_core.shell:Creating prefix script '/home/farhan/arduinobot_ws/install/local_setup.bash'
[2.946s] INFO:colcon.colcon_core.shell:Creating prefix chain script '/home/farhan/arduinobot_ws/install/setup.bash'
[2.948s] INFO:colcon.colcon_core.shell:Creating prefix script '/home/farhan/arduinobot_ws/install/local_setup.zsh'
[2.949s] INFO:colcon.colcon_core.shell:Creating prefix chain script '/home/farhan/arduinobot_ws/install/setup.zsh'
