[0.040s] Invoking command in '/home/farhan/arduinobot_ws/build/arduinobot_controller': CMAKE_PREFIX_PATH=${CMAKE_PREFIX_PATH}:/home/farhan/arduinobot_ws/install/arduinobot_py_examples:/opt/ros/humble /usr/bin/cmake --build /home/farhan/arduinobot_ws/build/arduinobot_controller -- -j4 -l4
[0.148s] Invoked command in '/home/farhan/arduinobot_ws/build/arduinobot_controller' returned '0': CMAKE_PREFIX_PATH=${CMAKE_PREFIX_PATH}:/home/farhan/arduinobot_ws/install/arduinobot_py_examples:/opt/ros/humble /usr/bin/cmake --build /home/farhan/arduinobot_ws/build/arduinobot_controller -- -j4 -l4
[0.232s] Invoking command in '/home/farhan/arduinobot_ws/build/arduinobot_controller': CMAKE_PREFIX_PATH=${CMAKE_PREFIX_PATH}:/home/farhan/arduinobot_ws/install/arduinobot_py_examples:/opt/ros/humble /usr/bin/cmake --install /home/farhan/arduinobot_ws/build/arduinobot_controller
[0.278s] -- Install configuration: ""
[0.279s] -- Up-to-date: /home/farhan/arduinobot_ws/install/arduinobot_controller/share/arduinobot_controller/config
[0.279s] -- Up-to-date: /home/farhan/arduinobot_ws/install/arduinobot_controller/share/arduinobot_controller/config/arduinobot_controllers.yaml
[0.279s] -- Up-to-date: /home/farhan/arduinobot_ws/install/arduinobot_controller/share/arduinobot_controller/launch
[0.279s] -- Up-to-date: /home/farhan/arduinobot_ws/install/arduinobot_controller/share/arduinobot_controller/launch/controller.launch.py
[0.279s] -- Up-to-date: /home/farhan/arduinobot_ws/install/arduinobot_controller/share/ament_index/resource_index/package_run_dependencies/arduinobot_controller
[0.279s] -- Up-to-date: /home/farhan/arduinobot_ws/install/arduinobot_controller/share/ament_index/resource_index/parent_prefix_path/arduinobot_controller
[0.280s] -- Up-to-date: /home/farhan/arduinobot_ws/install/arduinobot_controller/share/arduinobot_controller/environment/ament_prefix_path.sh
[0.280s] -- Up-to-date: /home/farhan/arduinobot_ws/install/arduinobot_controller/share/arduinobot_controller/environment/ament_prefix_path.dsv
[0.280s] -- Up-to-date: /home/farhan/arduinobot_ws/install/arduinobot_controller/share/arduinobot_controller/environment/path.sh
[0.280s] -- Up-to-date: /home/farhan/arduinobot_ws/install/arduinobot_controller/share/arduinobot_controller/environment/path.dsv
[0.281s] -- Up-to-date: /home/farhan/arduinobot_ws/install/arduinobot_controller/share/arduinobot_controller/local_setup.bash
[0.282s] -- Up-to-date: /home/farhan/arduinobot_ws/install/arduinobot_controller/share/arduinobot_controller/local_setup.sh
[0.282s] -- Up-to-date: /home/farhan/arduinobot_ws/install/arduinobot_controller/share/arduinobot_controller/local_setup.zsh
[0.283s] -- Up-to-date: /home/farhan/arduinobot_ws/install/arduinobot_controller/share/arduinobot_controller/local_setup.dsv
[0.283s] -- Installing: /home/farhan/arduinobot_ws/install/arduinobot_controller/share/arduinobot_controller/package.dsv
[0.283s] -- Up-to-date: /home/farhan/arduinobot_ws/install/arduinobot_controller/share/ament_index/resource_index/packages/arduinobot_controller
[0.284s] -- Up-to-date: /home/farhan/arduinobot_ws/install/arduinobot_controller/share/arduinobot_controller/cmake/arduinobot_controllerConfig.cmake
[0.284s] -- Up-to-date: /home/farhan/arduinobot_ws/install/arduinobot_controller/share/arduinobot_controller/cmake/arduinobot_controllerConfig-version.cmake
[0.284s] -- Up-to-date: /home/farhan/arduinobot_ws/install/arduinobot_controller/share/arduinobot_controller/package.xml
[0.328s] Invoked command in '/home/farhan/arduinobot_ws/build/arduinobot_controller' returned '0': CMAKE_PREFIX_PATH=${CMAKE_PREFIX_PATH}:/home/farhan/arduinobot_ws/install/arduinobot_py_examples:/opt/ros/humble /usr/bin/cmake --install /home/farhan/arduinobot_ws/build/arduinobot_controller
