[2.895s] Invoking command in '/home/farhan/arduinobot_ws/src/arduinobot_py_examples': PYTHONPATH=/home/farhan/arduinobot_ws/build/arduinobot_py_examples/prefix_override:/home/farhan/arduinobot_ws/install/arduinobot_py_examples/lib/python3.10/site-packages:${PYTHONPATH} /usr/bin/python3 setup.py egg_info --egg-base ../../build/arduinobot_py_examples build --build-base /home/farhan/arduinobot_ws/build/arduinobot_py_examples/build install --record /home/farhan/arduinobot_ws/build/arduinobot_py_examples/install.log --single-version-externally-managed
[3.773s] running egg_info
[3.774s] writing ../../build/arduinobot_py_examples/arduinobot_py_examples.egg-info/PKG-INFO
[3.775s] writing dependency_links to ../../build/arduinobot_py_examples/arduinobot_py_examples.egg-info/dependency_links.txt
[3.775s] writing entry points to ../../build/arduinobot_py_examples/arduinobot_py_examples.egg-info/entry_points.txt
[3.776s] writing requirements to ../../build/arduinobot_py_examples/arduinobot_py_examples.egg-info/requires.txt
[3.776s] writing top-level names to ../../build/arduinobot_py_examples/arduinobot_py_examples.egg-info/top_level.txt
[3.779s] reading manifest file '../../build/arduinobot_py_examples/arduinobot_py_examples.egg-info/SOURCES.txt'
[3.783s] writing manifest file '../../build/arduinobot_py_examples/arduinobot_py_examples.egg-info/SOURCES.txt'
[3.783s] running build
[3.783s] running build_py
[3.784s] copying arduinobot_py_examples/simple_parameter.py -> /home/farhan/arduinobot_ws/build/arduinobot_py_examples/build/lib/arduinobot_py_examples
[3.785s] running install
[3.785s] /usr/lib/python3/dist-packages/setuptools/command/install.py:34: SetuptoolsDeprecationWarning: setup.py install is deprecated. Use build and pip and other standards-based tools.
[3.786s]   warnings.warn(
[3.787s] running install_lib
[3.788s] copying /home/farhan/arduinobot_ws/build/arduinobot_py_examples/build/lib/arduinobot_py_examples/simple_parameter.py -> /home/farhan/arduinobot_ws/install/arduinobot_py_examples/lib/python3.10/site-packages/arduinobot_py_examples
[3.789s] byte-compiling /home/farhan/arduinobot_ws/install/arduinobot_py_examples/lib/python3.10/site-packages/arduinobot_py_examples/simple_parameter.py to simple_parameter.cpython-310.pyc
[3.790s] running install_data
[3.799s] copying package.xml -> /home/farhan/arduinobot_ws/install/arduinobot_py_examples/share/arduinobot_py_examples
[3.799s] running install_egg_info
[3.800s] removing '/home/farhan/arduinobot_ws/install/arduinobot_py_examples/lib/python3.10/site-packages/arduinobot_py_examples-0.0.0-py3.10.egg-info' (and everything under it)
[3.801s] Copying ../../build/arduinobot_py_examples/arduinobot_py_examples.egg-info to /home/farhan/arduinobot_ws/install/arduinobot_py_examples/lib/python3.10/site-packages/arduinobot_py_examples-0.0.0-py3.10.egg-info
[3.802s] running install_scripts
[3.845s] Installing simple_parameter script to /home/farhan/arduinobot_ws/install/arduinobot_py_examples/lib/arduinobot_py_examples
[3.845s] Installing simple_publisher script to /home/farhan/arduinobot_ws/install/arduinobot_py_examples/lib/arduinobot_py_examples
[3.846s] Installing simple_subscriber script to /home/farhan/arduinobot_ws/install/arduinobot_py_examples/lib/arduinobot_py_examples
[3.846s] writing list of installed files to '/home/farhan/arduinobot_ws/build/arduinobot_py_examples/install.log'
[3.912s] Invoked command in '/home/farhan/arduinobot_ws/src/arduinobot_py_examples' returned '0': PYTHONPATH=/home/farhan/arduinobot_ws/build/arduinobot_py_examples/prefix_override:/home/farhan/arduinobot_ws/install/arduinobot_py_examples/lib/python3.10/site-packages:${PYTHONPATH} /usr/bin/python3 setup.py egg_info --egg-base ../../build/arduinobot_py_examples build --build-base /home/farhan/arduinobot_ws/build/arduinobot_py_examples/build install --record /home/farhan/arduinobot_ws/build/arduinobot_py_examples/install.log --single-version-externally-managed
