[0.067s] Invoking command in '/home/farhan/arduinobot_ws/build/arduinobot_msgs': CMAKE_PREFIX_PATH=${CMAKE_PREFIX_PATH}:/home/farhan/arduinobot_ws/install/arduinobot_py_examples:/opt/ros/humble /usr/bin/cmake --build /home/farhan/arduinobot_ws/build/arduinobot_msgs -- -j4 -l4
[0.224s] [  3%] Built target arduinobot_msgs__cpp
[0.240s] [ 12%] Built target arduinobot_msgs__rosidl_generator_c
[0.262s] [ 12%] Built target ament_cmake_python_copy_arduinobot_msgs
[0.327s] [ 22%] Built target arduinobot_msgs__rosidl_typesupport_fastrtps_cpp
[0.360s] [ 32%] Built target arduinobot_msgs__rosidl_typesupport_fastrtps_c
[0.361s] [ 41%] Built target arduinobot_msgs__rosidl_typesupport_introspection_cpp
[0.369s] [ 51%] Built target arduinobot_msgs__rosidl_typesupport_cpp
[0.418s] [ 61%] Built target arduinobot_msgs__rosidl_typesupport_introspection_c
[0.518s] [ 70%] Built target arduinobot_msgs__rosidl_typesupport_c
[0.696s] [ 70%] Built target arduinobot_msgs
[0.753s] [ 74%] Built target arduinobot_msgs__py
[0.936s] [ 80%] Built target arduinobot_msgs__rosidl_generator_py
[1.085s] [ 87%] Built target arduinobot_msgs__rosidl_typesupport_introspection_c__pyext
[1.122s] [ 93%] Built target arduinobot_msgs__rosidl_typesupport_fastrtps_c__pyext
[1.176s] [100%] Built target arduinobot_msgs__rosidl_typesupport_c__pyext
[1.356s] running egg_info
[1.358s] writing arduinobot_msgs.egg-info/PKG-INFO
[1.358s] writing dependency_links to arduinobot_msgs.egg-info/dependency_links.txt
[1.359s] writing top-level names to arduinobot_msgs.egg-info/top_level.txt
[1.376s] reading manifest file 'arduinobot_msgs.egg-info/SOURCES.txt'
[1.378s] writing manifest file 'arduinobot_msgs.egg-info/SOURCES.txt'
[1.482s] [100%] Built target ament_cmake_python_build_arduinobot_msgs_egg
[1.518s] Invoked command in '/home/farhan/arduinobot_ws/build/arduinobot_msgs' returned '0': CMAKE_PREFIX_PATH=${CMAKE_PREFIX_PATH}:/home/farhan/arduinobot_ws/install/arduinobot_py_examples:/opt/ros/humble /usr/bin/cmake --build /home/farhan/arduinobot_ws/build/arduinobot_msgs -- -j4 -l4
[1.689s] Invoking command in '/home/farhan/arduinobot_ws/build/arduinobot_msgs': CMAKE_PREFIX_PATH=${CMAKE_PREFIX_PATH}:/home/farhan/arduinobot_ws/install/arduinobot_py_examples:/opt/ros/humble /usr/bin/cmake --install /home/farhan/arduinobot_ws/build/arduinobot_msgs
[1.709s] -- Install configuration: ""
[1.710s] -- Up-to-date: /home/farhan/arduinobot_ws/install/arduinobot_msgs/share/ament_index/resource_index/rosidl_interfaces/arduinobot_msgs
[1.710s] -- Up-to-date: /home/farhan/arduinobot_ws/install/arduinobot_msgs/include/arduinobot_msgs/arduinobot_msgs
[1.710s] -- Up-to-date: /home/farhan/arduinobot_ws/install/arduinobot_msgs/include/arduinobot_msgs/arduinobot_msgs/srv
[1.710s] -- Up-to-date: /home/farhan/arduinobot_ws/install/arduinobot_msgs/include/arduinobot_msgs/arduinobot_msgs/srv/add_two_ints.h
[1.710s] -- Up-to-date: /home/farhan/arduinobot_ws/install/arduinobot_msgs/include/arduinobot_msgs/arduinobot_msgs/srv/detail
[1.711s] -- Up-to-date: /home/farhan/arduinobot_ws/install/arduinobot_msgs/include/arduinobot_msgs/arduinobot_msgs/srv/detail/add_two_ints__type_support.h
[1.711s] -- Up-to-date: /home/farhan/arduinobot_ws/install/arduinobot_msgs/include/arduinobot_msgs/arduinobot_msgs/srv/detail/add_two_ints__struct.h
[1.712s] -- Up-to-date: /home/farhan/arduinobot_ws/install/arduinobot_msgs/include/arduinobot_msgs/arduinobot_msgs/srv/detail/add_two_ints__functions.h
[1.713s] -- Up-to-date: /home/farhan/arduinobot_ws/install/arduinobot_msgs/include/arduinobot_msgs/arduinobot_msgs/srv/detail/add_two_ints__functions.c
[1.713s] -- Up-to-date: /home/farhan/arduinobot_ws/install/arduinobot_msgs/include/arduinobot_msgs/arduinobot_msgs/msg
[1.714s] -- Up-to-date: /home/farhan/arduinobot_ws/install/arduinobot_msgs/include/arduinobot_msgs/arduinobot_msgs/msg/rosidl_generator_c__visibility_control.h
[1.714s] -- Up-to-date: /home/farhan/arduinobot_ws/install/arduinobot_msgs/share/arduinobot_msgs/environment/library_path.sh
[1.714s] -- Up-to-date: /home/farhan/arduinobot_ws/install/arduinobot_msgs/share/arduinobot_msgs/environment/library_path.dsv
[1.714s] -- Up-to-date: /home/farhan/arduinobot_ws/install/arduinobot_msgs/lib/libarduinobot_msgs__rosidl_generator_c.so
[1.715s] -- Up-to-date: /home/farhan/arduinobot_ws/install/arduinobot_msgs/include/arduinobot_msgs/arduinobot_msgs
[1.719s] -- Up-to-date: /home/farhan/arduinobot_ws/install/arduinobot_msgs/include/arduinobot_msgs/arduinobot_msgs/srv
[1.720s] -- Up-to-date: /home/farhan/arduinobot_ws/install/arduinobot_msgs/include/arduinobot_msgs/arduinobot_msgs/srv/detail
[1.720s] -- Up-to-date: /home/farhan/arduinobot_ws/install/arduinobot_msgs/include/arduinobot_msgs/arduinobot_msgs/srv/detail/add_two_ints__rosidl_typesupport_fastrtps_c.h
[1.721s] -- Up-to-date: /home/farhan/arduinobot_ws/install/arduinobot_msgs/include/arduinobot_msgs/arduinobot_msgs/msg
[1.721s] -- Up-to-date: /home/farhan/arduinobot_ws/install/arduinobot_msgs/include/arduinobot_msgs/arduinobot_msgs/msg/rosidl_typesupport_fastrtps_c__visibility_control.h
[1.721s] -- Up-to-date: /home/farhan/arduinobot_ws/install/arduinobot_msgs/lib/libarduinobot_msgs__rosidl_typesupport_fastrtps_c.so
[1.721s] -- Up-to-date: /home/farhan/arduinobot_ws/install/arduinobot_msgs/include/arduinobot_msgs/arduinobot_msgs
[1.721s] -- Up-to-date: /home/farhan/arduinobot_ws/install/arduinobot_msgs/include/arduinobot_msgs/arduinobot_msgs/srv
[1.722s] -- Up-to-date: /home/farhan/arduinobot_ws/install/arduinobot_msgs/include/arduinobot_msgs/arduinobot_msgs/srv/detail
[1.722s] -- Up-to-date: /home/farhan/arduinobot_ws/install/arduinobot_msgs/include/arduinobot_msgs/arduinobot_msgs/srv/detail/add_two_ints__builder.hpp
[1.722s] -- Up-to-date: /home/farhan/arduinobot_ws/install/arduinobot_msgs/include/arduinobot_msgs/arduinobot_msgs/srv/detail/add_two_ints__traits.hpp
[1.722s] -- Up-to-date: /home/farhan/arduinobot_ws/install/arduinobot_msgs/include/arduinobot_msgs/arduinobot_msgs/srv/detail/add_two_ints__struct.hpp
[1.722s] -- Up-to-date: /home/farhan/arduinobot_ws/install/arduinobot_msgs/include/arduinobot_msgs/arduinobot_msgs/srv/add_two_ints.hpp
[1.722s] -- Up-to-date: /home/farhan/arduinobot_ws/install/arduinobot_msgs/include/arduinobot_msgs/arduinobot_msgs
[1.723s] -- Up-to-date: /home/farhan/arduinobot_ws/install/arduinobot_msgs/include/arduinobot_msgs/arduinobot_msgs/srv
[1.723s] -- Up-to-date: /home/farhan/arduinobot_ws/install/arduinobot_msgs/include/arduinobot_msgs/arduinobot_msgs/srv/detail
[1.723s] -- Up-to-date: /home/farhan/arduinobot_ws/install/arduinobot_msgs/include/arduinobot_msgs/arduinobot_msgs/srv/detail/add_two_ints__rosidl_typesupport_fastrtps_cpp.hpp
[1.723s] -- Up-to-date: /home/farhan/arduinobot_ws/install/arduinobot_msgs/include/arduinobot_msgs/arduinobot_msgs/srv/detail/dds_fastrtps
[1.723s] -- Up-to-date: /home/farhan/arduinobot_ws/install/arduinobot_msgs/include/arduinobot_msgs/arduinobot_msgs/msg
[1.724s] -- Up-to-date: /home/farhan/arduinobot_ws/install/arduinobot_msgs/include/arduinobot_msgs/arduinobot_msgs/msg/rosidl_typesupport_fastrtps_cpp__visibility_control.h
[1.724s] -- Up-to-date: /home/farhan/arduinobot_ws/install/arduinobot_msgs/lib/libarduinobot_msgs__rosidl_typesupport_fastrtps_cpp.so
[1.724s] -- Up-to-date: /home/farhan/arduinobot_ws/install/arduinobot_msgs/include/arduinobot_msgs/arduinobot_msgs
[1.724s] -- Up-to-date: /home/farhan/arduinobot_ws/install/arduinobot_msgs/include/arduinobot_msgs/arduinobot_msgs/srv
[1.724s] -- Up-to-date: /home/farhan/arduinobot_ws/install/arduinobot_msgs/include/arduinobot_msgs/arduinobot_msgs/srv/detail
[1.725s] -- Up-to-date: /home/farhan/arduinobot_ws/install/arduinobot_msgs/include/arduinobot_msgs/arduinobot_msgs/srv/detail/add_two_ints__type_support.c
[1.725s] -- Up-to-date: /home/farhan/arduinobot_ws/install/arduinobot_msgs/include/arduinobot_msgs/arduinobot_msgs/srv/detail/add_two_ints__rosidl_typesupport_introspection_c.h
[1.725s] -- Up-to-date: /home/farhan/arduinobot_ws/install/arduinobot_msgs/include/arduinobot_msgs/arduinobot_msgs/msg
[1.725s] -- Up-to-date: /home/farhan/arduinobot_ws/install/arduinobot_msgs/include/arduinobot_msgs/arduinobot_msgs/msg/rosidl_typesupport_introspection_c__visibility_control.h
[1.725s] -- Up-to-date: /home/farhan/arduinobot_ws/install/arduinobot_msgs/lib/libarduinobot_msgs__rosidl_typesupport_introspection_c.so
[1.726s] -- Up-to-date: /home/farhan/arduinobot_ws/install/arduinobot_msgs/lib/libarduinobot_msgs__rosidl_typesupport_c.so
[1.726s] -- Up-to-date: /home/farhan/arduinobot_ws/install/arduinobot_msgs/include/arduinobot_msgs/arduinobot_msgs
[1.726s] -- Up-to-date: /home/farhan/arduinobot_ws/install/arduinobot_msgs/include/arduinobot_msgs/arduinobot_msgs/srv
[1.726s] -- Up-to-date: /home/farhan/arduinobot_ws/install/arduinobot_msgs/include/arduinobot_msgs/arduinobot_msgs/srv/detail
[1.726s] -- Up-to-date: /home/farhan/arduinobot_ws/install/arduinobot_msgs/include/arduinobot_msgs/arduinobot_msgs/srv/detail/add_two_ints__type_support.cpp
[1.726s] -- Up-to-date: /home/farhan/arduinobot_ws/install/arduinobot_msgs/include/arduinobot_msgs/arduinobot_msgs/srv/detail/add_two_ints__rosidl_typesupport_introspection_cpp.hpp
[1.727s] -- Up-to-date: /home/farhan/arduinobot_ws/install/arduinobot_msgs/lib/libarduinobot_msgs__rosidl_typesupport_introspection_cpp.so
[1.727s] -- Up-to-date: /home/farhan/arduinobot_ws/install/arduinobot_msgs/lib/libarduinobot_msgs__rosidl_typesupport_cpp.so
[1.727s] -- Up-to-date: /home/farhan/arduinobot_ws/install/arduinobot_msgs/share/arduinobot_msgs/environment/pythonpath.sh
[1.727s] -- Up-to-date: /home/farhan/arduinobot_ws/install/arduinobot_msgs/share/arduinobot_msgs/environment/pythonpath.dsv
[1.727s] -- Up-to-date: /home/farhan/arduinobot_ws/install/arduinobot_msgs/local/lib/python3.10/dist-packages/arduinobot_msgs-0.0.0-py3.10.egg-info
[1.730s] -- Installing: /home/farhan/arduinobot_ws/install/arduinobot_msgs/local/lib/python3.10/dist-packages/arduinobot_msgs-0.0.0-py3.10.egg-info/SOURCES.txt
[1.730s] -- Installing: /home/farhan/arduinobot_ws/install/arduinobot_msgs/local/lib/python3.10/dist-packages/arduinobot_msgs-0.0.0-py3.10.egg-info/PKG-INFO
[1.731s] -- Installing: /home/farhan/arduinobot_ws/install/arduinobot_msgs/local/lib/python3.10/dist-packages/arduinobot_msgs-0.0.0-py3.10.egg-info/dependency_links.txt
[1.731s] -- Installing: /home/farhan/arduinobot_ws/install/arduinobot_msgs/local/lib/python3.10/dist-packages/arduinobot_msgs-0.0.0-py3.10.egg-info/top_level.txt
[1.731s] -- Up-to-date: /home/farhan/arduinobot_ws/install/arduinobot_msgs/local/lib/python3.10/dist-packages/arduinobot_msgs
[1.731s] -- Up-to-date: /home/farhan/arduinobot_ws/install/arduinobot_msgs/local/lib/python3.10/dist-packages/arduinobot_msgs/arduinobot_msgs_s__rosidl_typesupport_fastrtps_c.cpython-310-x86_64-linux-gnu.so
[1.731s] -- Up-to-date: /home/farhan/arduinobot_ws/install/arduinobot_msgs/local/lib/python3.10/dist-packages/arduinobot_msgs/srv
[1.738s] -- Up-to-date: /home/farhan/arduinobot_ws/install/arduinobot_msgs/local/lib/python3.10/dist-packages/arduinobot_msgs/srv/__init__.py
[1.739s] -- Up-to-date: /home/farhan/arduinobot_ws/install/arduinobot_msgs/local/lib/python3.10/dist-packages/arduinobot_msgs/srv/_add_two_ints_s.c
[1.739s] -- Up-to-date: /home/farhan/arduinobot_ws/install/arduinobot_msgs/local/lib/python3.10/dist-packages/arduinobot_msgs/srv/_add_two_ints.py
[1.739s] -- Up-to-date: /home/farhan/arduinobot_ws/install/arduinobot_msgs/local/lib/python3.10/dist-packages/arduinobot_msgs/_arduinobot_msgs_s.ep.rosidl_typesupport_introspection_c.c
[1.739s] -- Up-to-date: /home/farhan/arduinobot_ws/install/arduinobot_msgs/local/lib/python3.10/dist-packages/arduinobot_msgs/_arduinobot_msgs_s.ep.rosidl_typesupport_c.c
[1.739s] -- Up-to-date: /home/farhan/arduinobot_ws/install/arduinobot_msgs/local/lib/python3.10/dist-packages/arduinobot_msgs/__init__.py
[1.740s] -- Up-to-date: /home/farhan/arduinobot_ws/install/arduinobot_msgs/local/lib/python3.10/dist-packages/arduinobot_msgs/_arduinobot_msgs_s.ep.rosidl_typesupport_fastrtps_c.c
[1.740s] -- Up-to-date: /home/farhan/arduinobot_ws/install/arduinobot_msgs/local/lib/python3.10/dist-packages/arduinobot_msgs/arduinobot_msgs_s__rosidl_typesupport_introspection_c.cpython-310-x86_64-linux-gnu.so
[1.740s] -- Up-to-date: /home/farhan/arduinobot_ws/install/arduinobot_msgs/local/lib/python3.10/dist-packages/arduinobot_msgs/arduinobot_msgs_s__rosidl_typesupport_c.cpython-310-x86_64-linux-gnu.so
[1.740s] -- Up-to-date: /home/farhan/arduinobot_ws/install/arduinobot_msgs/local/lib/python3.10/dist-packages/arduinobot_msgs/libarduinobot_msgs__rosidl_generator_py.so
[1.830s] Listing '/home/farhan/arduinobot_ws/install/arduinobot_msgs/local/lib/python3.10/dist-packages/arduinobot_msgs'...
[1.830s] Listing '/home/farhan/arduinobot_ws/install/arduinobot_msgs/local/lib/python3.10/dist-packages/arduinobot_msgs/srv'...
[1.844s] -- Up-to-date: /home/farhan/arduinobot_ws/install/arduinobot_msgs/local/lib/python3.10/dist-packages/arduinobot_msgs/arduinobot_msgs_s__rosidl_typesupport_fastrtps_c.cpython-310-x86_64-linux-gnu.so
[1.844s] -- Up-to-date: /home/farhan/arduinobot_ws/install/arduinobot_msgs/local/lib/python3.10/dist-packages/arduinobot_msgs/arduinobot_msgs_s__rosidl_typesupport_introspection_c.cpython-310-x86_64-linux-gnu.so
[1.845s] -- Up-to-date: /home/farhan/arduinobot_ws/install/arduinobot_msgs/local/lib/python3.10/dist-packages/arduinobot_msgs/arduinobot_msgs_s__rosidl_typesupport_c.cpython-310-x86_64-linux-gnu.so
[1.846s] -- Up-to-date: /home/farhan/arduinobot_ws/install/arduinobot_msgs/lib/libarduinobot_msgs__rosidl_generator_py.so
[1.847s] -- Up-to-date: /home/farhan/arduinobot_ws/install/arduinobot_msgs/share/arduinobot_msgs/srv/AddTwoInts.idl
[1.848s] -- Up-to-date: /home/farhan/arduinobot_ws/install/arduinobot_msgs/share/arduinobot_msgs/srv/AddTwoInts.srv
[1.848s] -- Up-to-date: /home/farhan/arduinobot_ws/install/arduinobot_msgs/share/arduinobot_msgs/srv/AddTwoInts_Request.msg
[1.848s] -- Up-to-date: /home/farhan/arduinobot_ws/install/arduinobot_msgs/share/arduinobot_msgs/srv/AddTwoInts_Response.msg
[1.849s] -- Up-to-date: /home/farhan/arduinobot_ws/install/arduinobot_msgs/share/ament_index/resource_index/package_run_dependencies/arduinobot_msgs
[1.849s] -- Up-to-date: /home/farhan/arduinobot_ws/install/arduinobot_msgs/share/ament_index/resource_index/parent_prefix_path/arduinobot_msgs
[1.849s] -- Up-to-date: /home/farhan/arduinobot_ws/install/arduinobot_msgs/share/arduinobot_msgs/environment/ament_prefix_path.sh
[1.850s] -- Up-to-date: /home/farhan/arduinobot_ws/install/arduinobot_msgs/share/arduinobot_msgs/environment/ament_prefix_path.dsv
[1.850s] -- Up-to-date: /home/farhan/arduinobot_ws/install/arduinobot_msgs/share/arduinobot_msgs/environment/path.sh
[1.850s] -- Up-to-date: /home/farhan/arduinobot_ws/install/arduinobot_msgs/share/arduinobot_msgs/environment/path.dsv
[1.851s] -- Up-to-date: /home/farhan/arduinobot_ws/install/arduinobot_msgs/share/arduinobot_msgs/local_setup.bash
[1.851s] -- Up-to-date: /home/farhan/arduinobot_ws/install/arduinobot_msgs/share/arduinobot_msgs/local_setup.sh
[1.851s] -- Up-to-date: /home/farhan/arduinobot_ws/install/arduinobot_msgs/share/arduinobot_msgs/local_setup.zsh
[1.852s] -- Up-to-date: /home/farhan/arduinobot_ws/install/arduinobot_msgs/share/arduinobot_msgs/local_setup.dsv
[1.852s] -- Installing: /home/farhan/arduinobot_ws/install/arduinobot_msgs/share/arduinobot_msgs/package.dsv
[1.853s] -- Up-to-date: /home/farhan/arduinobot_ws/install/arduinobot_msgs/share/ament_index/resource_index/packages/arduinobot_msgs
[1.855s] -- Up-to-date: /home/farhan/arduinobot_ws/install/arduinobot_msgs/share/arduinobot_msgs/cmake/export_arduinobot_msgs__rosidl_generator_cExport.cmake
[1.855s] -- Up-to-date: /home/farhan/arduinobot_ws/install/arduinobot_msgs/share/arduinobot_msgs/cmake/export_arduinobot_msgs__rosidl_generator_cExport-noconfig.cmake
[1.857s] -- Up-to-date: /home/farhan/arduinobot_ws/install/arduinobot_msgs/share/arduinobot_msgs/cmake/export_arduinobot_msgs__rosidl_typesupport_fastrtps_cExport.cmake
[1.857s] -- Up-to-date: /home/farhan/arduinobot_ws/install/arduinobot_msgs/share/arduinobot_msgs/cmake/export_arduinobot_msgs__rosidl_typesupport_fastrtps_cExport-noconfig.cmake
[1.857s] -- Up-to-date: /home/farhan/arduinobot_ws/install/arduinobot_msgs/share/arduinobot_msgs/cmake/export_arduinobot_msgs__rosidl_generator_cppExport.cmake
[1.857s] -- Up-to-date: /home/farhan/arduinobot_ws/install/arduinobot_msgs/share/arduinobot_msgs/cmake/export_arduinobot_msgs__rosidl_typesupport_fastrtps_cppExport.cmake
[1.858s] -- Up-to-date: /home/farhan/arduinobot_ws/install/arduinobot_msgs/share/arduinobot_msgs/cmake/export_arduinobot_msgs__rosidl_typesupport_fastrtps_cppExport-noconfig.cmake
[1.862s] -- Up-to-date: /home/farhan/arduinobot_ws/install/arduinobot_msgs/share/arduinobot_msgs/cmake/arduinobot_msgs__rosidl_typesupport_introspection_cExport.cmake
[1.862s] -- Up-to-date: /home/farhan/arduinobot_ws/install/arduinobot_msgs/share/arduinobot_msgs/cmake/arduinobot_msgs__rosidl_typesupport_introspection_cExport-noconfig.cmake
[1.862s] -- Up-to-date: /home/farhan/arduinobot_ws/install/arduinobot_msgs/share/arduinobot_msgs/cmake/arduinobot_msgs__rosidl_typesupport_cExport.cmake
[1.862s] -- Up-to-date: /home/farhan/arduinobot_ws/install/arduinobot_msgs/share/arduinobot_msgs/cmake/arduinobot_msgs__rosidl_typesupport_cExport-noconfig.cmake
[1.863s] -- Up-to-date: /home/farhan/arduinobot_ws/install/arduinobot_msgs/share/arduinobot_msgs/cmake/arduinobot_msgs__rosidl_typesupport_introspection_cppExport.cmake
[1.863s] -- Up-to-date: /home/farhan/arduinobot_ws/install/arduinobot_msgs/share/arduinobot_msgs/cmake/arduinobot_msgs__rosidl_typesupport_introspection_cppExport-noconfig.cmake
[1.863s] -- Up-to-date: /home/farhan/arduinobot_ws/install/arduinobot_msgs/share/arduinobot_msgs/cmake/arduinobot_msgs__rosidl_typesupport_cppExport.cmake
[1.863s] -- Up-to-date: /home/farhan/arduinobot_ws/install/arduinobot_msgs/share/arduinobot_msgs/cmake/arduinobot_msgs__rosidl_typesupport_cppExport-noconfig.cmake
[1.863s] -- Up-to-date: /home/farhan/arduinobot_ws/install/arduinobot_msgs/share/arduinobot_msgs/cmake/export_arduinobot_msgs__rosidl_generator_pyExport.cmake
[1.864s] -- Up-to-date: /home/farhan/arduinobot_ws/install/arduinobot_msgs/share/arduinobot_msgs/cmake/export_arduinobot_msgs__rosidl_generator_pyExport-noconfig.cmake
[1.864s] -- Up-to-date: /home/farhan/arduinobot_ws/install/arduinobot_msgs/share/arduinobot_msgs/cmake/rosidl_cmake-extras.cmake
[1.864s] -- Up-to-date: /home/farhan/arduinobot_ws/install/arduinobot_msgs/share/arduinobot_msgs/cmake/ament_cmake_export_include_directories-extras.cmake
[1.864s] -- Up-to-date: /home/farhan/arduinobot_ws/install/arduinobot_msgs/share/arduinobot_msgs/cmake/ament_cmake_export_libraries-extras.cmake
[1.864s] -- Up-to-date: /home/farhan/arduinobot_ws/install/arduinobot_msgs/share/arduinobot_msgs/cmake/ament_cmake_export_targets-extras.cmake
[1.864s] -- Up-to-date: /home/farhan/arduinobot_ws/install/arduinobot_msgs/share/arduinobot_msgs/cmake/rosidl_cmake_export_typesupport_targets-extras.cmake
[1.865s] -- Up-to-date: /home/farhan/arduinobot_ws/install/arduinobot_msgs/share/arduinobot_msgs/cmake/ament_cmake_export_dependencies-extras.cmake
[1.865s] -- Up-to-date: /home/farhan/arduinobot_ws/install/arduinobot_msgs/share/arduinobot_msgs/cmake/rosidl_cmake_export_typesupport_libraries-extras.cmake
[1.882s] -- Up-to-date: /home/farhan/arduinobot_ws/install/arduinobot_msgs/share/arduinobot_msgs/cmake/arduinobot_msgsConfig.cmake
[1.883s] -- Up-to-date: /home/farhan/arduinobot_ws/install/arduinobot_msgs/share/arduinobot_msgs/cmake/arduinobot_msgsConfig-version.cmake
[1.883s] -- Up-to-date: /home/farhan/arduinobot_ws/install/arduinobot_msgs/share/arduinobot_msgs/package.xml
[1.884s] Invoked command in '/home/farhan/arduinobot_ws/build/arduinobot_msgs' returned '0': CMAKE_PREFIX_PATH=${CMAKE_PREFIX_PATH}:/home/farhan/arduinobot_ws/install/arduinobot_py_examples:/opt/ros/humble /usr/bin/cmake --install /home/farhan/arduinobot_ws/build/arduinobot_msgs
