[0.051s] Invoking command in '/home/farhan/arduinobot_ws/build/arduinobot_msgs': CMAKE_PREFIX_PATH=${CMAKE_PREFIX_PATH}:/home/farhan/arduinobot_ws/install/arduinobot_py_examples:/opt/ros/humble /usr/bin/cmake --build /home/farhan/arduinobot_ws/build/arduinobot_msgs -- -j4 -l4
[0.186s] [  3%] Built target arduinobot_msgs__cpp
[0.201s] [ 12%] Built target arduinobot_msgs__rosidl_generator_c
[0.259s] [ 12%] Built target ament_cmake_python_copy_arduinobot_msgs
[0.291s] [ 32%] Built target arduinobot_msgs__rosidl_typesupport_cpp
[0.293s] [ 32%] Built target arduinobot_msgs__rosidl_typesupport_fastrtps_cpp
[0.309s] [ 41%] Built target arduinobot_msgs__rosidl_typesupport_introspection_cpp
[0.353s] [ 51%] Built target arduinobot_msgs__rosidl_typesupport_fastrtps_c
[0.407s] [ 61%] Built target arduinobot_msgs__rosidl_typesupport_c
[0.407s] [ 70%] Built target arduinobot_msgs__rosidl_typesupport_introspection_c
[0.488s] [ 70%] Built target arduinobot_msgs
[0.596s] [ 74%] Built target arduinobot_msgs__py
[0.667s] [ 80%] Built target arduinobot_msgs__rosidl_generator_py
[0.725s] [ 87%] Built target arduinobot_msgs__rosidl_typesupport_introspection_c__pyext
[0.736s] [ 93%] Built target arduinobot_msgs__rosidl_typesupport_fastrtps_c__pyext
[0.757s] [100%] Built target arduinobot_msgs__rosidl_typesupport_c__pyext
[0.973s] running egg_info
[0.975s] writing arduinobot_msgs.egg-info/PKG-INFO
[0.975s] writing dependency_links to arduinobot_msgs.egg-info/dependency_links.txt
[0.976s] writing top-level names to arduinobot_msgs.egg-info/top_level.txt
[0.980s] reading manifest file 'arduinobot_msgs.egg-info/SOURCES.txt'
[0.981s] writing manifest file 'arduinobot_msgs.egg-info/SOURCES.txt'
[1.039s] [100%] Built target ament_cmake_python_build_arduinobot_msgs_egg
[1.059s] Invoked command in '/home/farhan/arduinobot_ws/build/arduinobot_msgs' returned '0': CMAKE_PREFIX_PATH=${CMAKE_PREFIX_PATH}:/home/farhan/arduinobot_ws/install/arduinobot_py_examples:/opt/ros/humble /usr/bin/cmake --build /home/farhan/arduinobot_ws/build/arduinobot_msgs -- -j4 -l4
[1.190s] Invoking command in '/home/farhan/arduinobot_ws/build/arduinobot_msgs': CMAKE_PREFIX_PATH=${CMAKE_PREFIX_PATH}:/home/farhan/arduinobot_ws/install/arduinobot_py_examples:/opt/ros/humble /usr/bin/cmake --install /home/farhan/arduinobot_ws/build/arduinobot_msgs
[1.210s] -- Install configuration: ""
[1.211s] -- Up-to-date: /home/farhan/arduinobot_ws/install/arduinobot_msgs/share/ament_index/resource_index/rosidl_interfaces/arduinobot_msgs
[1.211s] -- Up-to-date: /home/farhan/arduinobot_ws/install/arduinobot_msgs/include/arduinobot_msgs/arduinobot_msgs
[1.211s] -- Up-to-date: /home/farhan/arduinobot_ws/install/arduinobot_msgs/include/arduinobot_msgs/arduinobot_msgs/srv
[1.211s] -- Up-to-date: /home/farhan/arduinobot_ws/install/arduinobot_msgs/include/arduinobot_msgs/arduinobot_msgs/srv/add_two_ints.h
[1.211s] -- Up-to-date: /home/farhan/arduinobot_ws/install/arduinobot_msgs/include/arduinobot_msgs/arduinobot_msgs/srv/detail
[1.218s] -- Up-to-date: /home/farhan/arduinobot_ws/install/arduinobot_msgs/include/arduinobot_msgs/arduinobot_msgs/srv/detail/add_two_ints__type_support.h
[1.218s] -- Up-to-date: /home/farhan/arduinobot_ws/install/arduinobot_msgs/include/arduinobot_msgs/arduinobot_msgs/srv/detail/add_two_ints__struct.h
[1.218s] -- Up-to-date: /home/farhan/arduinobot_ws/install/arduinobot_msgs/include/arduinobot_msgs/arduinobot_msgs/srv/detail/add_two_ints__functions.h
[1.219s] -- Up-to-date: /home/farhan/arduinobot_ws/install/arduinobot_msgs/include/arduinobot_msgs/arduinobot_msgs/srv/detail/add_two_ints__functions.c
[1.219s] -- Up-to-date: /home/farhan/arduinobot_ws/install/arduinobot_msgs/include/arduinobot_msgs/arduinobot_msgs/msg
[1.226s] -- Up-to-date: /home/farhan/arduinobot_ws/install/arduinobot_msgs/include/arduinobot_msgs/arduinobot_msgs/msg/rosidl_generator_c__visibility_control.h
[1.226s] -- Up-to-date: /home/farhan/arduinobot_ws/install/arduinobot_msgs/share/arduinobot_msgs/environment/library_path.sh
[1.226s] -- Up-to-date: /home/farhan/arduinobot_ws/install/arduinobot_msgs/share/arduinobot_msgs/environment/library_path.dsv
[1.227s] -- Up-to-date: /home/farhan/arduinobot_ws/install/arduinobot_msgs/lib/libarduinobot_msgs__rosidl_generator_c.so
[1.227s] -- Up-to-date: /home/farhan/arduinobot_ws/install/arduinobot_msgs/include/arduinobot_msgs/arduinobot_msgs
[1.227s] -- Up-to-date: /home/farhan/arduinobot_ws/install/arduinobot_msgs/include/arduinobot_msgs/arduinobot_msgs/srv
[1.227s] -- Up-to-date: /home/farhan/arduinobot_ws/install/arduinobot_msgs/include/arduinobot_msgs/arduinobot_msgs/srv/detail
[1.227s] -- Up-to-date: /home/farhan/arduinobot_ws/install/arduinobot_msgs/include/arduinobot_msgs/arduinobot_msgs/srv/detail/add_two_ints__rosidl_typesupport_fastrtps_c.h
[1.227s] -- Up-to-date: /home/farhan/arduinobot_ws/install/arduinobot_msgs/include/arduinobot_msgs/arduinobot_msgs/msg
[1.228s] -- Up-to-date: /home/farhan/arduinobot_ws/install/arduinobot_msgs/include/arduinobot_msgs/arduinobot_msgs/msg/rosidl_typesupport_fastrtps_c__visibility_control.h
[1.228s] -- Up-to-date: /home/farhan/arduinobot_ws/install/arduinobot_msgs/lib/libarduinobot_msgs__rosidl_typesupport_fastrtps_c.so
[1.228s] -- Up-to-date: /home/farhan/arduinobot_ws/install/arduinobot_msgs/include/arduinobot_msgs/arduinobot_msgs
[1.228s] -- Up-to-date: /home/farhan/arduinobot_ws/install/arduinobot_msgs/include/arduinobot_msgs/arduinobot_msgs/srv
[1.228s] -- Up-to-date: /home/farhan/arduinobot_ws/install/arduinobot_msgs/include/arduinobot_msgs/arduinobot_msgs/srv/detail
[1.229s] -- Up-to-date: /home/farhan/arduinobot_ws/install/arduinobot_msgs/include/arduinobot_msgs/arduinobot_msgs/srv/detail/add_two_ints__builder.hpp
[1.229s] -- Up-to-date: /home/farhan/arduinobot_ws/install/arduinobot_msgs/include/arduinobot_msgs/arduinobot_msgs/srv/detail/add_two_ints__traits.hpp
[1.229s] -- Up-to-date: /home/farhan/arduinobot_ws/install/arduinobot_msgs/include/arduinobot_msgs/arduinobot_msgs/srv/detail/add_two_ints__struct.hpp
[1.229s] -- Up-to-date: /home/farhan/arduinobot_ws/install/arduinobot_msgs/include/arduinobot_msgs/arduinobot_msgs/srv/add_two_ints.hpp
[1.229s] -- Up-to-date: /home/farhan/arduinobot_ws/install/arduinobot_msgs/include/arduinobot_msgs/arduinobot_msgs
[1.229s] -- Up-to-date: /home/farhan/arduinobot_ws/install/arduinobot_msgs/include/arduinobot_msgs/arduinobot_msgs/srv
[1.230s] -- Up-to-date: /home/farhan/arduinobot_ws/install/arduinobot_msgs/include/arduinobot_msgs/arduinobot_msgs/srv/detail
[1.230s] -- Up-to-date: /home/farhan/arduinobot_ws/install/arduinobot_msgs/include/arduinobot_msgs/arduinobot_msgs/srv/detail/add_two_ints__rosidl_typesupport_fastrtps_cpp.hpp
[1.230s] -- Up-to-date: /home/farhan/arduinobot_ws/install/arduinobot_msgs/include/arduinobot_msgs/arduinobot_msgs/srv/detail/dds_fastrtps
[1.230s] -- Up-to-date: /home/farhan/arduinobot_ws/install/arduinobot_msgs/include/arduinobot_msgs/arduinobot_msgs/msg
[1.230s] -- Up-to-date: /home/farhan/arduinobot_ws/install/arduinobot_msgs/include/arduinobot_msgs/arduinobot_msgs/msg/rosidl_typesupport_fastrtps_cpp__visibility_control.h
[1.231s] -- Up-to-date: /home/farhan/arduinobot_ws/install/arduinobot_msgs/lib/libarduinobot_msgs__rosidl_typesupport_fastrtps_cpp.so
[1.231s] -- Up-to-date: /home/farhan/arduinobot_ws/install/arduinobot_msgs/include/arduinobot_msgs/arduinobot_msgs
[1.231s] -- Up-to-date: /home/farhan/arduinobot_ws/install/arduinobot_msgs/include/arduinobot_msgs/arduinobot_msgs/srv
[1.231s] -- Up-to-date: /home/farhan/arduinobot_ws/install/arduinobot_msgs/include/arduinobot_msgs/arduinobot_msgs/srv/detail
[1.231s] -- Up-to-date: /home/farhan/arduinobot_ws/install/arduinobot_msgs/include/arduinobot_msgs/arduinobot_msgs/srv/detail/add_two_ints__type_support.c
[1.232s] -- Up-to-date: /home/farhan/arduinobot_ws/install/arduinobot_msgs/include/arduinobot_msgs/arduinobot_msgs/srv/detail/add_two_ints__rosidl_typesupport_introspection_c.h
[1.232s] -- Up-to-date: /home/farhan/arduinobot_ws/install/arduinobot_msgs/include/arduinobot_msgs/arduinobot_msgs/msg
[1.232s] -- Up-to-date: /home/farhan/arduinobot_ws/install/arduinobot_msgs/include/arduinobot_msgs/arduinobot_msgs/msg/rosidl_typesupport_introspection_c__visibility_control.h
[1.232s] -- Up-to-date: /home/farhan/arduinobot_ws/install/arduinobot_msgs/lib/libarduinobot_msgs__rosidl_typesupport_introspection_c.so
[1.232s] -- Up-to-date: /home/farhan/arduinobot_ws/install/arduinobot_msgs/lib/libarduinobot_msgs__rosidl_typesupport_c.so
[1.233s] -- Up-to-date: /home/farhan/arduinobot_ws/install/arduinobot_msgs/include/arduinobot_msgs/arduinobot_msgs
[1.233s] -- Up-to-date: /home/farhan/arduinobot_ws/install/arduinobot_msgs/include/arduinobot_msgs/arduinobot_msgs/srv
[1.233s] -- Up-to-date: /home/farhan/arduinobot_ws/install/arduinobot_msgs/include/arduinobot_msgs/arduinobot_msgs/srv/detail
[1.233s] -- Up-to-date: /home/farhan/arduinobot_ws/install/arduinobot_msgs/include/arduinobot_msgs/arduinobot_msgs/srv/detail/add_two_ints__type_support.cpp
[1.233s] -- Up-to-date: /home/farhan/arduinobot_ws/install/arduinobot_msgs/include/arduinobot_msgs/arduinobot_msgs/srv/detail/add_two_ints__rosidl_typesupport_introspection_cpp.hpp
[1.233s] -- Up-to-date: /home/farhan/arduinobot_ws/install/arduinobot_msgs/lib/libarduinobot_msgs__rosidl_typesupport_introspection_cpp.so
[1.239s] -- Up-to-date: /home/farhan/arduinobot_ws/install/arduinobot_msgs/lib/libarduinobot_msgs__rosidl_typesupport_cpp.so
[1.239s] -- Up-to-date: /home/farhan/arduinobot_ws/install/arduinobot_msgs/share/arduinobot_msgs/environment/pythonpath.sh
[1.239s] -- Up-to-date: /home/farhan/arduinobot_ws/install/arduinobot_msgs/share/arduinobot_msgs/environment/pythonpath.dsv
[1.240s] -- Up-to-date: /home/farhan/arduinobot_ws/install/arduinobot_msgs/local/lib/python3.10/dist-packages/arduinobot_msgs-0.0.0-py3.10.egg-info
[1.240s] -- Installing: /home/farhan/arduinobot_ws/install/arduinobot_msgs/local/lib/python3.10/dist-packages/arduinobot_msgs-0.0.0-py3.10.egg-info/SOURCES.txt
[1.240s] -- Installing: /home/farhan/arduinobot_ws/install/arduinobot_msgs/local/lib/python3.10/dist-packages/arduinobot_msgs-0.0.0-py3.10.egg-info/PKG-INFO
[1.243s] -- Installing: /home/farhan/arduinobot_ws/install/arduinobot_msgs/local/lib/python3.10/dist-packages/arduinobot_msgs-0.0.0-py3.10.egg-info/dependency_links.txt
[1.243s] -- Installing: /home/farhan/arduinobot_ws/install/arduinobot_msgs/local/lib/python3.10/dist-packages/arduinobot_msgs-0.0.0-py3.10.egg-info/top_level.txt
[1.243s] -- Up-to-date: /home/farhan/arduinobot_ws/install/arduinobot_msgs/local/lib/python3.10/dist-packages/arduinobot_msgs
[1.244s] -- Up-to-date: /home/farhan/arduinobot_ws/install/arduinobot_msgs/local/lib/python3.10/dist-packages/arduinobot_msgs/arduinobot_msgs_s__rosidl_typesupport_fastrtps_c.cpython-310-x86_64-linux-gnu.so
[1.244s] -- Up-to-date: /home/farhan/arduinobot_ws/install/arduinobot_msgs/local/lib/python3.10/dist-packages/arduinobot_msgs/srv
[1.244s] -- Up-to-date: /home/farhan/arduinobot_ws/install/arduinobot_msgs/local/lib/python3.10/dist-packages/arduinobot_msgs/srv/__init__.py
[1.244s] -- Up-to-date: /home/farhan/arduinobot_ws/install/arduinobot_msgs/local/lib/python3.10/dist-packages/arduinobot_msgs/srv/_add_two_ints_s.c
[1.244s] -- Up-to-date: /home/farhan/arduinobot_ws/install/arduinobot_msgs/local/lib/python3.10/dist-packages/arduinobot_msgs/srv/_add_two_ints.py
[1.245s] -- Up-to-date: /home/farhan/arduinobot_ws/install/arduinobot_msgs/local/lib/python3.10/dist-packages/arduinobot_msgs/_arduinobot_msgs_s.ep.rosidl_typesupport_introspection_c.c
[1.245s] -- Up-to-date: /home/farhan/arduinobot_ws/install/arduinobot_msgs/local/lib/python3.10/dist-packages/arduinobot_msgs/_arduinobot_msgs_s.ep.rosidl_typesupport_c.c
[1.245s] -- Up-to-date: /home/farhan/arduinobot_ws/install/arduinobot_msgs/local/lib/python3.10/dist-packages/arduinobot_msgs/__init__.py
[1.245s] -- Up-to-date: /home/farhan/arduinobot_ws/install/arduinobot_msgs/local/lib/python3.10/dist-packages/arduinobot_msgs/_arduinobot_msgs_s.ep.rosidl_typesupport_fastrtps_c.c
[1.245s] -- Up-to-date: /home/farhan/arduinobot_ws/install/arduinobot_msgs/local/lib/python3.10/dist-packages/arduinobot_msgs/arduinobot_msgs_s__rosidl_typesupport_introspection_c.cpython-310-x86_64-linux-gnu.so
[1.245s] -- Up-to-date: /home/farhan/arduinobot_ws/install/arduinobot_msgs/local/lib/python3.10/dist-packages/arduinobot_msgs/arduinobot_msgs_s__rosidl_typesupport_c.cpython-310-x86_64-linux-gnu.so
[1.246s] -- Up-to-date: /home/farhan/arduinobot_ws/install/arduinobot_msgs/local/lib/python3.10/dist-packages/arduinobot_msgs/libarduinobot_msgs__rosidl_generator_py.so
[1.303s] Listing '/home/farhan/arduinobot_ws/install/arduinobot_msgs/local/lib/python3.10/dist-packages/arduinobot_msgs'...
[1.303s] Listing '/home/farhan/arduinobot_ws/install/arduinobot_msgs/local/lib/python3.10/dist-packages/arduinobot_msgs/srv'...
[1.316s] -- Up-to-date: /home/farhan/arduinobot_ws/install/arduinobot_msgs/local/lib/python3.10/dist-packages/arduinobot_msgs/arduinobot_msgs_s__rosidl_typesupport_fastrtps_c.cpython-310-x86_64-linux-gnu.so
[1.316s] -- Up-to-date: /home/farhan/arduinobot_ws/install/arduinobot_msgs/local/lib/python3.10/dist-packages/arduinobot_msgs/arduinobot_msgs_s__rosidl_typesupport_introspection_c.cpython-310-x86_64-linux-gnu.so
[1.317s] -- Up-to-date: /home/farhan/arduinobot_ws/install/arduinobot_msgs/local/lib/python3.10/dist-packages/arduinobot_msgs/arduinobot_msgs_s__rosidl_typesupport_c.cpython-310-x86_64-linux-gnu.so
[1.317s] -- Up-to-date: /home/farhan/arduinobot_ws/install/arduinobot_msgs/lib/libarduinobot_msgs__rosidl_generator_py.so
[1.317s] -- Up-to-date: /home/farhan/arduinobot_ws/install/arduinobot_msgs/share/arduinobot_msgs/srv/AddTwoInts.idl
[1.318s] -- Up-to-date: /home/farhan/arduinobot_ws/install/arduinobot_msgs/share/arduinobot_msgs/srv/AddTwoInts.srv
[1.318s] -- Up-to-date: /home/farhan/arduinobot_ws/install/arduinobot_msgs/share/arduinobot_msgs/srv/AddTwoInts_Request.msg
[1.318s] -- Up-to-date: /home/farhan/arduinobot_ws/install/arduinobot_msgs/share/arduinobot_msgs/srv/AddTwoInts_Response.msg
[1.319s] -- Up-to-date: /home/farhan/arduinobot_ws/install/arduinobot_msgs/share/ament_index/resource_index/package_run_dependencies/arduinobot_msgs
[1.319s] -- Up-to-date: /home/farhan/arduinobot_ws/install/arduinobot_msgs/share/ament_index/resource_index/parent_prefix_path/arduinobot_msgs
[1.319s] -- Up-to-date: /home/farhan/arduinobot_ws/install/arduinobot_msgs/share/arduinobot_msgs/environment/ament_prefix_path.sh
[1.320s] -- Up-to-date: /home/farhan/arduinobot_ws/install/arduinobot_msgs/share/arduinobot_msgs/environment/ament_prefix_path.dsv
[1.320s] -- Up-to-date: /home/farhan/arduinobot_ws/install/arduinobot_msgs/share/arduinobot_msgs/environment/path.sh
[1.320s] -- Up-to-date: /home/farhan/arduinobot_ws/install/arduinobot_msgs/share/arduinobot_msgs/environment/path.dsv
[1.321s] -- Up-to-date: /home/farhan/arduinobot_ws/install/arduinobot_msgs/share/arduinobot_msgs/local_setup.bash
[1.322s] -- Up-to-date: /home/farhan/arduinobot_ws/install/arduinobot_msgs/share/arduinobot_msgs/local_setup.sh
[1.322s] -- Up-to-date: /home/farhan/arduinobot_ws/install/arduinobot_msgs/share/arduinobot_msgs/local_setup.zsh
[1.322s] -- Up-to-date: /home/farhan/arduinobot_ws/install/arduinobot_msgs/share/arduinobot_msgs/local_setup.dsv
[1.322s] -- Installing: /home/farhan/arduinobot_ws/install/arduinobot_msgs/share/arduinobot_msgs/package.dsv
[1.322s] -- Up-to-date: /home/farhan/arduinobot_ws/install/arduinobot_msgs/share/ament_index/resource_index/packages/arduinobot_msgs
[1.323s] -- Up-to-date: /home/farhan/arduinobot_ws/install/arduinobot_msgs/share/arduinobot_msgs/cmake/export_arduinobot_msgs__rosidl_generator_cExport.cmake
[1.323s] -- Up-to-date: /home/farhan/arduinobot_ws/install/arduinobot_msgs/share/arduinobot_msgs/cmake/export_arduinobot_msgs__rosidl_generator_cExport-noconfig.cmake
[1.323s] -- Up-to-date: /home/farhan/arduinobot_ws/install/arduinobot_msgs/share/arduinobot_msgs/cmake/export_arduinobot_msgs__rosidl_typesupport_fastrtps_cExport.cmake
[1.323s] -- Up-to-date: /home/farhan/arduinobot_ws/install/arduinobot_msgs/share/arduinobot_msgs/cmake/export_arduinobot_msgs__rosidl_typesupport_fastrtps_cExport-noconfig.cmake
[1.323s] -- Up-to-date: /home/farhan/arduinobot_ws/install/arduinobot_msgs/share/arduinobot_msgs/cmake/export_arduinobot_msgs__rosidl_generator_cppExport.cmake
[1.323s] -- Up-to-date: /home/farhan/arduinobot_ws/install/arduinobot_msgs/share/arduinobot_msgs/cmake/export_arduinobot_msgs__rosidl_typesupport_fastrtps_cppExport.cmake
[1.324s] -- Up-to-date: /home/farhan/arduinobot_ws/install/arduinobot_msgs/share/arduinobot_msgs/cmake/export_arduinobot_msgs__rosidl_typesupport_fastrtps_cppExport-noconfig.cmake
[1.324s] -- Up-to-date: /home/farhan/arduinobot_ws/install/arduinobot_msgs/share/arduinobot_msgs/cmake/arduinobot_msgs__rosidl_typesupport_introspection_cExport.cmake
[1.324s] -- Up-to-date: /home/farhan/arduinobot_ws/install/arduinobot_msgs/share/arduinobot_msgs/cmake/arduinobot_msgs__rosidl_typesupport_introspection_cExport-noconfig.cmake
[1.324s] -- Up-to-date: /home/farhan/arduinobot_ws/install/arduinobot_msgs/share/arduinobot_msgs/cmake/arduinobot_msgs__rosidl_typesupport_cExport.cmake
[1.324s] -- Up-to-date: /home/farhan/arduinobot_ws/install/arduinobot_msgs/share/arduinobot_msgs/cmake/arduinobot_msgs__rosidl_typesupport_cExport-noconfig.cmake
[1.324s] -- Up-to-date: /home/farhan/arduinobot_ws/install/arduinobot_msgs/share/arduinobot_msgs/cmake/arduinobot_msgs__rosidl_typesupport_introspection_cppExport.cmake
[1.325s] -- Up-to-date: /home/farhan/arduinobot_ws/install/arduinobot_msgs/share/arduinobot_msgs/cmake/arduinobot_msgs__rosidl_typesupport_introspection_cppExport-noconfig.cmake
[1.325s] -- Up-to-date: /home/farhan/arduinobot_ws/install/arduinobot_msgs/share/arduinobot_msgs/cmake/arduinobot_msgs__rosidl_typesupport_cppExport.cmake
[1.325s] -- Up-to-date: /home/farhan/arduinobot_ws/install/arduinobot_msgs/share/arduinobot_msgs/cmake/arduinobot_msgs__rosidl_typesupport_cppExport-noconfig.cmake
[1.325s] -- Up-to-date: /home/farhan/arduinobot_ws/install/arduinobot_msgs/share/arduinobot_msgs/cmake/export_arduinobot_msgs__rosidl_generator_pyExport.cmake
[1.325s] -- Up-to-date: /home/farhan/arduinobot_ws/install/arduinobot_msgs/share/arduinobot_msgs/cmake/export_arduinobot_msgs__rosidl_generator_pyExport-noconfig.cmake
[1.325s] -- Up-to-date: /home/farhan/arduinobot_ws/install/arduinobot_msgs/share/arduinobot_msgs/cmake/rosidl_cmake-extras.cmake
[1.326s] -- Up-to-date: /home/farhan/arduinobot_ws/install/arduinobot_msgs/share/arduinobot_msgs/cmake/ament_cmake_export_include_directories-extras.cmake
[1.326s] -- Up-to-date: /home/farhan/arduinobot_ws/install/arduinobot_msgs/share/arduinobot_msgs/cmake/ament_cmake_export_libraries-extras.cmake
[1.326s] -- Up-to-date: /home/farhan/arduinobot_ws/install/arduinobot_msgs/share/arduinobot_msgs/cmake/ament_cmake_export_targets-extras.cmake
[1.326s] -- Up-to-date: /home/farhan/arduinobot_ws/install/arduinobot_msgs/share/arduinobot_msgs/cmake/rosidl_cmake_export_typesupport_targets-extras.cmake
[1.326s] -- Up-to-date: /home/farhan/arduinobot_ws/install/arduinobot_msgs/share/arduinobot_msgs/cmake/ament_cmake_export_dependencies-extras.cmake
[1.327s] -- Up-to-date: /home/farhan/arduinobot_ws/install/arduinobot_msgs/share/arduinobot_msgs/cmake/rosidl_cmake_export_typesupport_libraries-extras.cmake
[1.327s] -- Up-to-date: /home/farhan/arduinobot_ws/install/arduinobot_msgs/share/arduinobot_msgs/cmake/arduinobot_msgsConfig.cmake
[1.327s] -- Up-to-date: /home/farhan/arduinobot_ws/install/arduinobot_msgs/share/arduinobot_msgs/cmake/arduinobot_msgsConfig-version.cmake
[1.327s] -- Up-to-date: /home/farhan/arduinobot_ws/install/arduinobot_msgs/share/arduinobot_msgs/package.xml
[1.344s] Invoked command in '/home/farhan/arduinobot_ws/build/arduinobot_msgs' returned '0': CMAKE_PREFIX_PATH=${CMAKE_PREFIX_PATH}:/home/farhan/arduinobot_ws/install/arduinobot_py_examples:/opt/ros/humble /usr/bin/cmake --install /home/farhan/arduinobot_ws/build/arduinobot_msgs
