[0.579s] Invoking command in '/home/farhan/arduinobot_ws/build/arduinobot_utils': CMAKE_PREFIX_PATH=/home/farhan/arduinobot_ws/install/arduinobot_msgs:/home/farhan/arduinobot_ws/install/arduinobot_utils:/home/farhan/arduinobot_ws/install/arduinobot_cpp_examples:/home/farhan/arduinobot_ws/install/arduinobot_description:/home/farhan/arduinobot_ws/install/arduinobot_controller:/home/farhan/arduinobot_ws/install/arduinobot_py_examples:/opt/ros/humble /usr/bin/cmake --build /home/farhan/arduinobot_ws/build/arduinobot_utils -- -j4 -l4
[0.729s] Built target ament_cmake_python_copy_arduinobot_utils
[1.267s] running egg_info
[1.269s] writing arduinobot_utils.egg-info/PKG-INFO
[1.269s] writing dependency_links to arduinobot_utils.egg-info/dependency_links.txt
[1.269s] writing top-level names to arduinobot_utils.egg-info/top_level.txt
[1.274s] reading manifest file 'arduinobot_utils.egg-info/SOURCES.txt'
[1.276s] writing manifest file 'arduinobot_utils.egg-info/SOURCES.txt'
[1.327s] Built target ament_cmake_python_build_arduinobot_utils_egg
[1.343s] Invoked command in '/home/farhan/arduinobot_ws/build/arduinobot_utils' returned '0': CMAKE_PREFIX_PATH=/home/farhan/arduinobot_ws/install/arduinobot_msgs:/home/farhan/arduinobot_ws/install/arduinobot_utils:/home/farhan/arduinobot_ws/install/arduinobot_cpp_examples:/home/farhan/arduinobot_ws/install/arduinobot_description:/home/farhan/arduinobot_ws/install/arduinobot_controller:/home/farhan/arduinobot_ws/install/arduinobot_py_examples:/opt/ros/humble /usr/bin/cmake --build /home/farhan/arduinobot_ws/build/arduinobot_utils -- -j4 -l4
[1.381s] Invoking command in '/home/farhan/arduinobot_ws/build/arduinobot_utils': CMAKE_PREFIX_PATH=/home/farhan/arduinobot_ws/install/arduinobot_msgs:/home/farhan/arduinobot_ws/install/arduinobot_utils:/home/farhan/arduinobot_ws/install/arduinobot_cpp_examples:/home/farhan/arduinobot_ws/install/arduinobot_description:/home/farhan/arduinobot_ws/install/arduinobot_controller:/home/farhan/arduinobot_ws/install/arduinobot_py_examples:/opt/ros/humble /usr/bin/cmake --install /home/farhan/arduinobot_ws/build/arduinobot_utils
[1.394s] -- Install configuration: ""
[1.395s] -- Up-to-date: /home/farhan/arduinobot_ws/install/arduinobot_utils/share/arduinobot_utils/environment/pythonpath.sh
[1.395s] -- Up-to-date: /home/farhan/arduinobot_ws/install/arduinobot_utils/share/arduinobot_utils/environment/pythonpath.dsv
[1.395s] -- Up-to-date: /home/farhan/arduinobot_ws/install/arduinobot_utils/local/lib/python3.10/dist-packages/arduinobot_utils-0.0.0-py3.10.egg-info
[1.396s] -- Installing: /home/farhan/arduinobot_ws/install/arduinobot_utils/local/lib/python3.10/dist-packages/arduinobot_utils-0.0.0-py3.10.egg-info/SOURCES.txt
[1.396s] -- Installing: /home/farhan/arduinobot_ws/install/arduinobot_utils/local/lib/python3.10/dist-packages/arduinobot_utils-0.0.0-py3.10.egg-info/PKG-INFO
[1.396s] -- Installing: /home/farhan/arduinobot_ws/install/arduinobot_utils/local/lib/python3.10/dist-packages/arduinobot_utils-0.0.0-py3.10.egg-info/dependency_links.txt
[1.396s] -- Installing: /home/farhan/arduinobot_ws/install/arduinobot_utils/local/lib/python3.10/dist-packages/arduinobot_utils-0.0.0-py3.10.egg-info/top_level.txt
[1.396s] -- Up-to-date: /home/farhan/arduinobot_ws/install/arduinobot_utils/local/lib/python3.10/dist-packages/arduinobot_utils
[1.397s] -- Up-to-date: /home/farhan/arduinobot_ws/install/arduinobot_utils/local/lib/python3.10/dist-packages/arduinobot_utils/angle_conversion.py
[1.397s] -- Up-to-date: /home/farhan/arduinobot_ws/install/arduinobot_utils/local/lib/python3.10/dist-packages/arduinobot_utils/__init__.py
[1.451s] Listing '/home/farhan/arduinobot_ws/install/arduinobot_utils/local/lib/python3.10/dist-packages/arduinobot_utils'...
[1.463s] -- Up-to-date: /home/farhan/arduinobot_ws/install/arduinobot_utils/lib/arduinobot_utils/angle_conversion.py
[1.463s] -- Up-to-date: /home/farhan/arduinobot_ws/install/arduinobot_utils/share/ament_index/resource_index/package_run_dependencies/arduinobot_utils
[1.464s] -- Up-to-date: /home/farhan/arduinobot_ws/install/arduinobot_utils/share/ament_index/resource_index/parent_prefix_path/arduinobot_utils
[1.465s] -- Up-to-date: /home/farhan/arduinobot_ws/install/arduinobot_utils/share/arduinobot_utils/environment/ament_prefix_path.sh
[1.465s] -- Up-to-date: /home/farhan/arduinobot_ws/install/arduinobot_utils/share/arduinobot_utils/environment/ament_prefix_path.dsv
[1.465s] -- Up-to-date: /home/farhan/arduinobot_ws/install/arduinobot_utils/share/arduinobot_utils/environment/path.sh
[1.466s] -- Up-to-date: /home/farhan/arduinobot_ws/install/arduinobot_utils/share/arduinobot_utils/environment/path.dsv
[1.466s] -- Up-to-date: /home/farhan/arduinobot_ws/install/arduinobot_utils/share/arduinobot_utils/local_setup.bash
[1.466s] -- Up-to-date: /home/farhan/arduinobot_ws/install/arduinobot_utils/share/arduinobot_utils/local_setup.sh
[1.466s] -- Up-to-date: /home/farhan/arduinobot_ws/install/arduinobot_utils/share/arduinobot_utils/local_setup.zsh
[1.467s] -- Up-to-date: /home/farhan/arduinobot_ws/install/arduinobot_utils/share/arduinobot_utils/local_setup.dsv
[1.467s] -- Installing: /home/farhan/arduinobot_ws/install/arduinobot_utils/share/arduinobot_utils/package.dsv
[1.467s] -- Up-to-date: /home/farhan/arduinobot_ws/install/arduinobot_utils/share/ament_index/resource_index/packages/arduinobot_utils
[1.467s] -- Up-to-date: /home/farhan/arduinobot_ws/install/arduinobot_utils/share/arduinobot_utils/cmake/arduinobot_utilsConfig.cmake
[1.467s] -- Up-to-date: /home/farhan/arduinobot_ws/install/arduinobot_utils/share/arduinobot_utils/cmake/arduinobot_utilsConfig-version.cmake
[1.468s] -- Up-to-date: /home/farhan/arduinobot_ws/install/arduinobot_utils/share/arduinobot_utils/package.xml
[1.473s] Invoked command in '/home/farhan/arduinobot_ws/build/arduinobot_utils' returned '0': CMAKE_PREFIX_PATH=/home/farhan/arduinobot_ws/install/arduinobot_msgs:/home/farhan/arduinobot_ws/install/arduinobot_utils:/home/farhan/arduinobot_ws/install/arduinobot_cpp_examples:/home/farhan/arduinobot_ws/install/arduinobot_description:/home/farhan/arduinobot_ws/install/arduinobot_controller:/home/farhan/arduinobot_ws/install/arduinobot_py_examples:/opt/ros/humble /usr/bin/cmake --install /home/farhan/arduinobot_ws/build/arduinobot_utils
